#
# A fatal error has been detected by the Java Runtime Environment:
#
#  SIGSEGV (0xb) at pc=0x00007f818cb5b9dd, pid=14206, tid=140194383836928
#
# JRE version: 7.0_25-b30
# Java VM: OpenJDK 64-Bit Server VM (23.7-b01 mixed mode linux-amd64 compressed oops)
# Problematic frame:
# C  [libleveldbjni-64-1-3825107433369382034.7+0x1a9dd]  Java_org_fusesource_leveldbjni_internal_NativeDB_00024DBJNI_Get+0x8d
#
# Failed to write core dump. Core dumps have been disabled. To enable core dumping, try "ulimit -c unlimited" before starting Java again
#
# If you would like to submit a bug report, please include
# instructions on how to reproduce the bug and visit:
#   http://icedtea.classpath.org/bugzilla
# The crash happened outside the Java Virtual Machine in native code.
# See problematic frame for where to report the bug.
#

---------------  T H R E A D  ---------------

Current thread (0x000000000475d800):  JavaThread "clojure-agent-send-pool-3" [_thread_in_native, id=14229, stack(0x00007f818c62b000,0x00007f818c72c000)]

siginfo:si_signo=SIGSEGV: si_errno=0, si_code=1 (SEGV_MAPERR), si_addr=0x0000000000000000

Registers:
RAX=0x00007f818c729d60, RBX=0x00007f818c729d70, RCX=0x00007f818c729d60, RDX=0x0000000000000062
RSP=0x00007f818c729d60, RBP=0x00007f818c729e68, RSI=0x00007f818c729e68, RDI=0x000000000475d9d8
R8 =0x00007f818c729e68, R9 =0x00000000f0a8feb0, R10=0x0000000000000310, R11=0x00007f8198cb9dd4
R12=0x000000000475d9d8, R13=0x0000000000000000, R14=0x00007f81800091f0, R15=0x000000000475d800
RIP=0x00007f818cb5b9dd, EFLAGS=0x0000000000010206, CSGSFS=0x0000000000000033, ERR=0x0000000000000004
  TRAPNO=0x000000000000000e

Top of Stack: (sp=0x00007f818c729d60)
0x00007f818c729d60:   00007f8180004d40 0000000000000011
0x00007f818c729d70:   00007f818c720100 00007f8180011d70
0x00007f818c729d80:   00000000bab2eaf0 00007f8197d7307d
0x00007f818c729d90:   00000000bab11698 00007f818c729e38
0x00007f818c729da0:   0000000000000000 00000000bab11698
0x00007f818c729db0:   00007f818c729e80 00007f8193802f90
0x00007f818c729dc0:   00007f818c729dc0 00000000ba1853f9
0x00007f818c729dd0:   00007f818c729e20 00000000ba185e28
0x00007f818c729de0:   0000000000000000 00000000ba185438
0x00007f818c729df0:   0000000000000000 00007f818c729df8
0x00007f818c729e00:   0000000000000000 00007f818c729e80
0x00007f818c729e10:   00000000bab12670 0000000000000000
0x00007f818c729e20:   00000000bab11698 0000000000000000
0x00007f818c729e30:   00007f818c729e58 00007f818c729ec8
0x00007f818c729e40:   00007f81937f7275 00000000ff83a5b8
0x00007f818c729e50:   00007f81937ffdd7 00007f81800091f0
0x00007f818c729e60:   00000000f0a8fed0 00000000f0a8feb0
0x00007f818c729e70:   00000000f0a8fe40 0000000000000000
0x00007f818c729e80:   00000000f0a8fed0 00007f818c729e88
0x00007f818c729e90:   00000000ba183ebe 00007f818c729f20
0x00007f818c729ea0:   00000000ba1865a8 0000000000000000
0x00007f818c729eb0:   00000000ba183f90 00007f818c729e58
0x00007f818c729ec0:   00007f818c729f10 00007f818c729f68
0x00007f818c729ed0:   00007f81937f7333 0000000000000000
0x00007f818c729ee0:   0000000000000000 0000000000000000
0x00007f818c729ef0:   0000000000000000 0000000000000000
0x00007f818c729f00:   0000000000000000 00000000f0a8fed0
0x00007f818c729f10:   00000000f0a8feb0 00000000f0a8fe40
0x00007f818c729f20:   00000000ec91fcc8 00007f818c729f28
0x00007f818c729f30:   00000000ba183d32 00007f818c729f88
0x00007f818c729f40:   00000000ba1865a8 0000000000000000
0x00007f818c729f50:   00000000ba183d68 00007f818c729f10 

Instructions: (pc=0x00007f818cb5b9dd)
0x00007f818cb5b9bd:   00 00 00 31 c9 48 85 ed 74 16 48 89 e2 48 89 ee
0x00007f818cb5b9cd:   4c 89 e7 e8 13 d5 ff ff 48 85 c0 48 89 c1 74 67
0x00007f818cb5b9dd:   49 8b 45 00 48 8d 7c 24 20 4d 89 f0 48 89 da 4c
0x00007f818cb5b9ed:   89 ee ff 50 28 48 8b 6c 24 20 bf 08 00 00 00 e8 

Register to memory mapping:

RAX=0x00007f818c729d60 is pointing into the stack for thread: 0x000000000475d800
RBX=0x00007f818c729d70 is pointing into the stack for thread: 0x000000000475d800
RCX=0x00007f818c729d60 is pointing into the stack for thread: 0x000000000475d800
RDX=0x0000000000000062 is an unknown value
RSP=0x00007f818c729d60 is pointing into the stack for thread: 0x000000000475d800
RBP=0x00007f818c729e68 is pointing into the stack for thread: 0x000000000475d800
RSI=0x00007f818c729e68 is pointing into the stack for thread: 0x000000000475d800
RDI=0x000000000475d9d8 is an unknown value
R8 =0x00007f818c729e68 is pointing into the stack for thread: 0x000000000475d800
R9 =0x00000000f0a8feb0 is an oop
org.fusesource.leveldbjni.internal.NativeSlice 
 - klass: 'org/fusesource/leveldbjni/internal/NativeSlice'
R10=0x0000000000000310 is an unknown value
R11=0x00007f8198cb9dd4: <offset 0xca3dd4> in /usr/lib/jvm/java-7-openjdk-amd64/jre/lib/amd64/server/libjvm.so at 0x00007f8198016000
R12=0x000000000475d9d8 is an unknown value
R13=0x0000000000000000 is an unknown value
R14=0x00007f81800091f0 is an unknown value
R15=0x000000000475d800 is a thread


Stack: [0x00007f818c62b000,0x00007f818c72c000],  sp=0x00007f818c729d60,  free space=1019k
Native frames: (J=compiled Java code, j=interpreted, Vv=VM code, C=native code)
C  [libleveldbjni-64-1-3825107433369382034.7+0x1a9dd]  Java_org_fusesource_leveldbjni_internal_NativeDB_00024DBJNI_Get+0x8d

Java frames: (J=compiled Java code, j=interpreted, Vv=VM code)
j  org.fusesource.leveldbjni.internal.NativeDB$DBJNI.Get(JLorg/fusesource/leveldbjni/internal/NativeReadOptions;Lorg/fusesource/leveldbjni/internal/NativeSlice;J)J+0
j  org.fusesource.leveldbjni.internal.NativeDB.get(Lorg/fusesource/leveldbjni/internal/NativeReadOptions;Lorg/fusesource/leveldbjni/internal/NativeSlice;)[B+22
j  org.fusesource.leveldbjni.internal.NativeDB.get(Lorg/fusesource/leveldbjni/internal/NativeReadOptions;Lorg/fusesource/leveldbjni/internal/NativeBuffer;)[B+10
j  org.fusesource.leveldbjni.internal.NativeDB.get(Lorg/fusesource/leveldbjni/internal/NativeReadOptions;[B)[B+20
j  org.fusesource.leveldbjni.internal.JniDB.get([BLorg/iq80/leveldb/ReadOptions;)[B+27
j  sun.reflect.GeneratedMethodAccessor15.invoke(Ljava/lang/Object;[Ljava/lang/Object;)Ljava/lang/Object;+48
j  sun.reflect.DelegatingMethodAccessorImpl.invoke(Ljava/lang/Object;[Ljava/lang/Object;)Ljava/lang/Object;+6
j  java.lang.reflect.Method.invoke(Ljava/lang/Object;[Ljava/lang/Object;)Ljava/lang/Object;+57
j  clojure.lang.Reflector.invokeMatchingMethod(Ljava/lang/String;Ljava/util/List;Ljava/lang/Object;[Ljava/lang/Object;)Ljava/lang/Object;+244
j  clojure.lang.Reflector.invokeInstanceMethod(Ljava/lang/Object;Ljava/lang/String;[Ljava/lang/Object;)Ljava/lang/Object;+20
j  cravendb.storage.LevelTransaction.get_blob(Ljava/lang/Object;)Ljava/lang/Object;+107
j  cravendb.storage.LevelTransaction.get_string(Ljava/lang/Object;)Ljava/lang/Object;+16
j  sun.reflect.GeneratedMethodAccessor14.invoke(Ljava/lang/Object;[Ljava/lang/Object;)Ljava/lang/Object;+40
j  sun.reflect.DelegatingMethodAccessorImpl.invoke(Ljava/lang/Object;[Ljava/lang/Object;)Ljava/lang/Object;+6
j  java.lang.reflect.Method.invoke(Ljava/lang/Object;[Ljava/lang/Object;)Ljava/lang/Object;+57
j  clojure.lang.Reflector.invokeMatchingMethod(Ljava/lang/String;Ljava/util/List;Ljava/lang/Object;[Ljava/lang/Object;)Ljava/lang/Object;+244
j  clojure.lang.Reflector.invokeInstanceMethod(Ljava/lang/Object;Ljava/lang/String;[Ljava/lang/Object;)Ljava/lang/Object;+20
j  cravendb.indexing$last_indexed_etag.invoke(Ljava/lang/Object;)Ljava/lang/Object;+18
j  cravendb.indexing$index_documents_BANG_.invoke(Ljava/lang/Object;Ljava/lang/Object;)Ljava/lang/Object;+19
j  cravendb.indexengine$run_index_chaser$fn__3170.invoke()Ljava/lang/Object;+67
j  cravendb.indexengine$run_index_chaser.invoke(Ljava/lang/Object;Ljava/lang/Object;)Ljava/lang/Object;+14
j  clojure.core$binding_conveyor_fn$fn__4107.invoke(Ljava/lang/Object;Ljava/lang/Object;)Ljava/lang/Object;+20
j  clojure.lang.AFn.applyToHelper(Lclojure/lang/IFn;Lclojure/lang/ISeq;)Ljava/lang/Object;+158
j  clojure.lang.RestFn.applyTo(Lclojure/lang/ISeq;)Ljava/lang/Object;+23
j  clojure.lang.Agent$Action.doRun(Lclojure/lang/Agent$Action;)V+37
j  clojure.lang.Agent$Action.run()V+1
j  java.util.concurrent.ThreadPoolExecutor.runWorker(Ljava/util/concurrent/ThreadPoolExecutor$Worker;)V+95
j  java.util.concurrent.ThreadPoolExecutor$Worker.run()V+5
j  java.lang.Thread.run()V+11
v  ~StubRoutines::call_stub

---------------  P R O C E S S  ---------------

Java Threads: ( => current thread )
  0x0000000004741800 JavaThread "clojure-agent-send-pool-5" [_thread_blocked, id=14239, stack(0x00007f8187bfc000,0x00007f8187cfd000)]
  0x0000000004742000 JavaThread "clojure-agent-send-pool-4" [_thread_blocked, id=14238, stack(0x00007f8187cfd000,0x00007f8187dfe000)]
=>0x000000000475d800 JavaThread "clojure-agent-send-pool-3" [_thread_in_native, id=14229, stack(0x00007f818c62b000,0x00007f818c72c000)]
  0x000000000475c000 JavaThread "clojure-agent-send-pool-2" [_thread_blocked, id=14228, stack(0x00007f818c72c000,0x00007f818c82d000)]
  0x00007f8188535000 JavaThread "clojure-agent-send-pool-1" [_thread_blocked, id=14227, stack(0x00007f818c82d000,0x00007f818c92e000)]
  0x00007f8188547800 JavaThread "clojure-agent-send-off-pool-0" [_thread_blocked, id=14226, stack(0x00007f818c92e000,0x00007f818ca2f000)]
  0x000000000477f000 JavaThread "clojure-agent-send-pool-0" [_thread_blocked, id=14225, stack(0x00007f818ca2f000,0x00007f818cb30000)]
  0x00007f8188f7b800 JavaThread "process reaper" daemon [_thread_blocked, id=14224, stack(0x00007f818cd9d000,0x00007f818cdc5000)]
  0x00007f8188003800 JavaThread "Service Thread" daemon [_thread_blocked, id=14221, stack(0x00007f818e94a000,0x00007f818ea4b000)]
  0x00007f8188001000 JavaThread "C2 CompilerThread1" daemon [_thread_blocked, id=14220, stack(0x00007f818ea4b000,0x00007f818eb4c000)]
  0x000000000211e800 JavaThread "C2 CompilerThread0" daemon [_thread_blocked, id=14219, stack(0x00007f818eb4c000,0x00007f818ec4d000)]
  0x000000000211c800 JavaThread "Signal Dispatcher" daemon [_thread_blocked, id=14218, stack(0x00007f818ec4d000,0x00007f818ed4e000)]
  0x00000000020bd800 JavaThread "Finalizer" daemon [_thread_blocked, id=14217, stack(0x00007f818eec5000,0x00007f818efc6000)]
  0x00000000020bb000 JavaThread "Reference Handler" daemon [_thread_blocked, id=14216, stack(0x00007f818efc6000,0x00007f818f0c7000)]
  0x0000000002014000 JavaThread "main" [_thread_in_native, id=14210, stack(0x00007f81999a0000,0x00007f8199aa1000)]

Other Threads:
  0x00000000020b2800 VMThread [stack: 0x00007f818f0c7000,0x00007f818f1c8000] [id=14215]
  0x00007f8188016800 WatcherThread [stack: 0x00007f818e849000,0x00007f818e94a000] [id=14222]

VM state:not at safepoint (normal execution)

VM Mutex/Monitor currently owned by a thread: None

Heap
 PSYoungGen      total 323008K, used 146370K [0x00000000ebcb0000, 0x00000000fff10000, 0x0000000100000000)
  eden space 315904K, 45% used [0x00000000ebcb0000,0x00000000f492d978,0x00000000ff130000)
  from space 7104K, 35% used [0x00000000ff820000,0x00000000ffa92ee0,0x00000000fff10000)
  to   space 7104K, 0% used [0x00000000ff130000,0x00000000ff130000,0x00000000ff820000)
 ParOldGen       total 41408K, used 16975K [0x00000000c3600000, 0x00000000c5e70000, 0x00000000ebcb0000)
  object space 41408K, 40% used [0x00000000c3600000,0x00000000c4693df8,0x00000000c5e70000)
 PSPermGen       total 33920K, used 33863K [0x00000000b9000000, 0x00000000bb120000, 0x00000000c3600000)
  object space 33920K, 99% used [0x00000000b9000000,0x00000000bb111e78,0x00000000bb120000)

Card table byte_map: [0x00007f81935b8000,0x00007f81937f1000] byte_map_base: 0x00007f8192ff0000

Polling page: 0x00007f8199abf000

Code Cache  [0x00007f81937f1000, 0x00007f8193aa1000, 0x00007f81967f1000)
 total_blobs=1065 nmethods=696 adapters=320 free_code_cache=46839Kb largest_free_block=47536640

Compilation events (10 events):
Event: 10.215 Thread 0x000000000211e800  793             clojure.core$maybe_min_hash$fn__5077$fn__5079::invoke (26 bytes)
Event: 10.225 Thread 0x00007f8188001000  794             clojure.lang.KeywordLookupSite$1::get (34 bytes)
Event: 10.226 Thread 0x000000000211e800 nmethod 793 0x00007f81939a4ed0 code [0x00007f81939a50a0, 0x00007f81939a5448]
Event: 10.234 Thread 0x00007f8188001000 nmethod 794 0x00007f8193a42b10 code [0x00007f8193a42ce0, 0x00007f8193a431a0]
Event: 10.327 Thread 0x000000000211e800   11 %           java.security.AccessControlContext::optimize @ 200 (319 bytes)
Event: 10.346 Thread 0x000000000211e800 nmethod 11% 0x00007f8193a41fd0 code [0x00007f8193a42140, 0x00007f8193a42798]
Event: 10.353 Thread 0x00007f8188001000  795             java.security.AccessControlContext::optimize (319 bytes)
Event: 10.369 Thread 0x00007f8188001000 nmethod 795 0x00007f8193a410d0 code [0x00007f8193a41260, 0x00007f8193a41a48]
Event: 10.495 Thread 0x000000000211e800  796             java.util.HashMap::createEntry (39 bytes)
Event: 10.500 Thread 0x000000000211e800 nmethod 796 0x00007f8193a43bd0 code [0x00007f8193a43d20, 0x00007f8193a43ed8]

GC Heap History (10 events):
Event: 4.325 GC heap before
{Heap before GC invocations=8 (full 0):
 PSYoungGen      total 66048K, used 66038K [0x00000000ebcb0000, 0x00000000f3ff0000, 0x0000000100000000)
  eden space 62144K, 100% used [0x00000000ebcb0000,0x00000000ef960000,0x00000000ef960000)
  from space 3904K, 99% used [0x00000000ef960000,0x00000000efd2d898,0x00000000efd30000)
  to   space 5056K, 0% used [0x00000000f3b00000,0x00000000f3b00000,0x00000000f3ff0000)
 ParOldGen       total 41408K, used 5117K [0x00000000c3600000, 0x00000000c5e70000, 0x00000000ebcb0000)
  object space 41408K, 12% used [0x00000000c3600000,0x00000000c3aff540,0x00000000c5e70000)
 PSPermGen       total 21248K, used 18431K [0x00000000b9000000, 0x00000000ba4c0000, 0x00000000c3600000)
  object space 21248K, 86% used [0x00000000b9000000,0x00000000ba1ffec0,0x00000000ba4c0000)
Event: 4.336 GC heap after
Heap after GC invocations=8 (full 0):
 PSYoungGen      total 128448K, used 5037K [0x00000000ebcb0000, 0x00000000f41b0000, 0x0000000100000000)
  eden space 123392K, 0% used [0x00000000ebcb0000,0x00000000ebcb0000,0x00000000f3530000)
  from space 5056K, 99% used [0x00000000f3b00000,0x00000000f3feb718,0x00000000f3ff0000)
  to   space 5952K, 0% used [0x00000000f3530000,0x00000000f3530000,0x00000000f3b00000)
 ParOldGen       total 41408K, used 6131K [0x00000000c3600000, 0x00000000c5e70000, 0x00000000ebcb0000)
  object space 41408K, 14% used [0x00000000c3600000,0x00000000c3bfcda8,0x00000000c5e70000)
 PSPermGen       total 21248K, used 18431K [0x00000000b9000000, 0x00000000ba4c0000, 0x00000000c3600000)
  object space 21248K, 86% used [0x00000000b9000000,0x00000000ba1ffec0,0x00000000ba4c0000)
}
Event: 5.563 GC heap before
{Heap before GC invocations=9 (full 0):
 PSYoungGen      total 128448K, used 128429K [0x00000000ebcb0000, 0x00000000f41b0000, 0x0000000100000000)
  eden space 123392K, 100% used [0x00000000ebcb0000,0x00000000f3530000,0x00000000f3530000)
  from space 5056K, 99% used [0x00000000f3b00000,0x00000000f3feb718,0x00000000f3ff0000)
  to   space 5952K, 0% used [0x00000000f3530000,0x00000000f3530000,0x00000000f3b00000)
 ParOldGen       total 41408K, used 6131K [0x00000000c3600000, 0x00000000c5e70000, 0x00000000ebcb0000)
  object space 41408K, 14% used [0x00000000c3600000,0x00000000c3bfcda8,0x00000000c5e70000)
 PSPermGen       total 22592K, used 22409K [0x00000000b9000000, 0x00000000ba610000, 0x00000000c3600000)
  object space 22592K, 99% used [0x00000000b9000000,0x00000000ba5e2640,0x00000000ba610000)
Event: 5.574 GC heap after
Heap after GC invocations=9 (full 0):
 PSYoungGen      total 129344K, used 5944K [0x00000000ebcb0000, 0x00000000f8ba0000, 0x0000000100000000)
  eden space 123392K, 0% used [0x00000000ebcb0000,0x00000000ebcb0000,0x00000000f3530000)
  from space 5952K, 99% used [0x00000000f3530000,0x00000000f3afe078,0x00000000f3b00000)
  to   space 7232K, 0% used [0x00000000f8490000,0x00000000f8490000,0x00000000f8ba0000)
 ParOldGen       total 41408K, used 7766K [0x00000000c3600000, 0x00000000c5e70000, 0x00000000ebcb0000)
  object space 41408K, 18% used [0x00000000c3600000,0x00000000c3d95a60,0x00000000c5e70000)
 PSPermGen       total 22592K, used 22409K [0x00000000b9000000, 0x00000000ba610000, 0x00000000c3600000)
  object space 22592K, 99% used [0x00000000b9000000,0x00000000ba5e2640,0x00000000ba610000)
}
Event: 6.786 GC heap before
{Heap before GC invocations=10 (full 0):
 PSYoungGen      total 129344K, used 129336K [0x00000000ebcb0000, 0x00000000f8ba0000, 0x0000000100000000)
  eden space 123392K, 100% used [0x00000000ebcb0000,0x00000000f3530000,0x00000000f3530000)
  from space 5952K, 99% used [0x00000000f3530000,0x00000000f3afe078,0x00000000f3b00000)
  to   space 7232K, 0% used [0x00000000f8490000,0x00000000f8490000,0x00000000f8ba0000)
 ParOldGen       total 41408K, used 7766K [0x00000000c3600000, 0x00000000c5e70000, 0x00000000ebcb0000)
  object space 41408K, 18% used [0x00000000c3600000,0x00000000c3d95a60,0x00000000c5e70000)
 PSPermGen       total 24704K, used 24687K [0x00000000b9000000, 0x00000000ba820000, 0x00000000c3600000)
  object space 24704K, 99% used [0x00000000b9000000,0x00000000ba81bed0,0x00000000ba820000)
Event: 6.799 GC heap after
Heap after GC invocations=10 (full 0):
 PSYoungGen      total 204416K, used 4743K [0x00000000ebcb0000, 0x00000000f8b60000, 0x0000000100000000)
  eden space 197440K, 0% used [0x00000000ebcb0000,0x00000000ebcb0000,0x00000000f7d80000)
  from space 6976K, 67% used [0x00000000f8490000,0x00000000f8931c00,0x00000000f8b60000)
  to   space 7104K, 0% used [0x00000000f7d80000,0x00000000f7d80000,0x00000000f8470000)
 ParOldGen       total 41408K, used 10507K [0x00000000c3600000, 0x00000000c5e70000, 0x00000000ebcb0000)
  object space 41408K, 25% used [0x00000000c3600000,0x00000000c4042f18,0x00000000c5e70000)
 PSPermGen       total 24704K, used 24687K [0x00000000b9000000, 0x00000000ba820000, 0x00000000c3600000)
  object space 24704K, 99% used [0x00000000b9000000,0x00000000ba81bed0,0x00000000ba820000)
}
Event: 8.536 GC heap before
{Heap before GC invocations=11 (full 0):
 PSYoungGen      total 204416K, used 202183K [0x00000000ebcb0000, 0x00000000f8b60000, 0x0000000100000000)
  eden space 197440K, 100% used [0x00000000ebcb0000,0x00000000f7d80000,0x00000000f7d80000)
  from space 6976K, 67% used [0x00000000f8490000,0x00000000f8931c00,0x00000000f8b60000)
  to   space 7104K, 0% used [0x00000000f7d80000,0x00000000f7d80000,0x00000000f8470000)
 ParOldGen       total 41408K, used 10507K [0x00000000c3600000, 0x00000000c5e70000, 0x00000000ebcb0000)
  object space 41408K, 25% used [0x00000000c3600000,0x00000000c4042f18,0x00000000c5e70000)
 PSPermGen       total 27776K, used 27628K [0x00000000b9000000, 0x00000000bab20000, 0x00000000c3600000)
  object space 27776K, 99% used [0x00000000b9000000,0x00000000baafb300,0x00000000bab20000)
Event: 8.551 GC heap after
Heap after GC invocations=11 (full 0):
 PSYoungGen      total 204544K, used 2802K [0x00000000ebcb0000, 0x00000000fff10000, 0x0000000100000000)
  eden space 197440K, 0% used [0x00000000ebcb0000,0x00000000ebcb0000,0x00000000f7d80000)
  from space 7104K, 39% used [0x00000000f7d80000,0x00000000f803c928,0x00000000f8470000)
  to   space 7104K, 0% used [0x00000000ff820000,0x00000000ff820000,0x00000000fff10000)
 ParOldGen       total 41408K, used 14607K [0x00000000c3600000, 0x00000000c5e70000, 0x00000000ebcb0000)
  object space 41408K, 35% used [0x00000000c3600000,0x00000000c4443f00,0x00000000c5e70000)
 PSPermGen       total 27776K, used 27628K [0x00000000b9000000, 0x00000000bab20000, 0x00000000c3600000)
  object space 27776K, 99% used [0x00000000b9000000,0x00000000baafb300,0x00000000bab20000)
}
Event: 9.594 GC heap before
{Heap before GC invocations=12 (full 0):
 PSYoungGen      total 204544K, used 200242K [0x00000000ebcb0000, 0x00000000fff10000, 0x0000000100000000)
  eden space 197440K, 100% used [0x00000000ebcb0000,0x00000000f7d80000,0x00000000f7d80000)
  from space 7104K, 39% used [0x00000000f7d80000,0x00000000f803c928,0x00000000f8470000)
  to   space 7104K, 0% used [0x00000000ff820000,0x00000000ff820000,0x00000000fff10000)
 ParOldGen       total 41408K, used 14607K [0x00000000c3600000, 0x00000000c5e70000, 0x00000000ebcb0000)
  object space 41408K, 35% used [0x00000000c3600000,0x00000000c4443f00,0x00000000c5e70000)
 PSPermGen       total 31040K, used 30898K [0x00000000b9000000, 0x00000000bae50000, 0x00000000c3600000)
  object space 31040K, 99% used [0x00000000b9000000,0x00000000bae2c828,0x00000000bae50000)
Event: 9.606 GC heap after
Heap after GC invocations=12 (full 0):
 PSYoungGen      total 323008K, used 2507K [0x00000000ebcb0000, 0x00000000fff10000, 0x0000000100000000)
  eden space 315904K, 0% used [0x00000000ebcb0000,0x00000000ebcb0000,0x00000000ff130000)
  from space 7104K, 35% used [0x00000000ff820000,0x00000000ffa92ee0,0x00000000fff10000)
  to   space 7104K, 0% used [0x00000000ff130000,0x00000000ff130000,0x00000000ff820000)
 ParOldGen       total 41408K, used 16975K [0x00000000c3600000, 0x00000000c5e70000, 0x00000000ebcb0000)
  object space 41408K, 40% used [0x00000000c3600000,0x00000000c4693df8,0x00000000c5e70000)
 PSPermGen       total 31040K, used 30898K [0x00000000b9000000, 0x00000000bae50000, 0x00000000c3600000)
  object space 31040K, 99% used [0x00000000b9000000,0x00000000bae2c828,0x00000000bae50000)
}

Deoptimization events (10 events):
Event: 9.012 Thread 0x00007f8180019000 Uncommon trap -83 fr.pc 0x00007f819389471c
Event: 9.013 Thread 0x0000000002014000 Uncommon trap -34 fr.pc 0x00007f8193898e68
Event: 9.055 Thread 0x0000000004742000 Uncommon trap -34 fr.pc 0x00007f8193898e68
Event: 9.306 Thread 0x000000000475c000 Uncommon trap -34 fr.pc 0x00007f8193898e68
Event: 9.318 Thread 0x0000000002014000 Uncommon trap -34 fr.pc 0x00007f81938db02c
Event: 9.319 Thread 0x0000000002014000 Uncommon trap -34 fr.pc 0x00007f81938db02c
Event: 9.319 Thread 0x0000000002014000 Uncommon trap -34 fr.pc 0x00007f81938db02c
Event: 9.319 Thread 0x0000000002014000 Uncommon trap -34 fr.pc 0x00007f81938db02c
Event: 9.752 Thread 0x000000000475d800 Uncommon trap -83 fr.pc 0x00007f819397d96c
Event: 9.952 Thread 0x000000000475d800 Uncommon trap -83 fr.pc 0x00007f8193a2eaec

Internal exceptions (10 events):
Event: 10.211 Thread 0x00007f81806c1000 Threw 0x00000000f294cd28 at /home/jmm/scratch/jdk/openjdk-7-7u25-2.3.10/build/openjdk/hotspot/src/share/vm/prims/jvm.cpp:1235
Event: 10.212 Thread 0x00007f81806c1000 Threw 0x00000000f295a930 at /home/jmm/scratch/jdk/openjdk-7-7u25-2.3.10/build/openjdk/hotspot/src/share/vm/prims/jvm.cpp:1235
Event: 10.212 Thread 0x00007f81806c1000 Threw 0x00000000f2967738 at /home/jmm/scratch/jdk/openjdk-7-7u25-2.3.10/build/openjdk/hotspot/src/share/vm/prims/jvm.cpp:1235
Event: 10.213 Thread 0x00007f81806c1000 Threw 0x00000000f2976168 at /home/jmm/scratch/jdk/openjdk-7-7u25-2.3.10/build/openjdk/hotspot/src/share/vm/prims/jvm.cpp:1235
Event: 10.219 Thread 0x00000000029d4000 Threw 0x00000000f21fa238 at /home/jmm/scratch/jdk/openjdk-7-7u25-2.3.10/build/openjdk/hotspot/src/share/vm/prims/jvm.cpp:1235
Event: 10.221 Thread 0x00000000029d4000 Threw 0x00000000f22045f0 at /home/jmm/scratch/jdk/openjdk-7-7u25-2.3.10/build/openjdk/hotspot/src/share/vm/prims/jvm.cpp:1235
Event: 10.223 Thread 0x00000000029d4000 Threw 0x00000000f220ec50 at /home/jmm/scratch/jdk/openjdk-7-7u25-2.3.10/build/openjdk/hotspot/src/share/vm/prims/jvm.cpp:1235
Event: 10.292 Thread 0x00007f8188547800 Threw 0x00000000edadd1c0 at /home/jmm/scratch/jdk/openjdk-7-7u25-2.3.10/build/openjdk/hotspot/src/share/vm/prims/jvm.cpp:2957
Event: 10.365 Thread 0x00007f8188535000 Threw 0x00000000f3e860a0 at /home/jmm/scratch/jdk/openjdk-7-7u25-2.3.10/build/openjdk/hotspot/src/share/vm/prims/jni.cpp:716
Event: 10.621 Thread 0x00007f8188547800 Threw 0x00000000edae1068 at /home/jmm/scratch/jdk/openjdk-7-7u25-2.3.10/build/openjdk/hotspot/src/share/vm/prims/jvm.cpp:2957

Events (10 events):
Event: 10.623 Executing VM operation: RevokeBias
Event: 10.624 Executing VM operation: RevokeBias done
Event: 10.624 Executing VM operation: RevokeBias
Event: 10.624 Executing VM operation: RevokeBias done
Event: 10.624 Executing VM operation: RevokeBias
Event: 10.624 Executing VM operation: RevokeBias done
Event: 10.625 Executing VM operation: RevokeBias
Event: 10.625 Executing VM operation: RevokeBias done
Event: 10.625 Executing VM operation: RevokeBias
Event: 10.625 Executing VM operation: RevokeBias done


Dynamic libraries:
00400000-00401000 r-xp 00000000 08:05 425801                             /usr/lib/jvm/java-7-openjdk-amd64/jre/bin/java
00600000-00601000 r--p 00000000 08:05 425801                             /usr/lib/jvm/java-7-openjdk-amd64/jre/bin/java
00601000-00602000 rw-p 00001000 08:05 425801                             /usr/lib/jvm/java-7-openjdk-amd64/jre/bin/java
02003000-04d43000 rw-p 00000000 00:00 0                                  [heap]
b9000000-bb120000 rw-p 00000000 00:00 0 
bb120000-c3600000 rw-p 00000000 00:00 0 
c3600000-c5e70000 rw-p 00000000 00:00 0 
c5e70000-ebcb0000 rw-p 00000000 00:00 0 
ebcb0000-fff10000 rw-p 00000000 00:00 0 
fff10000-100000000 rw-p 00000000 00:00 0 
7f8180000000-7f8180b73000 rw-p 00000000 00:00 0 
7f8180b73000-7f8184000000 ---p 00000000 00:00 0 
7f81874ee000-7f81874f6000 r-xp 00000000 08:05 425723                     /usr/lib/jvm/java-7-openjdk-amd64/jre/lib/amd64/libmanagement.so
7f81874f6000-7f81876f5000 ---p 00008000 08:05 425723                     /usr/lib/jvm/java-7-openjdk-amd64/jre/lib/amd64/libmanagement.so
7f81876f5000-7f81876f6000 r--p 00007000 08:05 425723                     /usr/lib/jvm/java-7-openjdk-amd64/jre/lib/amd64/libmanagement.so
7f81876f6000-7f81876f7000 rw-p 00008000 08:05 425723                     /usr/lib/jvm/java-7-openjdk-amd64/jre/lib/amd64/libmanagement.so
7f81876f7000-7f81876fa000 ---p 00000000 00:00 0 
7f81876fa000-7f81877f8000 rw-p 00000000 00:00 0 
7f81877f8000-7f81877fb000 ---p 00000000 00:00 0 
7f81877fb000-7f81878f9000 rw-p 00000000 00:00 0 
7f81878f9000-7f81878fc000 ---p 00000000 00:00 0 
7f81878fc000-7f81879fa000 rw-p 00000000 00:00 0 
7f81879fa000-7f81879fd000 ---p 00000000 00:00 0 
7f81879fd000-7f8187afb000 rw-p 00000000 00:00 0 
7f8187afb000-7f8187afe000 ---p 00000000 00:00 0 
7f8187afe000-7f8187bfc000 rw-p 00000000 00:00 0 
7f8187bfc000-7f8187bff000 ---p 00000000 00:00 0 
7f8187bff000-7f8187cfd000 rw-p 00000000 00:00 0 
7f8187cfd000-7f8187d00000 ---p 00000000 00:00 0 
7f8187d00000-7f8187dfe000 rw-p 00000000 00:00 0 
7f8187dfe000-7f8187e01000 ---p 00000000 00:00 0 
7f8187e01000-7f8187eff000 rw-p 00000000 00:00 0 
7f8187eff000-7f8187f02000 ---p 00000000 00:00 0 
7f8187f02000-7f8188000000 rw-p 00000000 00:00 0 
7f8188000000-7f81896a1000 rw-p 00000000 00:00 0 
7f81896a1000-7f818c000000 ---p 00000000 00:00 0 
7f818c015000-7f818c018000 ---p 00000000 00:00 0 
7f818c018000-7f818c116000 rw-p 00000000 00:00 0 
7f818c116000-7f818c119000 ---p 00000000 00:00 0 
7f818c119000-7f818c217000 rw-p 00000000 00:00 0 
7f818c217000-7f818c21a000 ---p 00000000 00:00 0 
7f818c21a000-7f818c318000 rw-p 00000000 00:00 0 
7f818c318000-7f818c31b000 ---p 00000000 00:00 0 
7f818c31b000-7f818c419000 rw-p 00000000 00:00 0 
7f818c419000-7f818c41c000 ---p 00000000 00:00 0 
7f818c41c000-7f818c51a000 rw-p 00000000 00:00 0 
7f818c51a000-7f818c51d000 ---p 00000000 00:00 0 
7f818c51d000-7f818c61b000 rw-p 00000000 00:00 0 
7f818c62b000-7f818c62e000 ---p 00000000 00:00 0 
7f818c62e000-7f818c72c000 rw-p 00000000 00:00 0 
7f818c72c000-7f818c72f000 ---p 00000000 00:00 0 
7f818c72f000-7f818c82d000 rw-p 00000000 00:00 0 
7f818c82d000-7f818c830000 ---p 00000000 00:00 0 
7f818c830000-7f818c92e000 rw-p 00000000 00:00 0 
7f818c92e000-7f818c931000 ---p 00000000 00:00 0 
7f818c931000-7f818ca2f000 rw-p 00000000 00:00 0 
7f818ca2f000-7f818ca32000 ---p 00000000 00:00 0 
7f818ca32000-7f818cb30000 rw-p 00000000 00:00 0 
7f818cb31000-7f818cb41000 rw-s 00000000 08:04 3941722                    /home/robashton/src/cravendb/testdir/000001.dbtmp
7f818cb41000-7f818cb9b000 r-xp 00000000 08:05 811946                     /tmp/libleveldbjni-64-1-3825107433369382034.7
7f818cb9b000-7f818cd9a000 ---p 0005a000 08:05 811946                     /tmp/libleveldbjni-64-1-3825107433369382034.7
7f818cd9a000-7f818cd9d000 rw-p 00059000 08:05 811946                     /tmp/libleveldbjni-64-1-3825107433369382034.7
7f818cd9d000-7f818cda0000 ---p 00000000 00:00 0 
7f818cda0000-7f818cdc5000 rw-p 00000000 00:00 0 
7f818cdc5000-7f818cdca000 r--s 0004c000 08:05 398743                     /usr/lib/jvm/java-7-openjdk-common/jre/lib/jsse.jar
7f818cdca000-7f818cdd0000 r--s 00048000 08:04 4334906                    /home/robashton/.m2/repository/org/eclipse/jetty/jetty-server/7.6.8.v20121106/jetty-server-7.6.8.v20121106.jar
7f818cdd0000-7f818cdd1000 r--s 00000000 08:04 1714779                    /home/robashton/.m2/repository/clojure-complete/clojure-complete/0.2.3/clojure-complete-0.2.3.jar
7f818cdd1000-7f818cdd5000 r--s 00014000 08:04 4335183                    /home/robashton/.m2/repository/org/tukaani/xz/1.0/xz-1.0.jar
7f818cdd5000-7f818cdd6000 r--s 00000000 08:04 4334933                    /home/robashton/.m2/repository/ring/ring-servlet/1.2.0/ring-servlet-1.2.0.jar
7f818cdd6000-7f818cdd8000 r--s 0000c000 08:04 4335036                    /home/robashton/.m2/repository/org/fusesource/leveldbjni/leveldbjni/1.7/leveldbjni-1.7.jar
7f818cdd8000-7f818cddd000 r--s 0003b000 08:04 4334913                    /home/robashton/.m2/repository/org/eclipse/jetty/jetty-util/7.6.8.v20121106/jetty-util-7.6.8.v20121106.jar
7f818cddd000-7f818ce02000 r--s 001f8000 08:04 794721                     /home/robashton/.m2/repository/org/apache/lucene/lucene-core/4.4.0/lucene-core-4.4.0.jar
7f818ce02000-7f818ce04000 r--s 0000f000 08:04 4334904                    /home/robashton/.m2/repository/commons-fileupload/commons-fileupload/1.3/commons-fileupload-1.3.jar
7f818ce04000-7f818ce05000 r--s 00000000 08:04 2629346                    /home/robashton/.m2/repository/org/clojure/tools.namespace/0.1.3/tools.namespace-0.1.3.jar
7f818ce05000-7f818ce06000 r--s 00044000 08:04 4335042                    /home/robashton/.m2/repository/org/fusesource/leveldbjni/leveldbjni-linux64/1.5/leveldbjni-linux64-1.5.jar
7f818ce06000-7f818ce08000 r--s 00008000 08:04 4593316                    /home/robashton/.m2/repository/org/clojure/tools.nrepl/0.2.3/tools.nrepl-0.2.3.jar
7f818ce08000-7f818ce0a000 r--s 00015000 08:04 4334908                    /home/robashton/.m2/repository/org/eclipse/jetty/jetty-http/7.6.8.v20121106/jetty-http-7.6.8.v20121106.jar
7f818ce0a000-7f818ce0b000 r--s 00004000 08:04 4595249                    /home/robashton/.m2/repository/http/async/client/http.async.client/0.5.2/http.async.client-0.5.2.jar
7f818ce0b000-7f818ce11000 r--s 0002c000 08:04 921155                     /home/robashton/.m2/repository/org/apache/lucene/lucene-queries/4.4.0/lucene-queries-4.4.0.jar
7f818ce11000-7f818ce12000 r--s 00001000 08:04 4335774                    /home/robashton/.m2/repository/gntp/gntp/0.6.0/gntp-0.6.0.jar
7f818ce12000-7f818ce14000 r--s 0000a000 08:04 921158                     /home/robashton/.m2/repository/org/apache/lucene/lucene-sandbox/4.4.0/lucene-sandbox-4.4.0.jar
7f818ce14000-7f818ce15000 r--s 0001e000 08:04 4335046                    /home/robashton/.m2/repository/org/fusesource/leveldbjni/leveldbjni-win64/1.5/leveldbjni-win64-1.5.jar
7f818ce15000-7f818ce25000 r--s 0007d000 08:04 2499347                    /home/robashton/.m2/repository/joda-time/joda-time/2.2/joda-time-2.2.jar
7f818ce25000-7f818ce61000 r-xp 00000000 08:05 527976                     /lib/x86_64-linux-gnu/libpcre.so.3.13.1
7f818ce61000-7f818d061000 ---p 0003c000 08:05 527976                     /lib/x86_64-linux-gnu/libpcre.so.3.13.1
7f818d061000-7f818d062000 rw-p 0003c000 08:05 527976                     /lib/x86_64-linux-gnu/libpcre.so.3.13.1
7f818d062000-7f818d06e000 r-xp 00000000 08:05 400109                     /usr/lib/x86_64-linux-gnu/libffi.so.5.0.10
7f818d06e000-7f818d26e000 ---p 0000c000 08:05 400109                     /usr/lib/x86_64-linux-gnu/libffi.so.5.0.10
7f818d26e000-7f818d26f000 rw-p 0000c000 08:05 400109                     /usr/lib/x86_64-linux-gnu/libffi.so.5.0.10
7f818d26f000-7f818d270000 r-xp 00000000 08:05 406701                     /usr/lib/x86_64-linux-gnu/libgthread-2.0.so.0.3200.4
7f818d270000-7f818d46f000 ---p 00001000 08:05 406701                     /usr/lib/x86_64-linux-gnu/libgthread-2.0.so.0.3200.4
7f818d46f000-7f818d470000 r--p 00000000 08:05 406701                     /usr/lib/x86_64-linux-gnu/libgthread-2.0.so.0.3200.4
7f818d470000-7f818d471000 rw-p 00001000 08:05 406701                     /usr/lib/x86_64-linux-gnu/libgthread-2.0.so.0.3200.4
7f818d471000-7f818d484000 r-xp 00000000 08:05 532260                     /lib/x86_64-linux-gnu/libresolv-2.13.so
7f818d484000-7f818d683000 ---p 00013000 08:05 532260                     /lib/x86_64-linux-gnu/libresolv-2.13.so
7f818d683000-7f818d684000 r--p 00012000 08:05 532260                     /lib/x86_64-linux-gnu/libresolv-2.13.so
7f818d684000-7f818d685000 rw-p 00013000 08:05 532260                     /lib/x86_64-linux-gnu/libresolv-2.13.so
7f818d685000-7f818d687000 rw-p 00000000 00:00 0 
7f818d687000-7f818d6a5000 r-xp 00000000 08:05 523310                     /lib/x86_64-linux-gnu/libselinux.so.1
7f818d6a5000-7f818d8a4000 ---p 0001e000 08:05 523310                     /lib/x86_64-linux-gnu/libselinux.so.1
7f818d8a4000-7f818d8a5000 r--p 0001d000 08:05 523310                     /lib/x86_64-linux-gnu/libselinux.so.1
7f818d8a5000-7f818d8a6000 rw-p 0001e000 08:05 523310                     /lib/x86_64-linux-gnu/libselinux.so.1
7f818d8a6000-7f818d8a7000 rw-p 00000000 00:00 0 
7f818d8a7000-7f818d8aa000 r-xp 00000000 08:05 406707                     /usr/lib/x86_64-linux-gnu/libgmodule-2.0.so.0.3200.4
7f818d8aa000-7f818daa9000 ---p 00003000 08:05 406707                     /usr/lib/x86_64-linux-gnu/libgmodule-2.0.so.0.3200.4
7f818daa9000-7f818daaa000 r--p 00002000 08:05 406707                     /usr/lib/x86_64-linux-gnu/libgmodule-2.0.so.0.3200.4
7f818daaa000-7f818daab000 rw-p 00003000 08:05 406707                     /usr/lib/x86_64-linux-gnu/libgmodule-2.0.so.0.3200.4
7f818daab000-7f818dba1000 r-xp 00000000 08:05 534711                     /lib/x86_64-linux-gnu/libglib-2.0.so.0.3200.4
7f818dba1000-7f818dda0000 ---p 000f6000 08:05 534711                     /lib/x86_64-linux-gnu/libglib-2.0.so.0.3200.4
7f818dda0000-7f818dda1000 r--p 000f5000 08:05 534711                     /lib/x86_64-linux-gnu/libglib-2.0.so.0.3200.4
7f818dda1000-7f818dda2000 rw-p 000f6000 08:05 534711                     /lib/x86_64-linux-gnu/libglib-2.0.so.0.3200.4
7f818dda2000-7f818dda3000 rw-p 00000000 00:00 0 
7f818dda3000-7f818ddf2000 r-xp 00000000 08:05 406703                     /usr/lib/x86_64-linux-gnu/libgobject-2.0.so.0.3200.4
7f818ddf2000-7f818dff2000 ---p 0004f000 08:05 406703                     /usr/lib/x86_64-linux-gnu/libgobject-2.0.so.0.3200.4
7f818dff2000-7f818dff3000 r--p 0004f000 08:05 406703                     /usr/lib/x86_64-linux-gnu/libgobject-2.0.so.0.3200.4
7f818dff3000-7f818dff4000 rw-p 00050000 08:05 406703                     /usr/lib/x86_64-linux-gnu/libgobject-2.0.so.0.3200.4
7f818dff4000-7f818e140000 r-xp 00000000 08:05 406702                     /usr/lib/x86_64-linux-gnu/libgio-2.0.so.0.3200.4
7f818e140000-7f818e33f000 ---p 0014c000 08:05 406702                     /usr/lib/x86_64-linux-gnu/libgio-2.0.so.0.3200.4
7f818e33f000-7f818e343000 r--p 0014b000 08:05 406702                     /usr/lib/x86_64-linux-gnu/libgio-2.0.so.0.3200.4
7f818e343000-7f818e345000 rw-p 0014f000 08:05 406702                     /usr/lib/x86_64-linux-gnu/libgio-2.0.so.0.3200.4
7f818e345000-7f818e347000 rw-p 00000000 00:00 0 
7f818e347000-7f818e348000 r--p 00000000 08:05 525236                     /usr/share/locale/en_GB/LC_MESSAGES/libc.mo
7f818e348000-7f818e349000 r--s 00000000 08:04 4335771                    /home/robashton/.m2/repository/org/clojars/jgrocho/digest/1.5.0/digest-1.5.0.jar
7f818e349000-7f818e34b000 r--s 00009000 08:04 4464213                    /home/robashton/.m2/repository/org/clojure/core.async/0.1.0-SNAPSHOT/core.async-0.1.0-SNAPSHOT.jar
7f818e34b000-7f818e352000 r--s 00039000 08:04 2627880                    /home/robashton/.m2/repository/commons-codec/commons-codec/1.7/commons-codec-1.7.jar
7f818e352000-7f818e353000 r--s 00001000 08:04 4334937                    /home/robashton/.m2/repository/compojure/compojure/1.1.5/compojure-1.1.5.jar
7f818e353000-7f818e354000 r--s 00001000 08:04 4334755                    /home/robashton/.m2/repository/tigris/tigris/0.1.1/tigris-0.1.1.jar
7f818e354000-7f818e357000 r--s 000fa000 08:04 4335040                    /home/robashton/.m2/repository/org/fusesource/leveldbjni/leveldbjni-all/1.7/leveldbjni-all-1.7.jar
7f818e357000-7f818e35b000 r--s 0001b000 08:04 921160                     /home/robashton/.m2/repository/org/apache/lucene/lucene-highlighter/4.4.0/lucene-highlighter-4.4.0.jar
7f818e35b000-7f818e35c000 r--s 00002000 08:04 4334922                    /home/robashton/.m2/repository/hiccup/hiccup/1.0.3/hiccup-1.0.3.jar
7f818e35c000-7f818e361000 r--s 0003f000 08:04 5247639                    /home/robashton/.m2/repository/org/jsoup/jsoup/1.7.1/jsoup-1.7.1.jar
7f818e361000-7f818e377000 r-xp 00000000 08:05 425729                     /usr/lib/jvm/java-7-openjdk-amd64/jre/lib/amd64/libnet.so
7f818e377000-7f818e576000 ---p 00016000 08:05 425729                     /usr/lib/jvm/java-7-openjdk-amd64/jre/lib/amd64/libnet.so
7f818e576000-7f818e577000 r--p 00015000 08:05 425729                     /usr/lib/jvm/java-7-openjdk-amd64/jre/lib/amd64/libnet.so
7f818e577000-7f818e578000 rw-p 00016000 08:05 425729                     /usr/lib/jvm/java-7-openjdk-amd64/jre/lib/amd64/libnet.so
7f818e578000-7f818e588000 r-xp 00000000 08:05 425707                     /usr/lib/jvm/java-7-openjdk-amd64/jre/lib/amd64/libnio.so
7f818e588000-7f818e788000 ---p 00010000 08:05 425707                     /usr/lib/jvm/java-7-openjdk-amd64/jre/lib/amd64/libnio.so
7f818e788000-7f818e789000 r--p 00010000 08:05 425707                     /usr/lib/jvm/java-7-openjdk-amd64/jre/lib/amd64/libnio.so
7f818e789000-7f818e78a000 rw-p 00011000 08:05 425707                     /usr/lib/jvm/java-7-openjdk-amd64/jre/lib/amd64/libnio.so
7f818e78a000-7f818e793000 r--s 000bc000 08:05 398750                     /usr/lib/jvm/java-7-openjdk-common/jre/lib/resources.jar
7f818e793000-7f818e7d2000 r--s 0032d000 08:04 5116522                    /home/robashton/.m2/repository/org/clojure/clojure/1.5.1/clojure-1.5.1.jar
7f818e7d2000-7f818e7e5000 r--s 000da000 08:04 4727716                    /home/robashton/.m2/repository/io/netty/netty/3.4.4.Final/netty-3.4.4.Final.jar
7f818e7e5000-7f818e7e7000 r--s 00001000 08:04 4335035                    /home/robashton/.m2/repository/org/iq80/leveldb/leveldb-api/0.5/leveldb-api-0.5.jar
7f818e7e7000-7f818e7f0000 r--s 0006f000 08:04 131690                     /home/robashton/.m2/repository/log4j/log4j/1.2.17/log4j-1.2.17.jar
7f818e7f0000-7f818e7f2000 r--s 00004000 08:04 4335219                    /home/robashton/.m2/repository/mmargs/mmargs/1.2.0/mmargs-1.2.0.jar
7f818e7f2000-7f818e7f3000 r--s 00001000 08:04 663954                     /home/robashton/.m2/repository/org/clojure/tools.logging/0.2.6/tools.logging-0.2.6.jar
7f818e7f3000-7f818e7f5000 r--s 00000000 08:04 4463894                    /home/robashton/.m2/repository/spyscope/spyscope/0.1.3/spyscope-0.1.3.jar
7f818e7f5000-7f818e7f9000 r--s 0002a000 08:04 2627992                    /home/robashton/.m2/repository/commons-io/commons-io/2.4/commons-io-2.4.jar
7f818e7f9000-7f818e7fa000 r--s 00005000 08:04 4465562                    /home/robashton/.m2/repository/speclj/speclj/2.7.0/speclj-2.7.0.jar
7f818e7fa000-7f818e7fb000 r--s 00005000 08:04 4334757                    /home/robashton/.m2/repository/clj-http/clj-http/0.7.6/clj-http-0.7.6.jar
7f818e7fb000-7f818e7fc000 r--s 0001b000 08:04 4335045                    /home/robashton/.m2/repository/org/fusesource/leveldbjni/leveldbjni-win32/1.5/leveldbjni-win32-1.5.jar
7f818e7fc000-7f818e7fd000 r--s 00004000 08:04 4335038                    /home/robashton/.m2/repository/org/fusesource/hawtjni/hawtjni-runtime/1.8/hawtjni-runtime-1.8.jar
7f818e7fd000-7f818e7ff000 r--s 00002000 08:04 4334753                    /home/robashton/.m2/repository/cheshire/cheshire/5.2.0/cheshire-5.2.0.jar
7f818e7ff000-7f818e800000 r--s 00000000 08:04 4334754                    /home/robashton/.m2/repository/crouton/crouton/0.1.1/crouton-0.1.1.jar
7f818e800000-7f818e806000 r--s 00032000 08:04 2627841                    /home/robashton/.m2/repository/org/apache/httpcomponents/httpcore/4.2.4/httpcore-4.2.4.jar
7f818e806000-7f818e807000 r--s 00000000 08:04 4334930                    /home/robashton/.m2/repository/ring/ring-jetty-adapter/1.2.0/ring-jetty-adapter-1.2.0.jar
7f818e807000-7f818e810000 r--s 00061000 08:04 2627843                    /home/robashton/.m2/repository/org/apache/httpcomponents/httpclient/4.2.5/httpclient-4.2.5.jar
7f818e810000-7f818e812000 r--s 00000000 08:04 4335218                    /home/robashton/.m2/repository/fresh/fresh/1.0.2/fresh-1.0.2.jar
7f818e812000-7f818e813000 r--s 00001000 08:04 2499335                    /home/robashton/.m2/repository/org/clojure/tools.macro/0.1.0/tools.macro-0.1.0.jar
7f818e813000-7f818e815000 r--s 00003000 08:04 4464105                    /home/robashton/.m2/repository/clj-time/clj-time/0.6.0/clj-time-0.6.0.jar
7f818e815000-7f818e817000 r--s 00000000 08:04 2103962                    /home/robashton/.m2/repository/org/clojure/core.incubator/0.1.3/core.incubator-0.1.3.jar
7f818e817000-7f818e819000 r--s 00012000 08:05 398731                     /usr/lib/jvm/java-7-openjdk-common/jre/lib/ext/zipfs.jar
7f818e819000-7f818e81a000 r--s 00028000 08:04 4335034                    /home/robashton/.m2/repository/org/fusesource/leveldbjni/leveldbjni-osx/1.5/leveldbjni-osx-1.5.jar
7f818e81a000-7f818e81c000 r--s 00001000 08:04 4335185                    /home/robashton/.m2/repository/me/raynes/fs/1.4.4/fs-1.4.4.jar
7f818e81c000-7f818e81d000 r--s 00008000 08:04 921162                     /home/robashton/.m2/repository/org/apache/lucene/lucene-memory/4.4.0/lucene-memory-4.4.0.jar
7f818e81d000-7f818e81f000 r--s 00005000 08:04 131689                     /home/robashton/.m2/repository/org/slf4j/slf4j-api/1.6.6/slf4j-api-1.6.6.jar
7f818e81f000-7f818e822000 r--s 0001b000 08:04 4334909                    /home/robashton/.m2/repository/org/eclipse/jetty/orbit/javax.servlet/2.5.0.v201103041518/javax.servlet-2.5.0.v201103041518.jar
7f818e822000-7f818e823000 r--s 00002000 08:04 131688                     /home/robashton/.m2/repository/org/slf4j/slf4j-log4j12/1.6.6/slf4j-log4j12-1.6.6.jar
7f818e823000-7f818e824000 r--s 00001000 08:04 4334929                    /home/robashton/.m2/repository/ns-tracker/ns-tracker/0.2.1/ns-tracker-0.2.1.jar
7f818e824000-7f818e825000 r--s 00000000 08:04 4334918                    /home/robashton/.m2/repository/ring/ring/1.2.0/ring-1.2.0.jar
7f818e825000-7f818e827000 r--s 00018000 08:04 2102668                    /home/robashton/.m2/repository/javax/servlet/servlet-api/2.5/servlet-api-2.5.jar
7f818e827000-7f818e828000 r--s 00044000 08:04 4335039                    /home/robashton/.m2/repository/org/fusesource/leveldbjni/leveldbjni-linux32/1.5/leveldbjni-linux32-1.5.jar
7f818e828000-7f818e829000 r--s 00001000 08:04 4334928                    /home/robashton/.m2/repository/clj-stacktrace/clj-stacktrace/0.2.5/clj-stacktrace-0.2.5.jar
7f818e829000-7f818e82a000 r--s 00000000 08:04 4463933                    /home/robashton/.m2/repository/serializable-fn/serializable-fn/1.1.3/serializable-fn-1.1.3.jar
7f818e82a000-7f818e82b000 r--s 00001000 08:04 4335773                    /home/robashton/.m2/repository/speclj-growl/speclj-growl/2.1.0/speclj-growl-2.1.0.jar
7f818e82b000-7f818e834000 r--s 00055000 08:04 921154                     /home/robashton/.m2/repository/org/apache/lucene/lucene-queryparser/4.4.0/lucene-queryparser-4.4.0.jar
7f818e834000-7f818e836000 r--s 00016000 08:04 4334911                    /home/robashton/.m2/repository/org/eclipse/jetty/jetty-io/7.6.8.v20121106/jetty-io-7.6.8.v20121106.jar
7f818e836000-7f818e837000 r--s 00000000 08:04 4464234                    /home/robashton/.m2/repository/org/clojure/java.classpath/0.2.0/java.classpath-0.2.0.jar
7f818e837000-7f818e839000 r--s 00005000 08:04 2499327                    /home/robashton/.m2/repository/org/apache/httpcomponents/httpmime/4.2.5/httpmime-4.2.5.jar
7f818e839000-7f818e83a000 r--s 00006000 08:04 4464209                    /home/robashton/.m2/repository/org/clojure/tools.reader/0.7.4/tools.reader-0.7.4.jar
7f818e83a000-7f818e83e000 r--s 00085000 08:05 398734                     /usr/lib/jvm/java-7-openjdk-common/jre/lib/ext/localedata.jar
7f818e83e000-7f818e841000 r--s 00032000 08:05 398735                     /usr/lib/jvm/java-7-openjdk-common/jre/lib/ext/sunjce_provider.jar
7f818e841000-7f818e844000 r--s 0003c000 08:05 398732                     /usr/lib/jvm/java-7-openjdk-common/jre/lib/ext/sunpkcs11.jar
7f818e844000-7f818e847000 r--s 0000f000 08:05 398733                     /usr/lib/jvm/java-7-openjdk-common/jre/lib/ext/pulse-java.jar
7f818e847000-7f818e848000 r--s 00007000 08:05 938847                     /usr/share/java/java-atk-wrapper.jar
7f818e848000-7f818e849000 r--s 00002000 08:05 398736                     /usr/lib/jvm/java-7-openjdk-common/jre/lib/ext/dnsns.jar
7f818e849000-7f818e84a000 ---p 00000000 00:00 0 
7f818e84a000-7f818e94a000 rw-p 00000000 00:00 0 
7f818e94a000-7f818e94d000 ---p 00000000 00:00 0 
7f818e94d000-7f818ea4b000 rw-p 00000000 00:00 0 
7f818ea4b000-7f818ea4e000 ---p 00000000 00:00 0 
7f818ea4e000-7f818eb4c000 rw-p 00000000 00:00 0 
7f818eb4c000-7f818eb4f000 ---p 00000000 00:00 0 
7f818eb4f000-7f818ec4d000 rw-p 00000000 00:00 0 
7f818ec4d000-7f818ec50000 ---p 00000000 00:00 0 
7f818ec50000-7f818ed4e000 rw-p 00000000 00:00 0 
7f818ed4e000-7f818eec5000 r--p 00000000 08:05 398104                     /usr/lib/locale/locale-archive
7f818eec5000-7f818eec8000 ---p 00000000 00:00 0 
7f818eec8000-7f818efc6000 rw-p 00000000 00:00 0 
7f818efc6000-7f818efc9000 ---p 00000000 00:00 0 
7f818efc9000-7f818f0c7000 rw-p 00000000 00:00 0 
7f818f0c7000-7f818f0c8000 ---p 00000000 00:00 0 
7f818f0c8000-7f81901e8000 rw-p 00000000 00:00 0 
7f81901e8000-7f8190395000 r--s 01cec000 08:05 425755                     /usr/lib/jvm/java-7-openjdk-amd64/jre/lib/rt.jar
7f8190395000-7f819301d000 rw-p 00000000 00:00 0 
7f819301d000-7f819301e000 ---p 00000000 00:00 0 
7f819301e000-7f819311e000 rw-p 00000000 00:00 0 
7f819311e000-7f819311f000 ---p 00000000 00:00 0 
7f819311f000-7f819321f000 rw-p 00000000 00:00 0 
7f819321f000-7f8193220000 ---p 00000000 00:00 0 
7f8193220000-7f8193320000 rw-p 00000000 00:00 0 
7f8193320000-7f8193321000 ---p 00000000 00:00 0 
7f8193321000-7f8193432000 rw-p 00000000 00:00 0 
7f8193432000-7f8193474000 rw-p 00000000 00:00 0 
7f8193474000-7f8193489000 rw-p 00000000 00:00 0 
7f8193489000-7f81935b8000 rw-p 00000000 00:00 0 
7f81935b8000-7f81935c9000 rw-p 00000000 00:00 0 
7f81935c9000-7f819360b000 rw-p 00000000 00:00 0 
7f819360b000-7f8193620000 rw-p 00000000 00:00 0 
7f8193620000-7f819374e000 rw-p 00000000 00:00 0 
7f819374e000-7f81937f0000 rw-p 00000000 00:00 0 
7f81937f0000-7f81937f1000 rw-p 00000000 00:00 0 
7f81937f1000-7f8193aa1000 rwxp 00000000 00:00 0 
7f8193aa1000-7f81967f1000 rw-p 00000000 00:00 0 
7f81967f1000-7f81967f9000 r-xp 00000000 08:05 425745                     /usr/lib/jvm/java-7-openjdk-amd64/jre/lib/amd64/libzip.so
7f81967f9000-7f81969f8000 ---p 00008000 08:05 425745                     /usr/lib/jvm/java-7-openjdk-amd64/jre/lib/amd64/libzip.so
7f81969f8000-7f81969f9000 r--p 00007000 08:05 425745                     /usr/lib/jvm/java-7-openjdk-amd64/jre/lib/amd64/libzip.so
7f81969f9000-7f81969fa000 rw-p 00008000 08:05 425745                     /usr/lib/jvm/java-7-openjdk-amd64/jre/lib/amd64/libzip.so
7f81969fa000-7f8196a05000 r-xp 00000000 08:05 532275                     /lib/x86_64-linux-gnu/libnss_files-2.13.so
7f8196a05000-7f8196c04000 ---p 0000b000 08:05 532275                     /lib/x86_64-linux-gnu/libnss_files-2.13.so
7f8196c04000-7f8196c05000 r--p 0000a000 08:05 532275                     /lib/x86_64-linux-gnu/libnss_files-2.13.so
7f8196c05000-7f8196c06000 rw-p 0000b000 08:05 532275                     /lib/x86_64-linux-gnu/libnss_files-2.13.so
7f8196c06000-7f8196c10000 r-xp 00000000 08:05 532271                     /lib/x86_64-linux-gnu/libnss_nis-2.13.so
7f8196c10000-7f8196e0f000 ---p 0000a000 08:05 532271                     /lib/x86_64-linux-gnu/libnss_nis-2.13.so
7f8196e0f000-7f8196e10000 r--p 00009000 08:05 532271                     /lib/x86_64-linux-gnu/libnss_nis-2.13.so
7f8196e10000-7f8196e11000 rw-p 0000a000 08:05 532271                     /lib/x86_64-linux-gnu/libnss_nis-2.13.so
7f8196e11000-7f8196e26000 r-xp 00000000 08:05 532269                     /lib/x86_64-linux-gnu/libnsl-2.13.so
7f8196e26000-7f8197025000 ---p 00015000 08:05 532269                     /lib/x86_64-linux-gnu/libnsl-2.13.so
7f8197025000-7f8197026000 r--p 00014000 08:05 532269                     /lib/x86_64-linux-gnu/libnsl-2.13.so
7f8197026000-7f8197027000 rw-p 00015000 08:05 532269                     /lib/x86_64-linux-gnu/libnsl-2.13.so
7f8197027000-7f8197029000 rw-p 00000000 00:00 0 
7f8197029000-7f8197030000 r-xp 00000000 08:05 532264                     /lib/x86_64-linux-gnu/libnss_compat-2.13.so
7f8197030000-7f819722f000 ---p 00007000 08:05 532264                     /lib/x86_64-linux-gnu/libnss_compat-2.13.so
7f819722f000-7f8197230000 r--p 00006000 08:05 532264                     /lib/x86_64-linux-gnu/libnss_compat-2.13.so
7f8197230000-7f8197231000 rw-p 00007000 08:05 532264                     /lib/x86_64-linux-gnu/libnss_compat-2.13.so
7f8197231000-7f819725b000 r-xp 00000000 08:05 425725                     /usr/lib/jvm/java-7-openjdk-amd64/jre/lib/amd64/libjava.so
7f819725b000-7f819745b000 ---p 0002a000 08:05 425725                     /usr/lib/jvm/java-7-openjdk-amd64/jre/lib/amd64/libjava.so
7f819745b000-7f819745c000 r--p 0002a000 08:05 425725                     /usr/lib/jvm/java-7-openjdk-amd64/jre/lib/amd64/libjava.so
7f819745c000-7f819745e000 rw-p 0002b000 08:05 425725                     /usr/lib/jvm/java-7-openjdk-amd64/jre/lib/amd64/libjava.so
7f819745e000-7f819746d000 r-xp 00000000 08:05 425667                     /usr/lib/jvm/java-7-openjdk-amd64/jre/lib/amd64/libverify.so
7f819746d000-7f819766c000 ---p 0000f000 08:05 425667                     /usr/lib/jvm/java-7-openjdk-amd64/jre/lib/amd64/libverify.so
7f819766c000-7f819766e000 r--p 0000e000 08:05 425667                     /usr/lib/jvm/java-7-openjdk-amd64/jre/lib/amd64/libverify.so
7f819766e000-7f819766f000 rw-p 00010000 08:05 425667                     /usr/lib/jvm/java-7-openjdk-amd64/jre/lib/amd64/libverify.so
7f819766f000-7f8197676000 r-xp 00000000 08:05 532279                     /lib/x86_64-linux-gnu/librt-2.13.so
7f8197676000-7f8197875000 ---p 00007000 08:05 532279                     /lib/x86_64-linux-gnu/librt-2.13.so
7f8197875000-7f8197876000 r--p 00006000 08:05 532279                     /lib/x86_64-linux-gnu/librt-2.13.so
7f8197876000-7f8197877000 rw-p 00007000 08:05 532279                     /lib/x86_64-linux-gnu/librt-2.13.so
7f8197877000-7f819788c000 r-xp 00000000 08:05 533965                     /lib/x86_64-linux-gnu/libgcc_s.so.1
7f819788c000-7f8197a8c000 ---p 00015000 08:05 533965                     /lib/x86_64-linux-gnu/libgcc_s.so.1
7f8197a8c000-7f8197a8d000 rw-p 00015000 08:05 533965                     /lib/x86_64-linux-gnu/libgcc_s.so.1
7f8197a8d000-7f8197b0e000 r-xp 00000000 08:05 532266                     /lib/x86_64-linux-gnu/libm-2.13.so
7f8197b0e000-7f8197d0d000 ---p 00081000 08:05 532266                     /lib/x86_64-linux-gnu/libm-2.13.so
7f8197d0d000-7f8197d0e000 r--p 00080000 08:05 532266                     /lib/x86_64-linux-gnu/libm-2.13.so
7f8197d0e000-7f8197d0f000 rw-p 00081000 08:05 532266                     /lib/x86_64-linux-gnu/libm-2.13.so
7f8197d0f000-7f8197df7000 r-xp 00000000 08:05 397950                     /usr/lib/x86_64-linux-gnu/libstdc++.so.6.0.17
7f8197df7000-7f8197ff7000 ---p 000e8000 08:05 397950                     /usr/lib/x86_64-linux-gnu/libstdc++.so.6.0.17
7f8197ff7000-7f8197fff000 r--p 000e8000 08:05 397950                     /usr/lib/x86_64-linux-gnu/libstdc++.so.6.0.17
7f8197fff000-7f8198001000 rw-p 000f0000 08:05 397950                     /usr/lib/x86_64-linux-gnu/libstdc++.so.6.0.17
7f8198001000-7f8198016000 rw-p 00000000 00:00 0 
7f8198016000-7f8198a07000 r-xp 00000000 08:05 425695                     /usr/lib/jvm/java-7-openjdk-amd64/jre/lib/amd64/server/libjvm.so
7f8198a07000-7f8198c07000 ---p 009f1000 08:05 425695                     /usr/lib/jvm/java-7-openjdk-amd64/jre/lib/amd64/server/libjvm.so
7f8198c07000-7f8198c86000 r--p 009f1000 08:05 425695                     /usr/lib/jvm/java-7-openjdk-amd64/jre/lib/amd64/server/libjvm.so
7f8198c86000-7f8198ca9000 rw-p 00a70000 08:05 425695                     /usr/lib/jvm/java-7-openjdk-amd64/jre/lib/amd64/server/libjvm.so
7f8198ca9000-7f8198cd4000 rw-p 00000000 00:00 0 
7f8198cd4000-7f8198e54000 r-xp 00000000 08:05 532259                     /lib/x86_64-linux-gnu/libc-2.13.so
7f8198e54000-7f8199054000 ---p 00180000 08:05 532259                     /lib/x86_64-linux-gnu/libc-2.13.so
7f8199054000-7f8199058000 r--p 00180000 08:05 532259                     /lib/x86_64-linux-gnu/libc-2.13.so
7f8199058000-7f8199059000 rw-p 00184000 08:05 532259                     /lib/x86_64-linux-gnu/libc-2.13.so
7f8199059000-7f819905e000 rw-p 00000000 00:00 0 
7f819905e000-7f8199060000 r-xp 00000000 08:05 532273                     /lib/x86_64-linux-gnu/libdl-2.13.so
7f8199060000-7f8199260000 ---p 00002000 08:05 532273                     /lib/x86_64-linux-gnu/libdl-2.13.so
7f8199260000-7f8199261000 r--p 00002000 08:05 532273                     /lib/x86_64-linux-gnu/libdl-2.13.so
7f8199261000-7f8199262000 rw-p 00003000 08:05 532273                     /lib/x86_64-linux-gnu/libdl-2.13.so
7f8199262000-7f8199278000 r-xp 00000000 08:05 523354                     /lib/x86_64-linux-gnu/libz.so.1.2.7
7f8199278000-7f8199477000 ---p 00016000 08:05 523354                     /lib/x86_64-linux-gnu/libz.so.1.2.7
7f8199477000-7f8199478000 r--p 00015000 08:05 523354                     /lib/x86_64-linux-gnu/libz.so.1.2.7
7f8199478000-7f8199479000 rw-p 00016000 08:05 523354                     /lib/x86_64-linux-gnu/libz.so.1.2.7
7f8199479000-7f8199486000 r-xp 00000000 08:05 425673                     /usr/lib/jvm/java-7-openjdk-amd64/jre/lib/amd64/jli/libjli.so
7f8199486000-7f8199685000 ---p 0000d000 08:05 425673                     /usr/lib/jvm/java-7-openjdk-amd64/jre/lib/amd64/jli/libjli.so
7f8199685000-7f8199686000 r--p 0000c000 08:05 425673                     /usr/lib/jvm/java-7-openjdk-amd64/jre/lib/amd64/jli/libjli.so
7f8199686000-7f8199687000 rw-p 0000d000 08:05 425673                     /usr/lib/jvm/java-7-openjdk-amd64/jre/lib/amd64/jli/libjli.so
7f8199687000-7f819969e000 r-xp 00000000 08:05 532277                     /lib/x86_64-linux-gnu/libpthread-2.13.so
7f819969e000-7f819989d000 ---p 00017000 08:05 532277                     /lib/x86_64-linux-gnu/libpthread-2.13.so
7f819989d000-7f819989e000 r--p 00016000 08:05 532277                     /lib/x86_64-linux-gnu/libpthread-2.13.so
7f819989e000-7f819989f000 rw-p 00017000 08:05 532277                     /lib/x86_64-linux-gnu/libpthread-2.13.so
7f819989f000-7f81998a3000 rw-p 00000000 00:00 0 
7f81998a3000-7f81998c3000 r-xp 00000000 08:05 532281                     /lib/x86_64-linux-gnu/ld-2.13.so
7f81998c3000-7f81998c4000 r--s 00005000 08:04 4334923                    /home/robashton/.m2/repository/ring/ring-core/1.2.0/ring-core-1.2.0.jar
7f81998c4000-7f81998c7000 r--s 0002c000 08:04 2235790                    /home/robashton/.m2/repository/com/fasterxml/jackson/core/jackson-core/2.2.1/jackson-core-2.2.1.jar
7f81998c7000-7f81998d0000 r--s 0006c000 08:04 2235798                    /home/robashton/.m2/repository/com/ning/async-http-client/1.7.10/async-http-client-1.7.10.jar
7f81998d0000-7f81998e0000 r--s 00173000 08:04 921157                     /home/robashton/.m2/repository/org/apache/lucene/lucene-analyzers-common/4.4.0/lucene-analyzers-common-4.4.0.jar
7f81998e0000-7f81998eb000 rw-p 00000000 00:00 0 
7f81998eb000-7f81999a0000 rw-p 00000000 00:00 0 
7f81999a0000-7f81999a3000 ---p 00000000 00:00 0 
7f81999a3000-7f8199aa6000 rw-p 00000000 00:00 0 
7f8199aa6000-7f8199aa8000 r--s 0000d000 08:04 2621509                    /home/robashton/.m2/repository/commons-logging/commons-logging/1.1.1/commons-logging-1.1.1.jar
7f8199aa8000-7f8199aa9000 r--s 00006000 08:04 921156                     /home/robashton/.m2/repository/jakarta-regexp/jakarta-regexp/1.4/jakarta-regexp-1.4.jar
7f8199aa9000-7f8199aab000 r--s 0000e000 08:04 2371747                    /home/robashton/.m2/repository/com/fasterxml/jackson/dataformat/jackson-dataformat-smile/2.2.1/jackson-dataformat-smile-2.2.1.jar
7f8199aab000-7f8199aac000 r--s 00001000 08:04 4334921                    /home/robashton/.m2/repository/ring/ring-devel/1.2.0/ring-devel-1.2.0.jar
7f8199aac000-7f8199aad000 r--s 00000000 08:04 4334939                    /home/robashton/.m2/repository/clout/clout/1.0.1/clout-1.0.1.jar
7f8199aad000-7f8199aae000 r--s 00000000 08:04 4334920                    /home/robashton/.m2/repository/ring/ring-codec/1.0.0/ring-codec-1.0.0.jar
7f8199aae000-7f8199ab0000 r--s 00001000 08:04 2621523                    /home/robashton/.m2/repository/slingshot/slingshot/0.10.3/slingshot-0.10.3.jar
7f8199ab0000-7f8199ab1000 r--s 00004000 08:04 4334907                    /home/robashton/.m2/repository/org/eclipse/jetty/jetty-continuation/7.6.8.v20121106/jetty-continuation-7.6.8.v20121106.jar
7f8199ab1000-7f8199ab6000 r--s 00036000 08:04 4726128                    /home/robashton/.m2/repository/org/apache/commons/commons-compress/1.4/commons-compress-1.4.jar
7f8199ab6000-7f8199abe000 rw-s 00000000 08:05 1177393                    /tmp/hsperfdata_robashton/14206
7f8199abe000-7f8199abf000 rw-p 00000000 00:00 0 
7f8199abf000-7f8199ac0000 r--p 00000000 00:00 0 
7f8199ac0000-7f8199ac2000 rw-p 00000000 00:00 0 
7f8199ac2000-7f8199ac3000 r--p 0001f000 08:05 532281                     /lib/x86_64-linux-gnu/ld-2.13.so
7f8199ac3000-7f8199ac4000 rw-p 00020000 08:05 532281                     /lib/x86_64-linux-gnu/ld-2.13.so
7f8199ac4000-7f8199ac5000 rw-p 00000000 00:00 0 
7fffe56ea000-7fffe570d000 rw-p 00000000 00:00 0                          [stack]
7fffe57a8000-7fffe57a9000 r-xp 00000000 00:00 0                          [vdso]
ffffffffff600000-ffffffffff601000 r-xp 00000000 00:00 0                  [vsyscall]

VM Arguments:
jvm_args: -Dspeclj.invocation=lein spec 
java_command: speclj.main -c
Launcher Type: SUN_STANDARD

Environment Variables:
JAVA_HOME=/usr/lib/jvm/java-1.7.0-openjdk-amd64
CLASSPATH=:/home/robashton/.lein/self-installs/leiningen-2.2.0-standalone.jar
PATH=/usr/local/bin:/usr/bin:/bin:/usr/local/games:/usr/games:/home/robashton/build/clojurescript/bin
USERNAME=robashton
SHELL=/bin/bash
DISPLAY=:0

Signal Handlers:
SIGSEGV: [libjvm.so+0x84ff00], sa_mask[0]=0x7ffbfeff, sa_flags=0x10000004
SIGBUS: [libjvm.so+0x84ff00], sa_mask[0]=0x7ffbfeff, sa_flags=0x10000004
SIGFPE: [libjvm.so+0x6f2230], sa_mask[0]=0x7ffbfeff, sa_flags=0x10000004
SIGPIPE: [libjvm.so+0x6f2230], sa_mask[0]=0x7ffbfeff, sa_flags=0x10000004
SIGXFSZ: [libjvm.so+0x6f2230], sa_mask[0]=0x7ffbfeff, sa_flags=0x10000004
SIGILL: [libjvm.so+0x6f2230], sa_mask[0]=0x7ffbfeff, sa_flags=0x10000004
SIGUSR1: SIG_DFL, sa_mask[0]=0x00000000, sa_flags=0x00000000
SIGUSR2: [libjvm.so+0x6f2600], sa_mask[0]=0x00000004, sa_flags=0x10000004
SIGHUP: [libjvm.so+0x6f2740], sa_mask[0]=0x7ffbfeff, sa_flags=0x10000004
SIGINT: [libjvm.so+0x6f2740], sa_mask[0]=0x7ffbfeff, sa_flags=0x10000004
SIGTERM: [libjvm.so+0x6f2740], sa_mask[0]=0x7ffbfeff, sa_flags=0x10000004
SIGQUIT: [libjvm.so+0x6f2740], sa_mask[0]=0x7ffbfeff, sa_flags=0x10000004


---------------  S Y S T E M  ---------------

OS:wheezy/sid

uname:Linux 3.2.0-4-amd64 #1 SMP Debian 3.2.46-1+deb7u1 x86_64
libc:glibc 2.13 NPTL 2.13 
rlimit: STACK 8192k, CORE 0k, NPROC 30929, NOFILE 4096, AS infinity
load average:1.01 0.58 0.50

/proc/meminfo:
MemTotal:        3971036 kB
MemFree:         1699132 kB
Buffers:          299180 kB
Cached:           499844 kB
SwapCached:        87292 kB
Active:          1125672 kB
Inactive:         926656 kB
Active(anon):     849744 kB
Inactive(anon):   472596 kB
Active(file):     275928 kB
Inactive(file):   454060 kB
Unevictable:           0 kB
Mlocked:               0 kB
SwapTotal:       4103304 kB
SwapFree:        3532448 kB
Dirty:              1180 kB
Writeback:             0 kB
AnonPages:       1185220 kB
Mapped:            84204 kB
Shmem:             69036 kB
Slab:             158932 kB
SReclaimable:     134568 kB
SUnreclaim:        24364 kB
KernelStack:        3464 kB
PageTables:        21360 kB
NFS_Unstable:          0 kB
Bounce:                0 kB
WritebackTmp:          0 kB
CommitLimit:     6088820 kB
Committed_AS:    4004996 kB
VmallocTotal:   34359738367 kB
VmallocUsed:      450664 kB
VmallocChunk:   34359279156 kB
HardwareCorrupted:     0 kB
AnonHugePages:         0 kB
HugePages_Total:       0
HugePages_Free:        0
HugePages_Rsvd:        0
HugePages_Surp:        0
Hugepagesize:       2048 kB
DirectMap4k:       73356 kB
DirectMap2M:     4112384 kB


CPU:total 4 (2 cores per cpu, 2 threads per core) family 6 model 42 stepping 7, cmov, cx8, fxsr, mmx, sse, sse2, sse3, ssse3, sse4.1, sse4.2, popcnt, avx, ht, tsc, tscinvbit

/proc/cpuinfo:
processor	: 0
vendor_id	: GenuineIntel
cpu family	: 6
model		: 42
model name	: Intel(R) Core(TM) i5-2557M CPU @ 1.70GHz
stepping	: 7
microcode	: 0x1a
cpu MHz		: 800.000
cache size	: 3072 KB
physical id	: 0
siblings	: 4
core id		: 0
cpu cores	: 2
apicid		: 0
initial apicid	: 0
fpu		: yes
fpu_exception	: yes
cpuid level	: 13
wp		: yes
flags		: fpu vme de pse tsc msr pae mce cx8 apic sep mtrr pge mca cmov pat pse36 clflush dts acpi mmx fxsr sse sse2 ss ht tm pbe syscall nx rdtscp lm constant_tsc arch_perfmon pebs bts rep_good nopl xtopology nonstop_tsc aperfmperf pni pclmulqdq dtes64 monitor ds_cpl vmx smx est tm2 ssse3 cx16 xtpr pdcm pcid sse4_1 sse4_2 x2apic popcnt tsc_deadline_timer aes xsave avx lahf_lm ida arat xsaveopt pln pts dtherm tpr_shadow vnmi flexpriority ept vpid
bogomips	: 3399.34
clflush size	: 64
cache_alignment	: 64
address sizes	: 36 bits physical, 48 bits virtual
power management:

processor	: 1
vendor_id	: GenuineIntel
cpu family	: 6
model		: 42
model name	: Intel(R) Core(TM) i5-2557M CPU @ 1.70GHz
stepping	: 7
microcode	: 0x1a
cpu MHz		: 1701.000
cache size	: 3072 KB
physical id	: 0
siblings	: 4
core id		: 1
cpu cores	: 2
apicid		: 2
initial apicid	: 2
fpu		: yes
fpu_exception	: yes
cpuid level	: 13
wp		: yes
flags		: fpu vme de pse tsc msr pae mce cx8 apic sep mtrr pge mca cmov pat pse36 clflush dts acpi mmx fxsr sse sse2 ss ht tm pbe syscall nx rdtscp lm constant_tsc arch_perfmon pebs bts rep_good nopl xtopology nonstop_tsc aperfmperf pni pclmulqdq dtes64 monitor ds_cpl vmx smx est tm2 ssse3 cx16 xtpr pdcm pcid sse4_1 sse4_2 x2apic popcnt tsc_deadline_timer aes xsave avx lahf_lm ida arat xsaveopt pln pts dtherm tpr_shadow vnmi flexpriority ept vpid
bogomips	: 3399.90
clflush size	: 64
cache_alignment	: 64
address sizes	: 36 bits physical, 48 bits virtual
power management:

processor	: 2
vendor_id	: GenuineIntel
cpu family	: 6
model		: 42
model name	: Intel(R) Core(TM) i5-2557M CPU @ 1.70GHz
stepping	: 7
microcode	: 0x1a
cpu MHz		: 1701.000
cache size	: 3072 KB
physical id	: 0
siblings	: 4
core id		: 0
cpu cores	: 2
apicid		: 1
initial apicid	: 1
fpu		: yes
fpu_exception	: yes
cpuid level	: 13
wp		: yes
flags		: fpu vme de pse tsc msr pae mce cx8 apic sep mtrr pge mca cmov pat pse36 clflush dts acpi mmx fxsr sse sse2 ss ht tm pbe syscall nx rdtscp lm constant_tsc arch_perfmon pebs bts rep_good nopl xtopology nonstop_tsc aperfmperf pni pclmulqdq dtes64 monitor ds_cpl vmx smx est tm2 ssse3 cx16 xtpr pdcm pcid sse4_1 sse4_2 x2apic popcnt tsc_deadline_timer aes xsave avx lahf_lm ida arat xsaveopt pln pts dtherm tpr_shadow vnmi flexpriority ept vpid
bogomips	: 3399.90
clflush size	: 64
cache_alignment	: 64
address sizes	: 36 bits physical, 48 bits virtual
power management:

processor	: 3
vendor_id	: GenuineIntel
cpu family	: 6
model		: 42
model name	: Intel(R) Core(TM) i5-2557M CPU @ 1.70GHz
stepping	: 7
microcode	: 0x1a
cpu MHz		: 800.000
cache size	: 3072 KB
physical id	: 0
siblings	: 4
core id		: 1
cpu cores	: 2
apicid		: 3
initial apicid	: 3
fpu		: yes
fpu_exception	: yes
cpuid level	: 13
wp		: yes
flags		: fpu vme de pse tsc msr pae mce cx8 apic sep mtrr pge mca cmov pat pse36 clflush dts acpi mmx fxsr sse sse2 ss ht tm pbe syscall nx rdtscp lm constant_tsc arch_perfmon pebs bts rep_good nopl xtopology nonstop_tsc aperfmperf pni pclmulqdq dtes64 monitor ds_cpl vmx smx est tm2 ssse3 cx16 xtpr pdcm pcid sse4_1 sse4_2 x2apic popcnt tsc_deadline_timer aes xsave avx lahf_lm ida arat xsaveopt pln pts dtherm tpr_shadow vnmi flexpriority ept vpid
bogomips	: 3399.90
clflush size	: 64
cache_alignment	: 64
address sizes	: 36 bits physical, 48 bits virtual
power management:



Memory: 4k page, physical 3971036k(1698884k free), swap 4103304k(3532448k free)

vm_info: OpenJDK 64-Bit Server VM (23.7-b01) for linux-amd64 JRE (1.7.0_25-b30), built on Jul  3 2013 10:28:26 by "jmm" with gcc 4.7.2

time: Wed Sep 25 14:26:56 2013
elapsed time: 10 seconds

