#
# A fatal error has been detected by the Java Runtime Environment:
#
#  SIGSEGV (0xb) at pc=0x00007fb609a5a3b4, pid=16516, tid=140419815114496
#
# JRE version: 7.0_25-b30
# Java VM: OpenJDK 64-Bit Server VM (23.7-b01 mixed mode linux-amd64 compressed oops)
# Problematic frame:
# C  [libleveldbjni-64-1.7.so+0x193b4]  Java_org_fusesource_leveldbjni_internal_NativeIterator_00024IteratorJNI_Valid+0x4
#
# Failed to write core dump. Core dumps have been disabled. To enable core dumping, try "ulimit -c unlimited" before starting Java again
#
# If you would like to submit a bug report, please include
# instructions on how to reproduce the bug and visit:
#   http://icedtea.classpath.org/bugzilla
# The crash happened outside the Java Virtual Machine in native code.
# See problematic frame for where to report the bug.
#

---------------  T H R E A D  ---------------

Current thread (0x000000000188a000):  JavaThread "nREPL-worker-1" daemon [_thread_in_native, id=16656, stack(0x00007fb609230000,0x00007fb609331000)]

siginfo:si_signo=SIGSEGV: si_errno=0, si_code=1 (SEGV_MAPERR), si_addr=0x0000000000000000

Registers:
RAX=0x00000000bb0355e8, RBX=0x0000000000000000, RCX=0x00000000c37697a8, RDX=0x0000000000000000
RSP=0x00007fb60932d370, RBP=0x00007fb60932d3c0, RSI=0x00007fb60932d3b0, RDI=0x000000000188a1d8
R8 =0x00000000b951f9c0, R9 =0x00000000b92dedc0, R10=0x00007fb610f593a1, R11=0x00000000000004b8
R12=0x0000000000000000, R13=0x00000000b937b380, R14=0x00007fb60932d3b0, R15=0x000000000188a000
RIP=0x00007fb609a5a3b4, EFLAGS=0x0000000000010202, CSGSFS=0x0000000000000033, ERR=0x0000000000000004
  TRAPNO=0x000000000000000e

Top of Stack: (sp=0x00007fb60932d370)
0x00007fb60932d370:   00007fb600000000 00007fb610f59411
0x00007fb60932d380:   00007fb60932d410 00007fb6109544f7
0x00007fb60932d390:   00007fb60932de50 00007fb600000000
0x00007fb60932d3a0:   00007fb60932d4e0 00007fb610b6d23c
0x00007fb60932d3b0:   00000000c51a83f8 0000000000000000
0x00007fb60932d3c0:   00007fb60932e358 00007fb610f9b7c4
0x00007fb60932d3d0:   0000000000000000 000000000188a000
0x00007fb60932d3e0:   00007fb60932d550 00007fb600000000
0x00007fb60932d3f0:   0000000000000000 000000000193b330
0x00007fb60932d400:   0000000000000000 00007fb60932d690
0x00007fb60932d410:   00007fb60932d4e0 00000000ef0cfa58
0x00007fb60932d420:   0000000000000000 0000000000a8ac81
0x00007fb60932d430:   00007fb61098c6a0 014931140000000c
0x00007fb60932d440:   000000000188a000 0000000001922aa0
0x00007fb60932d450:   00007fb60932e358 00007fb610f8c09c
0x00007fb60932d460:   00007fb6109544f7 00000000ef0aaae0
0x00007fb60932d470:   00000000c37b8ca0 00000000ef0aaa10
0x00007fb60932d480:   0000000000001fa0 0000000000000000
0x00007fb60932d490:   00007fb60932d6e0 00007fb60932d610
0x00007fb60932d4a0:   000000000188a000 00000000ef0cfa58
0x00007fb60932d4b0:   00007fb60932d540 00007fb60932d6e8
0x00007fb60932d4c0:   00007fb60932d6e0 000000000188a000
0x00007fb60932d4d0:   00007fb60932e358 00007fb610f80c04
0x00007fb60932d4e0:   00007fb60932d5b0 00007fb6186a0b43
0x00007fb60932d4f0:   0000000000000003 000000000188a000
0x00007fb60932d500:   00000000ef0d2cb0 00000000ef0d2c90
0x00007fb60932d510:   00000000ef0d2cb0 0000000001922aa0
0x00007fb60932d520:   00000000ef0d2cb0 000000000193b358
0x00007fb60932d530:   00007fb60932e358 00007fb610b0ea24
0x00007fb60932d540:   00000000b93b5a08 00000000b954f000
0x00007fb60932d550:   00000000b972aaa0 00000000c371e328
0x00007fb60932d560:   00000000bb03f818 00007fb610b16c3d 

Instructions: (pc=0x00007fb609a5a3b4)
0x00007fb609a5a394:   89 d7 4c 8b 58 18 41 ff e3 90 66 90 48 8b 02 48
0x00007fb609a5a3a4:   89 d7 4c 8b 58 20 41 ff e3 90 66 90 48 83 ec 08
0x00007fb609a5a3b4:   48 8b 02 48 89 d7 ff 50 10 48 83 c4 08 0f b6 c0
0x00007fb609a5a3c4:   c3 90 66 2e 0f 1f 84 00 00 00 00 00 48 85 d2 75 

Register to memory mapping:

RAX=0x00000000bb0355e8 is an oop
{instance class} 
 - klass: {other class}
RBX=0x0000000000000000 is an unknown value
RCX=0x00000000c37697a8 is an oop
clojure.core$first 
 - klass: 'clojure/core$first'
RDX=0x0000000000000000 is an unknown value
RSP=0x00007fb60932d370 is pointing into the stack for thread: 0x000000000188a000
RBP=0x00007fb60932d3c0 is pointing into the stack for thread: 0x000000000188a000
RSI=0x00007fb60932d3b0 is pointing into the stack for thread: 0x000000000188a000
RDI=0x000000000188a1d8 is an unknown value
R8 =0x00000000b951f9c0 is an oop
{instance class} 
 - klass: {other class}
R9 =0x00000000b92dedc0 is an oop
{instance class} 
 - klass: {other class}
R10=0x00007fb610f591d0 [CodeBlob (0x00007fb610f591d0)]
Framesize: 10
R11=0x00000000000004b8 is an unknown value
R12=0x0000000000000000 is an unknown value
R13=0x00000000b937b380 is an oop
{instance class} 
 - klass: {other class}
R14=0x00007fb60932d3b0 is pointing into the stack for thread: 0x000000000188a000
R15=0x000000000188a000 is a thread


Stack: [0x00007fb609230000,0x00007fb609331000],  sp=0x00007fb60932d370,  free space=1012k
Native frames: (J=compiled Java code, j=interpreted, Vv=VM code, C=native code)
C  [libleveldbjni-64-1.7.so+0x193b4]  Java_org_fusesource_leveldbjni_internal_NativeIterator_00024IteratorJNI_Valid+0x4
J  org.fusesource.leveldbjni.internal.JniDBIterator.peekNext()Ljava/util/Map$Entry;
j  clojure.tools.nrepl.middleware.pr_values$pr_values$fn$reify__7049$fn__7051.invoke()Ljava/lang/Object;+13
j  clojure.tools.nrepl.middleware.pr_values$pr_values$fn$reify__7049.send(Ljava/lang/Object;)Ljava/lang/Object;+143
j  clojure.tools.nrepl.middleware.interruptible_eval$evaluate$fn__7070$fn__7081.invoke(Ljava/lang/Object;)Ljava/lang/Object;+299
j  clojure.main$repl$read_eval_print__6588.invoke()Ljava/lang/Object;+212
j  clojure.main$repl$fn__6597.invoke()Ljava/lang/Object;+7
j  clojure.main$repl.doInvoke(Ljava/lang/Object;)Ljava/lang/Object;+568
j  clojure.lang.RestFn.invoke(Ljava/lang/Object;Ljava/lang/Object;Ljava/lang/Object;Ljava/lang/Object;Ljava/lang/Object;Ljava/lang/Object;Ljava/lang/Object;Ljava/lang/Object;Ljava/lang/Object;Ljava/lang/Object;Ljava/lang/Object;Ljava/lang/Object;)Ljava/lang/Object;+225
j  clojure.tools.nrepl.middleware.interruptible_eval$evaluate$fn__7070.invoke()Ljava/lang/Object;+195
J  clojure.lang.AFn.applyToHelper(Lclojure/lang/IFn;Lclojure/lang/ISeq;)Ljava/lang/Object;
J  clojure.lang.RestFn.invoke(Ljava/lang/Object;Ljava/lang/Object;)Ljava/lang/Object;
j  clojure.tools.nrepl.middleware.interruptible_eval$interruptible_eval$fn__7111$fn__7114.invoke()Ljava/lang/Object;+114
j  clojure.core$comp$fn__4154.invoke()Ljava/lang/Object;+14
j  clojure.tools.nrepl.middleware.interruptible_eval$run_next$fn__7104.invoke()Ljava/lang/Object;+7
j  clojure.lang.AFn.run()V+1
j  java.util.concurrent.ThreadPoolExecutor.runWorker(Ljava/util/concurrent/ThreadPoolExecutor$Worker;)V+95
j  java.util.concurrent.ThreadPoolExecutor$Worker.run()V+5
j  java.lang.Thread.run()V+11
v  ~StubRoutines::call_stub
V  [libjvm.so+0x527a8e]  JavaCalls::call_helper(JavaValue*, methodHandle*, JavaCallArguments*, Thread*)+0x32e
V  [libjvm.so+0x526d0a]  JavaCalls::call_virtual(JavaValue*, KlassHandle, Symbol*, Symbol*, JavaCallArguments*, Thread*)+0x1aa
V  [libjvm.so+0x526d5f]  JavaCalls::call_virtual(JavaValue*, Handle, KlassHandle, Symbol*, Symbol*, Thread*)+0x4f
V  [libjvm.so+0x55e0bf]  thread_entry(JavaThread*, Thread*)+0xdf
V  [libjvm.so+0x80f542]  JavaThread::thread_main_inner()+0xf2
V  [libjvm.so+0x6f3ba2]  java_start(Thread*)+0xf2

Java frames: (J=compiled Java code, j=interpreted, Vv=VM code)
J  org.fusesource.leveldbjni.internal.NativeIterator$IteratorJNI.Valid(J)Z
J  org.fusesource.leveldbjni.internal.JniDBIterator.peekNext()Ljava/util/Map$Entry;
J  org.fusesource.leveldbjni.internal.JniDBIterator.next()Ljava/lang/Object;
J  clojure.lang.IteratorSeq.first()Ljava/lang/Object;
J  clojure.lang.RT.first(Ljava/lang/Object;)Ljava/lang/Object;
J  clojure.core$first.invoke(Ljava/lang/Object;)Ljava/lang/Object;
J  clojure.core$map$fn__4207.invoke()Ljava/lang/Object;
J  clojure.lang.LazySeq.sval()Ljava/lang/Object;
J  clojure.lang.LazySeq.seq()Lclojure/lang/ISeq;
J  clojure.lang.RT.seq(Ljava/lang/Object;)Lclojure/lang/ISeq;
J  clojure.core$seq.invoke(Ljava/lang/Object;)Ljava/lang/Object;
J  clojure.core$take_while$fn__4236.invoke()Ljava/lang/Object;
J  clojure.lang.LazySeq.sval()Ljava/lang/Object;
J  clojure.lang.LazySeq.seq()Lclojure/lang/ISeq;
J  clojure.lang.RT.seq(Ljava/lang/Object;)Lclojure/lang/ISeq;
J  clojure.core$seq.invoke(Ljava/lang/Object;)Ljava/lang/Object;
J  clojure.core$map$fn__4207.invoke()Ljava/lang/Object;
J  clojure.lang.LazySeq.sval()Ljava/lang/Object;
J  clojure.lang.LazySeq.seq()Lclojure/lang/ISeq;
J  clojure.lang.RT.nthFrom(Ljava/lang/Object;ILjava/lang/Object;)Ljava/lang/Object;
J  clojure.core$distinct$step__4671$fn__4672$fn__4674.invoke(Ljava/lang/Object;Ljava/lang/Object;)Ljava/lang/Object;
J  clojure.core$distinct$step__4671$fn__4672.invoke()Ljava/lang/Object;
J  clojure.lang.LazySeq.sval()Ljava/lang/Object;
J  clojure.lang.LazySeq.seq()Lclojure/lang/ISeq;
J  clojure.lang.RT.seq(Ljava/lang/Object;)Lclojure/lang/ISeq;
J  clojure.core$seq.invoke(Ljava/lang/Object;)Ljava/lang/Object;
J  clojure.core$map$fn__4207.invoke()Ljava/lang/Object;
J  clojure.lang.LazySeq.sval()Ljava/lang/Object;
J  clojure.lang.LazySeq.seq()Lclojure/lang/ISeq;
J  clojure.lang.RT.seq(Ljava/lang/Object;)Lclojure/lang/ISeq;
J  clojure.core$seq.invoke(Ljava/lang/Object;)Ljava/lang/Object;
J  clojure.core$print_sequential.invoke(Ljava/lang/Object;Ljava/lang/Object;Ljava/lang/Object;Ljava/lang/Object;Ljava/lang/Object;Ljava/lang/Object;)Ljava/lang/Object;
J  clojure.core$fn__5406.invoke(Ljava/lang/Object;Ljava/lang/Object;)Ljava/lang/Object;
J  clojure.lang.MultiFn.invoke(Ljava/lang/Object;Ljava/lang/Object;)Ljava/lang/Object;
J  clojure.core$pr_on.invoke(Ljava/lang/Object;Ljava/lang/Object;)Ljava/lang/Object;
j  clojure.core$pr.invoke(Ljava/lang/Object;)Ljava/lang/Object;+18
j  clojure.tools.nrepl.middleware.pr_values$pr_values$fn$reify__7049$fn__7051.invoke()Ljava/lang/Object;+13
j  clojure.tools.nrepl.middleware.pr_values$pr_values$fn$reify__7049.send(Ljava/lang/Object;)Ljava/lang/Object;+143
j  clojure.tools.nrepl.middleware.interruptible_eval$evaluate$fn__7070$fn__7081.invoke(Ljava/lang/Object;)Ljava/lang/Object;+299
j  clojure.main$repl$read_eval_print__6588.invoke()Ljava/lang/Object;+212
j  clojure.main$repl$fn__6597.invoke()Ljava/lang/Object;+7
j  clojure.main$repl.doInvoke(Ljava/lang/Object;)Ljava/lang/Object;+568
j  clojure.lang.RestFn.invoke(Ljava/lang/Object;Ljava/lang/Object;Ljava/lang/Object;Ljava/lang/Object;Ljava/lang/Object;Ljava/lang/Object;Ljava/lang/Object;Ljava/lang/Object;Ljava/lang/Object;Ljava/lang/Object;Ljava/lang/Object;Ljava/lang/Object;)Ljava/lang/Object;+225
j  clojure.tools.nrepl.middleware.interruptible_eval$evaluate$fn__7070.invoke()Ljava/lang/Object;+195
J  clojure.lang.AFn.applyToHelper(Lclojure/lang/IFn;Lclojure/lang/ISeq;)Ljava/lang/Object;
J  clojure.lang.AFn.applyTo(Lclojure/lang/ISeq;)Ljava/lang/Object;
J  clojure.core$apply.invoke(Ljava/lang/Object;Ljava/lang/Object;)Ljava/lang/Object;
j  clojure.core$with_bindings_STAR_.doInvoke(Ljava/lang/Object;Ljava/lang/Object;Ljava/lang/Object;)Ljava/lang/Object;+33
J  clojure.lang.RestFn.invoke(Ljava/lang/Object;Ljava/lang/Object;)Ljava/lang/Object;
j  clojure.tools.nrepl.middleware.interruptible_eval$evaluate.invoke(Ljava/lang/Object;Ljava/lang/Object;)Ljava/lang/Object;+512
j  clojure.tools.nrepl.middleware.interruptible_eval$interruptible_eval$fn__7111$fn__7114.invoke()Ljava/lang/Object;+114
j  clojure.core$comp$fn__4154.invoke()Ljava/lang/Object;+14
j  clojure.tools.nrepl.middleware.interruptible_eval$run_next$fn__7104.invoke()Ljava/lang/Object;+7
j  clojure.lang.AFn.run()V+1
j  java.util.concurrent.ThreadPoolExecutor.runWorker(Ljava/util/concurrent/ThreadPoolExecutor$Worker;)V+95
j  java.util.concurrent.ThreadPoolExecutor$Worker.run()V+5
j  java.lang.Thread.run()V+11
v  ~StubRoutines::call_stub

---------------  P R O C E S S  ---------------

Java Threads: ( => current thread )
=>0x000000000188a000 JavaThread "nREPL-worker-1" daemon [_thread_in_native, id=16656, stack(0x00007fb609230000,0x00007fb609331000)]
  0x0000000001683000 JavaThread "clojure-agent-send-off-pool-10" [_thread_blocked, id=16655, stack(0x00007fb603cfd000,0x00007fb603dfe000)]
  0x00007fb6040bd000 JavaThread "clojure-agent-send-off-pool-9" [_thread_in_native, id=16654, stack(0x00007fb609432000,0x00007fb609533000)]
  0x00007fb604148000 JavaThread "clojure-agent-send-off-pool-8" [_thread_blocked, id=16653, stack(0x00007fb609836000,0x00007fb609937000)]
  0x0000000001974000 JavaThread "qtp1316548211-75" [_thread_blocked, id=16614, stack(0x00007fb60840b000,0x00007fb60850c000)]
  0x0000000001973800 JavaThread "qtp1316548211-74" [_thread_blocked, id=16613, stack(0x00007fb608209000,0x00007fb60830a000)]
  0x0000000001972800 JavaThread "qtp1316548211-73" [_thread_blocked, id=16612, stack(0x00007fb60860d000,0x00007fb60870e000)]
  0x0000000000ad0800 JavaThread "qtp1316548211-72" [_thread_blocked, id=16611, stack(0x00007fb608910000,0x00007fb608a11000)]
  0x0000000000acf800 JavaThread "qtp1316548211-71" [_thread_blocked, id=16610, stack(0x00007fb60830a000,0x00007fb60840b000)]
  0x000000000118a000 JavaThread "qtp1316548211-70" [_thread_blocked, id=16609, stack(0x00007fb60850c000,0x00007fb60860d000)]
  0x0000000001189800 JavaThread "qtp1316548211-69 Acceptor0 SelectChannelConnector@0.0.0.0:8080" [_thread_in_native, id=16608, stack(0x00007fb60880f000,0x00007fb608910000)]
  0x000000000118e000 JavaThread "qtp1316548211-68 Selector0" [_thread_in_native, id=16607, stack(0x00007fb60870e000,0x00007fb60880f000)]
  0x00000000011a3000 JavaThread "clojure-agent-send-pool-5" [_thread_blocked, id=16562, stack(0x00007fb608a11000,0x00007fb608b12000)]
  0x00000000014e4800 JavaThread "clojure-agent-send-pool-4" [_thread_blocked, id=16561, stack(0x00007fb608b12000,0x00007fb608c13000)]
  0x000000000162b000 JavaThread "clojure-agent-send-pool-3" [_thread_blocked, id=16560, stack(0x00007fb608c13000,0x00007fb608d14000)]
  0x0000000001616000 JavaThread "clojure-agent-send-pool-2" [_thread_blocked, id=16559, stack(0x00007fb608d14000,0x00007fb608e15000)]
  0x0000000001614000 JavaThread "clojure-agent-send-pool-1" [_thread_blocked, id=16558, stack(0x00007fb608e15000,0x00007fb608f16000)]
  0x00007fb604158000 JavaThread "clojure-agent-send-pool-0" daemon [_thread_blocked, id=16557, stack(0x00007fb608f16000,0x00007fb609017000)]
  0x00000000018aa000 JavaThread "clojure-agent-send-off-pool-6" [_thread_in_native, id=16544, stack(0x00007fb609331000,0x00007fb609432000)]
  0x0000000001682000 JavaThread "clojure-agent-send-off-pool-4" [_thread_blocked, id=16542, stack(0x00007fb609533000,0x00007fb609634000)]
  0x00007fb604337800 JavaThread "clojure-agent-send-off-pool-3" [_thread_blocked, id=16540, stack(0x00007fb609634000,0x00007fb609735000)]
  0x00007fb604364800 JavaThread "clojure-agent-send-off-pool-2" [_thread_blocked, id=16539, stack(0x00007fb609735000,0x00007fb609836000)]
  0x0000000001879000 JavaThread "clojure-agent-send-off-pool-0" [_thread_in_native, id=16537, stack(0x00007fb609940000,0x00007fb609a41000)]
  0x0000000000b78000 JavaThread "Service Thread" daemon [_thread_blocked, id=16534, stack(0x00007fb60b8a7000,0x00007fb60b9a8000)]
  0x0000000000b75000 JavaThread "C1 CompilerThread2" daemon [_thread_blocked, id=16533, stack(0x00007fb60b9a8000,0x00007fb60baa9000)]
  0x0000000000b73000 JavaThread "C2 CompilerThread1" daemon [_thread_blocked, id=16532, stack(0x00007fb60baa9000,0x00007fb60bbaa000)]
  0x0000000000b70000 JavaThread "C2 CompilerThread0" daemon [_thread_blocked, id=16531, stack(0x00007fb60bbaa000,0x00007fb60bcab000)]
  0x0000000000b6d800 JavaThread "Signal Dispatcher" daemon [_thread_blocked, id=16530, stack(0x00007fb60bcab000,0x00007fb60bdac000)]
  0x0000000000b0e800 JavaThread "Finalizer" daemon [_thread_blocked, id=16529, stack(0x00007fb60bf23000,0x00007fb60c024000)]
  0x0000000000b0c000 JavaThread "Reference Handler" daemon [_thread_blocked, id=16528, stack(0x00007fb60c024000,0x00007fb60c125000)]
  0x0000000000a65000 JavaThread "main" [_thread_blocked, id=16519, stack(0x00007fb619b03000,0x00007fb619c04000)]

Other Threads:
  0x0000000000b03800 VMThread [stack: 0x00007fb60c125000,0x00007fb60c226000] [id=16527]
  0x0000000000b93000 WatcherThread [stack: 0x00007fb60b7a6000,0x00007fb60b8a7000] [id=16535]

VM state:not at safepoint (normal execution)

VM Mutex/Monitor currently owned by a thread: None

Heap
 PSYoungGen      total 303808K, used 53477K [0x00000000ebcb0000, 0x00000000ff9f0000, 0x0000000100000000)
  eden space 303680K, 17% used [0x00000000ebcb0000,0x00000000ef0e9758,0x00000000fe540000)
  from space 128K, 0% used [0x00000000ff9d0000,0x00000000ff9d0000,0x00000000ff9f0000)
  to   space 8192K, 0% used [0x00000000fe9f0000,0x00000000fe9f0000,0x00000000ff1f0000)
 ParOldGen       total 54336K, used 30867K [0x00000000c3600000, 0x00000000c6b10000, 0x00000000ebcb0000)
  object space 54336K, 56% used [0x00000000c3600000,0x00000000c5424f08,0x00000000c6b10000)
 PSPermGen       total 78656K, used 39094K [0x00000000b9000000, 0x00000000bdcd0000, 0x00000000c3600000)
  object space 78656K, 49% used [0x00000000b9000000,0x00000000bb62db58,0x00000000bdcd0000)

Card table byte_map: [0x00007fb61059b000,0x00007fb6107d4000] byte_map_base: 0x00007fb60ffd3000

Polling page: 0x00007fb619c22000

Code Cache  [0x00007fb610954000, 0x00007fb611044000, 0x00007fb616954000)
 total_blobs=3462 nmethods=3074 adapters=320 free_code_cache=91232Kb largest_free_block=93419392

Compilation events (10 events):
Event: 169.609 Thread 0x0000000000b75000 3105       1       clojure.walk$stringify_keys$fn__6998::invoke (71 bytes)
Event: 169.609 Thread 0x0000000000b75000 nmethod 3105 0x00007fb61103b190 code [0x00007fb61103b340, 0x00007fb61103b668]
Event: 181.094 Thread 0x0000000000b75000 3106  s    1       java.io.BufferedOutputStream::write (35 bytes)
Event: 181.095 Thread 0x0000000000b75000 nmethod 3106 0x00007fb61103b810 code [0x00007fb61103b980, 0x00007fb61103bcc8]
Event: 189.740 Thread 0x0000000000b75000 3107       1       java.util.concurrent.SynchronousQueue$TransferStack::casHead (29 bytes)
Event: 189.741 Thread 0x0000000000b75000 nmethod 3107 0x00007fb61103be50 code [0x00007fb61103bfa0, 0x00007fb61103c130]
Event: 189.741 Thread 0x0000000000b75000 3108       1       clojure.core$repeatedly::invoke (21 bytes)
Event: 189.741 Thread 0x0000000000b75000 nmethod 3108 0x00007fb61103c190 code [0x00007fb61103c2e0, 0x00007fb61103c4f0]
Event: 189.741 Thread 0x0000000000b75000 3109       1       clojure.core$repeatedly$fn__4705::<init> (10 bytes)
Event: 189.742 Thread 0x0000000000b75000 nmethod 3109 0x00007fb61103c590 code [0x00007fb61103c6e0, 0x00007fb61103c830]

GC Heap History (10 events):
Event: 8.398 GC heap before
{Heap before GC invocations=15 (full 0):
 PSYoungGen      total 324992K, used 322889K [0x00000000ebcb0000, 0x0000000100000000, 0x0000000100000000)
  eden space 318784K, 100% used [0x00000000ebcb0000,0x00000000ff400000,0x00000000ff400000)
  from space 6208K, 66% used [0x00000000ff9f0000,0x00000000ffdf2570,0x0000000100000000)
  to   space 6080K, 0% used [0x00000000ff400000,0x00000000ff400000,0x00000000ff9f0000)
 ParOldGen       total 41408K, used 23268K [0x00000000c3600000, 0x00000000c5e70000, 0x00000000ebcb0000)
  object space 41408K, 56% used [0x00000000c3600000,0x00000000c4cb9118,0x00000000c5e70000)
 PSPermGen       total 31232K, used 31079K [0x00000000b9000000, 0x00000000bae80000, 0x00000000c3600000)
  object space 31232K, 99% used [0x00000000b9000000,0x00000000bae59ea0,0x00000000bae80000)
Event: 8.408 GC heap after
Heap after GC invocations=15 (full 0):
 PSYoungGen      total 322944K, used 4160K [0x00000000ebcb0000, 0x00000000fffa0000, 0x0000000100000000)
  eden space 318784K, 0% used [0x00000000ebcb0000,0x00000000ebcb0000,0x00000000ff400000)
  from space 4160K, 100% used [0x00000000ff400000,0x00000000ff810000,0x00000000ff810000)
  to   space 5952K, 0% used [0x00000000ff9d0000,0x00000000ff9d0000,0x00000000fffa0000)
 ParOldGen       total 41408K, used 27036K [0x00000000c3600000, 0x00000000c5e70000, 0x00000000ebcb0000)
  object space 41408K, 65% used [0x00000000c3600000,0x00000000c5067178,0x00000000c5e70000)
 PSPermGen       total 31232K, used 31079K [0x00000000b9000000, 0x00000000bae80000, 0x00000000c3600000)
  object space 31232K, 99% used [0x00000000b9000000,0x00000000bae59ea0,0x00000000bae80000)
}
Event: 13.158 GC heap before
{Heap before GC invocations=16 (full 0):
 PSYoungGen      total 322944K, used 322944K [0x00000000ebcb0000, 0x00000000fffa0000, 0x0000000100000000)
  eden space 318784K, 100% used [0x00000000ebcb0000,0x00000000ff400000,0x00000000ff400000)
  from space 4160K, 100% used [0x00000000ff400000,0x00000000ff810000,0x00000000ff810000)
  to   space 5952K, 0% used [0x00000000ff9d0000,0x00000000ff9d0000,0x00000000fffa0000)
 ParOldGen       total 41408K, used 27036K [0x00000000c3600000, 0x00000000c5e70000, 0x00000000ebcb0000)
  object space 41408K, 65% used [0x00000000c3600000,0x00000000c5067178,0x00000000c5e70000)
 PSPermGen       total 32384K, used 32218K [0x00000000b9000000, 0x00000000bafa0000, 0x00000000c3600000)
  object space 32384K, 99% used [0x00000000b9000000,0x00000000baf76850,0x00000000bafa0000)
Event: 13.169 GC heap after
Heap after GC invocations=16 (full 0):
 PSYoungGen      total 324800K, used 4239K [0x00000000ebcb0000, 0x0000000100000000, 0x0000000100000000)
  eden space 318848K, 0% used [0x00000000ebcb0000,0x00000000ebcb0000,0x00000000ff410000)
  from space 5952K, 71% used [0x00000000ff9d0000,0x00000000ffdf3f40,0x00000000fffa0000)
  to   space 5888K, 0% used [0x00000000ff410000,0x00000000ff410000,0x00000000ff9d0000)
 ParOldGen       total 41408K, used 30996K [0x00000000c3600000, 0x00000000c5e70000, 0x00000000ebcb0000)
  object space 41408K, 74% used [0x00000000c3600000,0x00000000c5445178,0x00000000c5e70000)
 PSPermGen       total 32384K, used 32218K [0x00000000b9000000, 0x00000000bafa0000, 0x00000000c3600000)
  object space 32384K, 99% used [0x00000000b9000000,0x00000000baf76850,0x00000000bafa0000)
}
Event: 59.567 GC heap before
{Heap before GC invocations=17 (full 0):
 PSYoungGen      total 324800K, used 323087K [0x00000000ebcb0000, 0x0000000100000000, 0x0000000100000000)
  eden space 318848K, 100% used [0x00000000ebcb0000,0x00000000ff410000,0x00000000ff410000)
  from space 5952K, 71% used [0x00000000ff9d0000,0x00000000ffdf3f40,0x00000000fffa0000)
  to   space 5888K, 0% used [0x00000000ff410000,0x00000000ff410000,0x00000000ff9d0000)
 ParOldGen       total 41408K, used 30996K [0x00000000c3600000, 0x00000000c5e70000, 0x00000000ebcb0000)
  object space 41408K, 74% used [0x00000000c3600000,0x00000000c5445178,0x00000000c5e70000)
 PSPermGen       total 39104K, used 39059K [0x00000000b9000000, 0x00000000bb630000, 0x00000000c3600000)
  object space 39104K, 99% used [0x00000000b9000000,0x00000000bb624ff0,0x00000000bb630000)
Event: 59.584 GC heap after
Heap after GC invocations=17 (full 0):
 PSYoungGen      total 324736K, used 5882K [0x00000000ebcb0000, 0x0000000100000000, 0x0000000100000000)
  eden space 318848K, 0% used [0x00000000ebcb0000,0x00000000ebcb0000,0x00000000ff410000)
  from space 5888K, 99% used [0x00000000ff410000,0x00000000ff9cebb0,0x00000000ff9d0000)
  to   space 6336K, 0% used [0x00000000ff9d0000,0x00000000ff9d0000,0x0000000100000000)
 ParOldGen       total 41408K, used 34653K [0x00000000c3600000, 0x00000000c5e70000, 0x00000000ebcb0000)
  object space 41408K, 83% used [0x00000000c3600000,0x00000000c57d76d8,0x00000000c5e70000)
 PSPermGen       total 39104K, used 39059K [0x00000000b9000000, 0x00000000bb630000, 0x00000000c3600000)
  object space 39104K, 99% used [0x00000000b9000000,0x00000000bb624ff0,0x00000000bb630000)
}
Event: 173.598 GC heap before
{Heap before GC invocations=18 (full 0):
 PSYoungGen      total 324736K, used 324730K [0x00000000ebcb0000, 0x0000000100000000, 0x0000000100000000)
  eden space 318848K, 100% used [0x00000000ebcb0000,0x00000000ff410000,0x00000000ff410000)
  from space 5888K, 99% used [0x00000000ff410000,0x00000000ff9cebb0,0x00000000ff9d0000)
  to   space 6336K, 0% used [0x00000000ff9d0000,0x00000000ff9d0000,0x0000000100000000)
 ParOldGen       total 41408K, used 34653K [0x00000000c3600000, 0x00000000c5e70000, 0x00000000ebcb0000)
  object space 41408K, 83% used [0x00000000c3600000,0x00000000c57d76d8,0x00000000c5e70000)
 PSPermGen       total 39104K, used 39084K [0x00000000b9000000, 0x00000000bb630000, 0x00000000c3600000)
  object space 39104K, 99% used [0x00000000b9000000,0x00000000bb62b168,0x00000000bb630000)
Event: 173.606 GC heap after
Heap after GC invocations=18 (full 0):
 PSYoungGen      total 303808K, used 128K [0x00000000ebcb0000, 0x00000000ff9f0000, 0x0000000100000000)
  eden space 303680K, 0% used [0x00000000ebcb0000,0x00000000ebcb0000,0x00000000fe540000)
  from space 128K, 100% used [0x00000000ff9d0000,0x00000000ff9f0000,0x00000000ff9f0000)
  to   space 8192K, 0% used [0x00000000fe9f0000,0x00000000fe9f0000,0x00000000ff1f0000)
 ParOldGen       total 41408K, used 36627K [0x00000000c3600000, 0x00000000c5e70000, 0x00000000ebcb0000)
  object space 41408K, 88% used [0x00000000c3600000,0x00000000c59c4dd8,0x00000000c5e70000)
 PSPermGen       total 39104K, used 39084K [0x00000000b9000000, 0x00000000bb630000, 0x00000000c3600000)
  object space 39104K, 99% used [0x00000000b9000000,0x00000000bb62b168,0x00000000bb630000)
}
Event: 173.606 GC heap before
{Heap before GC invocations=19 (full 1):
 PSYoungGen      total 303808K, used 128K [0x00000000ebcb0000, 0x00000000ff9f0000, 0x0000000100000000)
  eden space 303680K, 0% used [0x00000000ebcb0000,0x00000000ebcb0000,0x00000000fe540000)
  from space 128K, 100% used [0x00000000ff9d0000,0x00000000ff9f0000,0x00000000ff9f0000)
  to   space 8192K, 0% used [0x00000000fe9f0000,0x00000000fe9f0000,0x00000000ff1f0000)
 ParOldGen       total 41408K, used 36627K [0x00000000c3600000, 0x00000000c5e70000, 0x00000000ebcb0000)
  object space 41408K, 88% used [0x00000000c3600000,0x00000000c59c4dd8,0x00000000c5e70000)
 PSPermGen       total 39104K, used 39084K [0x00000000b9000000, 0x00000000bb630000, 0x00000000c3600000)
  object space 39104K, 99% used [0x00000000b9000000,0x00000000bb62b168,0x00000000bb630000)
Event: 173.924 GC heap after
Heap after GC invocations=19 (full 1):
 PSYoungGen      total 303808K, used 0K [0x00000000ebcb0000, 0x00000000ff9f0000, 0x0000000100000000)
  eden space 303680K, 0% used [0x00000000ebcb0000,0x00000000ebcb0000,0x00000000fe540000)
  from space 128K, 0% used [0x00000000ff9d0000,0x00000000ff9d0000,0x00000000ff9f0000)
  to   space 8192K, 0% used [0x00000000fe9f0000,0x00000000fe9f0000,0x00000000ff1f0000)
 ParOldGen       total 54336K, used 30867K [0x00000000c3600000, 0x00000000c6b10000, 0x00000000ebcb0000)
  object space 54336K, 56% used [0x00000000c3600000,0x00000000c5424f08,0x00000000c6b10000)
 PSPermGen       total 78656K, used 39035K [0x00000000b9000000, 0x00000000bdcd0000, 0x00000000c3600000)
  object space 78656K, 49% used [0x00000000b9000000,0x00000000bb61ecb0,0x00000000bdcd0000)
}

Deoptimization events (0 events):
No events

Internal exceptions (10 events):
Event: 189.744 Thread 0x000000000188a000 Threw 0x00000000ef078648 at /home/jmm/scratch/jdk/openjdk-7-7u25-2.3.10/build/openjdk/hotspot/src/share/vm/prims/jvm.cpp:1235
Event: 189.744 Thread 0x000000000188a000 Threw 0x00000000ef078ce8 at /home/jmm/scratch/jdk/openjdk-7-7u25-2.3.10/build/openjdk/hotspot/src/share/vm/prims/jvm.cpp:1235
Event: 189.744 Thread 0x000000000188a000 Threw 0x00000000ef079388 at /home/jmm/scratch/jdk/openjdk-7-7u25-2.3.10/build/openjdk/hotspot/src/share/vm/prims/jvm.cpp:1235
Event: 189.749 Thread 0x000000000188a000 Threw 0x00000000ef0b4830 at /home/jmm/scratch/jdk/openjdk-7-7u25-2.3.10/build/openjdk/hotspot/src/share/vm/prims/jvm.cpp:1235
Event: 189.749 Thread 0x000000000188a000 Threw 0x00000000ef0b9a08 at /home/jmm/scratch/jdk/openjdk-7-7u25-2.3.10/build/openjdk/hotspot/src/share/vm/prims/jvm.cpp:1235
Event: 189.749 Thread 0x000000000188a000 Threw 0x00000000ef0b9eb0 at /home/jmm/scratch/jdk/openjdk-7-7u25-2.3.10/build/openjdk/hotspot/src/share/vm/prims/jvm.cpp:1235
Event: 189.749 Thread 0x000000000188a000 Threw 0x00000000ef0ba358 at /home/jmm/scratch/jdk/openjdk-7-7u25-2.3.10/build/openjdk/hotspot/src/share/vm/prims/jvm.cpp:1235
Event: 189.749 Thread 0x000000000188a000 Threw 0x00000000ef0ba800 at /home/jmm/scratch/jdk/openjdk-7-7u25-2.3.10/build/openjdk/hotspot/src/share/vm/prims/jvm.cpp:1235
Event: 189.749 Thread 0x000000000188a000 Threw 0x00000000ef0baca8 at /home/jmm/scratch/jdk/openjdk-7-7u25-2.3.10/build/openjdk/hotspot/src/share/vm/prims/jvm.cpp:1235
Event: 189.749 Thread 0x000000000188a000 Threw 0x00000000ef0bb150 at /home/jmm/scratch/jdk/openjdk-7-7u25-2.3.10/build/openjdk/hotspot/src/share/vm/prims/jvm.cpp:1235

Events (10 events):
Event: 181.088 loading class 0x0000000000ac16b0
Event: 181.088 loading class 0x0000000000ac16b0 done
Event: 181.094 Executing VM operation: RevokeBias
Event: 181.094 Executing VM operation: RevokeBias done
Event: 189.743 loading class 0x0000000000ac16b0
Event: 189.743 loading class 0x0000000000ac16b0 done
Event: 189.744 loading class 0x0000000000ac16b0
Event: 189.744 loading class 0x0000000000ac16b0 done
Event: 189.749 loading class 0x0000000000b4c870
Event: 189.749 loading class 0x0000000000b4c870 done


Dynamic libraries:
00400000-00401000 r-xp 00000000 08:05 425801                             /usr/lib/jvm/java-7-openjdk-amd64/jre/bin/java
00600000-00601000 r--p 00000000 08:05 425801                             /usr/lib/jvm/java-7-openjdk-amd64/jre/bin/java
00601000-00602000 rw-p 00001000 08:05 425801                             /usr/lib/jvm/java-7-openjdk-amd64/jre/bin/java
00a50000-01ea1000 rw-p 00000000 00:00 0                                  [heap]
b9000000-bdcd0000 rw-p 00000000 00:00 0 
bdcd0000-c3600000 rw-p 00000000 00:00 0 
c3600000-c6b10000 rw-p 00000000 00:00 0 
c6b10000-ebcb0000 rw-p 00000000 00:00 0 
ebcb0000-ff9f0000 rw-p 00000000 00:00 0 
ff9f0000-100000000 ---p 00000000 00:00 0 
7fb5fc000000-7fb5fc256000 rw-p 00000000 00:00 0 
7fb5fc256000-7fb600000000 ---p 00000000 00:00 0 
7fb603aeb000-7fb603aee000 ---p 00000000 00:00 0 
7fb603aee000-7fb603bec000 rw-p 00000000 00:00 0 
7fb603bec000-7fb603bfc000 rw-s 00000000 08:04 3941730                    /home/robashton/src/cravendb/testdb/000003.log
7fb603bfc000-7fb603bff000 ---p 00000000 00:00 0 
7fb603bff000-7fb603cfd000 rw-p 00000000 00:00 0 
7fb603cfd000-7fb603d00000 ---p 00000000 00:00 0 
7fb603d00000-7fb603dfe000 rw-p 00000000 00:00 0 
7fb603dfe000-7fb603e01000 ---p 00000000 00:00 0 
7fb603e01000-7fb603eff000 rw-p 00000000 00:00 0 
7fb603eff000-7fb603f02000 ---p 00000000 00:00 0 
7fb603f02000-7fb604000000 rw-p 00000000 00:00 0 
7fb604000000-7fb60471f000 rw-p 00000000 00:00 0 
7fb60471f000-7fb608000000 ---p 00000000 00:00 0 
7fb608007000-7fb60800a000 ---p 00000000 00:00 0 
7fb60800a000-7fb608108000 rw-p 00000000 00:00 0 
7fb608108000-7fb60810b000 ---p 00000000 00:00 0 
7fb60810b000-7fb608209000 rw-p 00000000 00:00 0 
7fb608209000-7fb60820c000 ---p 00000000 00:00 0 
7fb60820c000-7fb60830a000 rw-p 00000000 00:00 0 
7fb60830a000-7fb60830d000 ---p 00000000 00:00 0 
7fb60830d000-7fb60840b000 rw-p 00000000 00:00 0 
7fb60840b000-7fb60840e000 ---p 00000000 00:00 0 
7fb60840e000-7fb60850c000 rw-p 00000000 00:00 0 
7fb60850c000-7fb60850f000 ---p 00000000 00:00 0 
7fb60850f000-7fb60860d000 rw-p 00000000 00:00 0 
7fb60860d000-7fb608610000 ---p 00000000 00:00 0 
7fb608610000-7fb60870e000 rw-p 00000000 00:00 0 
7fb60870e000-7fb608711000 ---p 00000000 00:00 0 
7fb608711000-7fb60880f000 rw-p 00000000 00:00 0 
7fb60880f000-7fb608812000 ---p 00000000 00:00 0 
7fb608812000-7fb608910000 rw-p 00000000 00:00 0 
7fb608910000-7fb608913000 ---p 00000000 00:00 0 
7fb608913000-7fb608a11000 rw-p 00000000 00:00 0 
7fb608a11000-7fb608a14000 ---p 00000000 00:00 0 
7fb608a14000-7fb608b12000 rw-p 00000000 00:00 0 
7fb608b12000-7fb608b15000 ---p 00000000 00:00 0 
7fb608b15000-7fb608c13000 rw-p 00000000 00:00 0 
7fb608c13000-7fb608c16000 ---p 00000000 00:00 0 
7fb608c16000-7fb608d14000 rw-p 00000000 00:00 0 
7fb608d14000-7fb608d17000 ---p 00000000 00:00 0 
7fb608d17000-7fb608e15000 rw-p 00000000 00:00 0 
7fb608e15000-7fb608e18000 ---p 00000000 00:00 0 
7fb608e18000-7fb608f16000 rw-p 00000000 00:00 0 
7fb608f16000-7fb608f19000 ---p 00000000 00:00 0 
7fb608f19000-7fb609017000 rw-p 00000000 00:00 0 
7fb609017000-7fb60901f000 r-xp 00000000 08:05 425723                     /usr/lib/jvm/java-7-openjdk-amd64/jre/lib/amd64/libmanagement.so
7fb60901f000-7fb60921e000 ---p 00008000 08:05 425723                     /usr/lib/jvm/java-7-openjdk-amd64/jre/lib/amd64/libmanagement.so
7fb60921e000-7fb60921f000 r--p 00007000 08:05 425723                     /usr/lib/jvm/java-7-openjdk-amd64/jre/lib/amd64/libmanagement.so
7fb60921f000-7fb609220000 rw-p 00008000 08:05 425723                     /usr/lib/jvm/java-7-openjdk-amd64/jre/lib/amd64/libmanagement.so
7fb609220000-7fb609230000 rw-s 00000000 08:04 3941731                    /home/robashton/src/cravendb/testdb/MANIFEST-000002
7fb609230000-7fb609233000 ---p 00000000 00:00 0 
7fb609233000-7fb609331000 rw-p 00000000 00:00 0 
7fb609331000-7fb609334000 ---p 00000000 00:00 0 
7fb609334000-7fb609432000 rw-p 00000000 00:00 0 
7fb609432000-7fb609435000 ---p 00000000 00:00 0 
7fb609435000-7fb609533000 rw-p 00000000 00:00 0 
7fb609533000-7fb609536000 ---p 00000000 00:00 0 
7fb609536000-7fb609634000 rw-p 00000000 00:00 0 
7fb609634000-7fb609637000 ---p 00000000 00:00 0 
7fb609637000-7fb609735000 rw-p 00000000 00:00 0 
7fb609735000-7fb609738000 ---p 00000000 00:00 0 
7fb609738000-7fb609836000 rw-p 00000000 00:00 0 
7fb609836000-7fb609839000 ---p 00000000 00:00 0 
7fb609839000-7fb609937000 rw-p 00000000 00:00 0 
7fb60993a000-7fb60993b000 rw-p 00000000 00:00 0 
7fb60993b000-7fb609940000 r--s 0004c000 08:05 398743                     /usr/lib/jvm/java-7-openjdk-common/jre/lib/jsse.jar
7fb609940000-7fb609943000 ---p 00000000 00:00 0 
7fb609943000-7fb609a41000 rw-p 00000000 00:00 0 
7fb609a41000-7fb609a9b000 r-xp 00000000 08:05 785103                     /tmp/libleveldbjni-64-1.7.so
7fb609a9b000-7fb609c9a000 ---p 0005a000 08:05 785103                     /tmp/libleveldbjni-64-1.7.so
7fb609c9a000-7fb609c9d000 rw-p 00059000 08:05 785103                     /tmp/libleveldbjni-64-1.7.so
7fb609c9d000-7fb609ca3000 r--s 00048000 08:04 4334906                    /home/robashton/.m2/repository/org/eclipse/jetty/jetty-server/7.6.8.v20121106/jetty-server-7.6.8.v20121106.jar
7fb609ca3000-7fb609ca5000 r--s 00007000 08:04 4465588                    /home/robashton/.m2/repository/reply/reply/0.1.2/reply-0.1.2.jar
7fb609ca5000-7fb609ca6000 r--s 00005000 08:04 2103983                    /home/robashton/.m2/repository/net/cgrand/parsley/0.9.1/parsley-0.9.1.jar
7fb609ca6000-7fb609ca7000 r--s 00000000 08:04 1714779                    /home/robashton/.m2/repository/clojure-complete/clojure-complete/0.2.3/clojure-complete-0.2.3.jar
7fb609ca7000-7fb609cab000 r--s 00014000 08:04 4335183                    /home/robashton/.m2/repository/org/tukaani/xz/1.0/xz-1.0.jar
7fb609cab000-7fb609cac000 r--s 00000000 08:04 4334933                    /home/robashton/.m2/repository/ring/ring-servlet/1.2.0/ring-servlet-1.2.0.jar
7fb609cac000-7fb609cae000 r--s 0000a000 08:04 4466613                    /home/robashton/.m2/repository/org/json/json/20090211/json-20090211.jar
7fb609cae000-7fb609caf000 r--s 00000000 08:04 4465583                    /home/robashton/.m2/repository/org/clojure/tools.cli/0.2.1/tools.cli-0.2.1.jar
7fb609caf000-7fb609ccd000 r--s 001bb000 08:04 1846284                    /home/robashton/.m2/repository/org/apache/ant/ant/1.8.2/ant-1.8.2.jar
7fb609ccd000-7fb609ccf000 r--s 0000c000 08:04 4335036                    /home/robashton/.m2/repository/org/fusesource/leveldbjni/leveldbjni/1.7/leveldbjni-1.7.jar
7fb609ccf000-7fb609cd4000 r--s 0003b000 08:04 4334913                    /home/robashton/.m2/repository/org/eclipse/jetty/jetty-util/7.6.8.v20121106/jetty-util-7.6.8.v20121106.jar
7fb609cd4000-7fb609cf9000 r--s 001f8000 08:04 794721                     /home/robashton/.m2/repository/org/apache/lucene/lucene-core/4.4.0/lucene-core-4.4.0.jar
7fb609cf9000-7fb609cfb000 r--s 0000f000 08:04 4334904                    /home/robashton/.m2/repository/commons-fileupload/commons-fileupload/1.3/commons-fileupload-1.3.jar
7fb609cfb000-7fb609cfc000 r--s 00001000 08:04 2235904                    /home/robashton/.m2/repository/com/cemerick/drawbridge/0.0.6/drawbridge-0.0.6.jar
7fb609cfc000-7fb609cfd000 r--s 00000000 08:04 2629346                    /home/robashton/.m2/repository/org/clojure/tools.namespace/0.1.3/tools.namespace-0.1.3.jar
7fb609cfd000-7fb609cff000 r--s 00008000 08:04 4463957                    /home/robashton/.m2/repository/liberator/liberator/0.9.0/liberator-0.9.0.jar
7fb609cff000-7fb609d00000 r--s 00044000 08:04 4335042                    /home/robashton/.m2/repository/org/fusesource/leveldbjni/leveldbjni-linux64/1.5/leveldbjni-linux64-1.5.jar
7fb609d00000-7fb609d02000 r--s 00008000 08:04 4593316                    /home/robashton/.m2/repository/org/clojure/tools.nrepl/0.2.3/tools.nrepl-0.2.3.jar
7fb609d02000-7fb609d04000 r--s 00015000 08:04 4334908                    /home/robashton/.m2/repository/org/eclipse/jetty/jetty-http/7.6.8.v20121106/jetty-http-7.6.8.v20121106.jar
7fb609d04000-7fb609d05000 r--s 00007000 08:04 4466562                    /home/robashton/.m2/repository/instaparse/instaparse/1.2.2/instaparse-1.2.2.jar
7fb609d05000-7fb609d06000 r--s 00004000 08:04 4595249                    /home/robashton/.m2/repository/http/async/client/http.async.client/0.5.2/http.async.client-0.5.2.jar
7fb609d06000-7fb609d08000 r--s 00014000 08:04 4466616                    /home/robashton/.m2/repository/org/clojure/google-closure-library-third-party/0.0-2029-2/google-closure-library-third-party-0.0-2029-2.jar
7fb609d08000-7fb609d0e000 r--s 0002c000 08:04 921155                     /home/robashton/.m2/repository/org/apache/lucene/lucene-queries/4.4.0/lucene-queries-4.4.0.jar
7fb609d0e000-7fb609d11000 r--s 00019000 08:04 2235969                    /home/robashton/.m2/repository/com/googlecode/jarjar/jarjar/1.1/jarjar-1.1.jar
7fb609d11000-7fb609d12000 r--s 00001000 08:04 4335774                    /home/robashton/.m2/repository/gntp/gntp/0.6.0/gntp-0.6.0.jar
7fb609d12000-7fb609d14000 r--s 0000a000 08:04 921158                     /home/robashton/.m2/repository/org/apache/lucene/lucene-sandbox/4.4.0/lucene-sandbox-4.4.0.jar
7fb609d14000-7fb609d35000 r--s 003e6000 08:04 4466615                    /home/robashton/.m2/repository/org/clojure/google-closure-library/0.0-2029-2/google-closure-library-0.0-2029-2.jar
7fb609d35000-7fb609d36000 r--s 0001e000 08:04 4335046                    /home/robashton/.m2/repository/org/fusesource/leveldbjni/leveldbjni-win64/1.5/leveldbjni-win64-1.5.jar
7fb609d36000-7fb609d46000 r--s 0007d000 08:04 2499347                    /home/robashton/.m2/repository/joda-time/joda-time/2.2/joda-time-2.2.jar
7fb609d46000-7fb609d47000 r--s 00000000 08:04 4335771                    /home/robashton/.m2/repository/org/clojars/jgrocho/digest/1.5.0/digest-1.5.0.jar
7fb609d47000-7fb609d48000 r--s 00000000 08:04 4464157                    /home/robashton/.m2/repository/org/clojure/data.csv/0.1.2/data.csv-0.1.2.jar
7fb609d48000-7fb609d4a000 r--s 00009000 08:04 4464213                    /home/robashton/.m2/repository/org/clojure/core.async/0.1.0-SNAPSHOT/core.async-0.1.0-SNAPSHOT.jar
7fb609d4a000-7fb609d51000 r--s 00039000 08:04 2627880                    /home/robashton/.m2/repository/commons-codec/commons-codec/1.7/commons-codec-1.7.jar
7fb609d51000-7fb609d52000 r--s 00001000 08:04 4334937                    /home/robashton/.m2/repository/compojure/compojure/1.1.5/compojure-1.1.5.jar
7fb609d52000-7fb609d53000 r--s 00001000 08:04 4334755                    /home/robashton/.m2/repository/tigris/tigris/0.1.1/tigris-0.1.1.jar
7fb609d53000-7fb609d54000 r--s 00000000 08:04 4465606                    /home/robashton/.m2/repository/trptcolin/versioneer/0.1.0/versioneer-0.1.0.jar
7fb609d54000-7fb609d57000 r--s 000fa000 08:04 4335040                    /home/robashton/.m2/repository/org/fusesource/leveldbjni/leveldbjni-all/1.7/leveldbjni-all-1.7.jar
7fb609d57000-7fb609d93000 r-xp 00000000 08:05 527976                     /lib/x86_64-linux-gnu/libpcre.so.3.13.1
7fb609d93000-7fb609f93000 ---p 0003c000 08:05 527976                     /lib/x86_64-linux-gnu/libpcre.so.3.13.1
7fb609f93000-7fb609f94000 rw-p 0003c000 08:05 527976                     /lib/x86_64-linux-gnu/libpcre.so.3.13.1
7fb609f94000-7fb609fa0000 r-xp 00000000 08:05 400109                     /usr/lib/x86_64-linux-gnu/libffi.so.5.0.10
7fb609fa0000-7fb60a1a0000 ---p 0000c000 08:05 400109                     /usr/lib/x86_64-linux-gnu/libffi.so.5.0.10
7fb60a1a0000-7fb60a1a1000 rw-p 0000c000 08:05 400109                     /usr/lib/x86_64-linux-gnu/libffi.so.5.0.10
7fb60a1a1000-7fb60a1a2000 r-xp 00000000 08:05 420538                     /usr/lib/x86_64-linux-gnu/libgthread-2.0.so.0.3200.4
7fb60a1a2000-7fb60a3a1000 ---p 00001000 08:05 420538                     /usr/lib/x86_64-linux-gnu/libgthread-2.0.so.0.3200.4
7fb60a3a1000-7fb60a3a2000 r--p 00000000 08:05 420538                     /usr/lib/x86_64-linux-gnu/libgthread-2.0.so.0.3200.4
7fb60a3a2000-7fb60a3a3000 rw-p 00001000 08:05 420538                     /usr/lib/x86_64-linux-gnu/libgthread-2.0.so.0.3200.4
7fb60a3a3000-7fb60a3b6000 r-xp 00000000 08:05 532260                     /lib/x86_64-linux-gnu/libresolv-2.13.so
7fb60a3b6000-7fb60a5b5000 ---p 00013000 08:05 532260                     /lib/x86_64-linux-gnu/libresolv-2.13.so
7fb60a5b5000-7fb60a5b6000 r--p 00012000 08:05 532260                     /lib/x86_64-linux-gnu/libresolv-2.13.so
7fb60a5b6000-7fb60a5b7000 rw-p 00013000 08:05 532260                     /lib/x86_64-linux-gnu/libresolv-2.13.so
7fb60a5b7000-7fb60a5b9000 rw-p 00000000 00:00 0 
7fb60a5b9000-7fb60a5d7000 r-xp 00000000 08:05 523310                     /lib/x86_64-linux-gnu/libselinux.so.1
7fb60a5d7000-7fb60a7d6000 ---p 0001e000 08:05 523310                     /lib/x86_64-linux-gnu/libselinux.so.1
7fb60a7d6000-7fb60a7d7000 r--p 0001d000 08:05 523310                     /lib/x86_64-linux-gnu/libselinux.so.1
7fb60a7d7000-7fb60a7d8000 rw-p 0001e000 08:05 523310                     /lib/x86_64-linux-gnu/libselinux.so.1
7fb60a7d8000-7fb60a7d9000 rw-p 00000000 00:00 0 
7fb60a7d9000-7fb60a7dc000 r-xp 00000000 08:05 420543                     /usr/lib/x86_64-linux-gnu/libgmodule-2.0.so.0.3200.4
7fb60a7dc000-7fb60a9db000 ---p 00003000 08:05 420543                     /usr/lib/x86_64-linux-gnu/libgmodule-2.0.so.0.3200.4
7fb60a9db000-7fb60a9dc000 r--p 00002000 08:05 420543                     /usr/lib/x86_64-linux-gnu/libgmodule-2.0.so.0.3200.4
7fb60a9dc000-7fb60a9dd000 rw-p 00003000 08:05 420543                     /usr/lib/x86_64-linux-gnu/libgmodule-2.0.so.0.3200.4
7fb60a9dd000-7fb60aad2000 r-xp 00000000 08:05 524690                     /lib/x86_64-linux-gnu/libglib-2.0.so.0.3200.4
7fb60aad2000-7fb60acd2000 ---p 000f5000 08:05 524690                     /lib/x86_64-linux-gnu/libglib-2.0.so.0.3200.4
7fb60acd2000-7fb60acd3000 r--p 000f5000 08:05 524690                     /lib/x86_64-linux-gnu/libglib-2.0.so.0.3200.4
7fb60acd3000-7fb60acd4000 rw-p 000f6000 08:05 524690                     /lib/x86_64-linux-gnu/libglib-2.0.so.0.3200.4
7fb60acd4000-7fb60acd5000 rw-p 00000000 00:00 0 
7fb60acd5000-7fb60ad23000 r-xp 00000000 08:05 400601                     /usr/lib/x86_64-linux-gnu/libgobject-2.0.so.0.3200.4
7fb60ad23000-7fb60af23000 ---p 0004e000 08:05 400601                     /usr/lib/x86_64-linux-gnu/libgobject-2.0.so.0.3200.4
7fb60af23000-7fb60af24000 r--p 0004e000 08:05 400601                     /usr/lib/x86_64-linux-gnu/libgobject-2.0.so.0.3200.4
7fb60af24000-7fb60af25000 rw-p 0004f000 08:05 400601                     /usr/lib/x86_64-linux-gnu/libgobject-2.0.so.0.3200.4
7fb60af25000-7fb60b071000 r-xp 00000000 08:05 420547                     /usr/lib/x86_64-linux-gnu/libgio-2.0.so.0.3200.4
7fb60b071000-7fb60b270000 ---p 0014c000 08:05 420547                     /usr/lib/x86_64-linux-gnu/libgio-2.0.so.0.3200.4
7fb60b270000-7fb60b274000 r--p 0014b000 08:05 420547                     /usr/lib/x86_64-linux-gnu/libgio-2.0.so.0.3200.4
7fb60b274000-7fb60b276000 rw-p 0014f000 08:05 420547                     /usr/lib/x86_64-linux-gnu/libgio-2.0.so.0.3200.4
7fb60b276000-7fb60b279000 rw-p 00000000 00:00 0 
7fb60b279000-7fb60b27a000 r--p 00000000 08:05 525236                     /usr/share/locale/en_GB/LC_MESSAGES/libc.mo
7fb60b27a000-7fb60b27e000 r--s 0001b000 08:04 921160                     /home/robashton/.m2/repository/org/apache/lucene/lucene-highlighter/4.4.0/lucene-highlighter-4.4.0.jar
7fb60b27e000-7fb60b283000 r--s 0003f000 08:04 5247639                    /home/robashton/.m2/repository/org/jsoup/jsoup/1.7.1/jsoup-1.7.1.jar
7fb60b283000-7fb60b284000 r--s 00028000 08:04 4335034                    /home/robashton/.m2/repository/org/fusesource/leveldbjni/leveldbjni-osx/1.5/leveldbjni-osx-1.5.jar
7fb60b284000-7fb60b291000 r--s 00109000 08:04 4466598                    /home/robashton/.m2/repository/org/mozilla/rhino/1.7R4/rhino-1.7R4.jar
7fb60b291000-7fb60b292000 r--s 00003000 08:04 2103981                    /home/robashton/.m2/repository/net/cgrand/regex/1.1.0/regex-1.1.0.jar
7fb60b292000-7fb60b2a8000 r-xp 00000000 08:05 425729                     /usr/lib/jvm/java-7-openjdk-amd64/jre/lib/amd64/libnet.so
7fb60b2a8000-7fb60b4a7000 ---p 00016000 08:05 425729                     /usr/lib/jvm/java-7-openjdk-amd64/jre/lib/amd64/libnet.so
7fb60b4a7000-7fb60b4a8000 r--p 00015000 08:05 425729                     /usr/lib/jvm/java-7-openjdk-amd64/jre/lib/amd64/libnet.so
7fb60b4a8000-7fb60b4a9000 rw-p 00016000 08:05 425729                     /usr/lib/jvm/java-7-openjdk-amd64/jre/lib/amd64/libnet.so
7fb60b4a9000-7fb60b4b9000 r-xp 00000000 08:05 425707                     /usr/lib/jvm/java-7-openjdk-amd64/jre/lib/amd64/libnio.so
7fb60b4b9000-7fb60b6b9000 ---p 00010000 08:05 425707                     /usr/lib/jvm/java-7-openjdk-amd64/jre/lib/amd64/libnio.so
7fb60b6b9000-7fb60b6ba000 r--p 00010000 08:05 425707                     /usr/lib/jvm/java-7-openjdk-amd64/jre/lib/amd64/libnio.so
7fb60b6ba000-7fb60b6bb000 rw-p 00011000 08:05 425707                     /usr/lib/jvm/java-7-openjdk-amd64/jre/lib/amd64/libnio.so
7fb60b6bb000-7fb60b6c4000 r--s 000bc000 08:05 398750                     /usr/lib/jvm/java-7-openjdk-common/jre/lib/resources.jar
7fb60b6c4000-7fb60b703000 r--s 0032d000 08:04 5116522                    /home/robashton/.m2/repository/org/clojure/clojure/1.5.1/clojure-1.5.1.jar
7fb60b703000-7fb60b716000 r--s 000da000 08:04 4727716                    /home/robashton/.m2/repository/io/netty/netty/3.4.4.Final/netty-3.4.4.Final.jar
7fb60b716000-7fb60b717000 r--s 00002000 08:04 4463959                    /home/robashton/.m2/repository/hiccup/hiccup/1.0.2/hiccup-1.0.2.jar
7fb60b717000-7fb60b719000 r--s 00001000 08:04 4335035                    /home/robashton/.m2/repository/org/iq80/leveldb/leveldb-api/0.5/leveldb-api-0.5.jar
7fb60b719000-7fb60b722000 r--s 0006f000 08:04 131690                     /home/robashton/.m2/repository/log4j/log4j/1.2.17/log4j-1.2.17.jar
7fb60b722000-7fb60b724000 r--s 00004000 08:04 4335219                    /home/robashton/.m2/repository/mmargs/mmargs/1.2.0/mmargs-1.2.0.jar
7fb60b724000-7fb60b725000 r--s 00001000 08:04 663954                     /home/robashton/.m2/repository/org/clojure/tools.logging/0.2.6/tools.logging-0.2.6.jar
7fb60b725000-7fb60b726000 r--s 00002000 08:04 4465594                    /home/robashton/.m2/repository/clj-http-lite/clj-http-lite/0.2.0/clj-http-lite-0.2.0.jar
7fb60b726000-7fb60b728000 r--s 00000000 08:04 4463894                    /home/robashton/.m2/repository/spyscope/spyscope/0.1.3/spyscope-0.1.3.jar
7fb60b728000-7fb60b72c000 r--s 0002a000 08:04 2627992                    /home/robashton/.m2/repository/commons-io/commons-io/2.4/commons-io-2.4.jar
7fb60b72c000-7fb60b72d000 r--s 00005000 08:04 4465562                    /home/robashton/.m2/repository/speclj/speclj/2.7.0/speclj-2.7.0.jar
7fb60b72d000-7fb60b72e000 r--s 00005000 08:04 4334757                    /home/robashton/.m2/repository/clj-http/clj-http/0.7.6/clj-http-0.7.6.jar
7fb60b72e000-7fb60b72f000 r--s 00002000 08:04 4466621                    /home/robashton/.m2/repository/pathetic/pathetic/0.5.0/pathetic-0.5.0.jar
7fb60b72f000-7fb60b730000 r--s 0001b000 08:04 4335045                    /home/robashton/.m2/repository/org/fusesource/leveldbjni/leveldbjni-win32/1.5/leveldbjni-win32-1.5.jar
7fb60b730000-7fb60b731000 r--s 00004000 08:04 4335038                    /home/robashton/.m2/repository/org/fusesource/hawtjni/hawtjni-runtime/1.8/hawtjni-runtime-1.8.jar
7fb60b731000-7fb60b734000 r--s 0002f000 08:04 4465586                    /home/robashton/.m2/repository/jline/jline/2.8/jline-2.8.jar
7fb60b734000-7fb60b736000 r--s 00002000 08:04 4334753                    /home/robashton/.m2/repository/cheshire/cheshire/5.2.0/cheshire-5.2.0.jar
7fb60b736000-7fb60b737000 r--s 00000000 08:04 4334754                    /home/robashton/.m2/repository/crouton/crouton/0.1.1/crouton-0.1.1.jar
7fb60b737000-7fb60b739000 r--s 00002000 08:04 2235961                    /home/robashton/.m2/repository/com/cemerick/clojurescript.test/0.0.4/clojurescript.test-0.0.4.jar
7fb60b739000-7fb60b76a000 r--s 00310000 08:04 2235962                    /home/robashton/.m2/repository/com/google/javascript/closure-compiler/r2180/closure-compiler-r2180.jar
7fb60b76a000-7fb60b770000 r--s 00032000 08:04 2627841                    /home/robashton/.m2/repository/org/apache/httpcomponents/httpcore/4.2.4/httpcore-4.2.4.jar
7fb60b770000-7fb60b771000 r--s 00000000 08:04 4334930                    /home/robashton/.m2/repository/ring/ring-jetty-adapter/1.2.0/ring-jetty-adapter-1.2.0.jar
7fb60b771000-7fb60b77a000 r--s 00061000 08:04 2627843                    /home/robashton/.m2/repository/org/apache/httpcomponents/httpclient/4.2.5/httpclient-4.2.5.jar
7fb60b77a000-7fb60b77c000 r--s 00000000 08:04 4335218                    /home/robashton/.m2/repository/fresh/fresh/1.0.2/fresh-1.0.2.jar
7fb60b77c000-7fb60b77d000 r--s 00001000 08:04 2499335                    /home/robashton/.m2/repository/org/clojure/tools.macro/0.1.0/tools.macro-0.1.0.jar
7fb60b77d000-7fb60b77e000 r--s 00003000 08:04 4465610                    /home/robashton/.m2/repository/expectations/expectations/1.4.17/expectations-1.4.17.jar
7fb60b77e000-7fb60b780000 r--s 00003000 08:04 4464105                    /home/robashton/.m2/repository/clj-time/clj-time/0.6.0/clj-time-0.6.0.jar
7fb60b780000-7fb60b781000 r--s 0001f000 08:04 4466609                    /home/robashton/.m2/repository/org/clojure/clojurescript/0.0-1586/clojurescript-0.0-1586.jar
7fb60b781000-7fb60b783000 r--s 00000000 08:04 2103962                    /home/robashton/.m2/repository/org/clojure/core.incubator/0.1.3/core.incubator-0.1.3.jar
7fb60b783000-7fb60b784000 r--s 00005000 08:04 4334923                    /home/robashton/.m2/repository/ring/ring-core/1.2.0/ring-core-1.2.0.jar
7fb60b784000-7fb60b786000 r--s 0000d000 08:04 2621509                    /home/robashton/.m2/repository/commons-logging/commons-logging/1.1.1/commons-logging-1.1.1.jar
7fb60b786000-7fb60b78c000 r--s 00068000 08:04 2235965                    /home/robashton/.m2/repository/com/google/protobuf/protobuf-java/2.4.1/protobuf-java-2.4.1.jar
7fb60b78c000-7fb60b78f000 r--s 0002c000 08:04 2235790                    /home/robashton/.m2/repository/com/fasterxml/jackson/core/jackson-core/2.2.1/jackson-core-2.2.1.jar
7fb60b78f000-7fb60b790000 r--s 00006000 08:04 921156                     /home/robashton/.m2/repository/jakarta-regexp/jakarta-regexp/1.4/jakarta-regexp-1.4.jar
7fb60b790000-7fb60b791000 r--s 00002000 08:04 4465595                    /home/robashton/.m2/repository/redl/redl/0.1.0/redl-0.1.0.jar
7fb60b791000-7fb60b792000 r--s 00001000 08:04 4465607                    /home/robashton/.m2/repository/org/clojars/trptcolin/sjacket/0.1.1/sjacket-0.1.1.jar
7fb60b792000-7fb60b794000 r--s 0000e000 08:04 2371747                    /home/robashton/.m2/repository/com/fasterxml/jackson/dataformat/jackson-dataformat-smile/2.2.1/jackson-dataformat-smile-2.2.1.jar
7fb60b794000-7fb60b795000 r--s 00001000 08:04 4334921                    /home/robashton/.m2/repository/ring/ring-devel/1.2.0/ring-devel-1.2.0.jar
7fb60b795000-7fb60b796000 r--s 00000000 08:04 4334939                    /home/robashton/.m2/repository/clout/clout/1.0.1/clout-1.0.1.jar
7fb60b796000-7fb60b7a6000 r--s 00173000 08:04 921157                     /home/robashton/.m2/repository/org/apache/lucene/lucene-analyzers-common/4.4.0/lucene-analyzers-common-4.4.0.jar
7fb60b7a6000-7fb60b7a7000 ---p 00000000 00:00 0 
7fb60b7a7000-7fb60b8a7000 rw-p 00000000 00:00 0 
7fb60b8a7000-7fb60b8aa000 ---p 00000000 00:00 0 
7fb60b8aa000-7fb60b9a8000 rw-p 00000000 00:00 0 
7fb60b9a8000-7fb60b9ab000 ---p 00000000 00:00 0 
7fb60b9ab000-7fb60baa9000 rw-p 00000000 00:00 0 
7fb60baa9000-7fb60baac000 ---p 00000000 00:00 0 
7fb60baac000-7fb60bbaa000 rw-p 00000000 00:00 0 
7fb60bbaa000-7fb60bbad000 ---p 00000000 00:00 0 
7fb60bbad000-7fb60bcab000 rw-p 00000000 00:00 0 
7fb60bcab000-7fb60bcae000 ---p 00000000 00:00 0 
7fb60bcae000-7fb60bdac000 rw-p 00000000 00:00 0 
7fb60bdac000-7fb60bf23000 r--p 00000000 08:05 398104                     /usr/lib/locale/locale-archive
7fb60bf23000-7fb60bf26000 ---p 00000000 00:00 0 
7fb60bf26000-7fb60c024000 rw-p 00000000 00:00 0 
7fb60c024000-7fb60c027000 ---p 00000000 00:00 0 
7fb60c027000-7fb60c125000 rw-p 00000000 00:00 0 
7fb60c125000-7fb60c126000 ---p 00000000 00:00 0 
7fb60c126000-7fb60d246000 rw-p 00000000 00:00 0 
7fb60d246000-7fb60d3f3000 r--s 01cec000 08:05 425755                     /usr/lib/jvm/java-7-openjdk-amd64/jre/lib/rt.jar
7fb60d3f3000-7fb610053000 rw-p 00000000 00:00 0 
7fb610053000-7fb610054000 ---p 00000000 00:00 0 
7fb610054000-7fb610154000 rw-p 00000000 00:00 0 
7fb610154000-7fb610155000 ---p 00000000 00:00 0 
7fb610155000-7fb610255000 rw-p 00000000 00:00 0 
7fb610255000-7fb610256000 ---p 00000000 00:00 0 
7fb610256000-7fb610356000 rw-p 00000000 00:00 0 
7fb610356000-7fb610357000 ---p 00000000 00:00 0 
7fb610357000-7fb610472000 rw-p 00000000 00:00 0 
7fb610472000-7fb61059b000 rw-p 00000000 00:00 0 
7fb61059b000-7fb6105c2000 rw-p 00000000 00:00 0 
7fb6105c2000-7fb6105ee000 rw-p 00000000 00:00 0 
7fb6105ee000-7fb610609000 rw-p 00000000 00:00 0 
7fb610609000-7fb610731000 rw-p 00000000 00:00 0 
7fb610731000-7fb6107d0000 rw-p 00000000 00:00 0 
7fb6107d0000-7fb6107d3000 ---p 00000000 00:00 0 
7fb6107d3000-7fb6107f0000 rw-p 00000000 00:00 0 
7fb6107f0000-7fb610954000 rw-p 00000000 00:00 0 
7fb610954000-7fb611044000 rwxp 00000000 00:00 0 
7fb611044000-7fb616954000 rw-p 00000000 00:00 0 
7fb616954000-7fb61695c000 r-xp 00000000 08:05 425745                     /usr/lib/jvm/java-7-openjdk-amd64/jre/lib/amd64/libzip.so
7fb61695c000-7fb616b5b000 ---p 00008000 08:05 425745                     /usr/lib/jvm/java-7-openjdk-amd64/jre/lib/amd64/libzip.so
7fb616b5b000-7fb616b5c000 r--p 00007000 08:05 425745                     /usr/lib/jvm/java-7-openjdk-amd64/jre/lib/amd64/libzip.so
7fb616b5c000-7fb616b5d000 rw-p 00008000 08:05 425745                     /usr/lib/jvm/java-7-openjdk-amd64/jre/lib/amd64/libzip.so
7fb616b5d000-7fb616b68000 r-xp 00000000 08:05 532275                     /lib/x86_64-linux-gnu/libnss_files-2.13.so
7fb616b68000-7fb616d67000 ---p 0000b000 08:05 532275                     /lib/x86_64-linux-gnu/libnss_files-2.13.so
7fb616d67000-7fb616d68000 r--p 0000a000 08:05 532275                     /lib/x86_64-linux-gnu/libnss_files-2.13.so
7fb616d68000-7fb616d69000 rw-p 0000b000 08:05 532275                     /lib/x86_64-linux-gnu/libnss_files-2.13.so
7fb616d69000-7fb616d73000 r-xp 00000000 08:05 532271                     /lib/x86_64-linux-gnu/libnss_nis-2.13.so
7fb616d73000-7fb616f72000 ---p 0000a000 08:05 532271                     /lib/x86_64-linux-gnu/libnss_nis-2.13.so
7fb616f72000-7fb616f73000 r--p 00009000 08:05 532271                     /lib/x86_64-linux-gnu/libnss_nis-2.13.so
7fb616f73000-7fb616f74000 rw-p 0000a000 08:05 532271                     /lib/x86_64-linux-gnu/libnss_nis-2.13.so
7fb616f74000-7fb616f89000 r-xp 00000000 08:05 532269                     /lib/x86_64-linux-gnu/libnsl-2.13.so
7fb616f89000-7fb617188000 ---p 00015000 08:05 532269                     /lib/x86_64-linux-gnu/libnsl-2.13.so
7fb617188000-7fb617189000 r--p 00014000 08:05 532269                     /lib/x86_64-linux-gnu/libnsl-2.13.so
7fb617189000-7fb61718a000 rw-p 00015000 08:05 532269                     /lib/x86_64-linux-gnu/libnsl-2.13.so
7fb61718a000-7fb61718c000 rw-p 00000000 00:00 0 
7fb61718c000-7fb617193000 r-xp 00000000 08:05 532264                     /lib/x86_64-linux-gnu/libnss_compat-2.13.so
7fb617193000-7fb617392000 ---p 00007000 08:05 532264                     /lib/x86_64-linux-gnu/libnss_compat-2.13.so
7fb617392000-7fb617393000 r--p 00006000 08:05 532264                     /lib/x86_64-linux-gnu/libnss_compat-2.13.so
7fb617393000-7fb617394000 rw-p 00007000 08:05 532264                     /lib/x86_64-linux-gnu/libnss_compat-2.13.so
7fb617394000-7fb6173be000 r-xp 00000000 08:05 425725                     /usr/lib/jvm/java-7-openjdk-amd64/jre/lib/amd64/libjava.so
7fb6173be000-7fb6175be000 ---p 0002a000 08:05 425725                     /usr/lib/jvm/java-7-openjdk-amd64/jre/lib/amd64/libjava.so
7fb6175be000-7fb6175bf000 r--p 0002a000 08:05 425725                     /usr/lib/jvm/java-7-openjdk-amd64/jre/lib/amd64/libjava.so
7fb6175bf000-7fb6175c1000 rw-p 0002b000 08:05 425725                     /usr/lib/jvm/java-7-openjdk-amd64/jre/lib/amd64/libjava.so
7fb6175c1000-7fb6175d0000 r-xp 00000000 08:05 425667                     /usr/lib/jvm/java-7-openjdk-amd64/jre/lib/amd64/libverify.so
7fb6175d0000-7fb6177cf000 ---p 0000f000 08:05 425667                     /usr/lib/jvm/java-7-openjdk-amd64/jre/lib/amd64/libverify.so
7fb6177cf000-7fb6177d1000 r--p 0000e000 08:05 425667                     /usr/lib/jvm/java-7-openjdk-amd64/jre/lib/amd64/libverify.so
7fb6177d1000-7fb6177d2000 rw-p 00010000 08:05 425667                     /usr/lib/jvm/java-7-openjdk-amd64/jre/lib/amd64/libverify.so
7fb6177d2000-7fb6177d9000 r-xp 00000000 08:05 532279                     /lib/x86_64-linux-gnu/librt-2.13.so
7fb6177d9000-7fb6179d8000 ---p 00007000 08:05 532279                     /lib/x86_64-linux-gnu/librt-2.13.so
7fb6179d8000-7fb6179d9000 r--p 00006000 08:05 532279                     /lib/x86_64-linux-gnu/librt-2.13.so
7fb6179d9000-7fb6179da000 rw-p 00007000 08:05 532279                     /lib/x86_64-linux-gnu/librt-2.13.so
7fb6179da000-7fb6179ef000 r-xp 00000000 08:05 533965                     /lib/x86_64-linux-gnu/libgcc_s.so.1
7fb6179ef000-7fb617bef000 ---p 00015000 08:05 533965                     /lib/x86_64-linux-gnu/libgcc_s.so.1
7fb617bef000-7fb617bf0000 rw-p 00015000 08:05 533965                     /lib/x86_64-linux-gnu/libgcc_s.so.1
7fb617bf0000-7fb617c71000 r-xp 00000000 08:05 532266                     /lib/x86_64-linux-gnu/libm-2.13.so
7fb617c71000-7fb617e70000 ---p 00081000 08:05 532266                     /lib/x86_64-linux-gnu/libm-2.13.so
7fb617e70000-7fb617e71000 r--p 00080000 08:05 532266                     /lib/x86_64-linux-gnu/libm-2.13.so
7fb617e71000-7fb617e72000 rw-p 00081000 08:05 532266                     /lib/x86_64-linux-gnu/libm-2.13.so
7fb617e72000-7fb617f5a000 r-xp 00000000 08:05 397950                     /usr/lib/x86_64-linux-gnu/libstdc++.so.6.0.17
7fb617f5a000-7fb61815a000 ---p 000e8000 08:05 397950                     /usr/lib/x86_64-linux-gnu/libstdc++.so.6.0.17
7fb61815a000-7fb618162000 r--p 000e8000 08:05 397950                     /usr/lib/x86_64-linux-gnu/libstdc++.so.6.0.17
7fb618162000-7fb618164000 rw-p 000f0000 08:05 397950                     /usr/lib/x86_64-linux-gnu/libstdc++.so.6.0.17
7fb618164000-7fb618179000 rw-p 00000000 00:00 0 
7fb618179000-7fb618b6a000 r-xp 00000000 08:05 425695                     /usr/lib/jvm/java-7-openjdk-amd64/jre/lib/amd64/server/libjvm.so
7fb618b6a000-7fb618d6a000 ---p 009f1000 08:05 425695                     /usr/lib/jvm/java-7-openjdk-amd64/jre/lib/amd64/server/libjvm.so
7fb618d6a000-7fb618de9000 r--p 009f1000 08:05 425695                     /usr/lib/jvm/java-7-openjdk-amd64/jre/lib/amd64/server/libjvm.so
7fb618de9000-7fb618e0c000 rw-p 00a70000 08:05 425695                     /usr/lib/jvm/java-7-openjdk-amd64/jre/lib/amd64/server/libjvm.so
7fb618e0c000-7fb618e37000 rw-p 00000000 00:00 0 
7fb618e37000-7fb618fb7000 r-xp 00000000 08:05 532259                     /lib/x86_64-linux-gnu/libc-2.13.so
7fb618fb7000-7fb6191b7000 ---p 00180000 08:05 532259                     /lib/x86_64-linux-gnu/libc-2.13.so
7fb6191b7000-7fb6191bb000 r--p 00180000 08:05 532259                     /lib/x86_64-linux-gnu/libc-2.13.so
7fb6191bb000-7fb6191bc000 rw-p 00184000 08:05 532259                     /lib/x86_64-linux-gnu/libc-2.13.so
7fb6191bc000-7fb6191c1000 rw-p 00000000 00:00 0 
7fb6191c1000-7fb6191c3000 r-xp 00000000 08:05 532273                     /lib/x86_64-linux-gnu/libdl-2.13.so
7fb6191c3000-7fb6193c3000 ---p 00002000 08:05 532273                     /lib/x86_64-linux-gnu/libdl-2.13.so
7fb6193c3000-7fb6193c4000 r--p 00002000 08:05 532273                     /lib/x86_64-linux-gnu/libdl-2.13.so
7fb6193c4000-7fb6193c5000 rw-p 00003000 08:05 532273                     /lib/x86_64-linux-gnu/libdl-2.13.so
7fb6193c5000-7fb6193db000 r-xp 00000000 08:05 523354                     /lib/x86_64-linux-gnu/libz.so.1.2.7
7fb6193db000-7fb6195da000 ---p 00016000 08:05 523354                     /lib/x86_64-linux-gnu/libz.so.1.2.7
7fb6195da000-7fb6195db000 r--p 00015000 08:05 523354                     /lib/x86_64-linux-gnu/libz.so.1.2.7
7fb6195db000-7fb6195dc000 rw-p 00016000 08:05 523354                     /lib/x86_64-linux-gnu/libz.so.1.2.7
7fb6195dc000-7fb6195e9000 r-xp 00000000 08:05 425673                     /usr/lib/jvm/java-7-openjdk-amd64/jre/lib/amd64/jli/libjli.so
7fb6195e9000-7fb6197e8000 ---p 0000d000 08:05 425673                     /usr/lib/jvm/java-7-openjdk-amd64/jre/lib/amd64/jli/libjli.so
7fb6197e8000-7fb6197e9000 r--p 0000c000 08:05 425673                     /usr/lib/jvm/java-7-openjdk-amd64/jre/lib/amd64/jli/libjli.so
7fb6197e9000-7fb6197ea000 rw-p 0000d000 08:05 425673                     /usr/lib/jvm/java-7-openjdk-amd64/jre/lib/amd64/jli/libjli.so
7fb6197ea000-7fb619801000 r-xp 00000000 08:05 532277                     /lib/x86_64-linux-gnu/libpthread-2.13.so
7fb619801000-7fb619a00000 ---p 00017000 08:05 532277                     /lib/x86_64-linux-gnu/libpthread-2.13.so
7fb619a00000-7fb619a01000 r--p 00016000 08:05 532277                     /lib/x86_64-linux-gnu/libpthread-2.13.so
7fb619a01000-7fb619a02000 rw-p 00017000 08:05 532277                     /lib/x86_64-linux-gnu/libpthread-2.13.so
7fb619a02000-7fb619a06000 rw-p 00000000 00:00 0 
7fb619a06000-7fb619a26000 r-xp 00000000 08:05 532281                     /lib/x86_64-linux-gnu/ld-2.13.so
7fb619a26000-7fb619a27000 r--s 00000000 08:04 4334920                    /home/robashton/.m2/repository/ring/ring-codec/1.0.0/ring-codec-1.0.0.jar
7fb619a27000-7fb619a29000 r--s 00001000 08:04 2621523                    /home/robashton/.m2/repository/slingshot/slingshot/0.10.3/slingshot-0.10.3.jar
7fb619a29000-7fb619a2a000 r--s 00004000 08:04 4334907                    /home/robashton/.m2/repository/org/eclipse/jetty/jetty-continuation/7.6.8.v20121106/jetty-continuation-7.6.8.v20121106.jar
7fb619a2a000-7fb619a2b000 r--s 00001000 08:04 2103996                    /home/robashton/.m2/repository/org/clojure/data.json/0.2.1/data.json-0.2.1.jar
7fb619a2b000-7fb619a34000 r--s 0006c000 08:04 2235798                    /home/robashton/.m2/repository/com/ning/async-http-client/1.7.10/async-http-client-1.7.10.jar
7fb619a34000-7fb619a39000 r--s 00036000 08:04 4726128                    /home/robashton/.m2/repository/org/apache/commons/commons-compress/1.4/commons-compress-1.4.jar
7fb619a39000-7fb619a3b000 r--s 00001000 08:04 4335185                    /home/robashton/.m2/repository/me/raynes/fs/1.4.4/fs-1.4.4.jar
7fb619a3b000-7fb619a3c000 r--s 00008000 08:04 921162                     /home/robashton/.m2/repository/org/apache/lucene/lucene-memory/4.4.0/lucene-memory-4.4.0.jar
7fb619a3c000-7fb619a3e000 r--s 00005000 08:04 131689                     /home/robashton/.m2/repository/org/slf4j/slf4j-api/1.6.6/slf4j-api-1.6.6.jar
7fb619a3e000-7fb619a41000 r--s 0001b000 08:04 4334909                    /home/robashton/.m2/repository/org/eclipse/jetty/orbit/javax.servlet/2.5.0.v201103041518/javax.servlet-2.5.0.v201103041518.jar
7fb619a41000-7fb619a43000 r--s 00002000 08:04 1846285                    /home/robashton/.m2/repository/org/apache/ant/ant-launcher/1.8.2/ant-launcher-1.8.2.jar
7fb619a43000-7fb619a44000 r--s 00002000 08:04 131688                     /home/robashton/.m2/repository/org/slf4j/slf4j-log4j12/1.6.6/slf4j-log4j12-1.6.6.jar
7fb619a44000-7fb619a45000 r--s 00001000 08:04 4334929                    /home/robashton/.m2/repository/ns-tracker/ns-tracker/0.2.1/ns-tracker-0.2.1.jar
7fb619a45000-7fb619a46000 r--s 00000000 08:04 4334918                    /home/robashton/.m2/repository/ring/ring/1.2.0/ring-1.2.0.jar
7fb619a46000-7fb619a48000 r--s 00018000 08:04 2102668                    /home/robashton/.m2/repository/javax/servlet/servlet-api/2.5/servlet-api-2.5.jar
7fb619a48000-7fb619a49000 r--s 00044000 08:04 4335039                    /home/robashton/.m2/repository/org/fusesource/leveldbjni/leveldbjni-linux32/1.5/leveldbjni-linux32-1.5.jar
7fb619a49000-7fb619a4a000 r--s 00001000 08:04 4463948                    /home/robashton/.m2/repository/org/clojure/tools.trace/0.7.3/tools.trace-0.7.3.jar
7fb619a4a000-7fb619a4b000 r--s 00001000 08:04 4334928                    /home/robashton/.m2/repository/clj-stacktrace/clj-stacktrace/0.2.5/clj-stacktrace-0.2.5.jar
7fb619a4b000-7fb619a4d000 r--s 0000c000 08:04 4466610                    /home/robashton/.m2/repository/args4j/args4j/2.0.16/args4j-2.0.16.jar
7fb619a4d000-7fb619a4e000 r--s 00000000 08:04 4463933                    /home/robashton/.m2/repository/serializable-fn/serializable-fn/1.1.3/serializable-fn-1.1.3.jar
7fb619a4e000-7fb619a4f000 r--s 00001000 08:04 4335773                    /home/robashton/.m2/repository/speclj-growl/speclj-growl/2.1.0/speclj-growl-2.1.0.jar
7fb619a4f000-7fb619a58000 r--s 00055000 08:04 921154                     /home/robashton/.m2/repository/org/apache/lucene/lucene-queryparser/4.4.0/lucene-queryparser-4.4.0.jar
7fb619a58000-7fb619a5a000 r--s 00016000 08:04 4334911                    /home/robashton/.m2/repository/org/eclipse/jetty/jetty-io/7.6.8.v20121106/jetty-io-7.6.8.v20121106.jar
7fb619a5a000-7fb619a5b000 r--s 00000000 08:04 4464234                    /home/robashton/.m2/repository/org/clojure/java.classpath/0.2.0/java.classpath-0.2.0.jar
7fb619a5b000-7fb619a5d000 r--s 00005000 08:04 2499327                    /home/robashton/.m2/repository/org/apache/httpcomponents/httpmime/4.2.5/httpmime-4.2.5.jar
7fb619a5d000-7fb619a60000 r--s 00006000 08:04 2235966                    /home/robashton/.m2/repository/com/google/code/findbugs/jsr305/1.3.9/jsr305-1.3.9.jar
7fb619a60000-7fb619a84000 r--s 001aa000 08:04 2235964                    /home/robashton/.m2/repository/com/google/guava/guava/13.0.1/guava-13.0.1.jar
7fb619a84000-7fb619a88000 r--s 00085000 08:05 398734                     /usr/lib/jvm/java-7-openjdk-common/jre/lib/ext/localedata.jar
7fb619a88000-7fb619ad7000 rw-p 00000000 00:00 0 
7fb619ad7000-7fb619b03000 rw-p 00000000 00:00 0 
7fb619b03000-7fb619b06000 ---p 00000000 00:00 0 
7fb619b06000-7fb619c09000 rw-p 00000000 00:00 0 
7fb619c09000-7fb619c0a000 r--s 00001000 08:04 2235973                    /home/robashton/.m2/repository/com/cemerick/url/0.1.0/url-0.1.0.jar
7fb619c0a000-7fb619c0b000 r--s 00002000 08:04 4465589                    /home/robashton/.m2/repository/org/thnetos/cd-client/0.3.6/cd-client-0.3.6.jar
7fb619c0b000-7fb619c0c000 r--s 00006000 08:04 4464209                    /home/robashton/.m2/repository/org/clojure/tools.reader/0.7.4/tools.reader-0.7.4.jar
7fb619c0c000-7fb619c0f000 r--s 00032000 08:05 398735                     /usr/lib/jvm/java-7-openjdk-common/jre/lib/ext/sunjce_provider.jar
7fb619c0f000-7fb619c11000 r--s 00012000 08:05 398731                     /usr/lib/jvm/java-7-openjdk-common/jre/lib/ext/zipfs.jar
7fb619c11000-7fb619c14000 r--s 0003c000 08:05 398732                     /usr/lib/jvm/java-7-openjdk-common/jre/lib/ext/sunpkcs11.jar
7fb619c14000-7fb619c17000 r--s 0000f000 08:05 398733                     /usr/lib/jvm/java-7-openjdk-common/jre/lib/ext/pulse-java.jar
7fb619c17000-7fb619c18000 r--s 00007000 08:05 938847                     /usr/share/java/java-atk-wrapper.jar
7fb619c18000-7fb619c19000 r--s 00002000 08:05 398736                     /usr/lib/jvm/java-7-openjdk-common/jre/lib/ext/dnsns.jar
7fb619c19000-7fb619c21000 rw-s 00000000 08:05 1177381                    /tmp/hsperfdata_robashton/16516
7fb619c21000-7fb619c22000 rw-p 00000000 00:00 0 
7fb619c22000-7fb619c23000 r--p 00000000 00:00 0 
7fb619c23000-7fb619c25000 rw-p 00000000 00:00 0 
7fb619c25000-7fb619c26000 r--p 0001f000 08:05 532281                     /lib/x86_64-linux-gnu/ld-2.13.so
7fb619c26000-7fb619c27000 rw-p 00020000 08:05 532281                     /lib/x86_64-linux-gnu/ld-2.13.so
7fb619c27000-7fb619c28000 rw-p 00000000 00:00 0 
7fff61d4c000-7fff61d70000 rw-p 00000000 00:00 0                          [stack]
7fff61dff000-7fff61e00000 r-xp 00000000 00:00 0                          [vdso]
ffffffffff600000-ffffffffff601000 r-xp 00000000 00:00 0                  [vsyscall]

VM Arguments:
jvm_args: -XX:+TieredCompilation -XX:TieredStopAtLevel=1 -Dclojure.compile.path=/home/robashton/src/cravendb/target/classes -Dcravendb.version=0.0.0 -Dfile.encoding=UTF-8 -Dclojure.debug=false 
java_command: clojure.main -e (do (set! *warn-on-reflection* nil) (do (try (clojure.core/require (quote cravendb.http)) (catch java.lang.Exception e__6420__auto__ (clojure.core/println e__6420__auto__) (clojure.core/ns cravendb.http))) (try (clojure.core/require (quote clojure.tools.nrepl.server)) (catch java.lang.Throwable t__6421__auto__ (clojure.core/println "Error loading" (clojure.core/str (quote clojure.tools.nrepl.server) ":") (clojure.core/or (.getMessage t__6421__auto__) (clojure.core/type t__6421__auto__))))) (try (clojure.core/require (quote complete.core)) (catch java.lang.Throwable t__6421__auto__ (clojure.core/println "Error loading" (clojure.core/str (quote complete.core) ":") (clojure.core/or (.getMessage t__6421__auto__) (clojure.core/type t__6421__auto__))))) nil) (require (quote spyscope.core)) (require (quote [redl core complete])) (require (quote spyscope.core)) (clojure.core/let [server__6417__auto__ (clojure.tools.nrepl.server/start-server :bind "127.0.0.1" :port 0 :ack-port 55236 :handler (clojure.tools.nrepl.server/default-handler (clojure.core/with-local-vars [wrap-init-ns__6383__auto__ (clojure.core/fn [h__6384__auto__] (clojure.core/with-local-vars [init-ns-sentinel__6385__auto__ nil] (clojure.core/fn [{:as msg__6386__auto__, :keys [session]}] (clojure.core/when-not ((clojure.core/deref session) init-ns-sentinel__6385__auto__) (clojure.core/swap! session clojure.core/assoc (var clojure.core/*ns*) (try (clojure.core/require (quote cravendb.http)) (clojure.core/create-ns (quote cravendb.http)) (catch java.lang.Throwable t__6387__auto__ (clojure.core/create-ns (quote user)))) init-ns-sentinel__6385__auto__ true)) (h__6384__auto__ msg__6386__auto__))))] (clojure.core/doto wrap-init-ns__6383__auto__ (clojure.tools.nrepl.middleware/set-descriptor! {:requires #{(var clojure.tools.nrepl.middleware.session/session)}, :expects #{"eval"}}) (clojure.core/alter-var-root (clojure.core/constantly (clojure.core/deref wrap-init-ns__6383__auto__))))))) p
Launcher Type: SUN_STANDARD

Environment Variables:
JAVA_HOME=/usr/lib/jvm/java-1.7.0-openjdk-amd64
CLASSPATH=:/home/robashton/.lein/self-installs/leiningen-2.2.0-standalone.jar
PATH=/usr/local/bin:/usr/bin:/bin:/usr/local/games:/usr/games:/home/robashton/build/clojurescript/bin
USERNAME=robashton
SHELL=/bin/bash
DISPLAY=:0

Signal Handlers:
SIGSEGV: [libjvm.so+0x84ff00], sa_mask[0]=0x7ffbfeff, sa_flags=0x10000004
SIGBUS: [libjvm.so+0x84ff00], sa_mask[0]=0x7ffbfeff, sa_flags=0x10000004
SIGFPE: [libjvm.so+0x6f2230], sa_mask[0]=0x7ffbfeff, sa_flags=0x10000004
SIGPIPE: [libjvm.so+0x6f2230], sa_mask[0]=0x7ffbfeff, sa_flags=0x10000004
SIGXFSZ: [libjvm.so+0x6f2230], sa_mask[0]=0x7ffbfeff, sa_flags=0x10000004
SIGILL: [libjvm.so+0x6f2230], sa_mask[0]=0x7ffbfeff, sa_flags=0x10000004
SIGUSR1: SIG_DFL, sa_mask[0]=0x00000000, sa_flags=0x00000000
SIGUSR2: [libjvm.so+0x6f2600], sa_mask[0]=0x00000004, sa_flags=0x10000004
SIGHUP: [libjvm.so+0x6f2740], sa_mask[0]=0x7ffbfeff, sa_flags=0x10000004
SIGINT: [libjvm.so+0x6f2740], sa_mask[0]=0x7ffbfeff, sa_flags=0x10000004
SIGTERM: [libjvm.so+0x6f2740], sa_mask[0]=0x7ffbfeff, sa_flags=0x10000004
SIGQUIT: [libjvm.so+0x6f2740], sa_mask[0]=0x7ffbfeff, sa_flags=0x10000004


---------------  S Y S T E M  ---------------

OS:wheezy/sid

uname:Linux 3.2.0-4-amd64 #1 SMP Debian 3.2.46-1+deb7u1 x86_64
libc:glibc 2.13 NPTL 2.13 
rlimit: STACK 8192k, CORE 0k, NPROC 30929, NOFILE 4096, AS infinity
load average:0.35 0.63 0.39

/proc/meminfo:
MemTotal:        3971036 kB
MemFree:         1432188 kB
Buffers:          349832 kB
Cached:           758528 kB
SwapCached:            0 kB
Active:          1644296 kB
Inactive:         654996 kB
Active(anon):    1192316 kB
Inactive(anon):    38236 kB
Active(file):     451980 kB
Inactive(file):   616760 kB
Unevictable:           0 kB
Mlocked:               0 kB
SwapTotal:       4103304 kB
SwapFree:        4103304 kB
Dirty:               132 kB
Writeback:             0 kB
AnonPages:       1190980 kB
Mapped:           124436 kB
Shmem:             39572 kB
Slab:             183332 kB
SReclaimable:     161860 kB
SUnreclaim:        21472 kB
KernelStack:        3216 kB
PageTables:        17072 kB
NFS_Unstable:          0 kB
Bounce:                0 kB
WritebackTmp:          0 kB
CommitLimit:     6088820 kB
Committed_AS:    2932436 kB
VmallocTotal:   34359738367 kB
VmallocUsed:      450568 kB
VmallocChunk:   34359279668 kB
HardwareCorrupted:     0 kB
AnonHugePages:         0 kB
HugePages_Total:       0
HugePages_Free:        0
HugePages_Rsvd:        0
HugePages_Surp:        0
Hugepagesize:       2048 kB
DirectMap4k:       69260 kB
DirectMap2M:     4116480 kB


CPU:total 4 (2 cores per cpu, 2 threads per core) family 6 model 42 stepping 7, cmov, cx8, fxsr, mmx, sse, sse2, sse3, ssse3, sse4.1, sse4.2, popcnt, avx, ht, tsc, tscinvbit

/proc/cpuinfo:
processor	: 0
vendor_id	: GenuineIntel
cpu family	: 6
model		: 42
model name	: Intel(R) Core(TM) i5-2557M CPU @ 1.70GHz
stepping	: 7
microcode	: 0x1a
cpu MHz		: 1200.000
cache size	: 3072 KB
physical id	: 0
siblings	: 4
core id		: 0
cpu cores	: 2
apicid		: 0
initial apicid	: 0
fpu		: yes
fpu_exception	: yes
cpuid level	: 13
wp		: yes
flags		: fpu vme de pse tsc msr pae mce cx8 apic sep mtrr pge mca cmov pat pse36 clflush dts acpi mmx fxsr sse sse2 ss ht tm pbe syscall nx rdtscp lm constant_tsc arch_perfmon pebs bts rep_good nopl xtopology nonstop_tsc aperfmperf pni pclmulqdq dtes64 monitor ds_cpl vmx smx est tm2 ssse3 cx16 xtpr pdcm pcid sse4_1 sse4_2 x2apic popcnt tsc_deadline_timer aes xsave avx lahf_lm ida arat xsaveopt pln pts dtherm tpr_shadow vnmi flexpriority ept vpid
bogomips	: 3399.90
clflush size	: 64
cache_alignment	: 64
address sizes	: 36 bits physical, 48 bits virtual
power management:

processor	: 1
vendor_id	: GenuineIntel
cpu family	: 6
model		: 42
model name	: Intel(R) Core(TM) i5-2557M CPU @ 1.70GHz
stepping	: 7
microcode	: 0x1a
cpu MHz		: 800.000
cache size	: 3072 KB
physical id	: 0
siblings	: 4
core id		: 1
cpu cores	: 2
apicid		: 2
initial apicid	: 2
fpu		: yes
fpu_exception	: yes
cpuid level	: 13
wp		: yes
flags		: fpu vme de pse tsc msr pae mce cx8 apic sep mtrr pge mca cmov pat pse36 clflush dts acpi mmx fxsr sse sse2 ss ht tm pbe syscall nx rdtscp lm constant_tsc arch_perfmon pebs bts rep_good nopl xtopology nonstop_tsc aperfmperf pni pclmulqdq dtes64 monitor ds_cpl vmx smx est tm2 ssse3 cx16 xtpr pdcm pcid sse4_1 sse4_2 x2apic popcnt tsc_deadline_timer aes xsave avx lahf_lm ida arat xsaveopt pln pts dtherm tpr_shadow vnmi flexpriority ept vpid
bogomips	: 3399.90
clflush size	: 64
cache_alignment	: 64
address sizes	: 36 bits physical, 48 bits virtual
power management:

processor	: 2
vendor_id	: GenuineIntel
cpu family	: 6
model		: 42
model name	: Intel(R) Core(TM) i5-2557M CPU @ 1.70GHz
stepping	: 7
microcode	: 0x1a
cpu MHz		: 800.000
cache size	: 3072 KB
physical id	: 0
siblings	: 4
core id		: 0
cpu cores	: 2
apicid		: 1
initial apicid	: 1
fpu		: yes
fpu_exception	: yes
cpuid level	: 13
wp		: yes
flags		: fpu vme de pse tsc msr pae mce cx8 apic sep mtrr pge mca cmov pat pse36 clflush dts acpi mmx fxsr sse sse2 ss ht tm pbe syscall nx rdtscp lm constant_tsc arch_perfmon pebs bts rep_good nopl xtopology nonstop_tsc aperfmperf pni pclmulqdq dtes64 monitor ds_cpl vmx smx est tm2 ssse3 cx16 xtpr pdcm pcid sse4_1 sse4_2 x2apic popcnt tsc_deadline_timer aes xsave avx lahf_lm ida arat xsaveopt pln pts dtherm tpr_shadow vnmi flexpriority ept vpid
bogomips	: 3399.90
clflush size	: 64
cache_alignment	: 64
address sizes	: 36 bits physical, 48 bits virtual
power management:

processor	: 3
vendor_id	: GenuineIntel
cpu family	: 6
model		: 42
model name	: Intel(R) Core(TM) i5-2557M CPU @ 1.70GHz
stepping	: 7
microcode	: 0x1a
cpu MHz		: 800.000
cache size	: 3072 KB
physical id	: 0
siblings	: 4
core id		: 1
cpu cores	: 2
apicid		: 3
initial apicid	: 3
fpu		: yes
fpu_exception	: yes
cpuid level	: 13
wp		: yes
flags		: fpu vme de pse tsc msr pae mce cx8 apic sep mtrr pge mca cmov pat pse36 clflush dts acpi mmx fxsr sse sse2 ss ht tm pbe syscall nx rdtscp lm constant_tsc arch_perfmon pebs bts rep_good nopl xtopology nonstop_tsc aperfmperf pni pclmulqdq dtes64 monitor ds_cpl vmx smx est tm2 ssse3 cx16 xtpr pdcm pcid sse4_1 sse4_2 x2apic popcnt tsc_deadline_timer aes xsave avx lahf_lm ida arat xsaveopt pln pts dtherm tpr_shadow vnmi flexpriority ept vpid
bogomips	: 3399.91
clflush size	: 64
cache_alignment	: 64
address sizes	: 36 bits physical, 48 bits virtual
power management:



Memory: 4k page, physical 3971036k(1432188k free), swap 4103304k(4103304k free)

vm_info: OpenJDK 64-Bit Server VM (23.7-b01) for linux-amd64 JRE (1.7.0_25-b30), built on Jul  3 2013 10:28:26 by "jmm" with gcc 4.7.2

time: Wed Oct 16 16:47:00 2013
elapsed time: 189 seconds

