#
# A fatal error has been detected by the Java Runtime Environment:
#
#  SIGSEGV (0xb) at pc=0x00007ff0b6e3b9be, pid=21489, tid=140671503468288
#
# JRE version: 7.0_25-b30
# Java VM: OpenJDK 64-Bit Server VM (23.7-b01 mixed mode linux-amd64 compressed oops)
# Problematic frame:
# V  [libjvm.so+0x6c99be]  nmethod::add_handler_for_exception_and_pc(Handle, unsigned char*, unsigned char*)+0x12e
#
# Failed to write core dump. Core dumps have been disabled. To enable core dumping, try "ulimit -c unlimited" before starting Java again
#
# If you would like to submit a bug report, please include
# instructions on how to reproduce the bug and visit:
#   http://icedtea.classpath.org/bugzilla
#

---------------  T H R E A D  ---------------

Current thread (0x00000000022fa800):  JavaThread "clojure-agent-send-off-pool-34" [_thread_in_vm, id=23956, stack(0x00007ff0a2ee8000,0x00007ff0a2fe9000)]

siginfo:si_signo=SIGSEGV: si_errno=0, si_code=1 (SEGV_MAPERR), si_addr=0xfffffffc021d74f0

Registers:
RAX=0x00000000021d74e0, RBX=0x0000000001e645c0, RCX=0x0000000080000002, RDX=0xffffffff80000001
RSP=0x00007ff0a2fe5df0, RBP=0x00007ff0a2fe5e20, RSI=0x00007ff0b740ce93, RDI=0x00000000f1003f30
R8 =0x0000000000000000, R9 =0x0000000000000006, R10=0x00000000b93e9a20, R11=0x0000000000000000
R12=0x00007ff0af3eb80b, R13=0x00007ff0af3eb150, R14=0x00000000021d5bc8, R15=0x00007ff0af3eb7ec
RIP=0x00007ff0b6e3b9be, EFLAGS=0x0000000000010282, CSGSFS=0x0000000000000033, ERR=0x0000000000000007
  TRAPNO=0x000000000000000e

Top of Stack: (sp=0x00007ff0a2fe5df0)
0x00007ff0a2fe5df0:   00007ff0af03a390 00000000022fa800
0x00007ff0a2fe5e00:   00007ff0af3eb7ec 00007ff0af3eb80b
0x00007ff0a2fe5e10:   00007ff0a2fe6190 00000000f1003f30
0x00007ff0a2fe5e20:   00007ff0a2fe6180 00007ff0b6a7ad87
0x00007ff0a2fe5e30:   00000000021d5bc8 00007ff0a2fe6150
0x00007ff0a2fe5e40:   00007ff0a2fe6020 00000000f1003f30
0x00007ff0a2fe5e50:   00007ff0a2fe5ea0 00007ff0af08fc08
0x00007ff0a2fe5e60:   00000000f1003f30 0000000000000000
0x00007ff0a2fe5e70:   0000000000000000 00000000c3c390e0
0x00007ff0a2fe5e80:   00000000c38cedc8 00000000c38ce6c8
0x00007ff0a2fe5e90:   00000000c38ce248 ffffff0000000000
0x00007ff0a2fe5ea0:   00007ff0a2fe5fa8 00007ff0af0ce45c
0x00007ff0a2fe5eb0:   0000000000000000 0000000000000000
0x00007ff0a2fe5ec0:   0000000000000000 0000000000000000
0x00007ff0a2fe5ed0:   00000000f1003f30 0000000000000000
0x00007ff0a2fe5ee0:   0000000000000000 00000000f1003f30
0x00007ff0a2fe5ef0:   00007ff0aef5cb99 00000000022fa800
0x00007ff0a2fe5f00:   00007ff0a2fe5fa8 00007ff0af0bce14
0x00007ff0a2fe5f10:   00007ff0aef52410 00007ff000000000
0x00007ff0a2fe5f20:   00007ff0a2fe5fc0 00007ff0a2fe5f80
0x00007ff0a2fe5f30:   00007ff0a2fe5f78 00000000000000bf
0x00007ff0a2fe5f40:   00007ff0a2fe5fa8 00007ff0aef53158
0x00007ff0a2fe5f50:   00007ff0aef53158 0000000000000000
0x00007ff0a2fe5f60:   00000000f1003f30 00007ff0a2fe5f68
0x00007ff0a2fe5f70:   00000000b90302c2 00007ff0a2fe5fc0
0x00007ff0a2fe5f80:   00000000b9291cd8 0000000000000000
0x00007ff0a2fe5f90:   00000000b90302e8 0000000000000000
0x00007ff0a2fe5fa0:   00007ff0a2fe5fb8 00007ff0a2fe6008
0x00007ff0a2fe5fb0:   00007ff0aef53158 0000000000000000
0x00007ff0a2fe5fc0:   00000000f1003f30 00007ff0a2fe5fc8
0x00007ff0a2fe5fd0:   00000000b9ad2bfd 00007ff0a2fe6020
0x00007ff0a2fe5fe0:   00000000ba939770 0000000000000000 

Instructions: (pc=0x00007ff0b6e3b9be)
0x00007ff0b6e3b99e:   eb 0a 49 83 c0 08 4d 3b 78 08 74 46 83 c6 01 39
0x00007ff0b6e3b9ae:   ce 75 ef 31 d2 49 39 d4 74 19 48 63 d1 83 c1 01
0x00007ff0b6e3b9be:   4c 89 7c d0 08 4c 89 a4 d0 88 00 00 00 89 88 08
0x00007ff0b6e3b9ce:   01 00 00 48 83 c4 08 48 89 df 5b 41 5c 41 5d 41 

Register to memory mapping:

RAX=0x00000000021d74e0 is an unknown value
RBX=0x0000000001e645c0 is an unknown value
RCX=0x0000000080000002 is an unknown value
RDX=0xffffffff80000001 is an unknown value
RSP=0x00007ff0a2fe5df0 is pointing into the stack for thread: 0x00000000022fa800
RBP=0x00007ff0a2fe5e20 is pointing into the stack for thread: 0x00000000022fa800
RSI=0x00007ff0b740ce93: <offset 0xc9ae93> in /usr/lib/jvm/java-7-openjdk-amd64/jre/lib/amd64/server/libjvm.so at 0x00007ff0b6772000
RDI=0x00000000f1003f30 is an oop
java.lang.reflect.InvocationTargetException 
 - klass: 'java/lang/reflect/InvocationTargetException'
R8 =0x0000000000000000 is an unknown value
R9 =0x0000000000000006 is an unknown value
R10=0x00000000b93e9a20 is an oop
{constant pool} 
 - klass: {other class}
 - holder: 0x00000000b93ed5f0
 - cache: 0x00000000b9757d58
 -   1 :  : klass_index=76 name_and_type_index=250
 -   2 :  : klass_index=76 name_and_type_index=251
 -   3 :  : klass_index=126 name_and_type_index=252
 -   4 :  : klass_index=126 name_and_type_index=253
 -   5 :  : klass_index=38 name_and_type_index=254
 -   6 :  : klass_index=255 name_and_type_index=256
 -   7 :  : 'java/lang/StringBuilder'
 -   8 :  : klass_index=7 name_and_type_index=250
 -   9 :  : "No matching method found: " {0xf1004058}
 -  10 :  : klass_index=7 name_and_type_index=259
 -  11 :  : "" {0xc3600190}
 -  12 :  : " for " {0xf10040b8}
 -  13 :  : klass_index=7 name_and_type_index=262
 -  14 :  : klass_index=7 name_and_type_index=263
 -  15 :  : klass_index=264 name_and_type_index=265
 -  16 :  : 'java/lang/IllegalArgumentException'
 -  17 :  : klass_index=126 name_and_type_index=267
 -  18 :  : klass_index=16 name_and_type_index=268
 -  19 :  : klass_index=264 name_and_type_index=269
 -  20 :  : klass_index=264 name_and_type_index=270
 -  21 :  : 'java/lang/reflect/Method' {0xb9056ee0}
 -  22 :  : klass_index=21 name_and_type_index=272
 -  23 :  : klass_index=126 name_and_type_index=273
 -  24 :  : klass_index=264 name_and_type_index=274
 -  25 :  : klass_index=275 name_and_type_index=276
 -  26 :  : klass_index=275 name_and_type_index=277
 -  27 :  : klass_index=126 name_and_type_index=278
 -  28 :  : klass_index=279 name_and_type_index=280
 -  29 :  : klass_index=21 name_and_type_index=281
 -  30 :  : klass_index=282 name_and_type_index=283
 -  31 :  : klass_index=284 name_and_type_index=285
 -  32 :  : klass_index=126 name_and_type_index=286
 -  33 :  : "Can't call public method of non-public class: " {0xc46275a0}
 -  34 :  : klass_index=21 name_and_type_index=263
 -  35 :  : klass_index=21 name_and_type_index=288
 -  36 :  : klass_index=21 name_and_type_index=289
 -  37 :  : klass_index=126 name_and_type_index=290
 -  38 :  : 'java/lang/Exception' {0xb902a388}
 -  39 :  : klass_index=126 name_and_type_index=292
 -  40 :  : klass_index=282 name_and_type_index=293
 -  41 :  : klass_index=282 name_and_type_index=294
 -  42 :  : klass_index=126 name_and_type_index=295
 -  43 :  : klass_index=282 name_and_type_index=296
 -  44 :  : klass_index=21 name_and_type_index=297
 -  45 :  : klass_index=298 name_and_type_index=299
 -  46 :  : klass_index=282 name_and_type_index=300
 -  47 :  : klass_index=282 name_and_type_index=301
 -  48 :  : 'java/util/ArrayList' {0xb90f5438}
 -  49 :  : klass_index=48 name_and_type_index=250
 -  50 :  : klass_index=56 name_and_type_index=272
 -  51 :  : klass_index=48 name_and_type_index=303
 -  52 :  : klass_index=48 name_and_type_index=265
 -  53 :  : "No matching ctor found for " {0xc4627cd0}
 -  54 :  : klass_index=48 name_and_type_index=269
 -  55 :  : klass_index=48 name_and_type_index=270
 -  56 :  : 'java/lang/reflect/Constructor' {0xb905a660}
 -  57 :  : klass_index=56 name_and_type_index=306
 -  58 :  : klass_index=48 name_and_type_index=274
 -  59 :  : klass_index=126 name_and_type_index=307
 -  60 :  : klass_index=308 name_and_type_index=309
 -  61 :  : klass_index=126 name_and_type_index=310
 -  62 :  : "new" {0xc3acef70}
 -  63 :  : klass_index=126 name_and_type_index=312
 -  64 :  : klass_index=126 name_and_type_index=313
 -  65 :  : klass_index=126 name_and_type_index=314
 -  66 :  : klass_index=315 name_and_type_index=316
 -  67 :  : klass_index=315 name_and_type_index=317
 -  68 :  : 'java/lang/IllegalAccessException'
 -  69 :  : "No matching field found: " {0xf10040f0}
 -  70 :  : klass_index=126 name_and_type_index=320
 -  71 :  : klass_index=126 name_and_type_index=321
 -  72 :  : klass_index=315 name_and_type_index=322
 -  73 :  : klass_index=308 name_and_type_index=323
 -  74 :  : klass_index=126 name_and_type_index=324
 -  75 :  : klass_index=126 name_and_type_index=325
 -  76 :  : 'java/lang/Object' {0xb9002d78}
 -  77 :  : klass_index=282 name_and_type_index=327
 -  78 :  : klass_index=315 name_and_type_index=297
 -  79 :  : klass_index=315 name_and_type_index=283
 -  80 :  : klass_index=284 name_and_type_index=328
 -  81 :  : klass_index=21 name_and_type_index=283
 -  82 :  : klass_index=21 name_and_type_index=329
 -  83 :  : klass_index=282 name_and_type_index=330
 -  84 :  : klass_index=21 name_and_type_index=299
 -  85 :  : 'java/lang/NoSuchMethodException'
 -  86 :  : klass_index=48 name_and_type_index=332
 -  87 :  : klass_index=282 name_and_type_index=333
 -  88 :  : klass_index=282 name_and_type_index=334
 -  89 :  : klass_index=282 name_and_type_index=335
 -  90 :  : klass_index=91 name_and_type_index=336
 -  91 :  : 'java/lang/Boolean' {0xb90a2a28}
 -  92 :  : klass_index=93 name_and_type_index=336
 -  93 :  : 'java/lang/Character' {0xb90aa688}
 -  94 :  : 'java/lang/Number' {0xb90ad448}
 -  95 :  : klass_index=116 name_and_type_index=336
 -  96 :  : klass_index=94 name_and_type_index=340
 -  97 :  : klass_index=116 name_and_type_index=341
 -  98 :  : klass_index=118 name_and_type_index=336
 -  99 :  : klass_index=94 name_and_type_index=342
 - 100 :  : klass_index=118 name_and_type_index=343
 - 101 :  : klass_index=119 name_and_type_index=336
 - 102 :  : klass_index=94 name_and_type_index=344
 - 103 :  : klass_index=119 name_and_type_index=345
 - 104 :  : klass_index=117 name_and_type_index=336
 - 105 :  : klass_index=94 name_and_type_index=346
 - 106 :  : klass_index=117 name_and_type_index=347
 - 107 :  : klass_index=120 name_and_type_index=336
 - 108 :  : klass_index=94 name_and_type_index=348
 - 109 :  : klass_index=120 name_and_type_index=349
 - 110 :  : klass_index=121 name_and_type_index=336
 - 111 :  : klass_index=94 name_and_type_index=350
 - 112 :  : klass_index=121 name_and_type_index=351
 - 113 :  : "Unexpected param type, expected: " {0xc4627530}
 - 114 :  : ", given: " {0xc46274f0}
 - 115 :  : klass_index=282 name_and_type_index=297
 - 116 :  : 'java/lang/Integer' {0xb90b83a0}
 - 117 :  : 'java/lang/Long' {0xb90bc410}
 - 118 :  : 'java/lang/Float' {0xb90ad6d8}
 - 119 :  : 'java/lang/Double' {0xb90aff28}
 - 120 :  : 'java/lang/Short' {0xb90b3eb8}
 - 121 :  : 'java/lang/Byte' {0xb90b1e38}
 - 122 :  : klass_index=126 name_and_type_index=360
 - 123 :  : klass_index=91 name_and_type_index=361
 - 124 :  : klass_index=91 name_and_type_index=362
 - 125 :  : klass_index=91 name_and_type_index=363
 - 126 :  : 'clojure/lang/Reflector' {0xb93ed5f0}
 - 127 :  : '<init>'
 - 128 :  : '()V'
 - 129 :  : 'Code'
 - 130 :  : 'LineNumberTable'
 - 131 :  : 'LocalVariableTable'
 - 132 :  : 'this'
 - 133 :  : 'Lclojure/lang/Reflector;'
 - 134 :  : 'invokeInstanceMethod'
 - 135 :  : '(Ljava/lang/Object;Ljava/lang/String;[Ljava/lang/Object;)Ljava/lang/Object;'
 - 136 :  : 'target'
 - 137 :  : 'Ljava/lang/Object;'
 - 138 :  : 'methodName'
 - 139 :  : 'Ljava/lang/String;'
 - 140 :  : 'args'
 - 141 :  : '[Ljava/lang/Object;'
 - 142 :  : 'c'
 - 143 :  : 'Ljava/lang/Class;'
 - 144 :  : 'methods'
 - 145 :  : 'Ljava/util/List;'
 - 146 :  : 'getCauseOrElse'
 - 147 :  : '(Ljava/lang/Exception;)Ljava/lang/Throwable;'
 - 148 :  : 'e'
 - 149 :  : 'Ljava/lang/Exception;'
 - 150 :  : 'throwCauseOrElseException'
 - 151 :  : '(Ljava/lang/Exception;)Ljava/lang/RuntimeException;'
 - 152 :  : 'noMethodReport'
 - 153 :  : '(Ljava/lang/String;Ljava/lang/Object;)Ljava/lang/String;'
 - 154 :  : 'invokeMatchingMethod'
 - 155 :  : '(Ljava/lang/String;Ljava/util/List;Ljava/lang/Object;[Ljava/lang/Object;)Ljava/lang/Object;'
 - 156 :  : 'params'
 - 157 :  : '[Ljava/lang/Class;'
 - 158 :  : 'i'
 - 159 :  : 'Ljava/util/Iterator;'
 - 160 :  : 'foundm'
 - 161 :  : 'Ljava/lang/reflect/Method;'
 - 162 :  : 'oldm'
 - 163 :  : 'm'
 - 164 :  : 'boxedArgs'
 - 165 :  : 'getAsMethodOfPublicBase'
 - 166 :  : '(Ljava/lang/Class;Ljava/lang/reflect/Method;)Ljava/lang/reflect/Method;'
 - 167 :  : 'im'
 - 168 :  : 'arr$'
 - 169 :  : '[Ljava/lang/reflect/Method;'
 - 170 :  : 'len$'
 - 171 :  : 'I'
 - 172 :  : 'i$'
 - 173 :  : 'iface'
 - 174 :  : 'scm'
 - 175 :  : 'sc'
 - 176 :  : 'isMatch'
 - 177 :  : '(Ljava/lang/reflect/Method;Ljava/lang/reflect/Method;)Z'
 - 178 :  : 'lhs'
 - 179 :  : 'rhs'
 - 180 :  : 'types1'
 - 181 :  : 'types2'
 - 182 :  : 'match'
 - 183 :  : 'Z'
 - 184 :  : 'invokeConstructor'
 - 185 :  : '(Ljava/lang/Class;[Ljava/lang/Object;)Ljava/lang/Object;'
 - 186 :  : 'ctor'
 - 187 :  : 'Ljava/lang/reflect/Constructor;'
 - 188 :  : 'iterator'
 - 189 :  : 'allctors'
 - 190 :  : '[Ljava/lang/reflect/Constructor;'
 - 191 :  : 'ctors'
 - 192 :  : 'Ljava/util/ArrayList;'
 - 193 :  : 'invokeStaticMethodVariadic'
 - 194 :  : '(Ljava/lang/String;Ljava/lang/String;[Ljava/lang/Object;)Ljava/lang/Object;'
 - 195 :  : 'className'
 - 196 :  : 'invokeStaticMethod'
 - 197 :  : '(Ljava/lang/Class;Ljava/lang/String;[Ljava/lang/Object;)Ljava/lang/Object;'
 - 198 :  : 'getStaticField'
 - 199 :  : '(Ljava/lang/String;Ljava/lang/String;)Ljava/lang/Object;'
 - 200 :  : 'fieldName'
 - 201 :  : '(Ljava/lang/Class;Ljava/lang/String;)Ljava/lang/Object;'
 - 202 :  : 'Ljava/lang/IllegalAccessException;'
 - 203 :  : 'f'
 - 204 :  : 'Ljava/lang/reflect/Field;'
 - 205 :  : 'setStaticField'
 - 206 :  : '(Ljava/lang/String;Ljava/lang/String;Ljava/lang/Object;)Ljava/lang/Object;'
 - 207 :  : 'val'
 - 208 :  : '(Ljava/lang/Class;Ljava/lang/String;Ljava/lang/Object;)Ljava/lang/Object;'
 - 209 :  : 'getInstanceField'
 - 210 :  : '(Ljava/lang/Object;Ljava/lang/String;)Ljava/lang/Object;'
 - 211 :  : 'setInstanceField'
 - 212 :  : '(Ljava/lang/Object;Ljava/lang/String;Ljava/lang/Object;)Ljava/lang/Object;'
 - 213 :  : 'invokeNoArgInstanceMember'
 - 214 :  : 'name'
 - 215 :  : 'meths'
 - 216 :  : 'invokeInstanceMember'
 - 217 :  : '(Ljava/lang/String;Ljava/lang/Object;Ljava/lang/Object;)Ljava/lang/Object;'
 - 218 :  : 'arg1'
 - 219 :  : '(Ljava/lang/String;Ljava/lang/Object;[Ljava/lang/Object;)Ljava/lang/Object;'
 - 220 :  : 'getField'
 - 221 :  : '(Ljava/lang/Class;Ljava/lang/String;Z)Ljava/lang/reflect/Field;'
 - 222 :  : 'getStatics'
 - 223 :  : 'allfields'
 - 224 :  : '[Ljava/lang/reflect/Field;'
 - 225 :  : 'getMethods'
 - 226 :  : '(Ljava/lang/Class;ILjava/lang/String;Z)Ljava/util/List;'
 - 227 :  : 'Ljava/lang/NoSuchMethodException;'
 - 228 :  : 'method'
 - 229 :  : 'arity'
 - 230 :  : 'allmethods'
 - 231 :  : 'bridgeMethods'
 - 232 :  : 'boxArg'
 - 233 :  : '(Ljava/lang/Class;Ljava/lang/Object;)Ljava/lang/Object;'
 - 234 :  : 'n'
 - 235 :  : 'Ljava/lang/Number;'
 - 236 :  : 'paramType'
 - 237 :  : 'arg'
 - 238 :  : 'boxArgs'
 - 239 :  : '([Ljava/lang/Class;[Ljava/lang/Object;)[Ljava/lang/Object;'
 - 240 :  : 'ret'
 - 241 :  : 'paramArgTypeMatch'
 - 242 :  : '(Ljava/lang/Class;Ljava/lang/Class;)Z'
 - 243 :  : 'argType'
 - 244 :  : 'isCongruent'
 - 245 :  : '([Ljava/lang/Class;[Ljava/lang/Object;)Z'
 - 246 :  : 'prepRet'
 - 247 :  : 'x'
 - 248 :  : 'SourceFile'
 - 249 :  : 'Reflector.java'
 - 250 :  : name_index=127 signature_index=128
 - 251 :  : name_index=365 signature_index=366
 - 252 :  : name_index=225 signature_index=226
 - 253 :  : name_index=154 signature_index=155
 - 254 :  : name_index=367 signature_index=368
 - 255 :  : 'clojure/lang/Util' {0xb92e5a10}
 - 256 :  : name_index=370 signature_index=371
 - 257 :  : 'java/lang/StringBuilder'
 - 258 :  : 'No matching method found: '
 - 259 :  : name_index=372 signature_index=373
 - 260 :  : ''
 - 261 :  : ' for '
 - 262 :  : name_index=372 signature_index=374
 - 263 :  : name_index=375 signature_index=376
 - 264 :  : 'java/util/List' {0xb90d4228}
 - 265 :  : name_index=378 signature_index=379
 - 266 :  : 'java/lang/IllegalArgumentException'
 - 267 :  : name_index=152 signature_index=153
 - 268 :  : name_index=127 signature_index=380
 - 269 :  : name_index=381 signature_index=382
 - 270 :  : name_index=383 signature_index=384
 - 271 :  : 'java/lang/reflect/Method'
 - 272 :  : name_index=385 signature_index=386
 - 273 :  : name_index=238 signature_index=239
 - 274 :  : name_index=188 signature_index=387
 - 275 :  : 'java/util/Iterator' {0xb9123a88}
 - 276 :  : name_index=389 signature_index=379
 - 277 :  : name_index=390 signature_index=391
 - 278 :  : name_index=244 signature_index=245
 - 279 :  : 'clojure/lang/Compiler' {0xb93192d8}
 - 280 :  : name_index=393 signature_index=394
 - 281 :  : name_index=395 signature_index=366
 - 282 :  : 'java/lang/Class' {0xb9019378}
 - 283 :  : name_index=397 signature_index=382
 - 284 :  : 'java/lang/reflect/Modifier' {0xb91280c0}
 - 285 :  : name_index=399 signature_index=400
 - 286 :  : name_index=165 signature_index=166
 - 287 :  : 'Can't call public method of non-public class: '
 - 288 :  : name_index=401 signature_index=366
 - 289 :  : name_index=402 signature_index=403
 - 290 :  : name_index=246 signature_index=233
 - 291 :  : 'java/lang/Exception'
 - 292 :  : name_index=146 signature_index=147
 - 293 :  : name_index=404 signature_index=386
 - 294 :  : name_index=225 signature_index=405
 - 295 :  : name_index=176 signature_index=177
 - 296 :  : name_index=406 signature_index=366
 - 297 :  : name_index=407 signature_index=376
 - 298 :  : 'java/lang/String' {0xb900ce18}
 - 299 :  : name_index=409 signature_index=410
 - 300 :  : name_index=411 signature_index=412
 - 301 :  : name_index=413 signature_index=414
 - 302 :  : 'java/util/ArrayList'
 - 303 :  : name_index=415 signature_index=410
 - 304 :  : 'No matching ctor found for '
 - 305 :  : 'java/lang/reflect/Constructor'
 - 306 :  : name_index=416 signature_index=417
 - 307 :  : name_index=196 signature_index=194
 - 308 :  : 'clojure/lang/RT' {0xb92ff010}
 - 309 :  : name_index=419 signature_index=420
 - 310 :  : name_index=196 signature_index=197
 - 311 :  : 'new'
 - 312 :  : name_index=184 signature_index=185
 - 313 :  : name_index=198 signature_index=201
 - 314 :  : name_index=220 signature_index=221
 - 315 :  : 'java/lang/reflect/Field' {0xb9053420}
 - 316 :  : name_index=422 signature_index=366
 - 317 :  : name_index=383 signature_index=423
 - 318 :  : 'java/lang/IllegalAccessException'
 - 319 :  : 'No matching field found: '
 - 320 :  : name_index=205 signature_index=208
 - 321 :  : name_index=232 signature_index=233
 - 322 :  : name_index=424 signature_index=425
 - 323 :  : name_index=426 signature_index=141
 - 324 :  : name_index=209 signature_index=210
 - 325 :  : name_index=134 signature_index=135
 - 326 :  : 'java/lang/Object'
 - 327 :  : name_index=427 signature_index=428
 - 328 :  : name_index=429 signature_index=400
 - 329 :  : name_index=430 signature_index=379
 - 330 :  : name_index=431 signature_index=432
 - 331 :  : 'java/lang/NoSuchMethodException'
 - 332 :  : name_index=433 signature_index=434
 - 333 :  : name_index=435 signature_index=379
 - 334 :  : name_index=436 signature_index=379
 - 335 :  : name_index=437 signature_index=423
 - 336 :  : name_index=438 signature_index=143
 - 337 :  : 'java/lang/Boolean'
 - 338 :  : 'java/lang/Character'
 - 339 :  : 'java/lang/Number'
 - 340 :  : name_index=439 signature_index=382
 - 341 :  : name_index=440 signature_index=441
 - 342 :  : name_index=442 signature_index=443
 - 343 :  : name_index=440 signature_index=444
 - 344 :  : name_index=445 signature_index=446
 - 345 :  : name_index=440 signature_index=447
 - 346 :  : name_index=448 signature_index=449
 - 347 :  : name_index=440 signature_index=450
 - 348 :  : name_index=451 signature_index=452
 - 349 :  : name_index=440 signature_index=453
 - 350 :  : name_index=454 signature_index=455
 - 351 :  : name_index=440 signature_index=456
 - 352 :  : 'Unexpected param type, expected: '
 - 353 :  : ', given: '
 - 354 :  : 'java/lang/Integer'
 - 355 :  : 'java/lang/Long'
 - 356 :  : 'java/lang/Float'
 - 357 :  : 'java/lang/Double'
 - 358 :  : 'java/lang/Short'
 - 359 :  : 'java/lang/Byte'
 - 360 :  : name_index=241 signature_index=242
 - 361 :  : name_index=457 signature_index=379
 - 362 :  : name_index=458 signature_index=459
 - 363 :  : name_index=460 signature_index=459
 - 364 :  : 'clojure/lang/Reflector'
 - 365 :  : 'getClass'
 - 366 :  : '()Ljava/lang/Class;'
 - 367 :  : 'getCause'
 - 368 :  : '()Ljava/lang/Throwable;'
 - 369 :  : 'clojure/lang/Util'
 - 370 :  : 'sneakyThrow'
 - 371 :  : '(Ljava/lang/Throwable;)Ljava/lang/RuntimeException;'
 - 372 :  : 'append'
 - 373 :  : '(Ljava/lang/String;)Ljava/lang/StringBuilder;'
 - 374 :  : '(Ljava/lang/Object;)Ljava/lang/StringBuilder;'
 - 375 :  : 'toString'
 - 376 :  : '()Ljava/lang/String;'
 - 377 :  : 'java/util/List'
 - 378 :  : 'isEmpty'
 - 379 :  : '()Z'
 - 380 :  : '(Ljava/lang/String;)V'
 - 381 :  : 'size'
 - 382 :  : '()I'
 - 383 :  : 'get'
 - 384 :  : '(I)Ljava/lang/Object;'
 - 385 :  : 'getParameterTypes'
 - 386 :  : '()[Ljava/lang/Class;'
 - 387 :  : '()Ljava/util/Iterator;'
 - 388 :  : 'java/util/Iterator'
 - 389 :  : 'hasNext'
 - 390 :  : 'next'
 - 391 :  : '()Ljava/lang/Object;'
 - 392 :  : 'clojure/lang/Compiler'
 - 393 :  : 'subsumes'
 - 394 :  : '([Ljava/lang/Class;[Ljava/lang/Class;)Z'
 - 395 :  : 'getDeclaringClass'
 - 396 :  : 'java/lang/Class'
 - 397 :  : 'getModifiers'
 - 398 :  : 'java/lang/reflect/Modifier'
 - 399 :  : 'isPublic'
 - 400 :  : '(I)Z'
 - 401 :  : 'getReturnType'
 - 402 :  : 'invoke'
 - 403 :  : '(Ljava/lang/Object;[Ljava/lang/Object;)Ljava/lang/Object;'
 - 404 :  : 'getInterfaces'
 - 405 :  : '()[Ljava/lang/reflect/Method;'
 - 406 :  : 'getSuperclass'
 - 407 :  : 'getName'
 - 408 :  : 'java/lang/String'
 - 409 :  : 'equals'
 - 410 :  : '(Ljava/lang/Object;)Z'
 - 411 :  : 'isAssignableFrom'
 - 412 :  : '(Ljava/lang/Class;)Z'
 - 413 :  : 'getConstructors'
 - 414 :  : '()[Ljava/lang/reflect/Constructor;'
 - 415 :  : 'add'
 - 416 :  : 'newInstance'
 - 417 :  : '([Ljava/lang/Object;)Ljava/lang/Object;'
 - 418 :  : 'clojure/lang/RT'
 - 419 :  : 'classForName'
 - 420 :  : '(Ljava/lang/String;)Ljava/lang/Class;'
 - 421 :  : 'java/lang/reflect/Field'
 - 422 :  : 'getType'
 - 423 :  : '(Ljava/lang/Object;)Ljava/lang/Object;'
 - 424 :  : 'set'
 - 425 :  : '(Ljava/lang/Object;Ljava/lang/Object;)V'
 - 426 :  : 'EMPTY_ARRAY'
 - 427 :  : 'getFields'
 - 428 :  : '()[Ljava/lang/reflect/Field;'
 - 429 :  : 'isStatic'
 - 430 :  : 'isBridge'
 - 431 :  : 'getMethod'
 - 432 :  : '(Ljava/lang/String;[Ljava/lang/Class;)Ljava/lang/reflect/Method;'
 - 433 :  : 'addAll'
 - 434 :  : '(Ljava/util/Collection;)Z'
 - 435 :  : 'isInterface'
 - 436 :  : 'isPrimitive'
 - 437 :  : 'cast'
 - 438 :  : 'TYPE'
 - 439 :  : 'intValue'
 - 440 :  : 'valueOf'
 - 441 :  : '(I)Ljava/lang/Integer;'
 - 442 :  : 'floatValue'
 - 443 :  : '()F'
 - 444 :  : '(F)Ljava/lang/Float;'
 - 445 :  : 'doubleValue'
 - 446 :  : '()D'
 - 447 :  : '(D)Ljava/lang/Double;'
 - 448 :  : 'longValue'
 - 449 :  : '()J'
 - 450 :  : '(J)Ljava/lang/Long;'
 - 451 :  : 'shortValue'
 - 452 :  : '()S'
 - 453 :  : '(S)Ljava/lang/Short;'
 - 454 :  : 'byteValue'
 - 455 :  : '()B'
 - 456 :  : '(B)Ljava/lang/Byte;'
 - 457 :  : 'booleanValue'
 - 458 :  : 'TRUE'
 - 459 :  : 'Ljava/lang/Boolean;'
 - 460 :  : 'FALSE'

R11=0x0000000000000000 is an unknown value
R12=0x00007ff0af3eb150 [CodeBlob (0x00007ff0af3eb150)]
Framesize: 32
R13=0x00007ff0af3eb150 [CodeBlob (0x00007ff0af3eb150)]
Framesize: 32
R14=0x00000000021d5bc8 is an unknown value
R15=0x00007ff0af3eb150 [CodeBlob (0x00007ff0af3eb150)]
Framesize: 32


Stack: [0x00007ff0a2ee8000,0x00007ff0a2fe9000],  sp=0x00007ff0a2fe5df0,  free space=1015k
Native frames: (J=compiled Java code, j=interpreted, Vv=VM code, C=native code)
V  [libjvm.so+0x6c99be]  nmethod::add_handler_for_exception_and_pc(Handle, unsigned char*, unsigned char*)+0x12e
V  [libjvm.so+0x308d87]  exception_handler_for_pc_helper(JavaThread*, oopDesc*, unsigned char*, nmethod*&)+0x157
V  [libjvm.so+0x30a428]  Runtime1::exception_handler_for_pc(JavaThread*)+0x28
v  ~RuntimeStub::handle_exception_from_callee Runtime1 stub
J  clojure.lang.Reflector.invokeMatchingMethod(Ljava/lang/String;Ljava/util/List;Ljava/lang/Object;[Ljava/lang/Object;)Ljava/lang/Object;
J  clojure.core$binding_conveyor_fn$fn__4107.invoke()Ljava/lang/Object;
j  java.util.concurrent.ThreadPoolExecutor$Worker.run()V+5
j  java.lang.Thread.run()V+11
v  ~StubRoutines::call_stub
V  [libjvm.so+0x527a8e]  JavaCalls::call_helper(JavaValue*, methodHandle*, JavaCallArguments*, Thread*)+0x32e
V  [libjvm.so+0x526d0a]  JavaCalls::call_virtual(JavaValue*, KlassHandle, Symbol*, Symbol*, JavaCallArguments*, Thread*)+0x1aa
V  [libjvm.so+0x526d5f]  JavaCalls::call_virtual(JavaValue*, Handle, KlassHandle, Symbol*, Symbol*, Thread*)+0x4f
V  [libjvm.so+0x55e0bf]  thread_entry(JavaThread*, Thread*)+0xdf
V  [libjvm.so+0x80f542]  JavaThread::thread_main_inner()+0xf2
V  [libjvm.so+0x6f3ba2]  java_start(Thread*)+0xf2

Java frames: (J=compiled Java code, j=interpreted, Vv=VM code)
v  ~RuntimeStub::handle_exception_from_callee Runtime1 stub
J  clojure.lang.Reflector.invokeMatchingMethod(Ljava/lang/String;Ljava/util/List;Ljava/lang/Object;[Ljava/lang/Object;)Ljava/lang/Object;
J  clojure.lang.Reflector.invokeNoArgInstanceMember(Ljava/lang/Object;Ljava/lang/String;)Ljava/lang/Object;
J  cravendb.indexengine$open_storage_for_index.invoke(Ljava/lang/Object;Ljava/lang/Object;)Ljava/lang/Object;
J  clojure.lang.AFn.applyToHelper(Lclojure/lang/IFn;Lclojure/lang/ISeq;)Ljava/lang/Object;
J  clojure.lang.AFn.applyTo(Lclojure/lang/ISeq;)Ljava/lang/Object;
J  clojure.core$apply.invoke(Ljava/lang/Object;Ljava/lang/Object;Ljava/lang/Object;)Ljava/lang/Object;
J  clojure.core$partial$fn__4190.doInvoke(Ljava/lang/Object;)Ljava/lang/Object;
J  clojure.lang.RestFn.invoke(Ljava/lang/Object;)Ljava/lang/Object;
J  clojure.core$comp$fn__4156.invoke(Ljava/lang/Object;)Ljava/lang/Object;
J  clojure.core$map$fn__4207.invoke()Ljava/lang/Object;
J  clojure.lang.LazySeq.sval()Ljava/lang/Object;
J  clojure.lang.LazySeq.seq()Lclojure/lang/ISeq;
J  clojure.lang.RT.seq(Ljava/lang/Object;)Lclojure/lang/ISeq;
J  clojure.core$seq.invoke(Ljava/lang/Object;)Ljava/lang/Object;
J  clojure.core$dorun.invoke(Ljava/lang/Object;)Ljava/lang/Object;
J  clojure.core$doall.invoke(Ljava/lang/Object;)Ljava/lang/Object;
J  cravendb.indexengine$load_compiled_indexes.invoke(Ljava/lang/Object;)Ljava/lang/Object;
J  cravendb.indexengine$load_from.invoke(Ljava/lang/Object;)Ljava/lang/Object;
J  cravendb.indexengine$refresh_indexes.invoke(Ljava/lang/Object;)Ljava/lang/Object;
j  cravendb.indexengine$main_indexing_loop$fn__6818.invoke()Ljava/lang/Object;+13
J  clojure.core$binding_conveyor_fn$fn__4107.invoke()Ljava/lang/Object;
J  clojure.lang.AFn.call()Ljava/lang/Object;
J  java.util.concurrent.FutureTask$Sync.innerRun()V
J  java.util.concurrent.FutureTask.run()V
j  java.util.concurrent.ThreadPoolExecutor.runWorker(Ljava/util/concurrent/ThreadPoolExecutor$Worker;)V+95
j  java.util.concurrent.ThreadPoolExecutor$Worker.run()V+5
j  java.lang.Thread.run()V+11
v  ~StubRoutines::call_stub

---------------  P R O C E S S  ---------------

Java Threads: ( => current thread )
  0x00000000022fc800 JavaThread "clojure-agent-send-off-pool-36" [_thread_blocked, id=23975, stack(0x00007ff0a2ce6000,0x00007ff0a2de7000)]
  0x0000000002306000 JavaThread "clojure-agent-send-off-pool-35" [_thread_blocked, id=23974, stack(0x00007ff0a2de7000,0x00007ff0a2ee8000)]
=>0x00000000022fa800 JavaThread "clojure-agent-send-off-pool-34" [_thread_in_vm, id=23956, stack(0x00007ff0a2ee8000,0x00007ff0a2fe9000)]
  0x00000000022ea000 JavaThread "nREPL-worker-11" daemon [_thread_blocked, id=23955, stack(0x00007ff0a37f8000,0x00007ff0a38f9000)]
  0x000000000203b000 JavaThread "clojure-agent-send-off-pool-33" [_thread_in_native, id=23954, stack(0x00007ff0a3cfd000,0x00007ff0a3dfe000)]
  0x00000000022cf000 JavaThread "clojure-agent-send-off-pool-32" [_thread_in_native, id=23953, stack(0x00007ff0a3dfe000,0x00007ff0a3eff000)]
  0x0000000002078000 JavaThread "clojure-agent-send-off-pool-31" [_thread_blocked, id=23952, stack(0x00007ff0a3eff000,0x00007ff0a4000000)]
  0x00000000021e5000 JavaThread "clojure-agent-send-pool-5" daemon [_thread_blocked, id=23920, stack(0x00007ff0a2fe9000,0x00007ff0a30ea000)]
  0x00000000020d1800 JavaThread "clojure-agent-send-pool-4" daemon [_thread_blocked, id=23918, stack(0x00007ff0a30ea000,0x00007ff0a31eb000)]
  0x0000000002218800 JavaThread "clojure-agent-send-pool-3" daemon [_thread_blocked, id=23917, stack(0x00007ff0a31eb000,0x00007ff0a32ec000)]
  0x000000000228e000 JavaThread "clojure-agent-send-pool-2" daemon [_thread_blocked, id=23916, stack(0x00007ff0a32ec000,0x00007ff0a33ed000)]
  0x00000000020d8800 JavaThread "clojure-agent-send-pool-1" daemon [_thread_blocked, id=23915, stack(0x00007ff0a33ed000,0x00007ff0a34ee000)]
  0x0000000002178800 JavaThread "clojure-agent-send-pool-0" daemon [_thread_blocked, id=23914, stack(0x00007ff0a34ee000,0x00007ff0a35ef000)]
  0x0000000001ff5000 JavaThread "clojure-agent-send-off-pool-26" [_thread_blocked, id=23901, stack(0x00007ff0a39fa000,0x00007ff0a3afb000)]
  0x00000000022ec000 JavaThread "clojure-agent-send-off-pool-6" [_thread_in_native, id=21518, stack(0x00007ff0a38f9000,0x00007ff0a39fa000)]
  0x00000000022de000 JavaThread "clojure-agent-send-off-pool-4" [_thread_blocked, id=21516, stack(0x00007ff0a3afb000,0x00007ff0a3bfc000)]
  0x00007ff0a46b2000 JavaThread "clojure-agent-send-off-pool-3" [_thread_blocked, id=21514, stack(0x00007ff0a3bfc000,0x00007ff0a3cfd000)]
  0x0000000001f7b000 JavaThread "Service Thread" daemon [_thread_blocked, id=21507, stack(0x00007ff0a9ea0000,0x00007ff0a9fa1000)]
  0x0000000001f78800 JavaThread "C1 CompilerThread2" daemon [_thread_blocked, id=21506, stack(0x00007ff0a9fa1000,0x00007ff0aa0a2000)]
  0x0000000001f76000 JavaThread "C2 CompilerThread1" daemon [_thread_blocked, id=21505, stack(0x00007ff0aa0a2000,0x00007ff0aa1a3000)]
  0x0000000001f73000 JavaThread "C2 CompilerThread0" daemon [_thread_blocked, id=21504, stack(0x00007ff0aa1a3000,0x00007ff0aa2a4000)]
  0x0000000001f70800 JavaThread "Signal Dispatcher" daemon [_thread_blocked, id=21503, stack(0x00007ff0aa2a4000,0x00007ff0aa3a5000)]
  0x0000000001f11800 JavaThread "Finalizer" daemon [_thread_blocked, id=21502, stack(0x00007ff0aa51c000,0x00007ff0aa61d000)]
  0x0000000001f0f000 JavaThread "Reference Handler" daemon [_thread_blocked, id=21501, stack(0x00007ff0aa61d000,0x00007ff0aa71e000)]
  0x0000000001e68000 JavaThread "main" [_thread_blocked, id=21493, stack(0x00007ff0b80fc000,0x00007ff0b81fd000)]

Other Threads:
  0x0000000001f06800 VMThread [stack: 0x00007ff0aa71e000,0x00007ff0aa81f000] [id=21500]
  0x0000000001f85800 WatcherThread [stack: 0x00007ff0a9d9f000,0x00007ff0a9ea0000] [id=21508]

VM state:synchronizing (normal execution)

VM Mutex/Monitor currently owned by a thread:  ([mutex/lock_event])
[0x0000000001e645c0] ExceptionCache_lock - owner thread: 0x00000000022fa800
[0x0000000001e64940] Threads_lock - owner thread: 0x0000000001f06800

Heap
 PSYoungGen      total 324800K, used 92109K [0x00000000ebcb0000, 0x0000000100000000, 0x0000000100000000)
  eden space 318976K, 27% used [0x00000000ebcb0000,0x00000000f10f5b58,0x00000000ff430000)
  from space 5824K, 99% used [0x00000000ff430000,0x00000000ff9dd8e0,0x00000000ff9e0000)
  to   space 6272K, 0% used [0x00000000ff9e0000,0x00000000ff9e0000,0x0000000100000000)
 ParOldGen       total 41408K, used 29161K [0x00000000c3600000, 0x00000000c5e70000, 0x00000000ebcb0000)
  object space 41408K, 70% used [0x00000000c3600000,0x00000000c527a598,0x00000000c5e70000)
 PSPermGen       total 36416K, used 36369K [0x00000000b9000000, 0x00000000bb390000, 0x00000000c3600000)
  object space 36416K, 99% used [0x00000000b9000000,0x00000000bb3844a0,0x00000000bb390000)

Card table byte_map: [0x00007ff0aeb94000,0x00007ff0aedcd000] byte_map_base: 0x00007ff0ae5cc000

Polling page: 0x00007ff0b821b000

Code Cache  [0x00007ff0aef4d000, 0x00007ff0af62d000, 0x00007ff0b4f4d000)
 total_blobs=3396 nmethods=3025 adapters=304 free_code_cache=91325Kb largest_free_block=93515584

Compilation events (10 events):
Event: 8116.340 Thread 0x0000000001f78800 3041       1       org.apache.lucene.index.DocumentsWriterFlushControl::<init> (170 bytes)
Event: 8116.340 Thread 0x0000000001f78800 nmethod 3041 0x00007ff0af61a2d0 code [0x00007ff0af61a460, 0x00007ff0af61ab18]
Event: 8116.341 Thread 0x0000000001f78800 3042       1       org.apache.lucene.index.DocumentsWriterStallControl::<init> (16 bytes)
Event: 8116.341 Thread 0x0000000001f78800 nmethod 3042 0x00007ff0af61add0 code [0x00007ff0af61af20, 0x00007ff0af61b170]
Event: 8116.341 Thread 0x0000000001f78800 3043       1       org.apache.lucene.index.IndexFileDeleter$CommitPoint::<init> (60 bytes)
Event: 8116.341 Thread 0x0000000001f78800 nmethod 3043 0x00007ff0af61b250 code [0x00007ff0af61b3e0, 0x00007ff0af61b758]
Event: 8116.341 Thread 0x0000000001f78800 3044  s    1       org.apache.lucene.index.IndexWriter::finishMerges (327 bytes)
Event: 8116.343 Thread 0x0000000001f78800 nmethod 3044 0x00007ff0af61b950 code [0x00007ff0af61bd20, 0x00007ff0af61cec8]
Event: 8116.475 Thread 0x0000000001f78800 3045       1       clojure.java.io$file::getRequiredArity (2 bytes)
Event: 8116.476 Thread 0x0000000001f78800 nmethod 3045 0x00007ff0af61ddd0 code [0x00007ff0af61df20, 0x00007ff0af61e070]

GC Heap History (10 events):
Event: 5.103 GC heap before
{Heap before GC invocations=11 (full 0):
 PSYoungGen      total 204928K, used 204054K [0x00000000ebcb0000, 0x00000000f8b80000, 0x0000000100000000)
  eden space 198848K, 100% used [0x00000000ebcb0000,0x00000000f7ee0000,0x00000000f7ee0000)
  from space 6080K, 85% used [0x00000000f8510000,0x00000000f8a259f0,0x00000000f8b00000)
  to   space 6336K, 0% used [0x00000000f7ee0000,0x00000000f7ee0000,0x00000000f8510000)
 ParOldGen       total 41408K, used 11657K [0x00000000c3600000, 0x00000000c5e70000, 0x00000000ebcb0000)
  object space 41408K, 28% used [0x00000000c3600000,0x00000000c4162660,0x00000000c5e70000)
 PSPermGen       total 25472K, used 25382K [0x00000000b9000000, 0x00000000ba8e0000, 0x00000000c3600000)
  object space 25472K, 99% used [0x00000000b9000000,0x00000000ba8c9928,0x00000000ba8e0000)
Event: 5.117 GC heap after
Heap after GC invocations=11 (full 0):
 PSYoungGen      total 205184K, used 3119K [0x00000000ebcb0000, 0x00000000fffb0000, 0x0000000100000000)
  eden space 198848K, 0% used [0x00000000ebcb0000,0x00000000ebcb0000,0x00000000f7ee0000)
  from space 6336K, 49% used [0x00000000f7ee0000,0x00000000f81ebf58,0x00000000f8510000)
  to   space 6272K, 0% used [0x00000000ff990000,0x00000000ff990000,0x00000000fffb0000)
 ParOldGen       total 41408K, used 15675K [0x00000000c3600000, 0x00000000c5e70000, 0x00000000ebcb0000)
  object space 41408K, 37% used [0x00000000c3600000,0x00000000c454ece8,0x00000000c5e70000)
 PSPermGen       total 25472K, used 25382K [0x00000000b9000000, 0x00000000ba8e0000, 0x00000000c3600000)
  object space 25472K, 99% used [0x00000000b9000000,0x00000000ba8c9928,0x00000000ba8e0000)
}
Event: 5.321 GC heap before
{Heap before GC invocations=12 (full 0):
 PSYoungGen      total 205184K, used 201967K [0x00000000ebcb0000, 0x00000000fffb0000, 0x0000000100000000)
  eden space 198848K, 100% used [0x00000000ebcb0000,0x00000000f7ee0000,0x00000000f7ee0000)
  from space 6336K, 49% used [0x00000000f7ee0000,0x00000000f81ebf58,0x00000000f8510000)
  to   space 6272K, 0% used [0x00000000ff990000,0x00000000ff990000,0x00000000fffb0000)
 ParOldGen       total 41408K, used 15675K [0x00000000c3600000, 0x00000000c5e70000, 0x00000000ebcb0000)
  object space 41408K, 37% used [0x00000000c3600000,0x00000000c454ece8,0x00000000c5e70000)
 PSPermGen       total 25856K, used 25800K [0x00000000b9000000, 0x00000000ba940000, 0x00000000c3600000)
  object space 25856K, 99% used [0x00000000b9000000,0x00000000ba932160,0x00000000ba940000)
Event: 5.329 GC heap after
Heap after GC invocations=12 (full 0):
 PSYoungGen      total 324224K, used 3218K [0x00000000ebcb0000, 0x00000000fff70000, 0x0000000100000000)
  eden space 318208K, 0% used [0x00000000ebcb0000,0x00000000ebcb0000,0x00000000ff370000)
  from space 6016K, 53% used [0x00000000ff990000,0x00000000ffcb48a8,0x00000000fff70000)
  to   space 6144K, 0% used [0x00000000ff370000,0x00000000ff370000,0x00000000ff970000)
 ParOldGen       total 41408K, used 18362K [0x00000000c3600000, 0x00000000c5e70000, 0x00000000ebcb0000)
  object space 41408K, 44% used [0x00000000c3600000,0x00000000c47ee828,0x00000000c5e70000)
 PSPermGen       total 25856K, used 25800K [0x00000000b9000000, 0x00000000ba940000, 0x00000000c3600000)
  object space 25856K, 99% used [0x00000000b9000000,0x00000000ba932160,0x00000000ba940000)
}
Event: 5.656 GC heap before
{Heap before GC invocations=13 (full 0):
 PSYoungGen      total 324224K, used 321426K [0x00000000ebcb0000, 0x00000000fff70000, 0x0000000100000000)
  eden space 318208K, 100% used [0x00000000ebcb0000,0x00000000ff370000,0x00000000ff370000)
  from space 6016K, 53% used [0x00000000ff990000,0x00000000ffcb48a8,0x00000000fff70000)
  to   space 6144K, 0% used [0x00000000ff370000,0x00000000ff370000,0x00000000ff970000)
 ParOldGen       total 41408K, used 18362K [0x00000000c3600000, 0x00000000c5e70000, 0x00000000ebcb0000)
  object space 41408K, 44% used [0x00000000c3600000,0x00000000c47ee828,0x00000000c5e70000)
 PSPermGen       total 25856K, used 25848K [0x00000000b9000000, 0x00000000ba940000, 0x00000000c3600000)
  object space 25856K, 99% used [0x00000000b9000000,0x00000000ba93e350,0x00000000ba940000)
Event: 5.669 GC heap after
Heap after GC invocations=13 (full 0):
 PSYoungGen      total 324352K, used 3776K [0x00000000ebcb0000, 0x00000000fffc0000, 0x0000000100000000)
  eden space 318208K, 0% used [0x00000000ebcb0000,0x00000000ebcb0000,0x00000000ff370000)
  from space 6144K, 61% used [0x00000000ff370000,0x00000000ff720000,0x00000000ff970000)
  to   space 5952K, 0% used [0x00000000ff9f0000,0x00000000ff9f0000,0x00000000fffc0000)
 ParOldGen       total 41408K, used 21098K [0x00000000c3600000, 0x00000000c5e70000, 0x00000000ebcb0000)
  object space 41408K, 50% used [0x00000000c3600000,0x00000000c4a9a828,0x00000000c5e70000)
 PSPermGen       total 25856K, used 25848K [0x00000000b9000000, 0x00000000ba940000, 0x00000000c3600000)
  object space 25856K, 99% used [0x00000000b9000000,0x00000000ba93e350,0x00000000ba940000)
}
Event: 169.754 GC heap before
{Heap before GC invocations=14 (full 0):
 PSYoungGen      total 324352K, used 321984K [0x00000000ebcb0000, 0x00000000fffc0000, 0x0000000100000000)
  eden space 318208K, 100% used [0x00000000ebcb0000,0x00000000ff370000,0x00000000ff370000)
  from space 6144K, 61% used [0x00000000ff370000,0x00000000ff720000,0x00000000ff970000)
  to   space 5952K, 0% used [0x00000000ff9f0000,0x00000000ff9f0000,0x00000000fffc0000)
 ParOldGen       total 41408K, used 21098K [0x00000000c3600000, 0x00000000c5e70000, 0x00000000ebcb0000)
  object space 41408K, 50% used [0x00000000c3600000,0x00000000c4a9a828,0x00000000c5e70000)
 PSPermGen       total 26816K, used 26700K [0x00000000b9000000, 0x00000000baa30000, 0x00000000c3600000)
  object space 26816K, 99% used [0x00000000b9000000,0x00000000baa130e8,0x00000000baa30000)
Event: 169.763 GC heap after
Heap after GC invocations=14 (full 0):
 PSYoungGen      total 324736K, used 3977K [0x00000000ebcb0000, 0x00000000fff90000, 0x0000000100000000)
  eden space 318976K, 0% used [0x00000000ebcb0000,0x00000000ebcb0000,0x00000000ff430000)
  from space 5760K, 69% used [0x00000000ff9f0000,0x00000000ffdd2508,0x00000000fff90000)
  to   space 5824K, 0% used [0x00000000ff430000,0x00000000ff430000,0x00000000ff9e0000)
 ParOldGen       total 41408K, used 24818K [0x00000000c3600000, 0x00000000c5e70000, 0x00000000ebcb0000)
  object space 41408K, 59% used [0x00000000c3600000,0x00000000c4e3c828,0x00000000c5e70000)
 PSPermGen       total 26816K, used 26700K [0x00000000b9000000, 0x00000000baa30000, 0x00000000c3600000)
  object space 26816K, 99% used [0x00000000b9000000,0x00000000baa130e8,0x00000000baa30000)
}
Event: 8115.610 GC heap before
{Heap before GC invocations=15 (full 0):
 PSYoungGen      total 324736K, used 322953K [0x00000000ebcb0000, 0x00000000fff90000, 0x0000000100000000)
  eden space 318976K, 100% used [0x00000000ebcb0000,0x00000000ff430000,0x00000000ff430000)
  from space 5760K, 69% used [0x00000000ff9f0000,0x00000000ffdd2508,0x00000000fff90000)
  to   space 5824K, 0% used [0x00000000ff430000,0x00000000ff430000,0x00000000ff9e0000)
 ParOldGen       total 41408K, used 24818K [0x00000000c3600000, 0x00000000c5e70000, 0x00000000ebcb0000)
  object space 41408K, 59% used [0x00000000c3600000,0x00000000c4e3c828,0x00000000c5e70000)
 PSPermGen       total 34688K, used 34661K [0x00000000b9000000, 0x00000000bb1e0000, 0x00000000c3600000)
  object space 34688K, 99% used [0x00000000b9000000,0x00000000bb1d96e0,0x00000000bb1e0000)
Event: 8115.632 GC heap after
Heap after GC invocations=15 (full 0):
 PSYoungGen      total 324800K, used 5814K [0x00000000ebcb0000, 0x0000000100000000, 0x0000000100000000)
  eden space 318976K, 0% used [0x00000000ebcb0000,0x00000000ebcb0000,0x00000000ff430000)
  from space 5824K, 99% used [0x00000000ff430000,0x00000000ff9dd8e0,0x00000000ff9e0000)
  to   space 6272K, 0% used [0x00000000ff9e0000,0x00000000ff9e0000,0x0000000100000000)
 ParOldGen       total 41408K, used 29161K [0x00000000c3600000, 0x00000000c5e70000, 0x00000000ebcb0000)
  object space 41408K, 70% used [0x00000000c3600000,0x00000000c527a598,0x00000000c5e70000)
 PSPermGen       total 34688K, used 34661K [0x00000000b9000000, 0x00000000bb1e0000, 0x00000000c3600000)
  object space 34688K, 99% used [0x00000000b9000000,0x00000000bb1d96e0,0x00000000bb1e0000)
}

Deoptimization events (0 events):
No events

Internal exceptions (10 events):
Event: 8115.455 Thread 0x00000000022ea000 Threw 0x00000000fe6e90b0 at /home/jmm/scratch/jdk/openjdk-7-7u25-2.3.10/build/openjdk/hotspot/src/share/vm/prims/jvm.cpp:1235
Event: 8115.455 Thread 0x00000000022ea000 Threw 0x00000000fe6ecc18 at /home/jmm/scratch/jdk/openjdk-7-7u25-2.3.10/build/openjdk/hotspot/src/share/vm/prims/jvm.cpp:1235
Event: 8115.455 Thread 0x00000000022ea000 Threw 0x00000000fe6ed0b8 at /home/jmm/scratch/jdk/openjdk-7-7u25-2.3.10/build/openjdk/hotspot/src/share/vm/prims/jvm.cpp:1235
Event: 8115.455 Thread 0x00000000022ea000 Threw 0x00000000fe6ed558 at /home/jmm/scratch/jdk/openjdk-7-7u25-2.3.10/build/openjdk/hotspot/src/share/vm/prims/jvm.cpp:1235
Event: 8115.455 Thread 0x00000000022ea000 Threw 0x00000000fe6ed9f8 at /home/jmm/scratch/jdk/openjdk-7-7u25-2.3.10/build/openjdk/hotspot/src/share/vm/prims/jvm.cpp:1235
Event: 8115.455 Thread 0x00000000022ea000 Threw 0x00000000fe6ede98 at /home/jmm/scratch/jdk/openjdk-7-7u25-2.3.10/build/openjdk/hotspot/src/share/vm/prims/jvm.cpp:1235
Event: 8115.455 Thread 0x00000000022ea000 Threw 0x00000000fe6ee338 at /home/jmm/scratch/jdk/openjdk-7-7u25-2.3.10/build/openjdk/hotspot/src/share/vm/prims/jvm.cpp:1235
Event: 8115.455 Thread 0x00000000022ea000 Threw 0x00000000fe6ee7d8 at /home/jmm/scratch/jdk/openjdk-7-7u25-2.3.10/build/openjdk/hotspot/src/share/vm/prims/jvm.cpp:1235
Event: 8115.472 Thread 0x00000000022fa800 Threw 0x00000000fe5a3590 at /home/jmm/scratch/jdk/openjdk-7-7u25-2.3.10/build/openjdk/hotspot/src/share/vm/prims/jni.cpp:716
Event: 8116.475 Thread 0x00000000022fa800 Threw 0x00000000f1003000 at /home/jmm/scratch/jdk/openjdk-7-7u25-2.3.10/build/openjdk/hotspot/src/share/vm/prims/jni.cpp:716

Events (10 events):
Event: 8116.474 Executing VM operation: RevokeBias
Event: 8116.474 Executing VM operation: RevokeBias done
Event: 8116.474 Executing VM operation: RevokeBias
Event: 8116.474 Executing VM operation: RevokeBias done
Event: 8116.475 loading class 0x00007ff0a4af5810
Event: 8116.475 loading class 0x00007ff0a4af5cb0
Event: 8116.475 loading class 0x00007ff0a4adf6b0
Event: 8116.475 loading class 0x00007ff0a4adf6b0 done
Event: 8116.475 loading class 0x00007ff0a4af5cb0 done
Event: 8116.475 loading class 0x00007ff0a4af5810 done


Dynamic libraries:
00400000-00401000 r-xp 00000000 08:05 425801                             /usr/lib/jvm/java-7-openjdk-amd64/jre/bin/java
00600000-00601000 r--p 00000000 08:05 425801                             /usr/lib/jvm/java-7-openjdk-amd64/jre/bin/java
00601000-00602000 rw-p 00001000 08:05 425801                             /usr/lib/jvm/java-7-openjdk-amd64/jre/bin/java
01e55000-024dd000 rw-p 00000000 00:00 0                                  [heap]
b9000000-bb390000 rw-p 00000000 00:00 0 
bb390000-c3600000 rw-p 00000000 00:00 0 
c3600000-c5e70000 rw-p 00000000 00:00 0 
c5e70000-ebcb0000 rw-p 00000000 00:00 0 
ebcb0000-100000000 rw-p 00000000 00:00 0 
7ff0a2ba2000-7ff0a2ce6000 rw-p 00000000 00:00 0 
7ff0a2ce6000-7ff0a2ce9000 ---p 00000000 00:00 0 
7ff0a2ce9000-7ff0a2de7000 rw-p 00000000 00:00 0 
7ff0a2de7000-7ff0a2dea000 ---p 00000000 00:00 0 
7ff0a2dea000-7ff0a2ee8000 rw-p 00000000 00:00 0 
7ff0a2ee8000-7ff0a2eeb000 ---p 00000000 00:00 0 
7ff0a2eeb000-7ff0a2fe9000 rw-p 00000000 00:00 0 
7ff0a2fe9000-7ff0a2fec000 ---p 00000000 00:00 0 
7ff0a2fec000-7ff0a30ea000 rw-p 00000000 00:00 0 
7ff0a30ea000-7ff0a30ed000 ---p 00000000 00:00 0 
7ff0a30ed000-7ff0a31eb000 rw-p 00000000 00:00 0 
7ff0a31eb000-7ff0a31ee000 ---p 00000000 00:00 0 
7ff0a31ee000-7ff0a32ec000 rw-p 00000000 00:00 0 
7ff0a32ec000-7ff0a32ef000 ---p 00000000 00:00 0 
7ff0a32ef000-7ff0a33ed000 rw-p 00000000 00:00 0 
7ff0a33ed000-7ff0a33f0000 ---p 00000000 00:00 0 
7ff0a33f0000-7ff0a34ee000 rw-p 00000000 00:00 0 
7ff0a34ee000-7ff0a34f1000 ---p 00000000 00:00 0 
7ff0a34f1000-7ff0a35ef000 rw-p 00000000 00:00 0 
7ff0a35ef000-7ff0a35f7000 r-xp 00000000 08:05 425723                     /usr/lib/jvm/java-7-openjdk-amd64/jre/lib/amd64/libmanagement.so
7ff0a35f7000-7ff0a37f6000 ---p 00008000 08:05 425723                     /usr/lib/jvm/java-7-openjdk-amd64/jre/lib/amd64/libmanagement.so
7ff0a37f6000-7ff0a37f7000 r--p 00007000 08:05 425723                     /usr/lib/jvm/java-7-openjdk-amd64/jre/lib/amd64/libmanagement.so
7ff0a37f7000-7ff0a37f8000 rw-p 00008000 08:05 425723                     /usr/lib/jvm/java-7-openjdk-amd64/jre/lib/amd64/libmanagement.so
7ff0a37f8000-7ff0a37fb000 ---p 00000000 00:00 0 
7ff0a37fb000-7ff0a38f9000 rw-p 00000000 00:00 0 
7ff0a38f9000-7ff0a38fc000 ---p 00000000 00:00 0 
7ff0a38fc000-7ff0a39fa000 rw-p 00000000 00:00 0 
7ff0a39fa000-7ff0a39fd000 ---p 00000000 00:00 0 
7ff0a39fd000-7ff0a3afb000 rw-p 00000000 00:00 0 
7ff0a3afb000-7ff0a3afe000 ---p 00000000 00:00 0 
7ff0a3afe000-7ff0a3bfc000 rw-p 00000000 00:00 0 
7ff0a3bfc000-7ff0a3bff000 ---p 00000000 00:00 0 
7ff0a3bff000-7ff0a3cfd000 rw-p 00000000 00:00 0 
7ff0a3cfd000-7ff0a3d00000 ---p 00000000 00:00 0 
7ff0a3d00000-7ff0a3dfe000 rw-p 00000000 00:00 0 
7ff0a3dfe000-7ff0a3e01000 ---p 00000000 00:00 0 
7ff0a3e01000-7ff0a3eff000 rw-p 00000000 00:00 0 
7ff0a3eff000-7ff0a3f02000 ---p 00000000 00:00 0 
7ff0a3f02000-7ff0a4000000 rw-p 00000000 00:00 0 
7ff0a4000000-7ff0a4cae000 rw-p 00000000 00:00 0 
7ff0a4cae000-7ff0a8000000 ---p 00000000 00:00 0 
7ff0a80db000-7ff0a80dc000 rw-p 00000000 00:00 0 
7ff0a80dc000-7ff0a80dd000 r--p 00000000 08:05 525236                     /usr/share/locale/en_GB/LC_MESSAGES/libc.mo
7ff0a80dd000-7ff0a8137000 r-xp 00000000 08:05 785144                     /tmp/libleveldbjni-64-1-4345270349328896974.7
7ff0a8137000-7ff0a8336000 ---p 0005a000 08:05 785144                     /tmp/libleveldbjni-64-1-4345270349328896974.7
7ff0a8336000-7ff0a8339000 rw-p 00059000 08:05 785144                     /tmp/libleveldbjni-64-1-4345270349328896974.7
7ff0a8339000-7ff0a833c000 ---p 00000000 00:00 0 
7ff0a833c000-7ff0a8361000 rw-p 00000000 00:00 0 
7ff0a8361000-7ff0a8366000 r--s 0004c000 08:05 398743                     /usr/lib/jvm/java-7-openjdk-common/jre/lib/jsse.jar
7ff0a8366000-7ff0a836c000 r--s 00048000 08:04 4334906                    /home/robashton/.m2/repository/org/eclipse/jetty/jetty-server/7.6.8.v20121106/jetty-server-7.6.8.v20121106.jar
7ff0a836c000-7ff0a836d000 r--s 00000000 08:04 1714779                    /home/robashton/.m2/repository/clojure-complete/clojure-complete/0.2.3/clojure-complete-0.2.3.jar
7ff0a836d000-7ff0a8371000 r--s 00014000 08:04 4335183                    /home/robashton/.m2/repository/org/tukaani/xz/1.0/xz-1.0.jar
7ff0a8371000-7ff0a8372000 r--s 00000000 08:04 4334933                    /home/robashton/.m2/repository/ring/ring-servlet/1.2.0/ring-servlet-1.2.0.jar
7ff0a8372000-7ff0a8374000 r--s 0000c000 08:04 4335036                    /home/robashton/.m2/repository/org/fusesource/leveldbjni/leveldbjni/1.7/leveldbjni-1.7.jar
7ff0a8374000-7ff0a8379000 r--s 0003b000 08:04 4334913                    /home/robashton/.m2/repository/org/eclipse/jetty/jetty-util/7.6.8.v20121106/jetty-util-7.6.8.v20121106.jar
7ff0a8379000-7ff0a839e000 r--s 001f8000 08:04 794721                     /home/robashton/.m2/repository/org/apache/lucene/lucene-core/4.4.0/lucene-core-4.4.0.jar
7ff0a839e000-7ff0a83a0000 r--s 0000f000 08:04 4334904                    /home/robashton/.m2/repository/commons-fileupload/commons-fileupload/1.3/commons-fileupload-1.3.jar
7ff0a83a0000-7ff0a83a1000 r--s 00000000 08:04 2629346                    /home/robashton/.m2/repository/org/clojure/tools.namespace/0.1.3/tools.namespace-0.1.3.jar
7ff0a83a1000-7ff0a83a2000 r--s 00044000 08:04 4335042                    /home/robashton/.m2/repository/org/fusesource/leveldbjni/leveldbjni-linux64/1.5/leveldbjni-linux64-1.5.jar
7ff0a83a2000-7ff0a83a4000 r--s 00008000 08:04 4593316                    /home/robashton/.m2/repository/org/clojure/tools.nrepl/0.2.3/tools.nrepl-0.2.3.jar
7ff0a83a4000-7ff0a83a6000 r--s 00015000 08:04 4334908                    /home/robashton/.m2/repository/org/eclipse/jetty/jetty-http/7.6.8.v20121106/jetty-http-7.6.8.v20121106.jar
7ff0a83a6000-7ff0a83a7000 r--s 00004000 08:04 4595249                    /home/robashton/.m2/repository/http/async/client/http.async.client/0.5.2/http.async.client-0.5.2.jar
7ff0a83a7000-7ff0a83ad000 r--s 0002c000 08:04 921155                     /home/robashton/.m2/repository/org/apache/lucene/lucene-queries/4.4.0/lucene-queries-4.4.0.jar
7ff0a83ad000-7ff0a83ae000 r--s 00001000 08:04 4335774                    /home/robashton/.m2/repository/gntp/gntp/0.6.0/gntp-0.6.0.jar
7ff0a83ae000-7ff0a83b0000 r--s 0000a000 08:04 921158                     /home/robashton/.m2/repository/org/apache/lucene/lucene-sandbox/4.4.0/lucene-sandbox-4.4.0.jar
7ff0a83b0000-7ff0a83b1000 r--s 0001e000 08:04 4335046                    /home/robashton/.m2/repository/org/fusesource/leveldbjni/leveldbjni-win64/1.5/leveldbjni-win64-1.5.jar
7ff0a83b1000-7ff0a83c1000 r--s 0007d000 08:04 2499347                    /home/robashton/.m2/repository/joda-time/joda-time/2.2/joda-time-2.2.jar
7ff0a83c1000-7ff0a83fd000 r-xp 00000000 08:05 527976                     /lib/x86_64-linux-gnu/libpcre.so.3.13.1
7ff0a83fd000-7ff0a85fd000 ---p 0003c000 08:05 527976                     /lib/x86_64-linux-gnu/libpcre.so.3.13.1
7ff0a85fd000-7ff0a85fe000 rw-p 0003c000 08:05 527976                     /lib/x86_64-linux-gnu/libpcre.so.3.13.1
7ff0a85fe000-7ff0a860a000 r-xp 00000000 08:05 400109                     /usr/lib/x86_64-linux-gnu/libffi.so.5.0.10
7ff0a860a000-7ff0a880a000 ---p 0000c000 08:05 400109                     /usr/lib/x86_64-linux-gnu/libffi.so.5.0.10
7ff0a880a000-7ff0a880b000 rw-p 0000c000 08:05 400109                     /usr/lib/x86_64-linux-gnu/libffi.so.5.0.10
7ff0a880b000-7ff0a880c000 r-xp 00000000 08:05 406701                     /usr/lib/x86_64-linux-gnu/libgthread-2.0.so.0.3200.4
7ff0a880c000-7ff0a8a0b000 ---p 00001000 08:05 406701                     /usr/lib/x86_64-linux-gnu/libgthread-2.0.so.0.3200.4
7ff0a8a0b000-7ff0a8a0c000 r--p 00000000 08:05 406701                     /usr/lib/x86_64-linux-gnu/libgthread-2.0.so.0.3200.4
7ff0a8a0c000-7ff0a8a0d000 rw-p 00001000 08:05 406701                     /usr/lib/x86_64-linux-gnu/libgthread-2.0.so.0.3200.4
7ff0a8a0d000-7ff0a8a20000 r-xp 00000000 08:05 532260                     /lib/x86_64-linux-gnu/libresolv-2.13.so
7ff0a8a20000-7ff0a8c1f000 ---p 00013000 08:05 532260                     /lib/x86_64-linux-gnu/libresolv-2.13.so
7ff0a8c1f000-7ff0a8c20000 r--p 00012000 08:05 532260                     /lib/x86_64-linux-gnu/libresolv-2.13.so
7ff0a8c20000-7ff0a8c21000 rw-p 00013000 08:05 532260                     /lib/x86_64-linux-gnu/libresolv-2.13.so
7ff0a8c21000-7ff0a8c23000 rw-p 00000000 00:00 0 
7ff0a8c23000-7ff0a8c41000 r-xp 00000000 08:05 523310                     /lib/x86_64-linux-gnu/libselinux.so.1
7ff0a8c41000-7ff0a8e40000 ---p 0001e000 08:05 523310                     /lib/x86_64-linux-gnu/libselinux.so.1
7ff0a8e40000-7ff0a8e41000 r--p 0001d000 08:05 523310                     /lib/x86_64-linux-gnu/libselinux.so.1
7ff0a8e41000-7ff0a8e42000 rw-p 0001e000 08:05 523310                     /lib/x86_64-linux-gnu/libselinux.so.1
7ff0a8e42000-7ff0a8e43000 rw-p 00000000 00:00 0 
7ff0a8e43000-7ff0a8e46000 r-xp 00000000 08:05 406707                     /usr/lib/x86_64-linux-gnu/libgmodule-2.0.so.0.3200.4
7ff0a8e46000-7ff0a9045000 ---p 00003000 08:05 406707                     /usr/lib/x86_64-linux-gnu/libgmodule-2.0.so.0.3200.4
7ff0a9045000-7ff0a9046000 r--p 00002000 08:05 406707                     /usr/lib/x86_64-linux-gnu/libgmodule-2.0.so.0.3200.4
7ff0a9046000-7ff0a9047000 rw-p 00003000 08:05 406707                     /usr/lib/x86_64-linux-gnu/libgmodule-2.0.so.0.3200.4
7ff0a9047000-7ff0a913d000 r-xp 00000000 08:05 534711                     /lib/x86_64-linux-gnu/libglib-2.0.so.0.3200.4
7ff0a913d000-7ff0a933c000 ---p 000f6000 08:05 534711                     /lib/x86_64-linux-gnu/libglib-2.0.so.0.3200.4
7ff0a933c000-7ff0a933d000 r--p 000f5000 08:05 534711                     /lib/x86_64-linux-gnu/libglib-2.0.so.0.3200.4
7ff0a933d000-7ff0a933e000 rw-p 000f6000 08:05 534711                     /lib/x86_64-linux-gnu/libglib-2.0.so.0.3200.4
7ff0a933e000-7ff0a933f000 rw-p 00000000 00:00 0 
7ff0a933f000-7ff0a938e000 r-xp 00000000 08:05 406703                     /usr/lib/x86_64-linux-gnu/libgobject-2.0.so.0.3200.4
7ff0a938e000-7ff0a958e000 ---p 0004f000 08:05 406703                     /usr/lib/x86_64-linux-gnu/libgobject-2.0.so.0.3200.4
7ff0a958e000-7ff0a958f000 r--p 0004f000 08:05 406703                     /usr/lib/x86_64-linux-gnu/libgobject-2.0.so.0.3200.4
7ff0a958f000-7ff0a9590000 rw-p 00050000 08:05 406703                     /usr/lib/x86_64-linux-gnu/libgobject-2.0.so.0.3200.4
7ff0a9590000-7ff0a96dc000 r-xp 00000000 08:05 406702                     /usr/lib/x86_64-linux-gnu/libgio-2.0.so.0.3200.4
7ff0a96dc000-7ff0a98db000 ---p 0014c000 08:05 406702                     /usr/lib/x86_64-linux-gnu/libgio-2.0.so.0.3200.4
7ff0a98db000-7ff0a98df000 r--p 0014b000 08:05 406702                     /usr/lib/x86_64-linux-gnu/libgio-2.0.so.0.3200.4
7ff0a98df000-7ff0a98e1000 rw-p 0014f000 08:05 406702                     /usr/lib/x86_64-linux-gnu/libgio-2.0.so.0.3200.4
7ff0a98e1000-7ff0a98e3000 rw-p 00000000 00:00 0 
7ff0a98e3000-7ff0a98e4000 r--s 00000000 08:04 4335771                    /home/robashton/.m2/repository/org/clojars/jgrocho/digest/1.5.0/digest-1.5.0.jar
7ff0a98e4000-7ff0a98e6000 r--s 00009000 08:04 4464213                    /home/robashton/.m2/repository/org/clojure/core.async/0.1.0-SNAPSHOT/core.async-0.1.0-SNAPSHOT.jar
7ff0a98e6000-7ff0a98ed000 r--s 00039000 08:04 2627880                    /home/robashton/.m2/repository/commons-codec/commons-codec/1.7/commons-codec-1.7.jar
7ff0a98ed000-7ff0a98ee000 r--s 00001000 08:04 4334937                    /home/robashton/.m2/repository/compojure/compojure/1.1.5/compojure-1.1.5.jar
7ff0a98ee000-7ff0a98ef000 r--s 00001000 08:04 4334755                    /home/robashton/.m2/repository/tigris/tigris/0.1.1/tigris-0.1.1.jar
7ff0a98ef000-7ff0a98f2000 r--s 000fa000 08:04 4335040                    /home/robashton/.m2/repository/org/fusesource/leveldbjni/leveldbjni-all/1.7/leveldbjni-all-1.7.jar
7ff0a98f2000-7ff0a98f6000 r--s 0001b000 08:04 921160                     /home/robashton/.m2/repository/org/apache/lucene/lucene-highlighter/4.4.0/lucene-highlighter-4.4.0.jar
7ff0a98f6000-7ff0a98f7000 r--s 00002000 08:04 4334922                    /home/robashton/.m2/repository/hiccup/hiccup/1.0.3/hiccup-1.0.3.jar
7ff0a98f7000-7ff0a98fc000 r--s 0003f000 08:04 5247639                    /home/robashton/.m2/repository/org/jsoup/jsoup/1.7.1/jsoup-1.7.1.jar
7ff0a98fc000-7ff0a98fd000 r--s 00028000 08:04 4335034                    /home/robashton/.m2/repository/org/fusesource/leveldbjni/leveldbjni-osx/1.5/leveldbjni-osx-1.5.jar
7ff0a98fd000-7ff0a9913000 r-xp 00000000 08:05 425729                     /usr/lib/jvm/java-7-openjdk-amd64/jre/lib/amd64/libnet.so
7ff0a9913000-7ff0a9b12000 ---p 00016000 08:05 425729                     /usr/lib/jvm/java-7-openjdk-amd64/jre/lib/amd64/libnet.so
7ff0a9b12000-7ff0a9b13000 r--p 00015000 08:05 425729                     /usr/lib/jvm/java-7-openjdk-amd64/jre/lib/amd64/libnet.so
7ff0a9b13000-7ff0a9b14000 rw-p 00016000 08:05 425729                     /usr/lib/jvm/java-7-openjdk-amd64/jre/lib/amd64/libnet.so
7ff0a9b14000-7ff0a9b24000 r-xp 00000000 08:05 425707                     /usr/lib/jvm/java-7-openjdk-amd64/jre/lib/amd64/libnio.so
7ff0a9b24000-7ff0a9d24000 ---p 00010000 08:05 425707                     /usr/lib/jvm/java-7-openjdk-amd64/jre/lib/amd64/libnio.so
7ff0a9d24000-7ff0a9d25000 r--p 00010000 08:05 425707                     /usr/lib/jvm/java-7-openjdk-amd64/jre/lib/amd64/libnio.so
7ff0a9d25000-7ff0a9d26000 rw-p 00011000 08:05 425707                     /usr/lib/jvm/java-7-openjdk-amd64/jre/lib/amd64/libnio.so
7ff0a9d26000-7ff0a9d2f000 r--s 000bc000 08:05 398750                     /usr/lib/jvm/java-7-openjdk-common/jre/lib/resources.jar
7ff0a9d2f000-7ff0a9d6e000 r--s 0032d000 08:04 5116522                    /home/robashton/.m2/repository/org/clojure/clojure/1.5.1/clojure-1.5.1.jar
7ff0a9d6e000-7ff0a9d81000 r--s 000da000 08:04 4727716                    /home/robashton/.m2/repository/io/netty/netty/3.4.4.Final/netty-3.4.4.Final.jar
7ff0a9d81000-7ff0a9d83000 r--s 00001000 08:04 4335035                    /home/robashton/.m2/repository/org/iq80/leveldb/leveldb-api/0.5/leveldb-api-0.5.jar
7ff0a9d83000-7ff0a9d8c000 r--s 0006f000 08:04 131690                     /home/robashton/.m2/repository/log4j/log4j/1.2.17/log4j-1.2.17.jar
7ff0a9d8c000-7ff0a9d8e000 r--s 00004000 08:04 4335219                    /home/robashton/.m2/repository/mmargs/mmargs/1.2.0/mmargs-1.2.0.jar
7ff0a9d8e000-7ff0a9d8f000 r--s 00001000 08:04 663954                     /home/robashton/.m2/repository/org/clojure/tools.logging/0.2.6/tools.logging-0.2.6.jar
7ff0a9d8f000-7ff0a9d91000 r--s 00000000 08:04 4463894                    /home/robashton/.m2/repository/spyscope/spyscope/0.1.3/spyscope-0.1.3.jar
7ff0a9d91000-7ff0a9d95000 r--s 0002a000 08:04 2627992                    /home/robashton/.m2/repository/commons-io/commons-io/2.4/commons-io-2.4.jar
7ff0a9d95000-7ff0a9d96000 r--s 00005000 08:04 4465562                    /home/robashton/.m2/repository/speclj/speclj/2.7.0/speclj-2.7.0.jar
7ff0a9d96000-7ff0a9d97000 r--s 00005000 08:04 4334757                    /home/robashton/.m2/repository/clj-http/clj-http/0.7.6/clj-http-0.7.6.jar
7ff0a9d97000-7ff0a9d98000 r--s 0001b000 08:04 4335045                    /home/robashton/.m2/repository/org/fusesource/leveldbjni/leveldbjni-win32/1.5/leveldbjni-win32-1.5.jar
7ff0a9d98000-7ff0a9d99000 r--s 00004000 08:04 4335038                    /home/robashton/.m2/repository/org/fusesource/hawtjni/hawtjni-runtime/1.8/hawtjni-runtime-1.8.jar
7ff0a9d99000-7ff0a9d9f000 r--s 00032000 08:04 2627841                    /home/robashton/.m2/repository/org/apache/httpcomponents/httpcore/4.2.4/httpcore-4.2.4.jar
7ff0a9d9f000-7ff0a9da0000 ---p 00000000 00:00 0 
7ff0a9da0000-7ff0a9ea0000 rw-p 00000000 00:00 0 
7ff0a9ea0000-7ff0a9ea3000 ---p 00000000 00:00 0 
7ff0a9ea3000-7ff0a9fa1000 rw-p 00000000 00:00 0 
7ff0a9fa1000-7ff0a9fa4000 ---p 00000000 00:00 0 
7ff0a9fa4000-7ff0aa0a2000 rw-p 00000000 00:00 0 
7ff0aa0a2000-7ff0aa0a5000 ---p 00000000 00:00 0 
7ff0aa0a5000-7ff0aa1a3000 rw-p 00000000 00:00 0 
7ff0aa1a3000-7ff0aa1a6000 ---p 00000000 00:00 0 
7ff0aa1a6000-7ff0aa2a4000 rw-p 00000000 00:00 0 
7ff0aa2a4000-7ff0aa2a7000 ---p 00000000 00:00 0 
7ff0aa2a7000-7ff0aa3a5000 rw-p 00000000 00:00 0 
7ff0aa3a5000-7ff0aa51c000 r--p 00000000 08:05 398104                     /usr/lib/locale/locale-archive
7ff0aa51c000-7ff0aa51f000 ---p 00000000 00:00 0 
7ff0aa51f000-7ff0aa61d000 rw-p 00000000 00:00 0 
7ff0aa61d000-7ff0aa620000 ---p 00000000 00:00 0 
7ff0aa620000-7ff0aa71e000 rw-p 00000000 00:00 0 
7ff0aa71e000-7ff0aa71f000 ---p 00000000 00:00 0 
7ff0aa71f000-7ff0ab83f000 rw-p 00000000 00:00 0 
7ff0ab83f000-7ff0ab9ec000 r--s 01cec000 08:05 425755                     /usr/lib/jvm/java-7-openjdk-amd64/jre/lib/rt.jar
7ff0ab9ec000-7ff0ae64c000 rw-p 00000000 00:00 0 
7ff0ae64c000-7ff0ae64d000 ---p 00000000 00:00 0 
7ff0ae64d000-7ff0ae74d000 rw-p 00000000 00:00 0 
7ff0ae74d000-7ff0ae74e000 ---p 00000000 00:00 0 
7ff0ae74e000-7ff0ae84e000 rw-p 00000000 00:00 0 
7ff0ae84e000-7ff0ae84f000 ---p 00000000 00:00 0 
7ff0ae84f000-7ff0ae94f000 rw-p 00000000 00:00 0 
7ff0ae94f000-7ff0ae950000 ---p 00000000 00:00 0 
7ff0ae950000-7ff0aea65000 rw-p 00000000 00:00 0 
7ff0aea65000-7ff0aeb94000 rw-p 00000000 00:00 0 
7ff0aeb94000-7ff0aeba6000 rw-p 00000000 00:00 0 
7ff0aeba6000-7ff0aebe7000 rw-p 00000000 00:00 0 
7ff0aebe7000-7ff0aebfc000 rw-p 00000000 00:00 0 
7ff0aebfc000-7ff0aed2a000 rw-p 00000000 00:00 0 
7ff0aed2a000-7ff0aedcc000 rw-p 00000000 00:00 0 
7ff0aedcc000-7ff0aede9000 rw-p 00000000 00:00 0 
7ff0aede9000-7ff0aef4d000 rw-p 00000000 00:00 0 
7ff0aef4d000-7ff0af62d000 rwxp 00000000 00:00 0 
7ff0af62d000-7ff0b4f4d000 rw-p 00000000 00:00 0 
7ff0b4f4d000-7ff0b4f55000 r-xp 00000000 08:05 425745                     /usr/lib/jvm/java-7-openjdk-amd64/jre/lib/amd64/libzip.so
7ff0b4f55000-7ff0b5154000 ---p 00008000 08:05 425745                     /usr/lib/jvm/java-7-openjdk-amd64/jre/lib/amd64/libzip.so
7ff0b5154000-7ff0b5155000 r--p 00007000 08:05 425745                     /usr/lib/jvm/java-7-openjdk-amd64/jre/lib/amd64/libzip.so
7ff0b5155000-7ff0b5156000 rw-p 00008000 08:05 425745                     /usr/lib/jvm/java-7-openjdk-amd64/jre/lib/amd64/libzip.so
7ff0b5156000-7ff0b5161000 r-xp 00000000 08:05 532275                     /lib/x86_64-linux-gnu/libnss_files-2.13.so
7ff0b5161000-7ff0b5360000 ---p 0000b000 08:05 532275                     /lib/x86_64-linux-gnu/libnss_files-2.13.so
7ff0b5360000-7ff0b5361000 r--p 0000a000 08:05 532275                     /lib/x86_64-linux-gnu/libnss_files-2.13.so
7ff0b5361000-7ff0b5362000 rw-p 0000b000 08:05 532275                     /lib/x86_64-linux-gnu/libnss_files-2.13.so
7ff0b5362000-7ff0b536c000 r-xp 00000000 08:05 532271                     /lib/x86_64-linux-gnu/libnss_nis-2.13.so
7ff0b536c000-7ff0b556b000 ---p 0000a000 08:05 532271                     /lib/x86_64-linux-gnu/libnss_nis-2.13.so
7ff0b556b000-7ff0b556c000 r--p 00009000 08:05 532271                     /lib/x86_64-linux-gnu/libnss_nis-2.13.so
7ff0b556c000-7ff0b556d000 rw-p 0000a000 08:05 532271                     /lib/x86_64-linux-gnu/libnss_nis-2.13.so
7ff0b556d000-7ff0b5582000 r-xp 00000000 08:05 532269                     /lib/x86_64-linux-gnu/libnsl-2.13.so
7ff0b5582000-7ff0b5781000 ---p 00015000 08:05 532269                     /lib/x86_64-linux-gnu/libnsl-2.13.so
7ff0b5781000-7ff0b5782000 r--p 00014000 08:05 532269                     /lib/x86_64-linux-gnu/libnsl-2.13.so
7ff0b5782000-7ff0b5783000 rw-p 00015000 08:05 532269                     /lib/x86_64-linux-gnu/libnsl-2.13.so
7ff0b5783000-7ff0b5785000 rw-p 00000000 00:00 0 
7ff0b5785000-7ff0b578c000 r-xp 00000000 08:05 532264                     /lib/x86_64-linux-gnu/libnss_compat-2.13.so
7ff0b578c000-7ff0b598b000 ---p 00007000 08:05 532264                     /lib/x86_64-linux-gnu/libnss_compat-2.13.so
7ff0b598b000-7ff0b598c000 r--p 00006000 08:05 532264                     /lib/x86_64-linux-gnu/libnss_compat-2.13.so
7ff0b598c000-7ff0b598d000 rw-p 00007000 08:05 532264                     /lib/x86_64-linux-gnu/libnss_compat-2.13.so
7ff0b598d000-7ff0b59b7000 r-xp 00000000 08:05 425725                     /usr/lib/jvm/java-7-openjdk-amd64/jre/lib/amd64/libjava.so
7ff0b59b7000-7ff0b5bb7000 ---p 0002a000 08:05 425725                     /usr/lib/jvm/java-7-openjdk-amd64/jre/lib/amd64/libjava.so
7ff0b5bb7000-7ff0b5bb8000 r--p 0002a000 08:05 425725                     /usr/lib/jvm/java-7-openjdk-amd64/jre/lib/amd64/libjava.so
7ff0b5bb8000-7ff0b5bba000 rw-p 0002b000 08:05 425725                     /usr/lib/jvm/java-7-openjdk-amd64/jre/lib/amd64/libjava.so
7ff0b5bba000-7ff0b5bc9000 r-xp 00000000 08:05 425667                     /usr/lib/jvm/java-7-openjdk-amd64/jre/lib/amd64/libverify.so
7ff0b5bc9000-7ff0b5dc8000 ---p 0000f000 08:05 425667                     /usr/lib/jvm/java-7-openjdk-amd64/jre/lib/amd64/libverify.so
7ff0b5dc8000-7ff0b5dca000 r--p 0000e000 08:05 425667                     /usr/lib/jvm/java-7-openjdk-amd64/jre/lib/amd64/libverify.so
7ff0b5dca000-7ff0b5dcb000 rw-p 00010000 08:05 425667                     /usr/lib/jvm/java-7-openjdk-amd64/jre/lib/amd64/libverify.so
7ff0b5dcb000-7ff0b5dd2000 r-xp 00000000 08:05 532279                     /lib/x86_64-linux-gnu/librt-2.13.so
7ff0b5dd2000-7ff0b5fd1000 ---p 00007000 08:05 532279                     /lib/x86_64-linux-gnu/librt-2.13.so
7ff0b5fd1000-7ff0b5fd2000 r--p 00006000 08:05 532279                     /lib/x86_64-linux-gnu/librt-2.13.so
7ff0b5fd2000-7ff0b5fd3000 rw-p 00007000 08:05 532279                     /lib/x86_64-linux-gnu/librt-2.13.so
7ff0b5fd3000-7ff0b5fe8000 r-xp 00000000 08:05 533965                     /lib/x86_64-linux-gnu/libgcc_s.so.1
7ff0b5fe8000-7ff0b61e8000 ---p 00015000 08:05 533965                     /lib/x86_64-linux-gnu/libgcc_s.so.1
7ff0b61e8000-7ff0b61e9000 rw-p 00015000 08:05 533965                     /lib/x86_64-linux-gnu/libgcc_s.so.1
7ff0b61e9000-7ff0b626a000 r-xp 00000000 08:05 532266                     /lib/x86_64-linux-gnu/libm-2.13.so
7ff0b626a000-7ff0b6469000 ---p 00081000 08:05 532266                     /lib/x86_64-linux-gnu/libm-2.13.so
7ff0b6469000-7ff0b646a000 r--p 00080000 08:05 532266                     /lib/x86_64-linux-gnu/libm-2.13.so
7ff0b646a000-7ff0b646b000 rw-p 00081000 08:05 532266                     /lib/x86_64-linux-gnu/libm-2.13.so
7ff0b646b000-7ff0b6553000 r-xp 00000000 08:05 397950                     /usr/lib/x86_64-linux-gnu/libstdc++.so.6.0.17
7ff0b6553000-7ff0b6753000 ---p 000e8000 08:05 397950                     /usr/lib/x86_64-linux-gnu/libstdc++.so.6.0.17
7ff0b6753000-7ff0b675b000 r--p 000e8000 08:05 397950                     /usr/lib/x86_64-linux-gnu/libstdc++.so.6.0.17
7ff0b675b000-7ff0b675d000 rw-p 000f0000 08:05 397950                     /usr/lib/x86_64-linux-gnu/libstdc++.so.6.0.17
7ff0b675d000-7ff0b6772000 rw-p 00000000 00:00 0 
7ff0b6772000-7ff0b7163000 r-xp 00000000 08:05 425695                     /usr/lib/jvm/java-7-openjdk-amd64/jre/lib/amd64/server/libjvm.so
7ff0b7163000-7ff0b7363000 ---p 009f1000 08:05 425695                     /usr/lib/jvm/java-7-openjdk-amd64/jre/lib/amd64/server/libjvm.so
7ff0b7363000-7ff0b73e2000 r--p 009f1000 08:05 425695                     /usr/lib/jvm/java-7-openjdk-amd64/jre/lib/amd64/server/libjvm.so
7ff0b73e2000-7ff0b7405000 rw-p 00a70000 08:05 425695                     /usr/lib/jvm/java-7-openjdk-amd64/jre/lib/amd64/server/libjvm.so
7ff0b7405000-7ff0b7430000 rw-p 00000000 00:00 0 
7ff0b7430000-7ff0b75b0000 r-xp 00000000 08:05 532259                     /lib/x86_64-linux-gnu/libc-2.13.so
7ff0b75b0000-7ff0b77b0000 ---p 00180000 08:05 532259                     /lib/x86_64-linux-gnu/libc-2.13.so
7ff0b77b0000-7ff0b77b4000 r--p 00180000 08:05 532259                     /lib/x86_64-linux-gnu/libc-2.13.so
7ff0b77b4000-7ff0b77b5000 rw-p 00184000 08:05 532259                     /lib/x86_64-linux-gnu/libc-2.13.so
7ff0b77b5000-7ff0b77ba000 rw-p 00000000 00:00 0 
7ff0b77ba000-7ff0b77bc000 r-xp 00000000 08:05 532273                     /lib/x86_64-linux-gnu/libdl-2.13.so
7ff0b77bc000-7ff0b79bc000 ---p 00002000 08:05 532273                     /lib/x86_64-linux-gnu/libdl-2.13.so
7ff0b79bc000-7ff0b79bd000 r--p 00002000 08:05 532273                     /lib/x86_64-linux-gnu/libdl-2.13.so
7ff0b79bd000-7ff0b79be000 rw-p 00003000 08:05 532273                     /lib/x86_64-linux-gnu/libdl-2.13.so
7ff0b79be000-7ff0b79d4000 r-xp 00000000 08:05 523354                     /lib/x86_64-linux-gnu/libz.so.1.2.7
7ff0b79d4000-7ff0b7bd3000 ---p 00016000 08:05 523354                     /lib/x86_64-linux-gnu/libz.so.1.2.7
7ff0b7bd3000-7ff0b7bd4000 r--p 00015000 08:05 523354                     /lib/x86_64-linux-gnu/libz.so.1.2.7
7ff0b7bd4000-7ff0b7bd5000 rw-p 00016000 08:05 523354                     /lib/x86_64-linux-gnu/libz.so.1.2.7
7ff0b7bd5000-7ff0b7be2000 r-xp 00000000 08:05 425673                     /usr/lib/jvm/java-7-openjdk-amd64/jre/lib/amd64/jli/libjli.so
7ff0b7be2000-7ff0b7de1000 ---p 0000d000 08:05 425673                     /usr/lib/jvm/java-7-openjdk-amd64/jre/lib/amd64/jli/libjli.so
7ff0b7de1000-7ff0b7de2000 r--p 0000c000 08:05 425673                     /usr/lib/jvm/java-7-openjdk-amd64/jre/lib/amd64/jli/libjli.so
7ff0b7de2000-7ff0b7de3000 rw-p 0000d000 08:05 425673                     /usr/lib/jvm/java-7-openjdk-amd64/jre/lib/amd64/jli/libjli.so
7ff0b7de3000-7ff0b7dfa000 r-xp 00000000 08:05 532277                     /lib/x86_64-linux-gnu/libpthread-2.13.so
7ff0b7dfa000-7ff0b7ff9000 ---p 00017000 08:05 532277                     /lib/x86_64-linux-gnu/libpthread-2.13.so
7ff0b7ff9000-7ff0b7ffa000 r--p 00016000 08:05 532277                     /lib/x86_64-linux-gnu/libpthread-2.13.so
7ff0b7ffa000-7ff0b7ffb000 rw-p 00017000 08:05 532277                     /lib/x86_64-linux-gnu/libpthread-2.13.so
7ff0b7ffb000-7ff0b7fff000 rw-p 00000000 00:00 0 
7ff0b7fff000-7ff0b801f000 r-xp 00000000 08:05 532281                     /lib/x86_64-linux-gnu/ld-2.13.so
7ff0b801f000-7ff0b8021000 r--s 00002000 08:04 4334753                    /home/robashton/.m2/repository/cheshire/cheshire/5.2.0/cheshire-5.2.0.jar
7ff0b8021000-7ff0b8022000 r--s 00000000 08:04 4334754                    /home/robashton/.m2/repository/crouton/crouton/0.1.1/crouton-0.1.1.jar
7ff0b8022000-7ff0b8023000 r--s 00000000 08:04 4334930                    /home/robashton/.m2/repository/ring/ring-jetty-adapter/1.2.0/ring-jetty-adapter-1.2.0.jar
7ff0b8023000-7ff0b802c000 r--s 00061000 08:04 2627843                    /home/robashton/.m2/repository/org/apache/httpcomponents/httpclient/4.2.5/httpclient-4.2.5.jar
7ff0b802c000-7ff0b802e000 r--s 00000000 08:04 4335218                    /home/robashton/.m2/repository/fresh/fresh/1.0.2/fresh-1.0.2.jar
7ff0b802e000-7ff0b802f000 r--s 00001000 08:04 2499335                    /home/robashton/.m2/repository/org/clojure/tools.macro/0.1.0/tools.macro-0.1.0.jar
7ff0b802f000-7ff0b8031000 r--s 00003000 08:04 4464105                    /home/robashton/.m2/repository/clj-time/clj-time/0.6.0/clj-time-0.6.0.jar
7ff0b8031000-7ff0b8033000 r--s 00000000 08:04 2103962                    /home/robashton/.m2/repository/org/clojure/core.incubator/0.1.3/core.incubator-0.1.3.jar
7ff0b8033000-7ff0b8034000 r--s 00005000 08:04 4334923                    /home/robashton/.m2/repository/ring/ring-core/1.2.0/ring-core-1.2.0.jar
7ff0b8034000-7ff0b8036000 r--s 0000d000 08:04 2621509                    /home/robashton/.m2/repository/commons-logging/commons-logging/1.1.1/commons-logging-1.1.1.jar
7ff0b8036000-7ff0b8039000 r--s 0002c000 08:04 2235790                    /home/robashton/.m2/repository/com/fasterxml/jackson/core/jackson-core/2.2.1/jackson-core-2.2.1.jar
7ff0b8039000-7ff0b803a000 r--s 00006000 08:04 921156                     /home/robashton/.m2/repository/jakarta-regexp/jakarta-regexp/1.4/jakarta-regexp-1.4.jar
7ff0b803a000-7ff0b803c000 r--s 0000e000 08:04 2371747                    /home/robashton/.m2/repository/com/fasterxml/jackson/dataformat/jackson-dataformat-smile/2.2.1/jackson-dataformat-smile-2.2.1.jar
7ff0b803c000-7ff0b803d000 r--s 00001000 08:04 4334921                    /home/robashton/.m2/repository/ring/ring-devel/1.2.0/ring-devel-1.2.0.jar
7ff0b803d000-7ff0b803e000 r--s 00000000 08:04 4334939                    /home/robashton/.m2/repository/clout/clout/1.0.1/clout-1.0.1.jar
7ff0b803e000-7ff0b803f000 r--s 00000000 08:04 4334920                    /home/robashton/.m2/repository/ring/ring-codec/1.0.0/ring-codec-1.0.0.jar
7ff0b803f000-7ff0b8041000 r--s 00001000 08:04 2621523                    /home/robashton/.m2/repository/slingshot/slingshot/0.10.3/slingshot-0.10.3.jar
7ff0b8041000-7ff0b8042000 r--s 00004000 08:04 4334907                    /home/robashton/.m2/repository/org/eclipse/jetty/jetty-continuation/7.6.8.v20121106/jetty-continuation-7.6.8.v20121106.jar
7ff0b8042000-7ff0b804b000 r--s 0006c000 08:04 2235798                    /home/robashton/.m2/repository/com/ning/async-http-client/1.7.10/async-http-client-1.7.10.jar
7ff0b804b000-7ff0b805b000 r--s 00173000 08:04 921157                     /home/robashton/.m2/repository/org/apache/lucene/lucene-analyzers-common/4.4.0/lucene-analyzers-common-4.4.0.jar
7ff0b805b000-7ff0b8060000 r--s 00036000 08:04 4726128                    /home/robashton/.m2/repository/org/apache/commons/commons-compress/1.4/commons-compress-1.4.jar
7ff0b8060000-7ff0b8062000 r--s 00001000 08:04 4335185                    /home/robashton/.m2/repository/me/raynes/fs/1.4.4/fs-1.4.4.jar
7ff0b8062000-7ff0b8063000 r--s 00008000 08:04 921162                     /home/robashton/.m2/repository/org/apache/lucene/lucene-memory/4.4.0/lucene-memory-4.4.0.jar
7ff0b8063000-7ff0b8065000 r--s 00005000 08:04 131689                     /home/robashton/.m2/repository/org/slf4j/slf4j-api/1.6.6/slf4j-api-1.6.6.jar
7ff0b8065000-7ff0b8068000 r--s 0001b000 08:04 4334909                    /home/robashton/.m2/repository/org/eclipse/jetty/orbit/javax.servlet/2.5.0.v201103041518/javax.servlet-2.5.0.v201103041518.jar
7ff0b8068000-7ff0b8069000 r--s 00002000 08:04 131688                     /home/robashton/.m2/repository/org/slf4j/slf4j-log4j12/1.6.6/slf4j-log4j12-1.6.6.jar
7ff0b8069000-7ff0b806a000 r--s 00001000 08:04 4334929                    /home/robashton/.m2/repository/ns-tracker/ns-tracker/0.2.1/ns-tracker-0.2.1.jar
7ff0b806a000-7ff0b806b000 r--s 00000000 08:04 4334918                    /home/robashton/.m2/repository/ring/ring/1.2.0/ring-1.2.0.jar
7ff0b806b000-7ff0b806d000 r--s 00018000 08:04 2102668                    /home/robashton/.m2/repository/javax/servlet/servlet-api/2.5/servlet-api-2.5.jar
7ff0b806d000-7ff0b806e000 r--s 00044000 08:04 4335039                    /home/robashton/.m2/repository/org/fusesource/leveldbjni/leveldbjni-linux32/1.5/leveldbjni-linux32-1.5.jar
7ff0b806e000-7ff0b806f000 r--s 00001000 08:04 4334928                    /home/robashton/.m2/repository/clj-stacktrace/clj-stacktrace/0.2.5/clj-stacktrace-0.2.5.jar
7ff0b806f000-7ff0b8070000 r--s 00000000 08:04 4463933                    /home/robashton/.m2/repository/serializable-fn/serializable-fn/1.1.3/serializable-fn-1.1.3.jar
7ff0b8070000-7ff0b8071000 r--s 00001000 08:04 4335773                    /home/robashton/.m2/repository/speclj-growl/speclj-growl/2.1.0/speclj-growl-2.1.0.jar
7ff0b8071000-7ff0b807a000 r--s 00055000 08:04 921154                     /home/robashton/.m2/repository/org/apache/lucene/lucene-queryparser/4.4.0/lucene-queryparser-4.4.0.jar
7ff0b807a000-7ff0b807c000 r--s 00016000 08:04 4334911                    /home/robashton/.m2/repository/org/eclipse/jetty/jetty-io/7.6.8.v20121106/jetty-io-7.6.8.v20121106.jar
7ff0b807c000-7ff0b807d000 r--s 00000000 08:04 4464234                    /home/robashton/.m2/repository/org/clojure/java.classpath/0.2.0/java.classpath-0.2.0.jar
7ff0b807d000-7ff0b8081000 r--s 00085000 08:05 398734                     /usr/lib/jvm/java-7-openjdk-common/jre/lib/ext/localedata.jar
7ff0b8081000-7ff0b80bb000 rw-p 00000000 00:00 0 
7ff0b80bb000-7ff0b80fc000 rw-p 00000000 00:00 0 
7ff0b80fc000-7ff0b80ff000 ---p 00000000 00:00 0 
7ff0b80ff000-7ff0b8202000 rw-p 00000000 00:00 0 
7ff0b8202000-7ff0b8204000 r--s 00005000 08:04 2499327                    /home/robashton/.m2/repository/org/apache/httpcomponents/httpmime/4.2.5/httpmime-4.2.5.jar
7ff0b8204000-7ff0b8205000 r--s 00006000 08:04 4464209                    /home/robashton/.m2/repository/org/clojure/tools.reader/0.7.4/tools.reader-0.7.4.jar
7ff0b8205000-7ff0b8208000 r--s 00032000 08:05 398735                     /usr/lib/jvm/java-7-openjdk-common/jre/lib/ext/sunjce_provider.jar
7ff0b8208000-7ff0b820a000 r--s 00012000 08:05 398731                     /usr/lib/jvm/java-7-openjdk-common/jre/lib/ext/zipfs.jar
7ff0b820a000-7ff0b820d000 r--s 0003c000 08:05 398732                     /usr/lib/jvm/java-7-openjdk-common/jre/lib/ext/sunpkcs11.jar
7ff0b820d000-7ff0b8210000 r--s 0000f000 08:05 398733                     /usr/lib/jvm/java-7-openjdk-common/jre/lib/ext/pulse-java.jar
7ff0b8210000-7ff0b8211000 r--s 00007000 08:05 938847                     /usr/share/java/java-atk-wrapper.jar
7ff0b8211000-7ff0b8212000 r--s 00002000 08:05 398736                     /usr/lib/jvm/java-7-openjdk-common/jre/lib/ext/dnsns.jar
7ff0b8212000-7ff0b821a000 rw-s 00000000 08:05 1177388                    /tmp/hsperfdata_robashton/21489
7ff0b821a000-7ff0b821b000 rw-p 00000000 00:00 0 
7ff0b821b000-7ff0b821c000 ---p 00000000 00:00 0 
7ff0b821c000-7ff0b821e000 rw-p 00000000 00:00 0 
7ff0b821e000-7ff0b821f000 r--p 0001f000 08:05 532281                     /lib/x86_64-linux-gnu/ld-2.13.so
7ff0b821f000-7ff0b8220000 rw-p 00020000 08:05 532281                     /lib/x86_64-linux-gnu/ld-2.13.so
7ff0b8220000-7ff0b8221000 rw-p 00000000 00:00 0 
7fff00e13000-7fff00e37000 rw-p 00000000 00:00 0                          [stack]
7fff00f26000-7fff00f27000 r-xp 00000000 00:00 0                          [vdso]
ffffffffff600000-ffffffffff601000 r-xp 00000000 00:00 0                  [vsyscall]

VM Arguments:
jvm_args: -XX:+TieredCompilation -XX:TieredStopAtLevel=1 -Dclojure.compile.path=/home/robashton/src/cravendb/target/classes -Dcravendb.version=0.0.0 -Dfile.encoding=UTF-8 -Dclojure.debug=false 
java_command: clojure.main -e (do (set! *warn-on-reflection* nil) (do (try (clojure.core/require (quote cravendb.http)) (catch java.lang.Exception e__6420__auto__ (clojure.core/println e__6420__auto__) (clojure.core/ns cravendb.http))) (try (clojure.core/require (quote clojure.tools.nrepl.server)) (catch java.lang.Throwable t__6421__auto__ (clojure.core/println "Error loading" (clojure.core/str (quote clojure.tools.nrepl.server) ":") (clojure.core/or (.getMessage t__6421__auto__) (clojure.core/type t__6421__auto__))))) (try (clojure.core/require (quote complete.core)) (catch java.lang.Throwable t__6421__auto__ (clojure.core/println "Error loading" (clojure.core/str (quote complete.core) ":") (clojure.core/or (.getMessage t__6421__auto__) (clojure.core/type t__6421__auto__))))) nil) (require (quote spyscope.core)) (require (quote spyscope.core)) (clojure.core/let [server__6417__auto__ (clojure.tools.nrepl.server/start-server :bind "127.0.0.1" :port 0 :ack-port 37600 :handler (clojure.tools.nrepl.server/default-handler (clojure.core/with-local-vars [wrap-init-ns__6383__auto__ (clojure.core/fn [h__6384__auto__] (clojure.core/with-local-vars [init-ns-sentinel__6385__auto__ nil] (clojure.core/fn [{:as msg__6386__auto__, :keys [session]}] (clojure.core/when-not ((clojure.core/deref session) init-ns-sentinel__6385__auto__) (clojure.core/swap! session clojure.core/assoc (var clojure.core/*ns*) (try (clojure.core/require (quote cravendb.http)) (clojure.core/create-ns (quote cravendb.http)) (catch java.lang.Throwable t__6387__auto__ (clojure.core/create-ns (quote user)))) init-ns-sentinel__6385__auto__ true)) (h__6384__auto__ msg__6386__auto__))))] (clojure.core/doto wrap-init-ns__6383__auto__ (clojure.tools.nrepl.middleware/set-descriptor! {:requires #{(var clojure.tools.nrepl.middleware.session/session)}, :expects #{"eval"}}) (clojure.core/alter-var-root (clojure.core/constantly (clojure.core/deref wrap-init-ns__6383__auto__))))))) port__6418__auto__ (clojure.core/-> serv
Launcher Type: SUN_STANDARD

Environment Variables:
JAVA_HOME=/usr/lib/jvm/java-1.7.0-openjdk-amd64
CLASSPATH=:/home/robashton/.lein/self-installs/leiningen-2.2.0-standalone.jar
PATH=/usr/local/bin:/usr/bin:/bin:/usr/local/games:/usr/games:/home/robashton/build/clojurescript/bin
USERNAME=robashton
SHELL=/bin/bash
DISPLAY=:0

Signal Handlers:
SIGSEGV: [libjvm.so+0x84ff00], sa_mask[0]=0x7ffbfeff, sa_flags=0x10000004
SIGBUS: [libjvm.so+0x84ff00], sa_mask[0]=0x7ffbfeff, sa_flags=0x10000004
SIGFPE: [libjvm.so+0x6f2230], sa_mask[0]=0x7ffbfeff, sa_flags=0x10000004
SIGPIPE: [libjvm.so+0x6f2230], sa_mask[0]=0x7ffbfeff, sa_flags=0x10000004
SIGXFSZ: [libjvm.so+0x6f2230], sa_mask[0]=0x7ffbfeff, sa_flags=0x10000004
SIGILL: [libjvm.so+0x6f2230], sa_mask[0]=0x7ffbfeff, sa_flags=0x10000004
SIGUSR1: SIG_DFL, sa_mask[0]=0x00000000, sa_flags=0x00000000
SIGUSR2: [libjvm.so+0x6f2600], sa_mask[0]=0x00000004, sa_flags=0x10000004
SIGHUP: [libjvm.so+0x6f2740], sa_mask[0]=0x7ffbfeff, sa_flags=0x10000004
SIGINT: [libjvm.so+0x6f2740], sa_mask[0]=0x7ffbfeff, sa_flags=0x10000004
SIGTERM: [libjvm.so+0x6f2740], sa_mask[0]=0x7ffbfeff, sa_flags=0x10000004
SIGQUIT: [libjvm.so+0x6f2740], sa_mask[0]=0x7ffbfeff, sa_flags=0x10000004


---------------  S Y S T E M  ---------------

OS:wheezy/sid

uname:Linux 3.2.0-4-amd64 #1 SMP Debian 3.2.46-1+deb7u1 x86_64
libc:glibc 2.13 NPTL 2.13 
rlimit: STACK 8192k, CORE 0k, NPROC 30929, NOFILE 4096, AS infinity
load average:0.21 0.20 0.20

/proc/meminfo:
MemTotal:        3971036 kB
MemFree:          708984 kB
Buffers:          410360 kB
Cached:           953644 kB
SwapCached:            8 kB
Active:          2119312 kB
Inactive:         865160 kB
Active(anon):    1425644 kB
Inactive(anon):   326180 kB
Active(file):     693668 kB
Inactive(file):   538980 kB
Unevictable:           0 kB
Mlocked:               0 kB
SwapTotal:       4103304 kB
SwapFree:        4103224 kB
Dirty:              1036 kB
Writeback:             0 kB
AnonPages:       1621276 kB
Mapped:           149724 kB
Shmem:            130768 kB
Slab:             210412 kB
SReclaimable:     185292 kB
SUnreclaim:        25120 kB
KernelStack:        3400 kB
PageTables:        24080 kB
NFS_Unstable:          0 kB
Bounce:                0 kB
WritebackTmp:          0 kB
CommitLimit:     6088820 kB
Committed_AS:    3996040 kB
VmallocTotal:   34359738367 kB
VmallocUsed:      450760 kB
VmallocChunk:   34359279156 kB
HardwareCorrupted:     0 kB
AnonHugePages:         0 kB
HugePages_Total:       0
HugePages_Free:        0
HugePages_Rsvd:        0
HugePages_Surp:        0
Hugepagesize:       2048 kB
DirectMap4k:       73356 kB
DirectMap2M:     4112384 kB


CPU:total 4 (2 cores per cpu, 2 threads per core) family 6 model 42 stepping 7, cmov, cx8, fxsr, mmx, sse, sse2, sse3, ssse3, sse4.1, sse4.2, popcnt, avx, ht, tsc, tscinvbit

/proc/cpuinfo:
processor	: 0
vendor_id	: GenuineIntel
cpu family	: 6
model		: 42
model name	: Intel(R) Core(TM) i5-2557M CPU @ 1.70GHz
stepping	: 7
microcode	: 0x1a
cpu MHz		: 1701.000
cache size	: 3072 KB
physical id	: 0
siblings	: 4
core id		: 0
cpu cores	: 2
apicid		: 0
initial apicid	: 0
fpu		: yes
fpu_exception	: yes
cpuid level	: 13
wp		: yes
flags		: fpu vme de pse tsc msr pae mce cx8 apic sep mtrr pge mca cmov pat pse36 clflush dts acpi mmx fxsr sse sse2 ss ht tm pbe syscall nx rdtscp lm constant_tsc arch_perfmon pebs bts rep_good nopl xtopology nonstop_tsc aperfmperf pni pclmulqdq dtes64 monitor ds_cpl vmx smx est tm2 ssse3 cx16 xtpr pdcm pcid sse4_1 sse4_2 x2apic popcnt tsc_deadline_timer aes xsave avx lahf_lm ida arat xsaveopt pln pts dtherm tpr_shadow vnmi flexpriority ept vpid
bogomips	: 3399.34
clflush size	: 64
cache_alignment	: 64
address sizes	: 36 bits physical, 48 bits virtual
power management:

processor	: 1
vendor_id	: GenuineIntel
cpu family	: 6
model		: 42
model name	: Intel(R) Core(TM) i5-2557M CPU @ 1.70GHz
stepping	: 7
microcode	: 0x1a
cpu MHz		: 1701.000
cache size	: 3072 KB
physical id	: 0
siblings	: 4
core id		: 1
cpu cores	: 2
apicid		: 2
initial apicid	: 2
fpu		: yes
fpu_exception	: yes
cpuid level	: 13
wp		: yes
flags		: fpu vme de pse tsc msr pae mce cx8 apic sep mtrr pge mca cmov pat pse36 clflush dts acpi mmx fxsr sse sse2 ss ht tm pbe syscall nx rdtscp lm constant_tsc arch_perfmon pebs bts rep_good nopl xtopology nonstop_tsc aperfmperf pni pclmulqdq dtes64 monitor ds_cpl vmx smx est tm2 ssse3 cx16 xtpr pdcm pcid sse4_1 sse4_2 x2apic popcnt tsc_deadline_timer aes xsave avx lahf_lm ida arat xsaveopt pln pts dtherm tpr_shadow vnmi flexpriority ept vpid
bogomips	: 3399.90
clflush size	: 64
cache_alignment	: 64
address sizes	: 36 bits physical, 48 bits virtual
power management:

processor	: 2
vendor_id	: GenuineIntel
cpu family	: 6
model		: 42
model name	: Intel(R) Core(TM) i5-2557M CPU @ 1.70GHz
stepping	: 7
microcode	: 0x1a
cpu MHz		: 1701.000
cache size	: 3072 KB
physical id	: 0
siblings	: 4
core id		: 0
cpu cores	: 2
apicid		: 1
initial apicid	: 1
fpu		: yes
fpu_exception	: yes
cpuid level	: 13
wp		: yes
flags		: fpu vme de pse tsc msr pae mce cx8 apic sep mtrr pge mca cmov pat pse36 clflush dts acpi mmx fxsr sse sse2 ss ht tm pbe syscall nx rdtscp lm constant_tsc arch_perfmon pebs bts rep_good nopl xtopology nonstop_tsc aperfmperf pni pclmulqdq dtes64 monitor ds_cpl vmx smx est tm2 ssse3 cx16 xtpr pdcm pcid sse4_1 sse4_2 x2apic popcnt tsc_deadline_timer aes xsave avx lahf_lm ida arat xsaveopt pln pts dtherm tpr_shadow vnmi flexpriority ept vpid
bogomips	: 3399.90
clflush size	: 64
cache_alignment	: 64
address sizes	: 36 bits physical, 48 bits virtual
power management:

processor	: 3
vendor_id	: GenuineIntel
cpu family	: 6
model		: 42
model name	: Intel(R) Core(TM) i5-2557M CPU @ 1.70GHz
stepping	: 7
microcode	: 0x1a
cpu MHz		: 800.000
cache size	: 3072 KB
physical id	: 0
siblings	: 4
core id		: 1
cpu cores	: 2
apicid		: 3
initial apicid	: 3
fpu		: yes
fpu_exception	: yes
cpuid level	: 13
wp		: yes
flags		: fpu vme de pse tsc msr pae mce cx8 apic sep mtrr pge mca cmov pat pse36 clflush dts acpi mmx fxsr sse sse2 ss ht tm pbe syscall nx rdtscp lm constant_tsc arch_perfmon pebs bts rep_good nopl xtopology nonstop_tsc aperfmperf pni pclmulqdq dtes64 monitor ds_cpl vmx smx est tm2 ssse3 cx16 xtpr pdcm pcid sse4_1 sse4_2 x2apic popcnt tsc_deadline_timer aes xsave avx lahf_lm ida arat xsaveopt pln pts dtherm tpr_shadow vnmi flexpriority ept vpid
bogomips	: 3399.90
clflush size	: 64
cache_alignment	: 64
address sizes	: 36 bits physical, 48 bits virtual
power management:



Memory: 4k page, physical 3971036k(708984k free), swap 4103304k(4103224k free)

vm_info: OpenJDK 64-Bit Server VM (23.7-b01) for linux-amd64 JRE (1.7.0_25-b30), built on Jul  3 2013 10:28:26 by "jmm" with gcc 4.7.2

time: Tue Sep 24 14:45:06 2013
elapsed time: 8116 seconds

