#
# A fatal error has been detected by the Java Runtime Environment:
#
#  SIGSEGV (0xb) at pc=0x00007f2c3c27c320, pid=29591, tid=139827887376128
#
# JRE version: 7.0_25-b30
# Java VM: OpenJDK 64-Bit Server VM (23.7-b01 mixed mode linux-amd64 compressed oops)
# Problematic frame:
# C  [libleveldbjni-64-1.7.so+0x19320]  Java_org_fusesource_leveldbjni_internal_NativeDB_00024DBJNI_ReleaseSnapshot+0x0
#
# Failed to write core dump. Core dumps have been disabled. To enable core dumping, try "ulimit -c unlimited" before starting Java again
#
# If you would like to submit a bug report, please include
# instructions on how to reproduce the bug and visit:
#   http://icedtea.classpath.org/bugzilla
# The crash happened outside the Java Virtual Machine in native code.
# See problematic frame for where to report the bug.
#

---------------  T H R E A D  ---------------

Current thread (0x0000000002663000):  JavaThread "clojure-agent-send-off-pool-1" [_thread_in_native, id=29616, stack(0x00007f2c377e8000,0x00007f2c378e9000)]

siginfo:si_signo=SIGSEGV: si_errno=0, si_code=1 (SEGV_MAPERR), si_addr=0x0000000000000000

Registers:
RAX=0x00007f2c3c27c320, RBX=0x00000000bafd03a8, RCX=0x0000000004042020, RDX=0x0000000000000000
RSP=0x00007f2c378e7138, RBP=0x00007f2c378e71a8, RSI=0x00007f2c378e71b8, RDI=0x00000000026631d8
R8 =0x00000000ec0bd688, R9 =0x000000000000000a, R10=0x00007f2c42fc4f64, R11=0x00007f2c47f53440
R12=0x0000000000000000, R13=0x00000000bafd03a8, R14=0x00007f2c378e71e0, R15=0x0000000002663000
RIP=0x00007f2c3c27c320, EFLAGS=0x0000000000010283, CSGSFS=0x0000000000000033, ERR=0x0000000000000004
  TRAPNO=0x000000000000000e

Top of Stack: (sp=0x00007f2c378e7138)
0x00007f2c378e7138:   00007f2c42fc4f90 00000000b9db7876
0x00007f2c378e7148:   00007f2c378e71f8 00007f2c378e71c0
0x00007f2c378e7158:   00007f2c42fd1544 00007f2c42fd1502
0x00007f2c378e7168:   00007f2c378e7168 0000000000000000
0x00007f2c378e7178:   00007f2c378e71e0 00000000bafd0ff8
0x00007f2c378e7188:   0000000000000000 00000000bafd03a8
0x00007f2c378e7198:   0000000000000000 00007f2c378e71c8
0x00007f2c378e71a8:   00007f2c378e7228 00007f2c42fb9158
0x00007f2c378e71b8:   00000000ebfcfda0 00007f2c42fc1dd8
0x00007f2c378e71c8:   0000000004042020 00000000efda2c20
0x00007f2c378e71d8:   0000000000000000 00000000efda2c20
0x00007f2c378e71e8:   00007f2c378e71e8 00000000ba1050fe
0x00007f2c378e71f8:   00007f2c378e7240 00000000ba108540
0x00007f2c378e7208:   0000000000000000 00000000ba105128
0x00007f2c378e7218:   00007f2c378e71c8 00007f2c378e7238
0x00007f2c378e7228:   00007f2c378e7288 00007f2c42fb9158
0x00007f2c378e7238:   00000000efda2c20 00000000ebfe9848
0x00007f2c378e7248:   00007f2c378e7248 00000000bafd7318
0x00007f2c378e7258:   00007f2c378e7298 00000000bafd7770
0x00007f2c378e7268:   0000000000000000 00000000bafd7330
0x00007f2c378e7278:   00007f2c378e7238 00007f2c378e7298
0x00007f2c378e7288:   00007f2c378e72e0 00007f2c42fb9158
0x00007f2c378e7298:   00000000efda2c08 00007f2c378e72a0
0x00007f2c378e72a8:   00000000bb2cdec4 00007f2c378e7300
0x00007f2c378e72b8:   00000000bb2ce1d8 0000000000000000
0x00007f2c378e72c8:   00000000bb2cdee8 00007f2c378e7298
0x00007f2c378e72d8:   00007f2c378e72f0 00007f2c378e7348
0x00007f2c378e72e8:   00007f2c42fb9333 0000000000000000
0x00007f2c378e72f8:   00000000efda2c08 00000000ef90c6c0
0x00007f2c378e7308:   00007f2c378e7308 00000000b9957d56
0x00007f2c378e7318:   00007f2c378e7368 00000000b9958188
0x00007f2c378e7328:   0000000000000000 00000000b9957d90 

Instructions: (pc=0x00007f2c3c27c320)
0x00007f2c3c27c300:   48 8b 02 48 89 d7 4c 8b 58 38 41 ff e3 90 66 90
0x00007f2c3c27c310:   48 8b 07 48 89 d6 4c 8b 98 a8 00 00 00 41 ff e3
0x00007f2c3c27c320:   48 8b 02 48 89 d7 48 89 ce 4c 8b 58 40 41 ff e3
0x00007f2c3c27c330:   48 8b 02 48 89 d7 4c 8b 58 68 41 ff e3 90 66 90 

Register to memory mapping:

RAX=0x00007f2c3c27c320: Java_org_fusesource_leveldbjni_internal_NativeDB_00024DBJNI_ReleaseSnapshot+0 in /tmp/libleveldbjni-64-1.7.so at 0x00007f2c3c263000
RBX=0x00000000bafd03a8 is an oop
{method} 
 - klass: {other class}
RCX=0x0000000004042020 is an unknown value
RDX=0x0000000000000000 is an unknown value
RSP=0x00007f2c378e7138 is pointing into the stack for thread: 0x0000000002663000
RBP=0x00007f2c378e71a8 is pointing into the stack for thread: 0x0000000002663000
RSI=0x00007f2c378e71b8 is pointing into the stack for thread: 0x0000000002663000
RDI=0x00000000026631d8 is an unknown value
R8 =0x00000000ec0bd688 is an oop
[Ljava.lang.Class; 
 - klass: 'java/lang/Class'[]
 - length: 0
R9 =0x000000000000000a is an unknown value
R10=0x00007f2c42fc4f64 is an Interpreter codelet
method entry point (kind = native)  [0x00007f2c42fc4d00, 0x00007f2c42fc5540]  2112 bytes
R11=0x00007f2c47f53440: <offset 0x77b440> in /usr/lib/jvm/java-7-openjdk-amd64/jre/lib/amd64/server/libjvm.so at 0x00007f2c477d8000
R12=0x0000000000000000 is an unknown value
R13=0x00000000bafd03a8 is an oop
{method} 
 - klass: {other class}
R14=0x00007f2c378e71e0 is pointing into the stack for thread: 0x0000000002663000
R15=0x0000000002663000 is a thread


Stack: [0x00007f2c377e8000,0x00007f2c378e9000],  sp=0x00007f2c378e7138,  free space=1020k
Native frames: (J=compiled Java code, j=interpreted, Vv=VM code, C=native code)
C  [libleveldbjni-64-1.7.so+0x19320]  Java_org_fusesource_leveldbjni_internal_NativeDB_00024DBJNI_ReleaseSnapshot+0x0
j  org.fusesource.leveldbjni.internal.NativeDB.releaseSnapshot(Lorg/fusesource/leveldbjni/internal/NativeSnapshot;)V+14
j  org.fusesource.leveldbjni.internal.JniSnapshot.close()V+8
j  sun.reflect.GeneratedMethodAccessor11.invoke(Ljava/lang/Object;[Ljava/lang/Object;)Ljava/lang/Object;+36
j  sun.reflect.DelegatingMethodAccessorImpl.invoke(Ljava/lang/Object;[Ljava/lang/Object;)Ljava/lang/Object;+6
j  java.lang.reflect.Method.invoke(Ljava/lang/Object;[Ljava/lang/Object;)Ljava/lang/Object;+57
j  clojure.lang.Reflector.invokeMatchingMethod(Ljava/lang/String;Ljava/util/List;Ljava/lang/Object;[Ljava/lang/Object;)Ljava/lang/Object;+244
j  clojure.lang.Reflector.invokeNoArgInstanceMember(Ljava/lang/Object;Ljava/lang/String;)Ljava/lang/Object;+26
j  cravendb.storage.LevelTransaction.close()Ljava/lang/Object;+182
j  sun.reflect.GeneratedMethodAccessor9.invoke(Ljava/lang/Object;[Ljava/lang/Object;)Ljava/lang/Object;+36
j  sun.reflect.DelegatingMethodAccessorImpl.invoke(Ljava/lang/Object;[Ljava/lang/Object;)Ljava/lang/Object;+6
j  java.lang.reflect.Method.invoke(Ljava/lang/Object;[Ljava/lang/Object;)Ljava/lang/Object;+57
j  clojure.lang.Reflector.invokeMatchingMethod(Ljava/lang/String;Ljava/util/List;Ljava/lang/Object;[Ljava/lang/Object;)Ljava/lang/Object;+244
j  clojure.lang.Reflector.invokeNoArgInstanceMember(Ljava/lang/Object;Ljava/lang/String;)Ljava/lang/Object;+26
j  cravendb.indexing$index_catchup_BANG_.invoke(Ljava/lang/Object;Ljava/lang/Object;)Ljava/lang/Object;+136
j  cravendb.indexengine$create_chaser$fn__3159.invoke()Ljava/lang/Object;+67
j  clojure.core$binding_conveyor_fn$fn__4107.invoke()Ljava/lang/Object;+14
j  clojure.lang.AFn.call()Ljava/lang/Object;+1
j  java.util.concurrent.FutureTask$Sync.innerRun()V+29
j  java.util.concurrent.FutureTask.run()V+4
j  java.util.concurrent.ThreadPoolExecutor.runWorker(Ljava/util/concurrent/ThreadPoolExecutor$Worker;)V+95
j  java.util.concurrent.ThreadPoolExecutor$Worker.run()V+5
j  java.lang.Thread.run()V+11
v  ~StubRoutines::call_stub
V  [libjvm.so+0x527a8e]  JavaCalls::call_helper(JavaValue*, methodHandle*, JavaCallArguments*, Thread*)+0x32e
V  [libjvm.so+0x526d0a]  JavaCalls::call_virtual(JavaValue*, KlassHandle, Symbol*, Symbol*, JavaCallArguments*, Thread*)+0x1aa
V  [libjvm.so+0x526d5f]  JavaCalls::call_virtual(JavaValue*, Handle, KlassHandle, Symbol*, Symbol*, Thread*)+0x4f
V  [libjvm.so+0x55e0bf]  thread_entry(JavaThread*, Thread*)+0xdf
V  [libjvm.so+0x80f542]  JavaThread::thread_main_inner()+0xf2
V  [libjvm.so+0x6f3ba2]  java_start(Thread*)+0xf2

Java frames: (J=compiled Java code, j=interpreted, Vv=VM code)
j  org.fusesource.leveldbjni.internal.NativeDB$DBJNI.ReleaseSnapshot(JJ)V+0
j  org.fusesource.leveldbjni.internal.NativeDB.releaseSnapshot(Lorg/fusesource/leveldbjni/internal/NativeSnapshot;)V+14
j  org.fusesource.leveldbjni.internal.JniSnapshot.close()V+8
j  sun.reflect.GeneratedMethodAccessor11.invoke(Ljava/lang/Object;[Ljava/lang/Object;)Ljava/lang/Object;+36
j  sun.reflect.DelegatingMethodAccessorImpl.invoke(Ljava/lang/Object;[Ljava/lang/Object;)Ljava/lang/Object;+6
j  java.lang.reflect.Method.invoke(Ljava/lang/Object;[Ljava/lang/Object;)Ljava/lang/Object;+57
j  clojure.lang.Reflector.invokeMatchingMethod(Ljava/lang/String;Ljava/util/List;Ljava/lang/Object;[Ljava/lang/Object;)Ljava/lang/Object;+244
j  clojure.lang.Reflector.invokeNoArgInstanceMember(Ljava/lang/Object;Ljava/lang/String;)Ljava/lang/Object;+26
j  cravendb.storage.LevelTransaction.close()Ljava/lang/Object;+182
j  sun.reflect.GeneratedMethodAccessor9.invoke(Ljava/lang/Object;[Ljava/lang/Object;)Ljava/lang/Object;+36
j  sun.reflect.DelegatingMethodAccessorImpl.invoke(Ljava/lang/Object;[Ljava/lang/Object;)Ljava/lang/Object;+6
j  java.lang.reflect.Method.invoke(Ljava/lang/Object;[Ljava/lang/Object;)Ljava/lang/Object;+57
j  clojure.lang.Reflector.invokeMatchingMethod(Ljava/lang/String;Ljava/util/List;Ljava/lang/Object;[Ljava/lang/Object;)Ljava/lang/Object;+244
j  clojure.lang.Reflector.invokeNoArgInstanceMember(Ljava/lang/Object;Ljava/lang/String;)Ljava/lang/Object;+26
j  cravendb.indexing$index_catchup_BANG_.invoke(Ljava/lang/Object;Ljava/lang/Object;)Ljava/lang/Object;+136
j  cravendb.indexengine$create_chaser$fn__3159.invoke()Ljava/lang/Object;+67
j  clojure.core$binding_conveyor_fn$fn__4107.invoke()Ljava/lang/Object;+14
j  clojure.lang.AFn.call()Ljava/lang/Object;+1
j  java.util.concurrent.FutureTask$Sync.innerRun()V+29
j  java.util.concurrent.FutureTask.run()V+4
j  java.util.concurrent.ThreadPoolExecutor.runWorker(Ljava/util/concurrent/ThreadPoolExecutor$Worker;)V+95
j  java.util.concurrent.ThreadPoolExecutor$Worker.run()V+5
j  java.lang.Thread.run()V+11
v  ~StubRoutines::call_stub

---------------  P R O C E S S  ---------------

Java Threads: ( => current thread )
=>0x0000000002663000 JavaThread "clojure-agent-send-off-pool-1" [_thread_in_native, id=29616, stack(0x00007f2c377e8000,0x00007f2c378e9000)]
  0x0000000004042800 JavaThread "clojure-agent-send-pool-5" [_thread_blocked, id=29615, stack(0x00007f2c378e9000,0x00007f2c379ea000)]
  0x000000000262e800 JavaThread "clojure-agent-send-pool-4" [_thread_blocked, id=29614, stack(0x00007f2c379ea000,0x00007f2c37aeb000)]
  0x00000000046c9000 JavaThread "clojure-agent-send-pool-3" [_thread_blocked, id=29613, stack(0x00007f2c37aeb000,0x00007f2c37bec000)]
  0x0000000003089800 JavaThread "clojure-agent-send-pool-2" [_thread_blocked, id=29612, stack(0x00007f2c37bfc000,0x00007f2c37cfd000)]
  0x0000000003e0b800 JavaThread "clojure-agent-send-pool-1" [_thread_blocked, id=29611, stack(0x00007f2c37cfd000,0x00007f2c37dfe000)]
  0x0000000002ad0000 JavaThread "clojure-agent-send-off-pool-0" [_thread_blocked, id=29610, stack(0x00007f2c37dfe000,0x00007f2c37eff000)]
  0x00007f2c38e31000 JavaThread "clojure-agent-send-pool-0" [_thread_blocked, id=29609, stack(0x00007f2c37eff000,0x00007f2c38000000)]
  0x0000000001bb0000 JavaThread "Service Thread" daemon [_thread_blocked, id=29606, stack(0x00007f2c3e10c000,0x00007f2c3e20d000)]
  0x0000000001bad000 JavaThread "C2 CompilerThread1" daemon [_thread_in_native, id=29605, stack(0x00007f2c3e20d000,0x00007f2c3e30e000)]
  0x0000000001baa000 JavaThread "C2 CompilerThread0" daemon [_thread_in_native, id=29604, stack(0x00007f2c3e30e000,0x00007f2c3e40f000)]
  0x0000000001ba7800 JavaThread "Signal Dispatcher" daemon [_thread_blocked, id=29603, stack(0x00007f2c3e40f000,0x00007f2c3e510000)]
  0x0000000001b48800 JavaThread "Finalizer" daemon [_thread_blocked, id=29602, stack(0x00007f2c3e687000,0x00007f2c3e788000)]
  0x0000000001b46000 JavaThread "Reference Handler" daemon [_thread_blocked, id=29601, stack(0x00007f2c3e788000,0x00007f2c3e889000)]
  0x0000000001a9f000 JavaThread "main" [_thread_blocked, id=29595, stack(0x00007f2c49162000,0x00007f2c49263000)]

Other Threads:
  0x0000000001b3d800 VMThread [stack: 0x00007f2c3e889000,0x00007f2c3e98a000] [id=29600]
  0x0000000001bcc000 WatcherThread [stack: 0x00007f2c3e00b000,0x00007f2c3e10c000] [id=29607]

VM state:not at safepoint (normal execution)

VM Mutex/Monitor currently owned by a thread: None

Heap
 PSYoungGen      total 320896K, used 77547K [0x00000000ebcb0000, 0x0000000100000000, 0x0000000100000000)
  eden space 312256K, 22% used [0x00000000ebcb0000,0x00000000f00ae0f8,0x00000000feda0000)
  from space 8640K, 91% used [0x00000000ff790000,0x00000000fff4cd10,0x0000000100000000)
  to   space 9408K, 0% used [0x00000000feda0000,0x00000000feda0000,0x00000000ff6d0000)
 ParOldGen       total 41408K, used 13928K [0x00000000c3600000, 0x00000000c5e70000, 0x00000000ebcb0000)
  object space 41408K, 33% used [0x00000000c3600000,0x00000000c439a2a8,0x00000000c5e70000)
 PSPermGen       total 35840K, used 35705K [0x00000000b9000000, 0x00000000bb300000, 0x00000000c3600000)
  object space 35840K, 99% used [0x00000000b9000000,0x00000000bb2de638,0x00000000bb300000)

Card table byte_map: [0x00007f2c42d7a000,0x00007f2c42fb3000] byte_map_base: 0x00007f2c427b2000

Polling page: 0x00007f2c49281000

Code Cache  [0x00007f2c42fb3000, 0x00007f2c43303000, 0x00007f2c45fb3000)
 total_blobs=1183 nmethods=831 adapters=303 free_code_cache=45861Kb largest_free_block=46910080

Compilation events (10 events):
Event: 11.560 Thread 0x0000000001bad000 nmethod 929 0x00007f2c4329b6d0 code [0x00007f2c4329b840, 0x00007f2c4329b9a8]
Event: 11.560 Thread 0x0000000001bad000  930             clojure.core$apply::invoke (32 bytes)
Event: 11.562 Thread 0x0000000001bad000 nmethod 930 0x00007f2c4329b210 code [0x00007f2c4329b380, 0x00007f2c4329b528]
Event: 11.563 Thread 0x0000000001bad000  931             sun.nio.cs.UTF_8$Decoder::decode (640 bytes)
Event: 11.569 Thread 0x0000000001baa000 nmethod 922 0x00007f2c4317d510 code [0x00007f2c4317da40, 0x00007f2c43180470]
Event: 11.569 Thread 0x0000000001baa000  932             java.util.zip.ZipCoder::getBytes (192 bytes)
Event: 11.587 Thread 0x0000000001bad000 nmethod 931 0x00007f2c4317b390 code [0x00007f2c4317b680, 0x00007f2c4317c430]
Event: 11.587 Thread 0x0000000001bad000   10 %           sun.nio.cs.UTF_8$Decoder::decodeArrayLoop @ 73 (543 bytes)
Event: 11.595 Thread 0x0000000001baa000 nmethod 932 0x00007f2c4329d1d0 code [0x00007f2c4329d3e0, 0x00007f2c4329db00]
Event: 11.595 Thread 0x0000000001baa000  933   !         sun.misc.Resource::getBytes (242 bytes)

GC Heap History (10 events):
Event: 3.788 GC heap before
{Heap before GC invocations=6 (full 0):
 PSYoungGen      total 64768K, used 64736K [0x00000000ebcb0000, 0x00000000f3f50000, 0x0000000100000000)
  eden space 62208K, 100% used [0x00000000ebcb0000,0x00000000ef970000,0x00000000ef970000)
  from space 2560K, 98% used [0x00000000ef970000,0x00000000efbe8020,0x00000000efbf0000)
  to   space 4672K, 0% used [0x00000000f3ac0000,0x00000000f3ac0000,0x00000000f3f50000)
 ParOldGen       total 41408K, used 4895K [0x00000000c3600000, 0x00000000c5e70000, 0x00000000ebcb0000)
  object space 41408K, 11% used [0x00000000c3600000,0x00000000c3ac7d50,0x00000000c5e70000)
 PSPermGen       total 21248K, used 17432K [0x00000000b9000000, 0x00000000ba4c0000, 0x00000000c3600000)
  object space 21248K, 82% used [0x00000000b9000000,0x00000000ba1060c8,0x00000000ba4c0000)
Event: 3.804 GC heap after
Heap after GC invocations=6 (full 0):
 PSYoungGen      total 127680K, used 4640K [0x00000000ebcb0000, 0x00000000f4210000, 0x0000000100000000)
  eden space 123008K, 0% used [0x00000000ebcb0000,0x00000000ebcb0000,0x00000000f34d0000)
  from space 4672K, 99% used [0x00000000f3ac0000,0x00000000f3f48128,0x00000000f3f50000)
  to   space 6080K, 0% used [0x00000000f34d0000,0x00000000f34d0000,0x00000000f3ac0000)
 ParOldGen       total 41408K, used 6603K [0x00000000c3600000, 0x00000000c5e70000, 0x00000000ebcb0000)
  object space 41408K, 15% used [0x00000000c3600000,0x00000000c3c72c18,0x00000000c5e70000)
 PSPermGen       total 21248K, used 17432K [0x00000000b9000000, 0x00000000ba4c0000, 0x00000000c3600000)
  object space 21248K, 82% used [0x00000000b9000000,0x00000000ba1060c8,0x00000000ba4c0000)
}
Event: 5.168 GC heap before
{Heap before GC invocations=7 (full 0):
 PSYoungGen      total 127680K, used 127648K [0x00000000ebcb0000, 0x00000000f4210000, 0x0000000100000000)
  eden space 123008K, 100% used [0x00000000ebcb0000,0x00000000f34d0000,0x00000000f34d0000)
  from space 4672K, 99% used [0x00000000f3ac0000,0x00000000f3f48128,0x00000000f3f50000)
  to   space 6080K, 0% used [0x00000000f34d0000,0x00000000f34d0000,0x00000000f3ac0000)
 ParOldGen       total 41408K, used 6603K [0x00000000c3600000, 0x00000000c5e70000, 0x00000000ebcb0000)
  object space 41408K, 15% used [0x00000000c3600000,0x00000000c3c72c18,0x00000000c5e70000)
 PSPermGen       total 21248K, used 19359K [0x00000000b9000000, 0x00000000ba4c0000, 0x00000000c3600000)
  object space 21248K, 91% used [0x00000000b9000000,0x00000000ba2e7f78,0x00000000ba4c0000)
Event: 5.180 GC heap after
Heap after GC invocations=7 (full 0):
 PSYoungGen      total 129088K, used 5179K [0x00000000ebcb0000, 0x00000000fb970000, 0x0000000100000000)
  eden space 123008K, 0% used [0x00000000ebcb0000,0x00000000ebcb0000,0x00000000f34d0000)
  from space 6080K, 85% used [0x00000000f34d0000,0x00000000f39deeb8,0x00000000f3ac0000)
  to   space 6400K, 0% used [0x00000000fb330000,0x00000000fb330000,0x00000000fb970000)
 ParOldGen       total 41408K, used 7652K [0x00000000c3600000, 0x00000000c5e70000, 0x00000000ebcb0000)
  object space 41408K, 18% used [0x00000000c3600000,0x00000000c3d790e8,0x00000000c5e70000)
 PSPermGen       total 21248K, used 19359K [0x00000000b9000000, 0x00000000ba4c0000, 0x00000000c3600000)
  object space 21248K, 91% used [0x00000000b9000000,0x00000000ba2e7f78,0x00000000ba4c0000)
}
Event: 6.473 GC heap before
{Heap before GC invocations=8 (full 0):
 PSYoungGen      total 129088K, used 128187K [0x00000000ebcb0000, 0x00000000fb970000, 0x0000000100000000)
  eden space 123008K, 100% used [0x00000000ebcb0000,0x00000000f34d0000,0x00000000f34d0000)
  from space 6080K, 85% used [0x00000000f34d0000,0x00000000f39deeb8,0x00000000f3ac0000)
  to   space 6400K, 0% used [0x00000000fb330000,0x00000000fb330000,0x00000000fb970000)
 ParOldGen       total 41408K, used 7652K [0x00000000c3600000, 0x00000000c5e70000, 0x00000000ebcb0000)
  object space 41408K, 18% used [0x00000000c3600000,0x00000000c3d790e8,0x00000000c5e70000)
 PSPermGen       total 21440K, used 21297K [0x00000000b9000000, 0x00000000ba4f0000, 0x00000000c3600000)
  object space 21440K, 99% used [0x00000000b9000000,0x00000000ba4cc648,0x00000000ba4f0000)
Event: 6.484 GC heap after
Heap after GC invocations=8 (full 0):
 PSYoungGen      total 252096K, used 5442K [0x00000000ebcb0000, 0x00000000fba10000, 0x0000000100000000)
  eden space 245696K, 0% used [0x00000000ebcb0000,0x00000000ebcb0000,0x00000000faca0000)
  from space 6400K, 85% used [0x00000000fb330000,0x00000000fb880a70,0x00000000fb970000)
  to   space 6720K, 0% used [0x00000000faca0000,0x00000000faca0000,0x00000000fb330000)
 ParOldGen       total 41408K, used 8745K [0x00000000c3600000, 0x00000000c5e70000, 0x00000000ebcb0000)
  object space 41408K, 21% used [0x00000000c3600000,0x00000000c3e8a580,0x00000000c5e70000)
 PSPermGen       total 21440K, used 21297K [0x00000000b9000000, 0x00000000ba4f0000, 0x00000000c3600000)
  object space 21440K, 99% used [0x00000000b9000000,0x00000000ba4cc648,0x00000000ba4f0000)
}
Event: 8.745 GC heap before
{Heap before GC invocations=9 (full 0):
 PSYoungGen      total 252096K, used 251138K [0x00000000ebcb0000, 0x00000000fba10000, 0x0000000100000000)
  eden space 245696K, 100% used [0x00000000ebcb0000,0x00000000faca0000,0x00000000faca0000)
  from space 6400K, 85% used [0x00000000fb330000,0x00000000fb880a70,0x00000000fb970000)
  to   space 6720K, 0% used [0x00000000faca0000,0x00000000faca0000,0x00000000fb330000)
 ParOldGen       total 41408K, used 8745K [0x00000000c3600000, 0x00000000c5e70000, 0x00000000ebcb0000)
  object space 41408K, 21% used [0x00000000c3600000,0x00000000c3e8a580,0x00000000c5e70000)
 PSPermGen       total 27968K, used 27905K [0x00000000b9000000, 0x00000000bab50000, 0x00000000c3600000)
  object space 27968K, 99% used [0x00000000b9000000,0x00000000bab405b8,0x00000000bab50000)
Event: 8.763 GC heap after
Heap after GC invocations=9 (full 0):
 PSYoungGen      total 252416K, used 6709K [0x00000000ebcb0000, 0x0000000100000000, 0x0000000100000000)
  eden space 245696K, 0% used [0x00000000ebcb0000,0x00000000ebcb0000,0x00000000faca0000)
  from space 6720K, 99% used [0x00000000faca0000,0x00000000fb32d550,0x00000000fb330000)
  to   space 8640K, 0% used [0x00000000ff790000,0x00000000ff790000,0x0000000100000000)
 ParOldGen       total 41408K, used 11784K [0x00000000c3600000, 0x00000000c5e70000, 0x00000000ebcb0000)
  object space 41408K, 28% used [0x00000000c3600000,0x00000000c41822a8,0x00000000c5e70000)
 PSPermGen       total 27968K, used 27905K [0x00000000b9000000, 0x00000000bab50000, 0x00000000c3600000)
  object space 27968K, 99% used [0x00000000b9000000,0x00000000bab405b8,0x00000000bab50000)
}
Event: 10.656 GC heap before
{Heap before GC invocations=10 (full 0):
 PSYoungGen      total 252416K, used 252405K [0x00000000ebcb0000, 0x0000000100000000, 0x0000000100000000)
  eden space 245696K, 100% used [0x00000000ebcb0000,0x00000000faca0000,0x00000000faca0000)
  from space 6720K, 99% used [0x00000000faca0000,0x00000000fb32d550,0x00000000fb330000)
  to   space 8640K, 0% used [0x00000000ff790000,0x00000000ff790000,0x0000000100000000)
 ParOldGen       total 41408K, used 11784K [0x00000000c3600000, 0x00000000c5e70000, 0x00000000ebcb0000)
  object space 41408K, 28% used [0x00000000c3600000,0x00000000c41822a8,0x00000000c5e70000)
 PSPermGen       total 32576K, used 32472K [0x00000000b9000000, 0x00000000bafd0000, 0x00000000c3600000)
  object space 32576K, 99% used [0x00000000b9000000,0x00000000bafb6110,0x00000000bafd0000)
Event: 10.673 GC heap after
Heap after GC invocations=10 (full 0):
 PSYoungGen      total 320896K, used 7923K [0x00000000ebcb0000, 0x0000000100000000, 0x0000000100000000)
  eden space 312256K, 0% used [0x00000000ebcb0000,0x00000000ebcb0000,0x00000000feda0000)
  from space 8640K, 91% used [0x00000000ff790000,0x00000000fff4cd10,0x0000000100000000)
  to   space 9408K, 0% used [0x00000000feda0000,0x00000000feda0000,0x00000000ff6d0000)
 ParOldGen       total 41408K, used 13928K [0x00000000c3600000, 0x00000000c5e70000, 0x00000000ebcb0000)
  object space 41408K, 33% used [0x00000000c3600000,0x00000000c439a2a8,0x00000000c5e70000)
 PSPermGen       total 32576K, used 32472K [0x00000000b9000000, 0x00000000bafd0000, 0x00000000c3600000)
  object space 32576K, 99% used [0x00000000b9000000,0x00000000bafb6110,0x00000000bafd0000)
}

Deoptimization events (10 events):
Event: 11.354 Thread 0x000000000262e800 Uncommon trap -83 fr.pc 0x00007f2c432d1a64
Event: 11.399 Thread 0x0000000004042800 Uncommon trap -83 fr.pc 0x00007f2c4312c274
Event: 11.435 Thread 0x0000000003089800 Uncommon trap -34 fr.pc 0x00007f2c43201d4c
Event: 11.435 Thread 0x0000000003089800 Uncommon trap -34 fr.pc 0x00007f2c43207eb0
Event: 11.442 Thread 0x0000000002663000 Uncommon trap -34 fr.pc 0x00007f2c43201d4c
Event: 11.442 Thread 0x0000000002663000 Uncommon trap -34 fr.pc 0x00007f2c43207eb0
Event: 11.443 Thread 0x0000000002663000 Uncommon trap -58 fr.pc 0x00007f2c431b7478
Event: 11.576 Thread 0x0000000001a9f000 Uncommon trap -83 fr.pc 0x00007f2c430563c8
Event: 11.577 Thread 0x0000000001a9f000 Uncommon trap -83 fr.pc 0x00007f2c4305601c
Event: 11.597 Thread 0x0000000001a9f000 Uncommon trap -58 fr.pc 0x00007f2c431b7478

Internal exceptions (10 events):
Event: 11.536 Thread 0x0000000003089800 Threw 0x00000000ee0425b8 at /home/jmm/scratch/jdk/openjdk-7-7u25-2.3.10/build/openjdk/hotspot/src/share/vm/prims/jvm.cpp:1235
Event: 11.537 Thread 0x0000000003089800 Threw 0x00000000ee050a98 at /home/jmm/scratch/jdk/openjdk-7-7u25-2.3.10/build/openjdk/hotspot/src/share/vm/prims/jvm.cpp:1235
Event: 11.537 Thread 0x0000000003089800 Threw 0x00000000ee05ed18 at /home/jmm/scratch/jdk/openjdk-7-7u25-2.3.10/build/openjdk/hotspot/src/share/vm/prims/jvm.cpp:1235
Event: 11.538 Thread 0x0000000003089800 Threw 0x00000000ee06bfe8 at /home/jmm/scratch/jdk/openjdk-7-7u25-2.3.10/build/openjdk/hotspot/src/share/vm/prims/jvm.cpp:1235
Event: 11.576 Thread 0x0000000001a9f000 Threw 0x00000000ed981620 at /home/jmm/scratch/jdk/openjdk-7-7u25-2.3.10/build/openjdk/hotspot/src/share/vm/prims/jvm.cpp:1235
Event: 11.583 Thread 0x0000000002ad0000 Threw 0x00000000ed213be8 at /home/jmm/scratch/jdk/openjdk-7-7u25-2.3.10/build/openjdk/hotspot/src/share/vm/prims/jvm.cpp:2957
Event: 11.598 Thread 0x0000000001a9f000 Threw 0x00000000ed991a80 at /home/jmm/scratch/jdk/openjdk-7-7u25-2.3.10/build/openjdk/hotspot/src/share/vm/prims/jvm.cpp:1235
Event: 11.598 Thread 0x0000000001a9f000 Threw 0x00000000ed99a0e8 at /home/jmm/scratch/jdk/openjdk-7-7u25-2.3.10/build/openjdk/hotspot/src/share/vm/prims/jvm.cpp:1235
Event: 11.613 Thread 0x0000000001a9f000 Threw 0x00000000ed9b1d68 at /home/jmm/scratch/jdk/openjdk-7-7u25-2.3.10/build/openjdk/hotspot/src/share/vm/prims/jni.cpp:716
Event: 11.622 Thread 0x0000000002663000 Threw 0x00000000f00914e8 at /home/jmm/scratch/jdk/openjdk-7-7u25-2.3.10/build/openjdk/hotspot/src/share/vm/runtime/reflection.cpp:1

Events (10 events):
Event: 11.589 Executing VM operation: RevokeBias
Event: 11.589 Executing VM operation: RevokeBias done
Event: 11.589 Executing VM operation: RevokeBias
Event: 11.589 Executing VM operation: RevokeBias done
Event: 11.594 Executing VM operation: RevokeBias
Event: 11.594 Executing VM operation: RevokeBias done
Event: 11.597 Thread 0x0000000001a9f000 DEOPT PACKING pc=0x00007f2c431b7478 sp=0x00007f2c492607d0
Event: 11.597 Thread 0x0000000001a9f000 DEOPT UNPACKING pc=0x00007f2c42fec145 sp=0x00007f2c492607c0 mode 2
Event: 11.597 loading class 0x00007f2c3841d4b0
Event: 11.597 loading class 0x00007f2c3841d4b0 done


Dynamic libraries:
00400000-00401000 r-xp 00000000 08:05 425801                             /usr/lib/jvm/java-7-openjdk-amd64/jre/bin/java
00600000-00601000 r--p 00000000 08:05 425801                             /usr/lib/jvm/java-7-openjdk-amd64/jre/bin/java
00601000-00602000 rw-p 00001000 08:05 425801                             /usr/lib/jvm/java-7-openjdk-amd64/jre/bin/java
01a8c000-04e83000 rw-p 00000000 00:00 0                                  [heap]
b9000000-bb300000 rw-p 00000000 00:00 0 
bb300000-c3600000 rw-p 00000000 00:00 0 
c3600000-c5e70000 rw-p 00000000 00:00 0 
c5e70000-ebcb0000 rw-p 00000000 00:00 0 
ebcb0000-100000000 rw-p 00000000 00:00 0 
7f2c377e8000-7f2c377eb000 ---p 00000000 00:00 0 
7f2c377eb000-7f2c378e9000 rw-p 00000000 00:00 0 
7f2c378e9000-7f2c378ec000 ---p 00000000 00:00 0 
7f2c378ec000-7f2c379ea000 rw-p 00000000 00:00 0 
7f2c379ea000-7f2c379ed000 ---p 00000000 00:00 0 
7f2c379ed000-7f2c37aeb000 rw-p 00000000 00:00 0 
7f2c37aeb000-7f2c37aee000 ---p 00000000 00:00 0 
7f2c37aee000-7f2c37bec000 rw-p 00000000 00:00 0 
7f2c37bfc000-7f2c37bff000 ---p 00000000 00:00 0 
7f2c37bff000-7f2c37cfd000 rw-p 00000000 00:00 0 
7f2c37cfd000-7f2c37d00000 ---p 00000000 00:00 0 
7f2c37d00000-7f2c37dfe000 rw-p 00000000 00:00 0 
7f2c37dfe000-7f2c37e01000 ---p 00000000 00:00 0 
7f2c37e01000-7f2c37eff000 rw-p 00000000 00:00 0 
7f2c37eff000-7f2c37f02000 ---p 00000000 00:00 0 
7f2c37f02000-7f2c38000000 rw-p 00000000 00:00 0 
7f2c38000000-7f2c39801000 rw-p 00000000 00:00 0 
7f2c39801000-7f2c3c000000 ---p 00000000 00:00 0 
7f2c3c037000-7f2c3c038000 rw-p 00000000 00:00 0 
7f2c3c038000-7f2c3c048000 rw-s 00000000 08:04 4464129                    /home/robashton/src/cravendb/testdir/000003.log
7f2c3c048000-7f2c3c050000 r-xp 00000000 08:05 425723                     /usr/lib/jvm/java-7-openjdk-amd64/jre/lib/amd64/libmanagement.so
7f2c3c050000-7f2c3c24f000 ---p 00008000 08:05 425723                     /usr/lib/jvm/java-7-openjdk-amd64/jre/lib/amd64/libmanagement.so
7f2c3c24f000-7f2c3c250000 r--p 00007000 08:05 425723                     /usr/lib/jvm/java-7-openjdk-amd64/jre/lib/amd64/libmanagement.so
7f2c3c250000-7f2c3c251000 rw-p 00008000 08:05 425723                     /usr/lib/jvm/java-7-openjdk-amd64/jre/lib/amd64/libmanagement.so
7f2c3c251000-7f2c3c252000 rw-p 00000000 00:00 0 
7f2c3c252000-7f2c3c262000 rw-s 00000000 08:04 4464131                    /home/robashton/src/cravendb/testdir/MANIFEST-000002
7f2c3c262000-7f2c3c263000 r--p 00000000 08:05 525236                     /usr/share/locale/en_GB/LC_MESSAGES/libc.mo
7f2c3c263000-7f2c3c2bd000 r-xp 00000000 08:05 785101                     /tmp/libleveldbjni-64-1.7.so
7f2c3c2bd000-7f2c3c4bc000 ---p 0005a000 08:05 785101                     /tmp/libleveldbjni-64-1.7.so
7f2c3c4bc000-7f2c3c4bf000 rw-p 00059000 08:05 785101                     /tmp/libleveldbjni-64-1.7.so
7f2c3c4bf000-7f2c3c4c5000 r--s 00048000 08:04 4334906                    /home/robashton/.m2/repository/org/eclipse/jetty/jetty-server/7.6.8.v20121106/jetty-server-7.6.8.v20121106.jar
7f2c3c4c5000-7f2c3c4c7000 r--s 00007000 08:04 4465588                    /home/robashton/.m2/repository/reply/reply/0.1.2/reply-0.1.2.jar
7f2c3c4c7000-7f2c3c4c8000 r--s 00005000 08:04 2103983                    /home/robashton/.m2/repository/net/cgrand/parsley/0.9.1/parsley-0.9.1.jar
7f2c3c4c8000-7f2c3c4c9000 r--s 00000000 08:04 1714779                    /home/robashton/.m2/repository/clojure-complete/clojure-complete/0.2.3/clojure-complete-0.2.3.jar
7f2c3c4c9000-7f2c3c4cd000 r--s 00014000 08:04 4335183                    /home/robashton/.m2/repository/org/tukaani/xz/1.0/xz-1.0.jar
7f2c3c4cd000-7f2c3c4ce000 r--s 00000000 08:04 4334933                    /home/robashton/.m2/repository/ring/ring-servlet/1.2.0/ring-servlet-1.2.0.jar
7f2c3c4ce000-7f2c3c4d0000 r--s 0000a000 08:04 4466613                    /home/robashton/.m2/repository/org/json/json/20090211/json-20090211.jar
7f2c3c4d0000-7f2c3c4d1000 r--s 00000000 08:04 4465583                    /home/robashton/.m2/repository/org/clojure/tools.cli/0.2.1/tools.cli-0.2.1.jar
7f2c3c4d1000-7f2c3c4ef000 r--s 001bb000 08:04 1846284                    /home/robashton/.m2/repository/org/apache/ant/ant/1.8.2/ant-1.8.2.jar
7f2c3c4ef000-7f2c3c4f1000 r--s 0000c000 08:04 4335036                    /home/robashton/.m2/repository/org/fusesource/leveldbjni/leveldbjni/1.7/leveldbjni-1.7.jar
7f2c3c4f1000-7f2c3c4f6000 r--s 0003b000 08:04 4334913                    /home/robashton/.m2/repository/org/eclipse/jetty/jetty-util/7.6.8.v20121106/jetty-util-7.6.8.v20121106.jar
7f2c3c4f6000-7f2c3c51b000 r--s 001f8000 08:04 794721                     /home/robashton/.m2/repository/org/apache/lucene/lucene-core/4.4.0/lucene-core-4.4.0.jar
7f2c3c51b000-7f2c3c51d000 r--s 0000f000 08:04 4334904                    /home/robashton/.m2/repository/commons-fileupload/commons-fileupload/1.3/commons-fileupload-1.3.jar
7f2c3c51d000-7f2c3c51e000 r--s 00001000 08:04 2235904                    /home/robashton/.m2/repository/com/cemerick/drawbridge/0.0.6/drawbridge-0.0.6.jar
7f2c3c51e000-7f2c3c51f000 r--s 00000000 08:04 2629346                    /home/robashton/.m2/repository/org/clojure/tools.namespace/0.1.3/tools.namespace-0.1.3.jar
7f2c3c51f000-7f2c3c521000 r--s 00008000 08:04 4463957                    /home/robashton/.m2/repository/liberator/liberator/0.9.0/liberator-0.9.0.jar
7f2c3c521000-7f2c3c522000 r--s 00044000 08:04 4335042                    /home/robashton/.m2/repository/org/fusesource/leveldbjni/leveldbjni-linux64/1.5/leveldbjni-linux64-1.5.jar
7f2c3c522000-7f2c3c524000 r--s 00008000 08:04 4593316                    /home/robashton/.m2/repository/org/clojure/tools.nrepl/0.2.3/tools.nrepl-0.2.3.jar
7f2c3c524000-7f2c3c526000 r--s 00015000 08:04 4334908                    /home/robashton/.m2/repository/org/eclipse/jetty/jetty-http/7.6.8.v20121106/jetty-http-7.6.8.v20121106.jar
7f2c3c526000-7f2c3c527000 r--s 00007000 08:04 4466562                    /home/robashton/.m2/repository/instaparse/instaparse/1.2.2/instaparse-1.2.2.jar
7f2c3c527000-7f2c3c528000 r--s 00004000 08:04 4595249                    /home/robashton/.m2/repository/http/async/client/http.async.client/0.5.2/http.async.client-0.5.2.jar
7f2c3c528000-7f2c3c52a000 r--s 00014000 08:04 4466616                    /home/robashton/.m2/repository/org/clojure/google-closure-library-third-party/0.0-2029-2/google-closure-library-third-party-0.0-2029-2.jar
7f2c3c52a000-7f2c3c530000 r--s 0002c000 08:04 921155                     /home/robashton/.m2/repository/org/apache/lucene/lucene-queries/4.4.0/lucene-queries-4.4.0.jar
7f2c3c530000-7f2c3c533000 r--s 00019000 08:04 2235969                    /home/robashton/.m2/repository/com/googlecode/jarjar/jarjar/1.1/jarjar-1.1.jar
7f2c3c533000-7f2c3c534000 r--s 00001000 08:04 4335774                    /home/robashton/.m2/repository/gntp/gntp/0.6.0/gntp-0.6.0.jar
7f2c3c534000-7f2c3c536000 r--s 0000a000 08:04 921158                     /home/robashton/.m2/repository/org/apache/lucene/lucene-sandbox/4.4.0/lucene-sandbox-4.4.0.jar
7f2c3c536000-7f2c3c557000 r--s 003e6000 08:04 4466615                    /home/robashton/.m2/repository/org/clojure/google-closure-library/0.0-2029-2/google-closure-library-0.0-2029-2.jar
7f2c3c557000-7f2c3c558000 r--s 0001e000 08:04 4335046                    /home/robashton/.m2/repository/org/fusesource/leveldbjni/leveldbjni-win64/1.5/leveldbjni-win64-1.5.jar
7f2c3c558000-7f2c3c568000 r--s 0007d000 08:04 2499347                    /home/robashton/.m2/repository/joda-time/joda-time/2.2/joda-time-2.2.jar
7f2c3c568000-7f2c3c569000 r--s 00000000 08:04 4335771                    /home/robashton/.m2/repository/org/clojars/jgrocho/digest/1.5.0/digest-1.5.0.jar
7f2c3c569000-7f2c3c56a000 r--s 00000000 08:04 4464157                    /home/robashton/.m2/repository/org/clojure/data.csv/0.1.2/data.csv-0.1.2.jar
7f2c3c56a000-7f2c3c56c000 r--s 00009000 08:04 4464213                    /home/robashton/.m2/repository/org/clojure/core.async/0.1.0-SNAPSHOT/core.async-0.1.0-SNAPSHOT.jar
7f2c3c56c000-7f2c3c573000 r--s 00039000 08:04 2627880                    /home/robashton/.m2/repository/commons-codec/commons-codec/1.7/commons-codec-1.7.jar
7f2c3c573000-7f2c3c574000 r--s 00001000 08:04 4334937                    /home/robashton/.m2/repository/compojure/compojure/1.1.5/compojure-1.1.5.jar
7f2c3c574000-7f2c3c575000 r--s 00001000 08:04 4334755                    /home/robashton/.m2/repository/tigris/tigris/0.1.1/tigris-0.1.1.jar
7f2c3c575000-7f2c3c5b1000 r-xp 00000000 08:05 527976                     /lib/x86_64-linux-gnu/libpcre.so.3.13.1
7f2c3c5b1000-7f2c3c7b1000 ---p 0003c000 08:05 527976                     /lib/x86_64-linux-gnu/libpcre.so.3.13.1
7f2c3c7b1000-7f2c3c7b2000 rw-p 0003c000 08:05 527976                     /lib/x86_64-linux-gnu/libpcre.so.3.13.1
7f2c3c7b2000-7f2c3c7be000 r-xp 00000000 08:05 400109                     /usr/lib/x86_64-linux-gnu/libffi.so.5.0.10
7f2c3c7be000-7f2c3c9be000 ---p 0000c000 08:05 400109                     /usr/lib/x86_64-linux-gnu/libffi.so.5.0.10
7f2c3c9be000-7f2c3c9bf000 rw-p 0000c000 08:05 400109                     /usr/lib/x86_64-linux-gnu/libffi.so.5.0.10
7f2c3c9bf000-7f2c3c9c0000 r-xp 00000000 08:05 420538                     /usr/lib/x86_64-linux-gnu/libgthread-2.0.so.0.3200.4
7f2c3c9c0000-7f2c3cbbf000 ---p 00001000 08:05 420538                     /usr/lib/x86_64-linux-gnu/libgthread-2.0.so.0.3200.4
7f2c3cbbf000-7f2c3cbc0000 r--p 00000000 08:05 420538                     /usr/lib/x86_64-linux-gnu/libgthread-2.0.so.0.3200.4
7f2c3cbc0000-7f2c3cbc1000 rw-p 00001000 08:05 420538                     /usr/lib/x86_64-linux-gnu/libgthread-2.0.so.0.3200.4
7f2c3cbc1000-7f2c3cbd4000 r-xp 00000000 08:05 532260                     /lib/x86_64-linux-gnu/libresolv-2.13.so
7f2c3cbd4000-7f2c3cdd3000 ---p 00013000 08:05 532260                     /lib/x86_64-linux-gnu/libresolv-2.13.so
7f2c3cdd3000-7f2c3cdd4000 r--p 00012000 08:05 532260                     /lib/x86_64-linux-gnu/libresolv-2.13.so
7f2c3cdd4000-7f2c3cdd5000 rw-p 00013000 08:05 532260                     /lib/x86_64-linux-gnu/libresolv-2.13.so
7f2c3cdd5000-7f2c3cdd7000 rw-p 00000000 00:00 0 
7f2c3cdd7000-7f2c3cdf5000 r-xp 00000000 08:05 523310                     /lib/x86_64-linux-gnu/libselinux.so.1
7f2c3cdf5000-7f2c3cff4000 ---p 0001e000 08:05 523310                     /lib/x86_64-linux-gnu/libselinux.so.1
7f2c3cff4000-7f2c3cff5000 r--p 0001d000 08:05 523310                     /lib/x86_64-linux-gnu/libselinux.so.1
7f2c3cff5000-7f2c3cff6000 rw-p 0001e000 08:05 523310                     /lib/x86_64-linux-gnu/libselinux.so.1
7f2c3cff6000-7f2c3cff7000 rw-p 00000000 00:00 0 
7f2c3cff7000-7f2c3cffa000 r-xp 00000000 08:05 420543                     /usr/lib/x86_64-linux-gnu/libgmodule-2.0.so.0.3200.4
7f2c3cffa000-7f2c3d1f9000 ---p 00003000 08:05 420543                     /usr/lib/x86_64-linux-gnu/libgmodule-2.0.so.0.3200.4
7f2c3d1f9000-7f2c3d1fa000 r--p 00002000 08:05 420543                     /usr/lib/x86_64-linux-gnu/libgmodule-2.0.so.0.3200.4
7f2c3d1fa000-7f2c3d1fb000 rw-p 00003000 08:05 420543                     /usr/lib/x86_64-linux-gnu/libgmodule-2.0.so.0.3200.4
7f2c3d1fb000-7f2c3d2f0000 r-xp 00000000 08:05 524690                     /lib/x86_64-linux-gnu/libglib-2.0.so.0.3200.4
7f2c3d2f0000-7f2c3d4f0000 ---p 000f5000 08:05 524690                     /lib/x86_64-linux-gnu/libglib-2.0.so.0.3200.4
7f2c3d4f0000-7f2c3d4f1000 r--p 000f5000 08:05 524690                     /lib/x86_64-linux-gnu/libglib-2.0.so.0.3200.4
7f2c3d4f1000-7f2c3d4f2000 rw-p 000f6000 08:05 524690                     /lib/x86_64-linux-gnu/libglib-2.0.so.0.3200.4
7f2c3d4f2000-7f2c3d4f3000 rw-p 00000000 00:00 0 
7f2c3d4f3000-7f2c3d541000 r-xp 00000000 08:05 400601                     /usr/lib/x86_64-linux-gnu/libgobject-2.0.so.0.3200.4
7f2c3d541000-7f2c3d741000 ---p 0004e000 08:05 400601                     /usr/lib/x86_64-linux-gnu/libgobject-2.0.so.0.3200.4
7f2c3d741000-7f2c3d742000 r--p 0004e000 08:05 400601                     /usr/lib/x86_64-linux-gnu/libgobject-2.0.so.0.3200.4
7f2c3d742000-7f2c3d743000 rw-p 0004f000 08:05 400601                     /usr/lib/x86_64-linux-gnu/libgobject-2.0.so.0.3200.4
7f2c3d743000-7f2c3d88f000 r-xp 00000000 08:05 420547                     /usr/lib/x86_64-linux-gnu/libgio-2.0.so.0.3200.4
7f2c3d88f000-7f2c3da8e000 ---p 0014c000 08:05 420547                     /usr/lib/x86_64-linux-gnu/libgio-2.0.so.0.3200.4
7f2c3da8e000-7f2c3da92000 r--p 0014b000 08:05 420547                     /usr/lib/x86_64-linux-gnu/libgio-2.0.so.0.3200.4
7f2c3da92000-7f2c3da94000 rw-p 0014f000 08:05 420547                     /usr/lib/x86_64-linux-gnu/libgio-2.0.so.0.3200.4
7f2c3da94000-7f2c3da96000 rw-p 00000000 00:00 0 
7f2c3da96000-7f2c3da99000 r--s 000fa000 08:04 4335040                    /home/robashton/.m2/repository/org/fusesource/leveldbjni/leveldbjni-all/1.7/leveldbjni-all-1.7.jar
7f2c3da99000-7f2c3da9d000 r--s 0001b000 08:04 921160                     /home/robashton/.m2/repository/org/apache/lucene/lucene-highlighter/4.4.0/lucene-highlighter-4.4.0.jar
7f2c3da9d000-7f2c3daa2000 r--s 0003f000 08:04 5247639                    /home/robashton/.m2/repository/org/jsoup/jsoup/1.7.1/jsoup-1.7.1.jar
7f2c3daa2000-7f2c3daa3000 r--s 00028000 08:04 4335034                    /home/robashton/.m2/repository/org/fusesource/leveldbjni/leveldbjni-osx/1.5/leveldbjni-osx-1.5.jar
7f2c3daa3000-7f2c3dab0000 r--s 00109000 08:04 4466598                    /home/robashton/.m2/repository/org/mozilla/rhino/1.7R4/rhino-1.7R4.jar
7f2c3dab0000-7f2c3dac6000 r-xp 00000000 08:05 425729                     /usr/lib/jvm/java-7-openjdk-amd64/jre/lib/amd64/libnet.so
7f2c3dac6000-7f2c3dcc5000 ---p 00016000 08:05 425729                     /usr/lib/jvm/java-7-openjdk-amd64/jre/lib/amd64/libnet.so
7f2c3dcc5000-7f2c3dcc6000 r--p 00015000 08:05 425729                     /usr/lib/jvm/java-7-openjdk-amd64/jre/lib/amd64/libnet.so
7f2c3dcc6000-7f2c3dcc7000 rw-p 00016000 08:05 425729                     /usr/lib/jvm/java-7-openjdk-amd64/jre/lib/amd64/libnet.so
7f2c3dcc7000-7f2c3dcd7000 r-xp 00000000 08:05 425707                     /usr/lib/jvm/java-7-openjdk-amd64/jre/lib/amd64/libnio.so
7f2c3dcd7000-7f2c3ded7000 ---p 00010000 08:05 425707                     /usr/lib/jvm/java-7-openjdk-amd64/jre/lib/amd64/libnio.so
7f2c3ded7000-7f2c3ded8000 r--p 00010000 08:05 425707                     /usr/lib/jvm/java-7-openjdk-amd64/jre/lib/amd64/libnio.so
7f2c3ded8000-7f2c3ded9000 rw-p 00011000 08:05 425707                     /usr/lib/jvm/java-7-openjdk-amd64/jre/lib/amd64/libnio.so
7f2c3ded9000-7f2c3dee2000 r--s 000bc000 08:05 398750                     /usr/lib/jvm/java-7-openjdk-common/jre/lib/resources.jar
7f2c3dee2000-7f2c3df21000 r--s 0032d000 08:04 5116522                    /home/robashton/.m2/repository/org/clojure/clojure/1.5.1/clojure-1.5.1.jar
7f2c3df21000-7f2c3df34000 r--s 000da000 08:04 4727716                    /home/robashton/.m2/repository/io/netty/netty/3.4.4.Final/netty-3.4.4.Final.jar
7f2c3df34000-7f2c3df35000 r--s 00002000 08:04 4463959                    /home/robashton/.m2/repository/hiccup/hiccup/1.0.2/hiccup-1.0.2.jar
7f2c3df35000-7f2c3df37000 r--s 00001000 08:04 4335035                    /home/robashton/.m2/repository/org/iq80/leveldb/leveldb-api/0.5/leveldb-api-0.5.jar
7f2c3df37000-7f2c3df40000 r--s 0006f000 08:04 131690                     /home/robashton/.m2/repository/log4j/log4j/1.2.17/log4j-1.2.17.jar
7f2c3df40000-7f2c3df42000 r--s 00004000 08:04 4335219                    /home/robashton/.m2/repository/mmargs/mmargs/1.2.0/mmargs-1.2.0.jar
7f2c3df42000-7f2c3df43000 r--s 00001000 08:04 663954                     /home/robashton/.m2/repository/org/clojure/tools.logging/0.2.6/tools.logging-0.2.6.jar
7f2c3df43000-7f2c3df44000 r--s 00002000 08:04 4465594                    /home/robashton/.m2/repository/clj-http-lite/clj-http-lite/0.2.0/clj-http-lite-0.2.0.jar
7f2c3df44000-7f2c3df46000 r--s 00000000 08:04 4463894                    /home/robashton/.m2/repository/spyscope/spyscope/0.1.3/spyscope-0.1.3.jar
7f2c3df46000-7f2c3df4a000 r--s 0002a000 08:04 2627992                    /home/robashton/.m2/repository/commons-io/commons-io/2.4/commons-io-2.4.jar
7f2c3df4a000-7f2c3df4b000 r--s 00005000 08:04 4465562                    /home/robashton/.m2/repository/speclj/speclj/2.7.0/speclj-2.7.0.jar
7f2c3df4b000-7f2c3df4c000 r--s 00005000 08:04 4334757                    /home/robashton/.m2/repository/clj-http/clj-http/0.7.6/clj-http-0.7.6.jar
7f2c3df4c000-7f2c3df4d000 r--s 00002000 08:04 4466621                    /home/robashton/.m2/repository/pathetic/pathetic/0.5.0/pathetic-0.5.0.jar
7f2c3df4d000-7f2c3df4e000 r--s 0001b000 08:04 4335045                    /home/robashton/.m2/repository/org/fusesource/leveldbjni/leveldbjni-win32/1.5/leveldbjni-win32-1.5.jar
7f2c3df4e000-7f2c3df4f000 r--s 00004000 08:04 4335038                    /home/robashton/.m2/repository/org/fusesource/hawtjni/hawtjni-runtime/1.8/hawtjni-runtime-1.8.jar
7f2c3df4f000-7f2c3df52000 r--s 0002f000 08:04 4465586                    /home/robashton/.m2/repository/jline/jline/2.8/jline-2.8.jar
7f2c3df52000-7f2c3df54000 r--s 00002000 08:04 4334753                    /home/robashton/.m2/repository/cheshire/cheshire/5.2.0/cheshire-5.2.0.jar
7f2c3df54000-7f2c3df55000 r--s 00000000 08:04 4334754                    /home/robashton/.m2/repository/crouton/crouton/0.1.1/crouton-0.1.1.jar
7f2c3df55000-7f2c3df57000 r--s 00002000 08:04 2235961                    /home/robashton/.m2/repository/com/cemerick/clojurescript.test/0.0.4/clojurescript.test-0.0.4.jar
7f2c3df57000-7f2c3df88000 r--s 00310000 08:04 2235962                    /home/robashton/.m2/repository/com/google/javascript/closure-compiler/r2180/closure-compiler-r2180.jar
7f2c3df88000-7f2c3df8e000 r--s 00032000 08:04 2627841                    /home/robashton/.m2/repository/org/apache/httpcomponents/httpcore/4.2.4/httpcore-4.2.4.jar
7f2c3df8e000-7f2c3df8f000 r--s 00000000 08:04 4334930                    /home/robashton/.m2/repository/ring/ring-jetty-adapter/1.2.0/ring-jetty-adapter-1.2.0.jar
7f2c3df8f000-7f2c3df98000 r--s 00061000 08:04 2627843                    /home/robashton/.m2/repository/org/apache/httpcomponents/httpclient/4.2.5/httpclient-4.2.5.jar
7f2c3df98000-7f2c3df9a000 r--s 00000000 08:04 4335218                    /home/robashton/.m2/repository/fresh/fresh/1.0.2/fresh-1.0.2.jar
7f2c3df9a000-7f2c3df9b000 r--s 00001000 08:04 2499335                    /home/robashton/.m2/repository/org/clojure/tools.macro/0.1.0/tools.macro-0.1.0.jar
7f2c3df9b000-7f2c3df9c000 r--s 00003000 08:04 4465610                    /home/robashton/.m2/repository/expectations/expectations/1.4.17/expectations-1.4.17.jar
7f2c3df9c000-7f2c3df9e000 r--s 00003000 08:04 4464105                    /home/robashton/.m2/repository/clj-time/clj-time/0.6.0/clj-time-0.6.0.jar
7f2c3df9e000-7f2c3df9f000 r--s 0001f000 08:04 4466609                    /home/robashton/.m2/repository/org/clojure/clojurescript/0.0-1586/clojurescript-0.0-1586.jar
7f2c3df9f000-7f2c3dfa1000 r--s 00000000 08:04 2103962                    /home/robashton/.m2/repository/org/clojure/core.incubator/0.1.3/core.incubator-0.1.3.jar
7f2c3dfa1000-7f2c3dfa2000 r--s 00005000 08:04 4334923                    /home/robashton/.m2/repository/ring/ring-core/1.2.0/ring-core-1.2.0.jar
7f2c3dfa2000-7f2c3dfa4000 r--s 0000d000 08:04 2621509                    /home/robashton/.m2/repository/commons-logging/commons-logging/1.1.1/commons-logging-1.1.1.jar
7f2c3dfa4000-7f2c3dfaa000 r--s 00068000 08:04 2235965                    /home/robashton/.m2/repository/com/google/protobuf/protobuf-java/2.4.1/protobuf-java-2.4.1.jar
7f2c3dfaa000-7f2c3dfad000 r--s 0002c000 08:04 2235790                    /home/robashton/.m2/repository/com/fasterxml/jackson/core/jackson-core/2.2.1/jackson-core-2.2.1.jar
7f2c3dfad000-7f2c3dfae000 r--s 00006000 08:04 921156                     /home/robashton/.m2/repository/jakarta-regexp/jakarta-regexp/1.4/jakarta-regexp-1.4.jar
7f2c3dfae000-7f2c3dfaf000 r--s 00002000 08:04 4465595                    /home/robashton/.m2/repository/redl/redl/0.1.0/redl-0.1.0.jar
7f2c3dfaf000-7f2c3dfb0000 r--s 00001000 08:04 4465607                    /home/robashton/.m2/repository/org/clojars/trptcolin/sjacket/0.1.1/sjacket-0.1.1.jar
7f2c3dfb0000-7f2c3dfb2000 r--s 0000e000 08:04 2371747                    /home/robashton/.m2/repository/com/fasterxml/jackson/dataformat/jackson-dataformat-smile/2.2.1/jackson-dataformat-smile-2.2.1.jar
7f2c3dfb2000-7f2c3dfb3000 r--s 00001000 08:04 4334921                    /home/robashton/.m2/repository/ring/ring-devel/1.2.0/ring-devel-1.2.0.jar
7f2c3dfb3000-7f2c3dfb4000 r--s 00000000 08:04 4334939                    /home/robashton/.m2/repository/clout/clout/1.0.1/clout-1.0.1.jar
7f2c3dfb4000-7f2c3dfb5000 r--s 00000000 08:04 4334920                    /home/robashton/.m2/repository/ring/ring-codec/1.0.0/ring-codec-1.0.0.jar
7f2c3dfb5000-7f2c3dfb7000 r--s 00001000 08:04 2621523                    /home/robashton/.m2/repository/slingshot/slingshot/0.10.3/slingshot-0.10.3.jar
7f2c3dfb7000-7f2c3dfdb000 r--s 001aa000 08:04 2235964                    /home/robashton/.m2/repository/com/google/guava/guava/13.0.1/guava-13.0.1.jar
7f2c3dfdb000-7f2c3dfdd000 r--s 00012000 08:05 398731                     /usr/lib/jvm/java-7-openjdk-common/jre/lib/ext/zipfs.jar
7f2c3dfdd000-7f2c3dfde000 r--s 00000000 08:04 4465606                    /home/robashton/.m2/repository/trptcolin/versioneer/0.1.0/versioneer-0.1.0.jar
7f2c3dfde000-7f2c3dfe7000 r--s 0006c000 08:04 2235798                    /home/robashton/.m2/repository/com/ning/async-http-client/1.7.10/async-http-client-1.7.10.jar
7f2c3dfe7000-7f2c3dff7000 r--s 00173000 08:04 921157                     /home/robashton/.m2/repository/org/apache/lucene/lucene-analyzers-common/4.4.0/lucene-analyzers-common-4.4.0.jar
7f2c3dff7000-7f2c3dffc000 r--s 00036000 08:04 4726128                    /home/robashton/.m2/repository/org/apache/commons/commons-compress/1.4/commons-compress-1.4.jar
7f2c3dffc000-7f2c3e000000 r--s 00085000 08:05 398734                     /usr/lib/jvm/java-7-openjdk-common/jre/lib/ext/localedata.jar
7f2c3e000000-7f2c3e003000 r--s 00032000 08:05 398735                     /usr/lib/jvm/java-7-openjdk-common/jre/lib/ext/sunjce_provider.jar
7f2c3e003000-7f2c3e006000 r--s 0003c000 08:05 398732                     /usr/lib/jvm/java-7-openjdk-common/jre/lib/ext/sunpkcs11.jar
7f2c3e006000-7f2c3e009000 r--s 0000f000 08:05 398733                     /usr/lib/jvm/java-7-openjdk-common/jre/lib/ext/pulse-java.jar
7f2c3e009000-7f2c3e00a000 r--s 00007000 08:05 938847                     /usr/share/java/java-atk-wrapper.jar
7f2c3e00a000-7f2c3e00b000 r--s 00002000 08:05 398736                     /usr/lib/jvm/java-7-openjdk-common/jre/lib/ext/dnsns.jar
7f2c3e00b000-7f2c3e00c000 ---p 00000000 00:00 0 
7f2c3e00c000-7f2c3e10c000 rw-p 00000000 00:00 0 
7f2c3e10c000-7f2c3e10f000 ---p 00000000 00:00 0 
7f2c3e10f000-7f2c3e20d000 rw-p 00000000 00:00 0 
7f2c3e20d000-7f2c3e210000 ---p 00000000 00:00 0 
7f2c3e210000-7f2c3e30e000 rw-p 00000000 00:00 0 
7f2c3e30e000-7f2c3e311000 ---p 00000000 00:00 0 
7f2c3e311000-7f2c3e40f000 rw-p 00000000 00:00 0 
7f2c3e40f000-7f2c3e412000 ---p 00000000 00:00 0 
7f2c3e412000-7f2c3e510000 rw-p 00000000 00:00 0 
7f2c3e510000-7f2c3e687000 r--p 00000000 08:05 398104                     /usr/lib/locale/locale-archive
7f2c3e687000-7f2c3e68a000 ---p 00000000 00:00 0 
7f2c3e68a000-7f2c3e788000 rw-p 00000000 00:00 0 
7f2c3e788000-7f2c3e78b000 ---p 00000000 00:00 0 
7f2c3e78b000-7f2c3e889000 rw-p 00000000 00:00 0 
7f2c3e889000-7f2c3e88a000 ---p 00000000 00:00 0 
7f2c3e88a000-7f2c3f9aa000 rw-p 00000000 00:00 0 
7f2c3f9aa000-7f2c3fb57000 r--s 01cec000 08:05 425755                     /usr/lib/jvm/java-7-openjdk-amd64/jre/lib/rt.jar
7f2c3fb57000-7f2c427df000 rw-p 00000000 00:00 0 
7f2c427df000-7f2c427e0000 ---p 00000000 00:00 0 
7f2c427e0000-7f2c428e0000 rw-p 00000000 00:00 0 
7f2c428e0000-7f2c428e1000 ---p 00000000 00:00 0 
7f2c428e1000-7f2c429e1000 rw-p 00000000 00:00 0 
7f2c429e1000-7f2c429e2000 ---p 00000000 00:00 0 
7f2c429e2000-7f2c42ae2000 rw-p 00000000 00:00 0 
7f2c42ae2000-7f2c42ae3000 ---p 00000000 00:00 0 
7f2c42ae3000-7f2c42bf5000 rw-p 00000000 00:00 0 
7f2c42bf5000-7f2c42c36000 rw-p 00000000 00:00 0 
7f2c42c36000-7f2c42c4b000 rw-p 00000000 00:00 0 
7f2c42c4b000-7f2c42d7a000 rw-p 00000000 00:00 0 
7f2c42d7a000-7f2c42d8c000 rw-p 00000000 00:00 0 
7f2c42d8c000-7f2c42dcd000 rw-p 00000000 00:00 0 
7f2c42dcd000-7f2c42de2000 rw-p 00000000 00:00 0 
7f2c42de2000-7f2c42f10000 rw-p 00000000 00:00 0 
7f2c42f10000-7f2c42fb2000 rw-p 00000000 00:00 0 
7f2c42fb2000-7f2c42fb3000 rw-p 00000000 00:00 0 
7f2c42fb3000-7f2c43303000 rwxp 00000000 00:00 0 
7f2c43303000-7f2c45fb3000 rw-p 00000000 00:00 0 
7f2c45fb3000-7f2c45fbb000 r-xp 00000000 08:05 425745                     /usr/lib/jvm/java-7-openjdk-amd64/jre/lib/amd64/libzip.so
7f2c45fbb000-7f2c461ba000 ---p 00008000 08:05 425745                     /usr/lib/jvm/java-7-openjdk-amd64/jre/lib/amd64/libzip.so
7f2c461ba000-7f2c461bb000 r--p 00007000 08:05 425745                     /usr/lib/jvm/java-7-openjdk-amd64/jre/lib/amd64/libzip.so
7f2c461bb000-7f2c461bc000 rw-p 00008000 08:05 425745                     /usr/lib/jvm/java-7-openjdk-amd64/jre/lib/amd64/libzip.so
7f2c461bc000-7f2c461c7000 r-xp 00000000 08:05 532275                     /lib/x86_64-linux-gnu/libnss_files-2.13.so
7f2c461c7000-7f2c463c6000 ---p 0000b000 08:05 532275                     /lib/x86_64-linux-gnu/libnss_files-2.13.so
7f2c463c6000-7f2c463c7000 r--p 0000a000 08:05 532275                     /lib/x86_64-linux-gnu/libnss_files-2.13.so
7f2c463c7000-7f2c463c8000 rw-p 0000b000 08:05 532275                     /lib/x86_64-linux-gnu/libnss_files-2.13.so
7f2c463c8000-7f2c463d2000 r-xp 00000000 08:05 532271                     /lib/x86_64-linux-gnu/libnss_nis-2.13.so
7f2c463d2000-7f2c465d1000 ---p 0000a000 08:05 532271                     /lib/x86_64-linux-gnu/libnss_nis-2.13.so
7f2c465d1000-7f2c465d2000 r--p 00009000 08:05 532271                     /lib/x86_64-linux-gnu/libnss_nis-2.13.so
7f2c465d2000-7f2c465d3000 rw-p 0000a000 08:05 532271                     /lib/x86_64-linux-gnu/libnss_nis-2.13.so
7f2c465d3000-7f2c465e8000 r-xp 00000000 08:05 532269                     /lib/x86_64-linux-gnu/libnsl-2.13.so
7f2c465e8000-7f2c467e7000 ---p 00015000 08:05 532269                     /lib/x86_64-linux-gnu/libnsl-2.13.so
7f2c467e7000-7f2c467e8000 r--p 00014000 08:05 532269                     /lib/x86_64-linux-gnu/libnsl-2.13.so
7f2c467e8000-7f2c467e9000 rw-p 00015000 08:05 532269                     /lib/x86_64-linux-gnu/libnsl-2.13.so
7f2c467e9000-7f2c467eb000 rw-p 00000000 00:00 0 
7f2c467eb000-7f2c467f2000 r-xp 00000000 08:05 532264                     /lib/x86_64-linux-gnu/libnss_compat-2.13.so
7f2c467f2000-7f2c469f1000 ---p 00007000 08:05 532264                     /lib/x86_64-linux-gnu/libnss_compat-2.13.so
7f2c469f1000-7f2c469f2000 r--p 00006000 08:05 532264                     /lib/x86_64-linux-gnu/libnss_compat-2.13.so
7f2c469f2000-7f2c469f3000 rw-p 00007000 08:05 532264                     /lib/x86_64-linux-gnu/libnss_compat-2.13.so
7f2c469f3000-7f2c46a1d000 r-xp 00000000 08:05 425725                     /usr/lib/jvm/java-7-openjdk-amd64/jre/lib/amd64/libjava.so
7f2c46a1d000-7f2c46c1d000 ---p 0002a000 08:05 425725                     /usr/lib/jvm/java-7-openjdk-amd64/jre/lib/amd64/libjava.so
7f2c46c1d000-7f2c46c1e000 r--p 0002a000 08:05 425725                     /usr/lib/jvm/java-7-openjdk-amd64/jre/lib/amd64/libjava.so
7f2c46c1e000-7f2c46c20000 rw-p 0002b000 08:05 425725                     /usr/lib/jvm/java-7-openjdk-amd64/jre/lib/amd64/libjava.so
7f2c46c20000-7f2c46c2f000 r-xp 00000000 08:05 425667                     /usr/lib/jvm/java-7-openjdk-amd64/jre/lib/amd64/libverify.so
7f2c46c2f000-7f2c46e2e000 ---p 0000f000 08:05 425667                     /usr/lib/jvm/java-7-openjdk-amd64/jre/lib/amd64/libverify.so
7f2c46e2e000-7f2c46e30000 r--p 0000e000 08:05 425667                     /usr/lib/jvm/java-7-openjdk-amd64/jre/lib/amd64/libverify.so
7f2c46e30000-7f2c46e31000 rw-p 00010000 08:05 425667                     /usr/lib/jvm/java-7-openjdk-amd64/jre/lib/amd64/libverify.so
7f2c46e31000-7f2c46e38000 r-xp 00000000 08:05 532279                     /lib/x86_64-linux-gnu/librt-2.13.so
7f2c46e38000-7f2c47037000 ---p 00007000 08:05 532279                     /lib/x86_64-linux-gnu/librt-2.13.so
7f2c47037000-7f2c47038000 r--p 00006000 08:05 532279                     /lib/x86_64-linux-gnu/librt-2.13.so
7f2c47038000-7f2c47039000 rw-p 00007000 08:05 532279                     /lib/x86_64-linux-gnu/librt-2.13.so
7f2c47039000-7f2c4704e000 r-xp 00000000 08:05 533965                     /lib/x86_64-linux-gnu/libgcc_s.so.1
7f2c4704e000-7f2c4724e000 ---p 00015000 08:05 533965                     /lib/x86_64-linux-gnu/libgcc_s.so.1
7f2c4724e000-7f2c4724f000 rw-p 00015000 08:05 533965                     /lib/x86_64-linux-gnu/libgcc_s.so.1
7f2c4724f000-7f2c472d0000 r-xp 00000000 08:05 532266                     /lib/x86_64-linux-gnu/libm-2.13.so
7f2c472d0000-7f2c474cf000 ---p 00081000 08:05 532266                     /lib/x86_64-linux-gnu/libm-2.13.so
7f2c474cf000-7f2c474d0000 r--p 00080000 08:05 532266                     /lib/x86_64-linux-gnu/libm-2.13.so
7f2c474d0000-7f2c474d1000 rw-p 00081000 08:05 532266                     /lib/x86_64-linux-gnu/libm-2.13.so
7f2c474d1000-7f2c475b9000 r-xp 00000000 08:05 397950                     /usr/lib/x86_64-linux-gnu/libstdc++.so.6.0.17
7f2c475b9000-7f2c477b9000 ---p 000e8000 08:05 397950                     /usr/lib/x86_64-linux-gnu/libstdc++.so.6.0.17
7f2c477b9000-7f2c477c1000 r--p 000e8000 08:05 397950                     /usr/lib/x86_64-linux-gnu/libstdc++.so.6.0.17
7f2c477c1000-7f2c477c3000 rw-p 000f0000 08:05 397950                     /usr/lib/x86_64-linux-gnu/libstdc++.so.6.0.17
7f2c477c3000-7f2c477d8000 rw-p 00000000 00:00 0 
7f2c477d8000-7f2c481c9000 r-xp 00000000 08:05 425695                     /usr/lib/jvm/java-7-openjdk-amd64/jre/lib/amd64/server/libjvm.so
7f2c481c9000-7f2c483c9000 ---p 009f1000 08:05 425695                     /usr/lib/jvm/java-7-openjdk-amd64/jre/lib/amd64/server/libjvm.so
7f2c483c9000-7f2c48448000 r--p 009f1000 08:05 425695                     /usr/lib/jvm/java-7-openjdk-amd64/jre/lib/amd64/server/libjvm.so
7f2c48448000-7f2c4846b000 rw-p 00a70000 08:05 425695                     /usr/lib/jvm/java-7-openjdk-amd64/jre/lib/amd64/server/libjvm.so
7f2c4846b000-7f2c48496000 rw-p 00000000 00:00 0 
7f2c48496000-7f2c48616000 r-xp 00000000 08:05 532259                     /lib/x86_64-linux-gnu/libc-2.13.so
7f2c48616000-7f2c48816000 ---p 00180000 08:05 532259                     /lib/x86_64-linux-gnu/libc-2.13.so
7f2c48816000-7f2c4881a000 r--p 00180000 08:05 532259                     /lib/x86_64-linux-gnu/libc-2.13.so
7f2c4881a000-7f2c4881b000 rw-p 00184000 08:05 532259                     /lib/x86_64-linux-gnu/libc-2.13.so
7f2c4881b000-7f2c48820000 rw-p 00000000 00:00 0 
7f2c48820000-7f2c48822000 r-xp 00000000 08:05 532273                     /lib/x86_64-linux-gnu/libdl-2.13.so
7f2c48822000-7f2c48a22000 ---p 00002000 08:05 532273                     /lib/x86_64-linux-gnu/libdl-2.13.so
7f2c48a22000-7f2c48a23000 r--p 00002000 08:05 532273                     /lib/x86_64-linux-gnu/libdl-2.13.so
7f2c48a23000-7f2c48a24000 rw-p 00003000 08:05 532273                     /lib/x86_64-linux-gnu/libdl-2.13.so
7f2c48a24000-7f2c48a3a000 r-xp 00000000 08:05 523354                     /lib/x86_64-linux-gnu/libz.so.1.2.7
7f2c48a3a000-7f2c48c39000 ---p 00016000 08:05 523354                     /lib/x86_64-linux-gnu/libz.so.1.2.7
7f2c48c39000-7f2c48c3a000 r--p 00015000 08:05 523354                     /lib/x86_64-linux-gnu/libz.so.1.2.7
7f2c48c3a000-7f2c48c3b000 rw-p 00016000 08:05 523354                     /lib/x86_64-linux-gnu/libz.so.1.2.7
7f2c48c3b000-7f2c48c48000 r-xp 00000000 08:05 425673                     /usr/lib/jvm/java-7-openjdk-amd64/jre/lib/amd64/jli/libjli.so
7f2c48c48000-7f2c48e47000 ---p 0000d000 08:05 425673                     /usr/lib/jvm/java-7-openjdk-amd64/jre/lib/amd64/jli/libjli.so
7f2c48e47000-7f2c48e48000 r--p 0000c000 08:05 425673                     /usr/lib/jvm/java-7-openjdk-amd64/jre/lib/amd64/jli/libjli.so
7f2c48e48000-7f2c48e49000 rw-p 0000d000 08:05 425673                     /usr/lib/jvm/java-7-openjdk-amd64/jre/lib/amd64/jli/libjli.so
7f2c48e49000-7f2c48e60000 r-xp 00000000 08:05 532277                     /lib/x86_64-linux-gnu/libpthread-2.13.so
7f2c48e60000-7f2c4905f000 ---p 00017000 08:05 532277                     /lib/x86_64-linux-gnu/libpthread-2.13.so
7f2c4905f000-7f2c49060000 r--p 00016000 08:05 532277                     /lib/x86_64-linux-gnu/libpthread-2.13.so
7f2c49060000-7f2c49061000 rw-p 00017000 08:05 532277                     /lib/x86_64-linux-gnu/libpthread-2.13.so
7f2c49061000-7f2c49065000 rw-p 00000000 00:00 0 
7f2c49065000-7f2c49085000 r-xp 00000000 08:05 532281                     /lib/x86_64-linux-gnu/ld-2.13.so
7f2c49085000-7f2c49086000 r--s 00008000 08:04 921162                     /home/robashton/.m2/repository/org/apache/lucene/lucene-memory/4.4.0/lucene-memory-4.4.0.jar
7f2c49086000-7f2c49088000 r--s 00005000 08:04 131689                     /home/robashton/.m2/repository/org/slf4j/slf4j-api/1.6.6/slf4j-api-1.6.6.jar
7f2c49088000-7f2c4908b000 r--s 0001b000 08:04 4334909                    /home/robashton/.m2/repository/org/eclipse/jetty/orbit/javax.servlet/2.5.0.v201103041518/javax.servlet-2.5.0.v201103041518.jar
7f2c4908b000-7f2c4908d000 r--s 00002000 08:04 1846285                    /home/robashton/.m2/repository/org/apache/ant/ant-launcher/1.8.2/ant-launcher-1.8.2.jar
7f2c4908d000-7f2c4908e000 r--s 00002000 08:04 131688                     /home/robashton/.m2/repository/org/slf4j/slf4j-log4j12/1.6.6/slf4j-log4j12-1.6.6.jar
7f2c4908e000-7f2c4908f000 r--s 00001000 08:04 4334929                    /home/robashton/.m2/repository/ns-tracker/ns-tracker/0.2.1/ns-tracker-0.2.1.jar
7f2c4908f000-7f2c49090000 r--s 00000000 08:04 4334918                    /home/robashton/.m2/repository/ring/ring/1.2.0/ring-1.2.0.jar
7f2c49090000-7f2c49092000 r--s 00018000 08:04 2102668                    /home/robashton/.m2/repository/javax/servlet/servlet-api/2.5/servlet-api-2.5.jar
7f2c49092000-7f2c49093000 r--s 00044000 08:04 4335039                    /home/robashton/.m2/repository/org/fusesource/leveldbjni/leveldbjni-linux32/1.5/leveldbjni-linux32-1.5.jar
7f2c49093000-7f2c49094000 r--s 00001000 08:04 4463948                    /home/robashton/.m2/repository/org/clojure/tools.trace/0.7.3/tools.trace-0.7.3.jar
7f2c49094000-7f2c49095000 r--s 00001000 08:04 4334928                    /home/robashton/.m2/repository/clj-stacktrace/clj-stacktrace/0.2.5/clj-stacktrace-0.2.5.jar
7f2c49095000-7f2c49097000 r--s 0000c000 08:04 4466610                    /home/robashton/.m2/repository/args4j/args4j/2.0.16/args4j-2.0.16.jar
7f2c49097000-7f2c49098000 r--s 00000000 08:04 4463933                    /home/robashton/.m2/repository/serializable-fn/serializable-fn/1.1.3/serializable-fn-1.1.3.jar
7f2c49098000-7f2c49099000 r--s 00001000 08:04 4335773                    /home/robashton/.m2/repository/speclj-growl/speclj-growl/2.1.0/speclj-growl-2.1.0.jar
7f2c49099000-7f2c490a2000 r--s 00055000 08:04 921154                     /home/robashton/.m2/repository/org/apache/lucene/lucene-queryparser/4.4.0/lucene-queryparser-4.4.0.jar
7f2c490a2000-7f2c490b0000 rw-p 00000000 00:00 0 
7f2c490b0000-7f2c49162000 rw-p 00000000 00:00 0 
7f2c49162000-7f2c49165000 ---p 00000000 00:00 0 
7f2c49165000-7f2c49268000 rw-p 00000000 00:00 0 
7f2c49268000-7f2c49269000 r--s 00003000 08:04 2103981                    /home/robashton/.m2/repository/net/cgrand/regex/1.1.0/regex-1.1.0.jar
7f2c49269000-7f2c4926a000 r--s 00004000 08:04 4334907                    /home/robashton/.m2/repository/org/eclipse/jetty/jetty-continuation/7.6.8.v20121106/jetty-continuation-7.6.8.v20121106.jar
7f2c4926a000-7f2c4926b000 r--s 00001000 08:04 2103996                    /home/robashton/.m2/repository/org/clojure/data.json/0.2.1/data.json-0.2.1.jar
7f2c4926b000-7f2c4926d000 r--s 00001000 08:04 4335185                    /home/robashton/.m2/repository/me/raynes/fs/1.4.4/fs-1.4.4.jar
7f2c4926d000-7f2c4926f000 r--s 00016000 08:04 4334911                    /home/robashton/.m2/repository/org/eclipse/jetty/jetty-io/7.6.8.v20121106/jetty-io-7.6.8.v20121106.jar
7f2c4926f000-7f2c49270000 r--s 00000000 08:04 4464234                    /home/robashton/.m2/repository/org/clojure/java.classpath/0.2.0/java.classpath-0.2.0.jar
7f2c49270000-7f2c49271000 r--s 00001000 08:04 2235973                    /home/robashton/.m2/repository/com/cemerick/url/0.1.0/url-0.1.0.jar
7f2c49271000-7f2c49273000 r--s 00005000 08:04 2499327                    /home/robashton/.m2/repository/org/apache/httpcomponents/httpmime/4.2.5/httpmime-4.2.5.jar
7f2c49273000-7f2c49276000 r--s 00006000 08:04 2235966                    /home/robashton/.m2/repository/com/google/code/findbugs/jsr305/1.3.9/jsr305-1.3.9.jar
7f2c49276000-7f2c49277000 r--s 00002000 08:04 4465589                    /home/robashton/.m2/repository/org/thnetos/cd-client/0.3.6/cd-client-0.3.6.jar
7f2c49277000-7f2c49278000 r--s 00006000 08:04 4464209                    /home/robashton/.m2/repository/org/clojure/tools.reader/0.7.4/tools.reader-0.7.4.jar
7f2c49278000-7f2c49280000 rw-s 00000000 08:05 1177392                    /tmp/hsperfdata_robashton/29591
7f2c49280000-7f2c49281000 rw-p 00000000 00:00 0 
7f2c49281000-7f2c49282000 r--p 00000000 00:00 0 
7f2c49282000-7f2c49284000 rw-p 00000000 00:00 0 
7f2c49284000-7f2c49285000 r--p 0001f000 08:05 532281                     /lib/x86_64-linux-gnu/ld-2.13.so
7f2c49285000-7f2c49286000 rw-p 00020000 08:05 532281                     /lib/x86_64-linux-gnu/ld-2.13.so
7f2c49286000-7f2c49287000 rw-p 00000000 00:00 0 
7fff391e8000-7fff3920c000 rw-p 00000000 00:00 0                          [stack]
7fff392d5000-7fff392d6000 r-xp 00000000 00:00 0                          [vdso]
ffffffffff600000-ffffffffff601000 r-xp 00000000 00:00 0                  [vsyscall]

VM Arguments:
jvm_args: -Dspeclj.invocation=lein spec 
java_command: speclj.main -c
Launcher Type: SUN_STANDARD

Environment Variables:
JAVA_HOME=/usr/lib/jvm/java-1.7.0-openjdk-amd64
CLASSPATH=:/home/robashton/.lein/self-installs/leiningen-2.2.0-standalone.jar
PATH=/usr/local/bin:/usr/bin:/bin:/usr/local/games:/usr/games:/home/robashton/build/clojurescript/bin
USERNAME=robashton
SHELL=/bin/bash
DISPLAY=:0

Signal Handlers:
SIGSEGV: [libjvm.so+0x84ff00], sa_mask[0]=0x7ffbfeff, sa_flags=0x10000004
SIGBUS: [libjvm.so+0x84ff00], sa_mask[0]=0x7ffbfeff, sa_flags=0x10000004
SIGFPE: [libjvm.so+0x6f2230], sa_mask[0]=0x7ffbfeff, sa_flags=0x10000004
SIGPIPE: [libjvm.so+0x6f2230], sa_mask[0]=0x7ffbfeff, sa_flags=0x10000004
SIGXFSZ: [libjvm.so+0x6f2230], sa_mask[0]=0x7ffbfeff, sa_flags=0x10000004
SIGILL: [libjvm.so+0x6f2230], sa_mask[0]=0x7ffbfeff, sa_flags=0x10000004
SIGUSR1: SIG_DFL, sa_mask[0]=0x00000000, sa_flags=0x00000000
SIGUSR2: [libjvm.so+0x6f2600], sa_mask[0]=0x00000004, sa_flags=0x10000004
SIGHUP: [libjvm.so+0x6f2740], sa_mask[0]=0x7ffbfeff, sa_flags=0x10000004
SIGINT: [libjvm.so+0x6f2740], sa_mask[0]=0x7ffbfeff, sa_flags=0x10000004
SIGTERM: [libjvm.so+0x6f2740], sa_mask[0]=0x7ffbfeff, sa_flags=0x10000004
SIGQUIT: [libjvm.so+0x6f2740], sa_mask[0]=0x7ffbfeff, sa_flags=0x10000004


---------------  S Y S T E M  ---------------

OS:wheezy/sid

uname:Linux 3.2.0-4-amd64 #1 SMP Debian 3.2.46-1+deb7u1 x86_64
libc:glibc 2.13 NPTL 2.13 
rlimit: STACK 8192k, CORE 0k, NPROC 30929, NOFILE 4096, AS infinity
load average:0.98 0.48 0.33

/proc/meminfo:
MemTotal:        3971036 kB
MemFree:         1871380 kB
Buffers:          349532 kB
Cached:           661300 kB
SwapCached:        64256 kB
Active:          1200144 kB
Inactive:         657212 kB
Active(anon):     765552 kB
Inactive(anon):   139208 kB
Active(file):     434592 kB
Inactive(file):   518004 kB
Unevictable:           0 kB
Mlocked:               0 kB
SwapTotal:       4103304 kB
SwapFree:        4027396 kB
Dirty:               428 kB
Writeback:             0 kB
AnonPages:        784936 kB
Mapped:           131464 kB
Shmem:             58068 kB
Slab:             184556 kB
SReclaimable:     162196 kB
SUnreclaim:        22360 kB
KernelStack:        3032 kB
PageTables:        17912 kB
NFS_Unstable:          0 kB
Bounce:                0 kB
WritebackTmp:          0 kB
CommitLimit:     6088820 kB
Committed_AS:    2728264 kB
VmallocTotal:   34359738367 kB
VmallocUsed:      450592 kB
VmallocChunk:   34359278132 kB
HardwareCorrupted:     0 kB
AnonHugePages:         0 kB
HugePages_Total:       0
HugePages_Free:        0
HugePages_Rsvd:        0
HugePages_Surp:        0
Hugepagesize:       2048 kB
DirectMap4k:       81548 kB
DirectMap2M:     4104192 kB


CPU:total 4 (2 cores per cpu, 2 threads per core) family 6 model 42 stepping 7, cmov, cx8, fxsr, mmx, sse, sse2, sse3, ssse3, sse4.1, sse4.2, popcnt, avx, ht, tsc, tscinvbit

/proc/cpuinfo:
processor	: 0
vendor_id	: GenuineIntel
cpu family	: 6
model		: 42
model name	: Intel(R) Core(TM) i5-2557M CPU @ 1.70GHz
stepping	: 7
microcode	: 0x1a
cpu MHz		: 1701.000
cache size	: 3072 KB
physical id	: 0
siblings	: 4
core id		: 0
cpu cores	: 2
apicid		: 0
initial apicid	: 0
fpu		: yes
fpu_exception	: yes
cpuid level	: 13
wp		: yes
flags		: fpu vme de pse tsc msr pae mce cx8 apic sep mtrr pge mca cmov pat pse36 clflush dts acpi mmx fxsr sse sse2 ss ht tm pbe syscall nx rdtscp lm constant_tsc arch_perfmon pebs bts rep_good nopl xtopology nonstop_tsc aperfmperf pni pclmulqdq dtes64 monitor ds_cpl vmx smx est tm2 ssse3 cx16 xtpr pdcm pcid sse4_1 sse4_2 x2apic popcnt tsc_deadline_timer aes xsave avx lahf_lm ida arat xsaveopt pln pts dtherm tpr_shadow vnmi flexpriority ept vpid
bogomips	: 3399.34
clflush size	: 64
cache_alignment	: 64
address sizes	: 36 bits physical, 48 bits virtual
power management:

processor	: 1
vendor_id	: GenuineIntel
cpu family	: 6
model		: 42
model name	: Intel(R) Core(TM) i5-2557M CPU @ 1.70GHz
stepping	: 7
microcode	: 0x1a
cpu MHz		: 1701.000
cache size	: 3072 KB
physical id	: 0
siblings	: 4
core id		: 1
cpu cores	: 2
apicid		: 2
initial apicid	: 2
fpu		: yes
fpu_exception	: yes
cpuid level	: 13
wp		: yes
flags		: fpu vme de pse tsc msr pae mce cx8 apic sep mtrr pge mca cmov pat pse36 clflush dts acpi mmx fxsr sse sse2 ss ht tm pbe syscall nx rdtscp lm constant_tsc arch_perfmon pebs bts rep_good nopl xtopology nonstop_tsc aperfmperf pni pclmulqdq dtes64 monitor ds_cpl vmx smx est tm2 ssse3 cx16 xtpr pdcm pcid sse4_1 sse4_2 x2apic popcnt tsc_deadline_timer aes xsave avx lahf_lm ida arat xsaveopt pln pts dtherm tpr_shadow vnmi flexpriority ept vpid
bogomips	: 3399.90
clflush size	: 64
cache_alignment	: 64
address sizes	: 36 bits physical, 48 bits virtual
power management:

processor	: 2
vendor_id	: GenuineIntel
cpu family	: 6
model		: 42
model name	: Intel(R) Core(TM) i5-2557M CPU @ 1.70GHz
stepping	: 7
microcode	: 0x1a
cpu MHz		: 1701.000
cache size	: 3072 KB
physical id	: 0
siblings	: 4
core id		: 0
cpu cores	: 2
apicid		: 1
initial apicid	: 1
fpu		: yes
fpu_exception	: yes
cpuid level	: 13
wp		: yes
flags		: fpu vme de pse tsc msr pae mce cx8 apic sep mtrr pge mca cmov pat pse36 clflush dts acpi mmx fxsr sse sse2 ss ht tm pbe syscall nx rdtscp lm constant_tsc arch_perfmon pebs bts rep_good nopl xtopology nonstop_tsc aperfmperf pni pclmulqdq dtes64 monitor ds_cpl vmx smx est tm2 ssse3 cx16 xtpr pdcm pcid sse4_1 sse4_2 x2apic popcnt tsc_deadline_timer aes xsave avx lahf_lm ida arat xsaveopt pln pts dtherm tpr_shadow vnmi flexpriority ept vpid
bogomips	: 3399.91
clflush size	: 64
cache_alignment	: 64
address sizes	: 36 bits physical, 48 bits virtual
power management:

processor	: 3
vendor_id	: GenuineIntel
cpu family	: 6
model		: 42
model name	: Intel(R) Core(TM) i5-2557M CPU @ 1.70GHz
stepping	: 7
microcode	: 0x1a
cpu MHz		: 1701.000
cache size	: 3072 KB
physical id	: 0
siblings	: 4
core id		: 1
cpu cores	: 2
apicid		: 3
initial apicid	: 3
fpu		: yes
fpu_exception	: yes
cpuid level	: 13
wp		: yes
flags		: fpu vme de pse tsc msr pae mce cx8 apic sep mtrr pge mca cmov pat pse36 clflush dts acpi mmx fxsr sse sse2 ss ht tm pbe syscall nx rdtscp lm constant_tsc arch_perfmon pebs bts rep_good nopl xtopology nonstop_tsc aperfmperf pni pclmulqdq dtes64 monitor ds_cpl vmx smx est tm2 ssse3 cx16 xtpr pdcm pcid sse4_1 sse4_2 x2apic popcnt tsc_deadline_timer aes xsave avx lahf_lm ida arat xsaveopt pln pts dtherm tpr_shadow vnmi flexpriority ept vpid
bogomips	: 3399.90
clflush size	: 64
cache_alignment	: 64
address sizes	: 36 bits physical, 48 bits virtual
power management:



Memory: 4k page, physical 3971036k(1871380k free), swap 4103304k(4027396k free)

vm_info: OpenJDK 64-Bit Server VM (23.7-b01) for linux-amd64 JRE (1.7.0_25-b30), built on Jul  3 2013 10:28:26 by "jmm" with gcc 4.7.2

time: Mon Oct 14 22:25:48 2013
elapsed time: 11 seconds

