#
# A fatal error has been detected by the Java Runtime Environment:
#
#  SIGSEGV (0xb) at pc=0x00007f5ca01003b4, pid=16958, tid=140035791611648
#
# JRE version: 7.0_25-b30
# Java VM: OpenJDK 64-Bit Server VM (23.7-b01 mixed mode linux-amd64 compressed oops)
# Problematic frame:
# C  [libleveldbjni-64-1-7646270675090307395.7+0x193b4]  Java_org_fusesource_leveldbjni_internal_NativeIterator_00024IteratorJNI_Valid+0x4
#
# Failed to write core dump. Core dumps have been disabled. To enable core dumping, try "ulimit -c unlimited" before starting Java again
#
# If you would like to submit a bug report, please include
# instructions on how to reproduce the bug and visit:
#   http://icedtea.classpath.org/bugzilla
# The crash happened outside the Java Virtual Machine in native code.
# See problematic frame for where to report the bug.
#

---------------  T H R E A D  ---------------

Current thread (0x00000000009c7800):  JavaThread "nREPL-worker-13" daemon [_thread_in_native, id=11268, stack(0x00007f5c9f8d6000,0x00007f5c9f9d7000)]

siginfo:si_signo=SIGSEGV: si_errno=0, si_code=1 (SEGV_MAPERR), si_addr=0x0000000000000000

Registers:
RAX=0x00007f5ca01003b0, RBX=0x00000000ba7c7378, RCX=0x0000000000000010, RDX=0x0000000000000000
RSP=0x00007f5c9f9d32e0, RBP=0x00007f5c9f9d3348, RSI=0x00007f5c9f9d3358, RDI=0x00000000009c79d8
R8 =0x00007f5caaf5b400, R9 =0x00000000ba7c4570, R10=0x00007f5caaf67f59, R11=0x00007f5cb2ef6440
R12=0x0000000000000000, R13=0x00000000ba7c7378, R14=0x00007f5c9f9d3370, R15=0x00000000009c7800
RIP=0x00007f5ca01003b4, EFLAGS=0x0000000000010202, CSGSFS=0x0000000000000033, ERR=0x0000000000000004
  TRAPNO=0x000000000000000e

Top of Stack: (sp=0x00007f5c9f9d32e0)
0x00007f5c9f9d32e0:   00007f5c9f9d3330 00007f5caaf67f85
0x00007f5c9f9d32f0:   00007f5c0000000d 0000000000000000
0x00007f5c9f9d3300:   00007f5c9f9d3470 00007f5c9f9d3308
0x00007f5c9f9d3310:   0000000000000000 00007f5c9f9d3370
0x00007f5c9f9d3320:   00000000ba7c8018 0000000000000000
0x00007f5c9f9d3330:   00000000ba7c7378 0000000000000000
0x00007f5c9f9d3340:   00007f5c9f9d3368 00007f5c9f9d33b8
0x00007f5c9f9d3350:   00007f5caaf5c450 00000000fb272e08
0x00007f5c9f9d3360:   00007f5caaf64dc0 0000000000000000
0x00007f5c9f9d3370:   00000000fb2628c0 00007f5c9f9d3378
0x00007f5c9f9d3380:   00000000ba7c5b18 00007f5c9f9d33c8
0x00007f5c9f9d3390:   00000000ba7c6ab8 0000000000000000
0x00007f5c9f9d33a0:   00000000ba7c5b30 00007f5c9f9d3368
0x00007f5c9f9d33b0:   00007f5c9f9d33c8 00007f5c9f9d3410
0x00007f5c9f9d33c0:   00007f5caaf5c450 00000000fb2628c0
0x00007f5c9f9d33d0:   00007f5c9f9d33d0 00000000ba7c451c
0x00007f5c9f9d33e0:   00007f5c9f9d3428 00000000ba7c5138
0x00007f5c9f9d33f0:   0000000000000000 00000000ba7c4570
0x00007f5c9f9d3400:   00007f5c9f9d33c8 00007f5c9f9d3428
0x00007f5c9f9d3410:   00007f5c9f9d3470 00007f5caaf5c333
0x00007f5c9f9d3420:   0000000000000000 00000000fb256110
0x00007f5c9f9d3430:   00007f5c9f9d3430 00000000ba7c4751
0x00007f5c9f9d3440:   00007f5c9f9d3490 00000000ba7c5138
0x00007f5c9f9d3450:   0000000000000000 00000000ba7c47a0
0x00007f5c9f9d3460:   00007f5c9f9d3428 00007f5c9f9d3490
0x00007f5c9f9d3470:   00007f5c9f9d34d8 00007f5caaf5c333
0x00007f5c9f9d3480:   0000000000000000 0000000000000000
0x00007f5c9f9d3490:   00000000fb256110 00007f5c9f9d3498
0x00007f5c9f9d34a0:   00000000ba7c4d01 00007f5c9f9d34e8
0x00007f5c9f9d34b0:   00000000ba7c5138 0000000000000000
0x00007f5c9f9d34c0:   00000000ba7c4d18 00007f5c9f9d3490
0x00007f5c9f9d34d0:   00007f5c9f9d34e8 00007f5c9f9d3548 

Instructions: (pc=0x00007f5ca01003b4)
0x00007f5ca0100394:   89 d7 4c 8b 58 18 41 ff e3 90 66 90 48 8b 02 48
0x00007f5ca01003a4:   89 d7 4c 8b 58 20 41 ff e3 90 66 90 48 83 ec 08
0x00007f5ca01003b4:   48 8b 02 48 89 d7 ff 50 10 48 83 c4 08 0f b6 c0
0x00007f5ca01003c4:   c3 90 66 2e 0f 1f 84 00 00 00 00 00 48 85 d2 75 

Register to memory mapping:

RAX=0x00007f5ca01003b0: Java_org_fusesource_leveldbjni_internal_NativeIterator_00024IteratorJNI_Valid+0 in /tmp/libleveldbjni-64-1-7646270675090307395.7 at 0x00007f5ca00e7000
RBX=0x00000000ba7c7378 is an oop
{method} 
 - klass: {other class}
RCX=0x0000000000000010 is an unknown value
RDX=0x0000000000000000 is an unknown value
RSP=0x00007f5c9f9d32e0 is pointing into the stack for thread: 0x00000000009c7800
RBP=0x00007f5c9f9d3348 is pointing into the stack for thread: 0x00000000009c7800
RSI=0x00007f5c9f9d3358 is pointing into the stack for thread: 0x00000000009c7800
RDI=0x00000000009c79d8 is an unknown value
R8 =0x00007f5caaf5b400 is an unknown value
R9 =0x00000000ba7c4570 is an oop
{method} 
 - klass: {other class}
R10=0x00007f5caaf67f59 is an Interpreter codelet
method entry point (kind = native)  [0x00007f5caaf67ce0, 0x00007f5caaf68540]  2144 bytes
R11=0x00007f5cb2ef6440: <offset 0x77b440> in /usr/lib/jvm/java-7-openjdk-amd64/jre/lib/amd64/server/libjvm.so at 0x00007f5cb277b000
R12=0x0000000000000000 is an unknown value
R13=0x00000000ba7c7378 is an oop
{method} 
 - klass: {other class}
R14=0x00007f5c9f9d3370 is pointing into the stack for thread: 0x00000000009c7800
R15=0x00000000009c7800 is a thread


Stack: [0x00007f5c9f8d6000,0x00007f5c9f9d7000],  sp=0x00007f5c9f9d32e0,  free space=1012k
Native frames: (J=compiled Java code, j=interpreted, Vv=VM code, C=native code)
C  [libleveldbjni-64-1-7646270675090307395.7+0x193b4]  Java_org_fusesource_leveldbjni_internal_NativeIterator_00024IteratorJNI_Valid+0x4
j  org.fusesource.leveldbjni.internal.NativeIterator.isValid()Z+8
j  org.fusesource.leveldbjni.internal.JniDBIterator.peekNext()Ljava/util/Map$Entry;+4
j  org.fusesource.leveldbjni.internal.JniDBIterator.next()Ljava/util/Map$Entry;+1
j  org.fusesource.leveldbjni.internal.JniDBIterator.next()Ljava/lang/Object;+1
j  clojure.lang.IteratorSeq.first()Ljava/lang/Object;+43
J  clojure.lang.RT.first(Ljava/lang/Object;)Ljava/lang/Object;
j  clojure.core$fn__5406.invoke(Ljava/lang/Object;Ljava/lang/Object;)Ljava/lang/Object;+44
J  clojure.lang.MultiFn.invoke(Ljava/lang/Object;Ljava/lang/Object;)Ljava/lang/Object;
j  clojure.tools.nrepl.middleware.pr_values$pr_values$fn$reify__3358$fn__3360.invoke()Ljava/lang/Object;+13
j  clojure.tools.nrepl.middleware.pr_values$pr_values$fn$reify__3358.send(Ljava/lang/Object;)Ljava/lang/Object;+143
j  clojure.tools.nrepl.middleware.interruptible_eval$evaluate$fn__3379$fn__3390.invoke(Ljava/lang/Object;)Ljava/lang/Object;+299
j  clojure.main$repl$read_eval_print__6588.invoke()Ljava/lang/Object;+212
j  clojure.main$repl$fn__6597.invoke()Ljava/lang/Object;+7
j  clojure.main$repl.doInvoke(Ljava/lang/Object;)Ljava/lang/Object;+568
j  clojure.lang.RestFn.invoke(Ljava/lang/Object;Ljava/lang/Object;Ljava/lang/Object;Ljava/lang/Object;Ljava/lang/Object;Ljava/lang/Object;Ljava/lang/Object;Ljava/lang/Object;Ljava/lang/Object;Ljava/lang/Object;Ljava/lang/Object;Ljava/lang/Object;)Ljava/lang/Object;+225
j  clojure.tools.nrepl.middleware.interruptible_eval$evaluate$fn__3379.invoke()Ljava/lang/Object;+195
J  clojure.lang.AFn.applyToHelper(Lclojure/lang/IFn;Lclojure/lang/ISeq;)Ljava/lang/Object;
J  clojure.lang.RestFn.invoke(Ljava/lang/Object;Ljava/lang/Object;)Ljava/lang/Object;
j  clojure.tools.nrepl.middleware.interruptible_eval$interruptible_eval$fn__3420$fn__3423.invoke()Ljava/lang/Object;+114
j  clojure.core$comp$fn__4154.invoke()Ljava/lang/Object;+14
j  clojure.tools.nrepl.middleware.interruptible_eval$run_next$fn__3413.invoke()Ljava/lang/Object;+7
j  clojure.lang.AFn.run()V+1
j  java.util.concurrent.ThreadPoolExecutor.runWorker(Ljava/util/concurrent/ThreadPoolExecutor$Worker;)V+95
j  java.util.concurrent.ThreadPoolExecutor$Worker.run()V+5
j  java.lang.Thread.run()V+11
v  ~StubRoutines::call_stub
V  [libjvm.so+0x527a8e]  JavaCalls::call_helper(JavaValue*, methodHandle*, JavaCallArguments*, Thread*)+0x32e
V  [libjvm.so+0x526d0a]  JavaCalls::call_virtual(JavaValue*, KlassHandle, Symbol*, Symbol*, JavaCallArguments*, Thread*)+0x1aa
V  [libjvm.so+0x526d5f]  JavaCalls::call_virtual(JavaValue*, Handle, KlassHandle, Symbol*, Symbol*, Thread*)+0x4f
V  [libjvm.so+0x55e0bf]  thread_entry(JavaThread*, Thread*)+0xdf
V  [libjvm.so+0x80f542]  JavaThread::thread_main_inner()+0xf2
V  [libjvm.so+0x6f3ba2]  java_start(Thread*)+0xf2

Java frames: (J=compiled Java code, j=interpreted, Vv=VM code)
j  org.fusesource.leveldbjni.internal.NativeIterator$IteratorJNI.Valid(J)Z+0
j  org.fusesource.leveldbjni.internal.NativeIterator.isValid()Z+8
j  org.fusesource.leveldbjni.internal.JniDBIterator.peekNext()Ljava/util/Map$Entry;+4
j  org.fusesource.leveldbjni.internal.JniDBIterator.next()Ljava/util/Map$Entry;+1
j  org.fusesource.leveldbjni.internal.JniDBIterator.next()Ljava/lang/Object;+1
j  clojure.lang.IteratorSeq.first()Ljava/lang/Object;+43
J  clojure.lang.RT.first(Ljava/lang/Object;)Ljava/lang/Object;
J  clojure.core$first.invoke(Ljava/lang/Object;)Ljava/lang/Object;
J  clojure.core$map$fn__4207.invoke()Ljava/lang/Object;
J  clojure.lang.LazySeq.sval()Ljava/lang/Object;
J  clojure.lang.LazySeq.seq()Lclojure/lang/ISeq;
J  clojure.lang.RT.seq(Ljava/lang/Object;)Lclojure/lang/ISeq;
J  clojure.core$seq.invoke(Ljava/lang/Object;)Ljava/lang/Object;
J  clojure.core$take_while$fn__4236.invoke()Ljava/lang/Object;
J  clojure.lang.LazySeq.sval()Ljava/lang/Object;
J  clojure.lang.LazySeq.seq()Lclojure/lang/ISeq;
J  clojure.lang.RT.seq(Ljava/lang/Object;)Lclojure/lang/ISeq;
J  clojure.core$seq.invoke(Ljava/lang/Object;)Ljava/lang/Object;
J  clojure.core$map$fn__4207.invoke()Ljava/lang/Object;
J  clojure.lang.LazySeq.sval()Ljava/lang/Object;
J  clojure.lang.LazySeq.seq()Lclojure/lang/ISeq;
J  clojure.lang.RT.seq(Ljava/lang/Object;)Lclojure/lang/ISeq;
J  clojure.core$seq.invoke(Ljava/lang/Object;)Ljava/lang/Object;
J  clojure.core$map$fn__4207.invoke()Ljava/lang/Object;
J  clojure.lang.LazySeq.sval()Ljava/lang/Object;
J  clojure.lang.LazySeq.seq()Lclojure/lang/ISeq;
J  clojure.lang.RT.seq(Ljava/lang/Object;)Lclojure/lang/ISeq;
J  clojure.core$seq.invoke(Ljava/lang/Object;)Ljava/lang/Object;
J  clojure.core$map$fn__4207.invoke()Ljava/lang/Object;
J  clojure.lang.LazySeq.sval()Ljava/lang/Object;
J  clojure.lang.LazySeq.seq()Lclojure/lang/ISeq;
J  clojure.lang.RT.seq(Ljava/lang/Object;)Lclojure/lang/ISeq;
J  clojure.core$seq.invoke(Ljava/lang/Object;)Ljava/lang/Object;
j  clojure.core$print_sequential.invoke(Ljava/lang/Object;Ljava/lang/Object;Ljava/lang/Object;Ljava/lang/Object;Ljava/lang/Object;Ljava/lang/Object;)Ljava/lang/Object;+224
j  clojure.core$fn__5406.invoke(Ljava/lang/Object;Ljava/lang/Object;)Ljava/lang/Object;+44
J  clojure.lang.MultiFn.invoke(Ljava/lang/Object;Ljava/lang/Object;)Ljava/lang/Object;
J  clojure.core$pr_on.invoke(Ljava/lang/Object;Ljava/lang/Object;)Ljava/lang/Object;
j  clojure.core$pr.invoke(Ljava/lang/Object;)Ljava/lang/Object;+18
j  clojure.tools.nrepl.middleware.pr_values$pr_values$fn$reify__3358$fn__3360.invoke()Ljava/lang/Object;+13
j  clojure.tools.nrepl.middleware.pr_values$pr_values$fn$reify__3358.send(Ljava/lang/Object;)Ljava/lang/Object;+143
j  clojure.tools.nrepl.middleware.interruptible_eval$evaluate$fn__3379$fn__3390.invoke(Ljava/lang/Object;)Ljava/lang/Object;+299
j  clojure.main$repl$read_eval_print__6588.invoke()Ljava/lang/Object;+212
j  clojure.main$repl$fn__6597.invoke()Ljava/lang/Object;+7
j  clojure.main$repl.doInvoke(Ljava/lang/Object;)Ljava/lang/Object;+568
j  clojure.lang.RestFn.invoke(Ljava/lang/Object;Ljava/lang/Object;Ljava/lang/Object;Ljava/lang/Object;Ljava/lang/Object;Ljava/lang/Object;Ljava/lang/Object;Ljava/lang/Object;Ljava/lang/Object;Ljava/lang/Object;Ljava/lang/Object;Ljava/lang/Object;)Ljava/lang/Object;+225
j  clojure.tools.nrepl.middleware.interruptible_eval$evaluate$fn__3379.invoke()Ljava/lang/Object;+195
J  clojure.lang.AFn.applyToHelper(Lclojure/lang/IFn;Lclojure/lang/ISeq;)Ljava/lang/Object;
J  clojure.lang.AFn.applyTo(Lclojure/lang/ISeq;)Ljava/lang/Object;
J  clojure.core$apply.invoke(Ljava/lang/Object;Ljava/lang/Object;)Ljava/lang/Object;
j  clojure.core$with_bindings_STAR_.doInvoke(Ljava/lang/Object;Ljava/lang/Object;Ljava/lang/Object;)Ljava/lang/Object;+33
J  clojure.lang.RestFn.invoke(Ljava/lang/Object;Ljava/lang/Object;)Ljava/lang/Object;
j  clojure.tools.nrepl.middleware.interruptible_eval$evaluate.invoke(Ljava/lang/Object;Ljava/lang/Object;)Ljava/lang/Object;+512
j  clojure.tools.nrepl.middleware.interruptible_eval$interruptible_eval$fn__3420$fn__3423.invoke()Ljava/lang/Object;+114
j  clojure.core$comp$fn__4154.invoke()Ljava/lang/Object;+14
j  clojure.tools.nrepl.middleware.interruptible_eval$run_next$fn__3413.invoke()Ljava/lang/Object;+7
j  clojure.lang.AFn.run()V+1
j  java.util.concurrent.ThreadPoolExecutor.runWorker(Ljava/util/concurrent/ThreadPoolExecutor$Worker;)V+95
j  java.util.concurrent.ThreadPoolExecutor$Worker.run()V+5
j  java.lang.Thread.run()V+11
v  ~StubRoutines::call_stub

---------------  P R O C E S S  ---------------

Java Threads: ( => current thread )
=>0x00000000009c7800 JavaThread "nREPL-worker-13" daemon [_thread_in_native, id=11268, stack(0x00007f5c9f8d6000,0x00007f5c9f9d7000)]
  0x00000000009d8800 JavaThread "clojure-agent-send-off-pool-36" [_thread_blocked, id=11267, stack(0x00007f5c9ffe6000,0x00007f5ca00e7000)]
  0x00000000009cb000 JavaThread "clojure-agent-send-off-pool-35" [_thread_in_native, id=11266, stack(0x00007f5c9fad8000,0x00007f5c9fbd9000)]
  0x0000000000a06800 JavaThread "clojure-agent-send-off-pool-34" [_thread_blocked, id=11265, stack(0x00007f5c9fedc000,0x00007f5c9ffdd000)]
  0x0000000000c54000 JavaThread "clojure-agent-send-off-pool-26" [_thread_in_native, id=6962, stack(0x00007f5c9fddb000,0x00007f5c9fedc000)]
  0x0000000000a08000 JavaThread "clojure-agent-send-off-pool-6" [_thread_in_native, id=16988, stack(0x00007f5c9f9d7000,0x00007f5c9fad8000)]
  0x0000000000a03000 JavaThread "clojure-agent-send-off-pool-4" [_thread_blocked, id=16986, stack(0x00007f5c9fbd9000,0x00007f5c9fcda000)]
  0x0000000000c65800 JavaThread "clojure-agent-send-off-pool-3" [_thread_blocked, id=16984, stack(0x00007f5c9fcda000,0x00007f5c9fddb000)]
  0x00007f5ca4005800 JavaThread "Service Thread" daemon [_thread_blocked, id=16976, stack(0x00007f5ca1e92000,0x00007f5ca1f93000)]
  0x00007f5ca4003000 JavaThread "C1 CompilerThread2" daemon [_thread_blocked, id=16975, stack(0x00007f5ca1f93000,0x00007f5ca2094000)]
  0x00007f5ca4001000 JavaThread "C2 CompilerThread1" daemon [_thread_blocked, id=16974, stack(0x00007f5ca2094000,0x00007f5ca2195000)]
  0x00000000009c0800 JavaThread "C2 CompilerThread0" daemon [_thread_blocked, id=16973, stack(0x00007f5ca2195000,0x00007f5ca2296000)]
  0x00000000009be800 JavaThread "Signal Dispatcher" daemon [_thread_blocked, id=16972, stack(0x00007f5ca2296000,0x00007f5ca2397000)]
  0x0000000000964800 JavaThread "Finalizer" daemon [_thread_blocked, id=16971, stack(0x00007f5ca250e000,0x00007f5ca260f000)]
  0x000000000095d000 JavaThread "Reference Handler" daemon [_thread_blocked, id=16970, stack(0x00007f5ca260f000,0x00007f5ca2710000)]
  0x00000000008b6000 JavaThread "main" [_thread_blocked, id=16964, stack(0x00007f5cb4106000,0x00007f5cb4207000)]

Other Threads:
  0x0000000000954800 VMThread [stack: 0x00007f5ca2710000,0x00007f5ca2811000] [id=16969]
  0x00007f5ca4010800 WatcherThread [stack: 0x00007f5ca1d91000,0x00007f5ca1e92000] [id=16977]

VM state:not at safepoint (normal execution)

VM Mutex/Monitor currently owned by a thread: None

Heap
 PSYoungGen      total 324480K, used 257226K [0x00000000ebcb0000, 0x00000000fffa0000, 0x0000000100000000)
  eden space 318592K, 79% used [0x00000000ebcb0000,0x00000000fb422a80,0x00000000ff3d0000)
  from space 5888K, 65% used [0x00000000ff3d0000,0x00000000ff790000,0x00000000ff990000)
  to   space 5696K, 0% used [0x00000000ffa10000,0x00000000ffa10000,0x00000000fffa0000)
 ParOldGen       total 41408K, used 20767K [0x00000000c3600000, 0x00000000c5e70000, 0x00000000ebcb0000)
  object space 41408K, 50% used [0x00000000c3600000,0x00000000c4a47eb8,0x00000000c5e70000)
 PSPermGen       total 24512K, used 24358K [0x00000000b9000000, 0x00000000ba7f0000, 0x00000000c3600000)
  object space 24512K, 99% used [0x00000000b9000000,0x00000000ba7c9bc8,0x00000000ba7f0000)

Card table byte_map: [0x00007f5caab9d000,0x00007f5caadd6000] byte_map_base: 0x00007f5caa5d5000

Polling page: 0x00007f5cb4224000

Code Cache  [0x00007f5caaf56000, 0x00007f5cab456000, 0x00007f5cb0f56000)
 total_blobs=2416 nmethods=2102 adapters=246 free_code_cache=93199Kb largest_free_block=95434176

Compilation events (10 events):
Event: 158251.239 Thread 0x00007f5ca4003000 2112       1       clojure.core$binding_conveyor_fn::invoke (18 bytes)
Event: 158251.244 Thread 0x00007f5ca4003000 nmethod 2112 0x00007f5cab451690 code [0x00007f5cab451800, 0x00007f5cab451b28]
Event: 158251.244 Thread 0x00007f5ca4003000 2116       1       java.util.concurrent.locks.ReentrantLock::unlock (10 bytes)
Event: 158251.244 Thread 0x00007f5ca4003000 nmethod 2116 0x00007f5cab451c90 code [0x00007f5cab451e00, 0x00007f5cab451fd8]
Event: 158251.244 Thread 0x00007f5ca4003000 2113       1       clojure.core$future_call$reify__6267::withMeta (13 bytes)
Event: 158251.245 Thread 0x00007f5ca4003000 nmethod 2113 0x00007f5cab4520d0 code [0x00007f5cab452220, 0x00007f5cab4523d0]
Event: 158251.245 Thread 0x00007f5ca4003000 2114       1       java.net.SocketImpl::getFileDescriptor (5 bytes)
Event: 158251.245 Thread 0x00007f5ca4003000 nmethod 2114 0x00007f5cab452450 code [0x00007f5cab4525a0, 0x00007f5cab4526f0]
Event: 158251.245 Thread 0x00007f5ca4003000 2115       1       java.net.SocketImpl::getSocket (5 bytes)
Event: 158251.246 Thread 0x00007f5ca4003000 nmethod 2115 0x00007f5cab452750 code [0x00007f5cab4528a0, 0x00007f5cab4529f0]

GC Heap History (10 events):
Event: 4.332 GC heap before
{Heap before GC invocations=9 (full 0):
 PSYoungGen      total 128768K, used 127882K [0x00000000ebcb0000, 0x00000000f3ed0000, 0x0000000100000000)
  eden space 124416K, 100% used [0x00000000ebcb0000,0x00000000f3630000,0x00000000f3630000)
  from space 4352K, 79% used [0x00000000f3a90000,0x00000000f3df2870,0x00000000f3ed0000)
  to   space 4416K, 0% used [0x00000000f3630000,0x00000000f3630000,0x00000000f3a80000)
 ParOldGen       total 41408K, used 6336K [0x00000000c3600000, 0x00000000c5e70000, 0x00000000ebcb0000)
  object space 41408K, 15% used [0x00000000c3600000,0x00000000c3c30250,0x00000000c5e70000)
 PSPermGen       total 21248K, used 20794K [0x00000000b9000000, 0x00000000ba4c0000, 0x00000000c3600000)
  object space 21248K, 97% used [0x00000000b9000000,0x00000000ba44ea38,0x00000000ba4c0000)
Event: 4.345 GC heap after
Heap after GC invocations=9 (full 0):
 PSYoungGen      total 128832K, used 4401K [0x00000000ebcb0000, 0x00000000f8ac0000, 0x0000000100000000)
  eden space 124416K, 0% used [0x00000000ebcb0000,0x00000000ebcb0000,0x00000000f3630000)
  from space 4416K, 99% used [0x00000000f3630000,0x00000000f3a7c530,0x00000000f3a80000)
  to   space 5952K, 0% used [0x00000000f84f0000,0x00000000f84f0000,0x00000000f8ac0000)
 ParOldGen       total 41408K, used 9503K [0x00000000c3600000, 0x00000000c5e70000, 0x00000000ebcb0000)
  object space 41408K, 22% used [0x00000000c3600000,0x00000000c3f47e58,0x00000000c5e70000)
 PSPermGen       total 21248K, used 20794K [0x00000000b9000000, 0x00000000ba4c0000, 0x00000000c3600000)
  object space 21248K, 97% used [0x00000000b9000000,0x00000000ba44ea38,0x00000000ba4c0000)
}
Event: 5.084 GC heap before
{Heap before GC invocations=10 (full 0):
 PSYoungGen      total 128832K, used 128817K [0x00000000ebcb0000, 0x00000000f8ac0000, 0x0000000100000000)
  eden space 124416K, 100% used [0x00000000ebcb0000,0x00000000f3630000,0x00000000f3630000)
  from space 4416K, 99% used [0x00000000f3630000,0x00000000f3a7c530,0x00000000f3a80000)
  to   space 5952K, 0% used [0x00000000f84f0000,0x00000000f84f0000,0x00000000f8ac0000)
 ParOldGen       total 41408K, used 9503K [0x00000000c3600000, 0x00000000c5e70000, 0x00000000ebcb0000)
  object space 41408K, 22% used [0x00000000c3600000,0x00000000c3f47e58,0x00000000c5e70000)
 PSPermGen       total 22976K, used 22869K [0x00000000b9000000, 0x00000000ba670000, 0x00000000c3600000)
  object space 22976K, 99% used [0x00000000b9000000,0x00000000ba655450,0x00000000ba670000)
Event: 5.096 GC heap after
Heap after GC invocations=10 (full 0):
 PSYoungGen      total 205056K, used 4447K [0x00000000ebcb0000, 0x00000000f8ac0000, 0x0000000100000000)
  eden space 199104K, 0% used [0x00000000ebcb0000,0x00000000ebcb0000,0x00000000f7f20000)
  from space 5952K, 74% used [0x00000000f84f0000,0x00000000f8947f48,0x00000000f8ac0000)
  to   space 5952K, 0% used [0x00000000f7f20000,0x00000000f7f20000,0x00000000f84f0000)
 ParOldGen       total 41408K, used 11536K [0x00000000c3600000, 0x00000000c5e70000, 0x00000000ebcb0000)
  object space 41408K, 27% used [0x00000000c3600000,0x00000000c4144378,0x00000000c5e70000)
 PSPermGen       total 22976K, used 22869K [0x00000000b9000000, 0x00000000ba670000, 0x00000000c3600000)
  object space 22976K, 99% used [0x00000000b9000000,0x00000000ba655450,0x00000000ba670000)
}
Event: 5.364 GC heap before
{Heap before GC invocations=11 (full 0):
 PSYoungGen      total 205056K, used 203551K [0x00000000ebcb0000, 0x00000000f8ac0000, 0x0000000100000000)
  eden space 199104K, 100% used [0x00000000ebcb0000,0x00000000f7f20000,0x00000000f7f20000)
  from space 5952K, 74% used [0x00000000f84f0000,0x00000000f8947f48,0x00000000f8ac0000)
  to   space 5952K, 0% used [0x00000000f7f20000,0x00000000f7f20000,0x00000000f84f0000)
 ParOldGen       total 41408K, used 11536K [0x00000000c3600000, 0x00000000c5e70000, 0x00000000ebcb0000)
  object space 41408K, 27% used [0x00000000c3600000,0x00000000c4144378,0x00000000c5e70000)
 PSPermGen       total 23360K, used 23225K [0x00000000b9000000, 0x00000000ba6d0000, 0x00000000c3600000)
  object space 23360K, 99% used [0x00000000b9000000,0x00000000ba6ae608,0x00000000ba6d0000)
Event: 5.377 GC heap after
Heap after GC invocations=11 (full 0):
 PSYoungGen      total 205056K, used 3067K [0x00000000ebcb0000, 0x00000000fff50000, 0x0000000100000000)
  eden space 199104K, 0% used [0x00000000ebcb0000,0x00000000ebcb0000,0x00000000f7f20000)
  from space 5952K, 51% used [0x00000000f7f20000,0x00000000f821ee38,0x00000000f84f0000)
  to   space 5888K, 0% used [0x00000000ff990000,0x00000000ff990000,0x00000000fff50000)
 ParOldGen       total 41408K, used 15535K [0x00000000c3600000, 0x00000000c5e70000, 0x00000000ebcb0000)
  object space 41408K, 37% used [0x00000000c3600000,0x00000000c452be58,0x00000000c5e70000)
 PSPermGen       total 23360K, used 23225K [0x00000000b9000000, 0x00000000ba6d0000, 0x00000000c3600000)
  object space 23360K, 99% used [0x00000000b9000000,0x00000000ba6ae608,0x00000000ba6d0000)
}
Event: 5.590 GC heap before
{Heap before GC invocations=12 (full 0):
 PSYoungGen      total 205056K, used 202171K [0x00000000ebcb0000, 0x00000000fff50000, 0x0000000100000000)
  eden space 199104K, 100% used [0x00000000ebcb0000,0x00000000f7f20000,0x00000000f7f20000)
  from space 5952K, 51% used [0x00000000f7f20000,0x00000000f821ee38,0x00000000f84f0000)
  to   space 5888K, 0% used [0x00000000ff990000,0x00000000ff990000,0x00000000fff50000)
 ParOldGen       total 41408K, used 15535K [0x00000000c3600000, 0x00000000c5e70000, 0x00000000ebcb0000)
  object space 41408K, 37% used [0x00000000c3600000,0x00000000c452be58,0x00000000c5e70000)
 PSPermGen       total 23744K, used 23559K [0x00000000b9000000, 0x00000000ba730000, 0x00000000c3600000)
  object space 23744K, 99% used [0x00000000b9000000,0x00000000ba701c98,0x00000000ba730000)
Event: 5.599 GC heap after
Heap after GC invocations=12 (full 0):
 PSYoungGen      total 324480K, used 2688K [0x00000000ebcb0000, 0x00000000fff50000, 0x0000000100000000)
  eden space 318592K, 0% used [0x00000000ebcb0000,0x00000000ebcb0000,0x00000000ff3d0000)
  from space 5888K, 45% used [0x00000000ff990000,0x00000000ffc30000,0x00000000fff50000)
  to   space 5888K, 0% used [0x00000000ff3d0000,0x00000000ff3d0000,0x00000000ff990000)
 ParOldGen       total 41408K, used 18271K [0x00000000c3600000, 0x00000000c5e70000, 0x00000000ebcb0000)
  object space 41408K, 44% used [0x00000000c3600000,0x00000000c47d7eb8,0x00000000c5e70000)
 PSPermGen       total 23744K, used 23559K [0x00000000b9000000, 0x00000000ba730000, 0x00000000c3600000)
  object space 23744K, 99% used [0x00000000b9000000,0x00000000ba701c98,0x00000000ba730000)
}
Event: 5.951 GC heap before
{Heap before GC invocations=13 (full 0):
 PSYoungGen      total 324480K, used 321280K [0x00000000ebcb0000, 0x00000000fff50000, 0x0000000100000000)
  eden space 318592K, 100% used [0x00000000ebcb0000,0x00000000ff3d0000,0x00000000ff3d0000)
  from space 5888K, 45% used [0x00000000ff990000,0x00000000ffc30000,0x00000000fff50000)
  to   space 5888K, 0% used [0x00000000ff3d0000,0x00000000ff3d0000,0x00000000ff990000)
 ParOldGen       total 41408K, used 18271K [0x00000000c3600000, 0x00000000c5e70000, 0x00000000ebcb0000)
  object space 41408K, 44% used [0x00000000c3600000,0x00000000c47d7eb8,0x00000000c5e70000)
 PSPermGen       total 23744K, used 23578K [0x00000000b9000000, 0x00000000ba730000, 0x00000000c3600000)
  object space 23744K, 99% used [0x00000000b9000000,0x00000000ba706878,0x00000000ba730000)
Event: 5.962 GC heap after
Heap after GC invocations=13 (full 0):
 PSYoungGen      total 324480K, used 3840K [0x00000000ebcb0000, 0x00000000fffa0000, 0x0000000100000000)
  eden space 318592K, 0% used [0x00000000ebcb0000,0x00000000ebcb0000,0x00000000ff3d0000)
  from space 5888K, 65% used [0x00000000ff3d0000,0x00000000ff790000,0x00000000ff990000)
  to   space 5696K, 0% used [0x00000000ffa10000,0x00000000ffa10000,0x00000000fffa0000)
 ParOldGen       total 41408K, used 20767K [0x00000000c3600000, 0x00000000c5e70000, 0x00000000ebcb0000)
  object space 41408K, 50% used [0x00000000c3600000,0x00000000c4a47eb8,0x00000000c5e70000)
 PSPermGen       total 23744K, used 23578K [0x00000000b9000000, 0x00000000ba730000, 0x00000000c3600000)
  object space 23744K, 99% used [0x00000000b9000000,0x00000000ba706878,0x00000000ba730000)
}

Deoptimization events (0 events):
No events

Internal exceptions (10 events):
Event: 158251.277 Thread 0x00000000009c7800 Threw 0x00000000fb2367b0 at /home/jmm/scratch/jdk/openjdk-7-7u25-2.3.10/build/openjdk/hotspot/src/share/vm/prims/jvm.cpp:1235
Event: 158251.277 Thread 0x00000000009c7800 Threw 0x00000000fb236c50 at /home/jmm/scratch/jdk/openjdk-7-7u25-2.3.10/build/openjdk/hotspot/src/share/vm/prims/jvm.cpp:1235
Event: 158251.277 Thread 0x00000000009c7800 Threw 0x00000000fb2370f0 at /home/jmm/scratch/jdk/openjdk-7-7u25-2.3.10/build/openjdk/hotspot/src/share/vm/prims/jvm.cpp:1235
Event: 158251.277 Thread 0x00000000009c7800 Threw 0x00000000fb237590 at /home/jmm/scratch/jdk/openjdk-7-7u25-2.3.10/build/openjdk/hotspot/src/share/vm/prims/jvm.cpp:1235
Event: 158251.277 Thread 0x00000000009c7800 Threw 0x00000000fb237a30 at /home/jmm/scratch/jdk/openjdk-7-7u25-2.3.10/build/openjdk/hotspot/src/share/vm/prims/jvm.cpp:1235
Event: 158251.290 Thread 0x00000000009c7800 Threw 0x00000000fb24aa80 at /home/jmm/scratch/jdk/openjdk-7-7u25-2.3.10/build/openjdk/hotspot/src/share/vm/prims/jvm.cpp:1235
Event: 158251.307 Thread 0x00000000009c7800 Threw 0x00000000fb2571c0 at /home/jmm/scratch/jdk/openjdk-7-7u25-2.3.10/build/openjdk/hotspot/src/share/vm/prims/jvm.cpp:1235
Event: 158251.326 Thread 0x00000000009c7800 Threw 0x00000000fb2679d8 at /home/jmm/scratch/jdk/openjdk-7-7u25-2.3.10/build/openjdk/hotspot/src/share/vm/prims/jvm.cpp:1235
Event: 158251.335 Thread 0x00000000009c7800 Threw 0x00000000fb273b80 at /home/jmm/scratch/jdk/openjdk-7-7u25-2.3.10/build/openjdk/hotspot/src/share/vm/prims/jvm.cpp:1235
Event: 158251.345 Thread 0x00000000009c7800 Threw 0x00000000fb27bf20 at /home/jmm/scratch/jdk/openjdk-7-7u25-2.3.10/build/openjdk/hotspot/src/share/vm/prims/jvm.cpp:1235

Events (10 events):
Event: 158251.290 loading class 0x00000000009d6b60
Event: 158251.290 loading class 0x00000000009d6b60 done
Event: 158251.306 loading class 0x00007f5ca45534a0
Event: 158251.306 loading class 0x00007f5ca45534a0 done
Event: 158251.326 loading class 0x00000000009c67d0
Event: 158251.326 loading class 0x00000000009c67d0 done
Event: 158251.335 loading class 0x00007f5ca42be9d0
Event: 158251.335 loading class 0x00007f5ca42be9d0 done
Event: 158251.344 loading class 0x0000000000a76da0
Event: 158251.344 loading class 0x0000000000a76da0 done


Dynamic libraries:
00400000-00401000 r-xp 00000000 08:05 425801                             /usr/lib/jvm/java-7-openjdk-amd64/jre/bin/java
00600000-00601000 r--p 00000000 08:05 425801                             /usr/lib/jvm/java-7-openjdk-amd64/jre/bin/java
00601000-00602000 rw-p 00001000 08:05 425801                             /usr/lib/jvm/java-7-openjdk-amd64/jre/bin/java
008a3000-00dbe000 rw-p 00000000 00:00 0                                  [heap]
b9000000-ba7f0000 rw-p 00000000 00:00 0 
ba7f0000-c3600000 rw-p 00000000 00:00 0 
c3600000-c5e70000 rw-p 00000000 00:00 0 
c5e70000-ebcb0000 rw-p 00000000 00:00 0 
ebcb0000-fffa0000 rw-p 00000000 00:00 0 
fffa0000-100000000 rw-p 00000000 00:00 0 
7f5c9f772000-7f5c9f8b6000 rw-p 00000000 00:00 0 
7f5c9f8b6000-7f5c9f8c6000 rw-s 00000000 08:04 4201365                    /home/robashton/src/cravendb/testdb/000008.log
7f5c9f8c6000-7f5c9f8d6000 rw-s 00000000 08:04 4201366                    /home/robashton/src/cravendb/testdb/MANIFEST-000006
7f5c9f8d6000-7f5c9f8d9000 ---p 00000000 00:00 0 
7f5c9f8d9000-7f5c9f9d7000 rw-p 00000000 00:00 0 
7f5c9f9d7000-7f5c9f9da000 ---p 00000000 00:00 0 
7f5c9f9da000-7f5c9fad8000 rw-p 00000000 00:00 0 
7f5c9fad8000-7f5c9fadb000 ---p 00000000 00:00 0 
7f5c9fadb000-7f5c9fbd9000 rw-p 00000000 00:00 0 
7f5c9fbd9000-7f5c9fbdc000 ---p 00000000 00:00 0 
7f5c9fbdc000-7f5c9fcda000 rw-p 00000000 00:00 0 
7f5c9fcda000-7f5c9fcdd000 ---p 00000000 00:00 0 
7f5c9fcdd000-7f5c9fddb000 rw-p 00000000 00:00 0 
7f5c9fddb000-7f5c9fdde000 ---p 00000000 00:00 0 
7f5c9fdde000-7f5c9fedc000 rw-p 00000000 00:00 0 
7f5c9fedc000-7f5c9fedf000 ---p 00000000 00:00 0 
7f5c9fedf000-7f5c9ffdd000 rw-p 00000000 00:00 0 
7f5c9ffe5000-7f5c9ffe6000 r--s 00000000 08:04 4201364                    /home/robashton/src/cravendb/testdb/000007.sst
7f5c9ffe6000-7f5c9ffe9000 ---p 00000000 00:00 0 
7f5c9ffe9000-7f5ca00e7000 rw-p 00000000 00:00 0 
7f5ca00e7000-7f5ca0141000 r-xp 00000000 08:05 809834                     /tmp/libleveldbjni-64-1-7646270675090307395.7
7f5ca0141000-7f5ca0340000 ---p 0005a000 08:05 809834                     /tmp/libleveldbjni-64-1-7646270675090307395.7
7f5ca0340000-7f5ca0343000 rw-p 00059000 08:05 809834                     /tmp/libleveldbjni-64-1-7646270675090307395.7
7f5ca0343000-7f5ca0346000 ---p 00000000 00:00 0 
7f5ca0346000-7f5ca036b000 rw-p 00000000 00:00 0 
7f5ca036b000-7f5ca0371000 r--s 00048000 08:04 4334906                    /home/robashton/.m2/repository/org/eclipse/jetty/jetty-server/7.6.8.v20121106/jetty-server-7.6.8.v20121106.jar
7f5ca0371000-7f5ca0372000 r--s 00000000 08:04 1714779                    /home/robashton/.m2/repository/clojure-complete/clojure-complete/0.2.3/clojure-complete-0.2.3.jar
7f5ca0372000-7f5ca0376000 r--s 00014000 08:04 4335183                    /home/robashton/.m2/repository/org/tukaani/xz/1.0/xz-1.0.jar
7f5ca0376000-7f5ca0377000 r--s 00000000 08:04 4334933                    /home/robashton/.m2/repository/ring/ring-servlet/1.2.0/ring-servlet-1.2.0.jar
7f5ca0377000-7f5ca0379000 r--s 0000c000 08:04 4335036                    /home/robashton/.m2/repository/org/fusesource/leveldbjni/leveldbjni/1.7/leveldbjni-1.7.jar
7f5ca0379000-7f5ca037e000 r--s 0003b000 08:04 4334913                    /home/robashton/.m2/repository/org/eclipse/jetty/jetty-util/7.6.8.v20121106/jetty-util-7.6.8.v20121106.jar
7f5ca037e000-7f5ca03a3000 r--s 001f8000 08:04 794721                     /home/robashton/.m2/repository/org/apache/lucene/lucene-core/4.4.0/lucene-core-4.4.0.jar
7f5ca03a3000-7f5ca03a5000 r--s 0000f000 08:04 4334904                    /home/robashton/.m2/repository/commons-fileupload/commons-fileupload/1.3/commons-fileupload-1.3.jar
7f5ca03a5000-7f5ca03a6000 r--s 00000000 08:04 2629346                    /home/robashton/.m2/repository/org/clojure/tools.namespace/0.1.3/tools.namespace-0.1.3.jar
7f5ca03a6000-7f5ca03a7000 r--s 00044000 08:04 4335042                    /home/robashton/.m2/repository/org/fusesource/leveldbjni/leveldbjni-linux64/1.5/leveldbjni-linux64-1.5.jar
7f5ca03a7000-7f5ca03a9000 r--s 00008000 08:04 4593316                    /home/robashton/.m2/repository/org/clojure/tools.nrepl/0.2.3/tools.nrepl-0.2.3.jar
7f5ca03a9000-7f5ca03ab000 r--s 00015000 08:04 4334908                    /home/robashton/.m2/repository/org/eclipse/jetty/jetty-http/7.6.8.v20121106/jetty-http-7.6.8.v20121106.jar
7f5ca03ab000-7f5ca03ac000 r--s 00004000 08:04 4595249                    /home/robashton/.m2/repository/http/async/client/http.async.client/0.5.2/http.async.client-0.5.2.jar
7f5ca03ac000-7f5ca03b2000 r--s 0002c000 08:04 921155                     /home/robashton/.m2/repository/org/apache/lucene/lucene-queries/4.4.0/lucene-queries-4.4.0.jar
7f5ca03b2000-7f5ca03b3000 r--s 00001000 08:04 4335774                    /home/robashton/.m2/repository/gntp/gntp/0.6.0/gntp-0.6.0.jar
7f5ca03b3000-7f5ca03b5000 r--s 0000a000 08:04 921158                     /home/robashton/.m2/repository/org/apache/lucene/lucene-sandbox/4.4.0/lucene-sandbox-4.4.0.jar
7f5ca03b5000-7f5ca03b6000 r--s 0001e000 08:04 4335046                    /home/robashton/.m2/repository/org/fusesource/leveldbjni/leveldbjni-win64/1.5/leveldbjni-win64-1.5.jar
7f5ca03b6000-7f5ca03b7000 r--s 00000000 08:04 4335771                    /home/robashton/.m2/repository/org/clojars/jgrocho/digest/1.5.0/digest-1.5.0.jar
7f5ca03b7000-7f5ca03b9000 r--s 00009000 08:04 4464213                    /home/robashton/.m2/repository/org/clojure/core.async/0.1.0-SNAPSHOT/core.async-0.1.0-SNAPSHOT.jar
7f5ca03b9000-7f5ca03c9000 r--s 0007c000 08:04 2499333                    /home/robashton/.m2/repository/joda-time/joda-time/2.1/joda-time-2.1.jar
7f5ca03c9000-7f5ca0405000 r-xp 00000000 08:05 527976                     /lib/x86_64-linux-gnu/libpcre.so.3.13.1
7f5ca0405000-7f5ca0605000 ---p 0003c000 08:05 527976                     /lib/x86_64-linux-gnu/libpcre.so.3.13.1
7f5ca0605000-7f5ca0606000 rw-p 0003c000 08:05 527976                     /lib/x86_64-linux-gnu/libpcre.so.3.13.1
7f5ca0606000-7f5ca0612000 r-xp 00000000 08:05 400109                     /usr/lib/x86_64-linux-gnu/libffi.so.5.0.10
7f5ca0612000-7f5ca0812000 ---p 0000c000 08:05 400109                     /usr/lib/x86_64-linux-gnu/libffi.so.5.0.10
7f5ca0812000-7f5ca0813000 rw-p 0000c000 08:05 400109                     /usr/lib/x86_64-linux-gnu/libffi.so.5.0.10
7f5ca0813000-7f5ca0814000 r-xp 00000000 08:05 406701                     /usr/lib/x86_64-linux-gnu/libgthread-2.0.so.0.3200.4
7f5ca0814000-7f5ca0a13000 ---p 00001000 08:05 406701                     /usr/lib/x86_64-linux-gnu/libgthread-2.0.so.0.3200.4
7f5ca0a13000-7f5ca0a14000 r--p 00000000 08:05 406701                     /usr/lib/x86_64-linux-gnu/libgthread-2.0.so.0.3200.4
7f5ca0a14000-7f5ca0a15000 rw-p 00001000 08:05 406701                     /usr/lib/x86_64-linux-gnu/libgthread-2.0.so.0.3200.4
7f5ca0a15000-7f5ca0a28000 r-xp 00000000 08:05 532260                     /lib/x86_64-linux-gnu/libresolv-2.13.so
7f5ca0a28000-7f5ca0c27000 ---p 00013000 08:05 532260                     /lib/x86_64-linux-gnu/libresolv-2.13.so
7f5ca0c27000-7f5ca0c28000 r--p 00012000 08:05 532260                     /lib/x86_64-linux-gnu/libresolv-2.13.so
7f5ca0c28000-7f5ca0c29000 rw-p 00013000 08:05 532260                     /lib/x86_64-linux-gnu/libresolv-2.13.so
7f5ca0c29000-7f5ca0c2b000 rw-p 00000000 00:00 0 
7f5ca0c2b000-7f5ca0c49000 r-xp 00000000 08:05 523310                     /lib/x86_64-linux-gnu/libselinux.so.1
7f5ca0c49000-7f5ca0e48000 ---p 0001e000 08:05 523310                     /lib/x86_64-linux-gnu/libselinux.so.1
7f5ca0e48000-7f5ca0e49000 r--p 0001d000 08:05 523310                     /lib/x86_64-linux-gnu/libselinux.so.1
7f5ca0e49000-7f5ca0e4a000 rw-p 0001e000 08:05 523310                     /lib/x86_64-linux-gnu/libselinux.so.1
7f5ca0e4a000-7f5ca0e4b000 rw-p 00000000 00:00 0 
7f5ca0e4b000-7f5ca0e4e000 r-xp 00000000 08:05 406707                     /usr/lib/x86_64-linux-gnu/libgmodule-2.0.so.0.3200.4
7f5ca0e4e000-7f5ca104d000 ---p 00003000 08:05 406707                     /usr/lib/x86_64-linux-gnu/libgmodule-2.0.so.0.3200.4
7f5ca104d000-7f5ca104e000 r--p 00002000 08:05 406707                     /usr/lib/x86_64-linux-gnu/libgmodule-2.0.so.0.3200.4
7f5ca104e000-7f5ca104f000 rw-p 00003000 08:05 406707                     /usr/lib/x86_64-linux-gnu/libgmodule-2.0.so.0.3200.4
7f5ca104f000-7f5ca1145000 r-xp 00000000 08:05 534711                     /lib/x86_64-linux-gnu/libglib-2.0.so.0.3200.4
7f5ca1145000-7f5ca1344000 ---p 000f6000 08:05 534711                     /lib/x86_64-linux-gnu/libglib-2.0.so.0.3200.4
7f5ca1344000-7f5ca1345000 r--p 000f5000 08:05 534711                     /lib/x86_64-linux-gnu/libglib-2.0.so.0.3200.4
7f5ca1345000-7f5ca1346000 rw-p 000f6000 08:05 534711                     /lib/x86_64-linux-gnu/libglib-2.0.so.0.3200.4
7f5ca1346000-7f5ca1347000 rw-p 00000000 00:00 0 
7f5ca1347000-7f5ca1396000 r-xp 00000000 08:05 406703                     /usr/lib/x86_64-linux-gnu/libgobject-2.0.so.0.3200.4
7f5ca1396000-7f5ca1596000 ---p 0004f000 08:05 406703                     /usr/lib/x86_64-linux-gnu/libgobject-2.0.so.0.3200.4
7f5ca1596000-7f5ca1597000 r--p 0004f000 08:05 406703                     /usr/lib/x86_64-linux-gnu/libgobject-2.0.so.0.3200.4
7f5ca1597000-7f5ca1598000 rw-p 00050000 08:05 406703                     /usr/lib/x86_64-linux-gnu/libgobject-2.0.so.0.3200.4
7f5ca1598000-7f5ca16e4000 r-xp 00000000 08:05 406702                     /usr/lib/x86_64-linux-gnu/libgio-2.0.so.0.3200.4
7f5ca16e4000-7f5ca18e3000 ---p 0014c000 08:05 406702                     /usr/lib/x86_64-linux-gnu/libgio-2.0.so.0.3200.4
7f5ca18e3000-7f5ca18e7000 r--p 0014b000 08:05 406702                     /usr/lib/x86_64-linux-gnu/libgio-2.0.so.0.3200.4
7f5ca18e7000-7f5ca18e9000 rw-p 0014f000 08:05 406702                     /usr/lib/x86_64-linux-gnu/libgio-2.0.so.0.3200.4
7f5ca18e9000-7f5ca18ec000 rw-p 00000000 00:00 0 
7f5ca18ec000-7f5ca18ed000 rw-p 00000000 00:00 0 
7f5ca18ed000-7f5ca18ee000 r--p 00000000 08:05 525236                     /usr/share/locale/en_GB/LC_MESSAGES/libc.mo
7f5ca18ee000-7f5ca18f3000 r--s 0004c000 08:05 398743                     /usr/lib/jvm/java-7-openjdk-common/jre/lib/jsse.jar
7f5ca18f3000-7f5ca18fa000 r--s 00039000 08:04 2627880                    /home/robashton/.m2/repository/commons-codec/commons-codec/1.7/commons-codec-1.7.jar
7f5ca18fa000-7f5ca18fb000 r--s 00001000 08:04 4334937                    /home/robashton/.m2/repository/compojure/compojure/1.1.5/compojure-1.1.5.jar
7f5ca18fb000-7f5ca18fc000 r--s 00001000 08:04 4334755                    /home/robashton/.m2/repository/tigris/tigris/0.1.1/tigris-0.1.1.jar
7f5ca18fc000-7f5ca18ff000 r--s 000fa000 08:04 4335040                    /home/robashton/.m2/repository/org/fusesource/leveldbjni/leveldbjni-all/1.7/leveldbjni-all-1.7.jar
7f5ca18ff000-7f5ca1903000 r--s 0001b000 08:04 921160                     /home/robashton/.m2/repository/org/apache/lucene/lucene-highlighter/4.4.0/lucene-highlighter-4.4.0.jar
7f5ca1903000-7f5ca1904000 r--s 00002000 08:04 4334922                    /home/robashton/.m2/repository/hiccup/hiccup/1.0.3/hiccup-1.0.3.jar
7f5ca1904000-7f5ca191a000 r-xp 00000000 08:05 425729                     /usr/lib/jvm/java-7-openjdk-amd64/jre/lib/amd64/libnet.so
7f5ca191a000-7f5ca1b19000 ---p 00016000 08:05 425729                     /usr/lib/jvm/java-7-openjdk-amd64/jre/lib/amd64/libnet.so
7f5ca1b19000-7f5ca1b1a000 r--p 00015000 08:05 425729                     /usr/lib/jvm/java-7-openjdk-amd64/jre/lib/amd64/libnet.so
7f5ca1b1a000-7f5ca1b1b000 rw-p 00016000 08:05 425729                     /usr/lib/jvm/java-7-openjdk-amd64/jre/lib/amd64/libnet.so
7f5ca1b1b000-7f5ca1b2b000 r-xp 00000000 08:05 425707                     /usr/lib/jvm/java-7-openjdk-amd64/jre/lib/amd64/libnio.so
7f5ca1b2b000-7f5ca1d2b000 ---p 00010000 08:05 425707                     /usr/lib/jvm/java-7-openjdk-amd64/jre/lib/amd64/libnio.so
7f5ca1d2b000-7f5ca1d2c000 r--p 00010000 08:05 425707                     /usr/lib/jvm/java-7-openjdk-amd64/jre/lib/amd64/libnio.so
7f5ca1d2c000-7f5ca1d2d000 rw-p 00011000 08:05 425707                     /usr/lib/jvm/java-7-openjdk-amd64/jre/lib/amd64/libnio.so
7f5ca1d2d000-7f5ca1d36000 r--s 000bc000 08:05 398750                     /usr/lib/jvm/java-7-openjdk-common/jre/lib/resources.jar
7f5ca1d36000-7f5ca1d75000 r--s 0032d000 08:04 5116522                    /home/robashton/.m2/repository/org/clojure/clojure/1.5.1/clojure-1.5.1.jar
7f5ca1d75000-7f5ca1d88000 r--s 000da000 08:04 4727716                    /home/robashton/.m2/repository/io/netty/netty/3.4.4.Final/netty-3.4.4.Final.jar
7f5ca1d88000-7f5ca1d91000 r--s 0006f000 08:04 131690                     /home/robashton/.m2/repository/log4j/log4j/1.2.17/log4j-1.2.17.jar
7f5ca1d91000-7f5ca1d92000 ---p 00000000 00:00 0 
7f5ca1d92000-7f5ca1e92000 rw-p 00000000 00:00 0 
7f5ca1e92000-7f5ca1e95000 ---p 00000000 00:00 0 
7f5ca1e95000-7f5ca1f93000 rw-p 00000000 00:00 0 
7f5ca1f93000-7f5ca1f96000 ---p 00000000 00:00 0 
7f5ca1f96000-7f5ca2094000 rw-p 00000000 00:00 0 
7f5ca2094000-7f5ca2097000 ---p 00000000 00:00 0 
7f5ca2097000-7f5ca2195000 rw-p 00000000 00:00 0 
7f5ca2195000-7f5ca2198000 ---p 00000000 00:00 0 
7f5ca2198000-7f5ca2296000 rw-p 00000000 00:00 0 
7f5ca2296000-7f5ca2299000 ---p 00000000 00:00 0 
7f5ca2299000-7f5ca2397000 rw-p 00000000 00:00 0 
7f5ca2397000-7f5ca250e000 r--p 00000000 08:05 398104                     /usr/lib/locale/locale-archive
7f5ca250e000-7f5ca2511000 ---p 00000000 00:00 0 
7f5ca2511000-7f5ca260f000 rw-p 00000000 00:00 0 
7f5ca260f000-7f5ca2612000 ---p 00000000 00:00 0 
7f5ca2612000-7f5ca2710000 rw-p 00000000 00:00 0 
7f5ca2710000-7f5ca2711000 ---p 00000000 00:00 0 
7f5ca2711000-7f5ca4000000 rw-p 00000000 00:00 0 
7f5ca4000000-7f5ca4cc3000 rw-p 00000000 00:00 0 
7f5ca4cc3000-7f5ca8000000 ---p 00000000 00:00 0 
7f5ca8000000-7f5ca8005000 r--s 0003f000 08:04 5247639                    /home/robashton/.m2/repository/org/jsoup/jsoup/1.7.1/jsoup-1.7.1.jar
7f5ca8005000-7f5ca8006000 r--s 00028000 08:04 4335034                    /home/robashton/.m2/repository/org/fusesource/leveldbjni/leveldbjni-osx/1.5/leveldbjni-osx-1.5.jar
7f5ca8006000-7f5ca8008000 r--s 00001000 08:04 4335035                    /home/robashton/.m2/repository/org/iq80/leveldb/leveldb-api/0.5/leveldb-api-0.5.jar
7f5ca8008000-7f5ca800a000 r--s 00004000 08:04 4335219                    /home/robashton/.m2/repository/mmargs/mmargs/1.2.0/mmargs-1.2.0.jar
7f5ca800a000-7f5ca800b000 r--s 00001000 08:04 663954                     /home/robashton/.m2/repository/org/clojure/tools.logging/0.2.6/tools.logging-0.2.6.jar
7f5ca800b000-7f5ca800f000 r--s 0002a000 08:04 2627992                    /home/robashton/.m2/repository/commons-io/commons-io/2.4/commons-io-2.4.jar
7f5ca800f000-7f5ca8010000 r--s 00005000 08:04 4465562                    /home/robashton/.m2/repository/speclj/speclj/2.7.0/speclj-2.7.0.jar
7f5ca8010000-7f5ca8011000 r--s 00005000 08:04 4334757                    /home/robashton/.m2/repository/clj-http/clj-http/0.7.6/clj-http-0.7.6.jar
7f5ca8011000-7f5ca8012000 r--s 0001b000 08:04 4335045                    /home/robashton/.m2/repository/org/fusesource/leveldbjni/leveldbjni-win32/1.5/leveldbjni-win32-1.5.jar
7f5ca8012000-7f5ca8013000 r--s 00004000 08:04 4335038                    /home/robashton/.m2/repository/org/fusesource/hawtjni/hawtjni-runtime/1.8/hawtjni-runtime-1.8.jar
7f5ca8013000-7f5ca8014000 r--s 00002000 08:04 4334931                    /home/robashton/.m2/repository/clj-time/clj-time/0.4.4/clj-time-0.4.4.jar
7f5ca8014000-7f5ca8016000 r--s 00002000 08:04 4334753                    /home/robashton/.m2/repository/cheshire/cheshire/5.2.0/cheshire-5.2.0.jar
7f5ca8016000-7f5ca8017000 r--s 00000000 08:04 4334754                    /home/robashton/.m2/repository/crouton/crouton/0.1.1/crouton-0.1.1.jar
7f5ca8017000-7f5ca801d000 r--s 00032000 08:04 2627841                    /home/robashton/.m2/repository/org/apache/httpcomponents/httpcore/4.2.4/httpcore-4.2.4.jar
7f5ca801d000-7f5ca801e000 r--s 00000000 08:04 4334930                    /home/robashton/.m2/repository/ring/ring-jetty-adapter/1.2.0/ring-jetty-adapter-1.2.0.jar
7f5ca801e000-7f5ca8027000 r--s 00061000 08:04 2627843                    /home/robashton/.m2/repository/org/apache/httpcomponents/httpclient/4.2.5/httpclient-4.2.5.jar
7f5ca8027000-7f5ca8029000 r--s 00000000 08:04 4335218                    /home/robashton/.m2/repository/fresh/fresh/1.0.2/fresh-1.0.2.jar
7f5ca8029000-7f5ca802a000 r--s 00001000 08:04 2499335                    /home/robashton/.m2/repository/org/clojure/tools.macro/0.1.0/tools.macro-0.1.0.jar
7f5ca802a000-7f5ca802c000 r--s 00000000 08:04 2103962                    /home/robashton/.m2/repository/org/clojure/core.incubator/0.1.3/core.incubator-0.1.3.jar
7f5ca802c000-7f5ca802d000 r--s 00005000 08:04 4334923                    /home/robashton/.m2/repository/ring/ring-core/1.2.0/ring-core-1.2.0.jar
7f5ca802d000-7f5ca802f000 r--s 0000d000 08:04 2621509                    /home/robashton/.m2/repository/commons-logging/commons-logging/1.1.1/commons-logging-1.1.1.jar
7f5ca802f000-7f5ca8032000 r--s 0002c000 08:04 2235790                    /home/robashton/.m2/repository/com/fasterxml/jackson/core/jackson-core/2.2.1/jackson-core-2.2.1.jar
7f5ca8032000-7f5ca8033000 r--s 00006000 08:04 921156                     /home/robashton/.m2/repository/jakarta-regexp/jakarta-regexp/1.4/jakarta-regexp-1.4.jar
7f5ca8033000-7f5ca8035000 r--s 0000e000 08:04 2371747                    /home/robashton/.m2/repository/com/fasterxml/jackson/dataformat/jackson-dataformat-smile/2.2.1/jackson-dataformat-smile-2.2.1.jar
7f5ca8035000-7f5ca8036000 r--s 00001000 08:04 4334921                    /home/robashton/.m2/repository/ring/ring-devel/1.2.0/ring-devel-1.2.0.jar
7f5ca8036000-7f5ca8037000 r--s 00000000 08:04 4334939                    /home/robashton/.m2/repository/clout/clout/1.0.1/clout-1.0.1.jar
7f5ca8037000-7f5ca8038000 r--s 00000000 08:04 4334920                    /home/robashton/.m2/repository/ring/ring-codec/1.0.0/ring-codec-1.0.0.jar
7f5ca8038000-7f5ca803a000 r--s 00001000 08:04 2621523                    /home/robashton/.m2/repository/slingshot/slingshot/0.10.3/slingshot-0.10.3.jar
7f5ca803a000-7f5ca803b000 r--s 00004000 08:04 4334907                    /home/robashton/.m2/repository/org/eclipse/jetty/jetty-continuation/7.6.8.v20121106/jetty-continuation-7.6.8.v20121106.jar
7f5ca803b000-7f5ca8044000 r--s 0006c000 08:04 2235798                    /home/robashton/.m2/repository/com/ning/async-http-client/1.7.10/async-http-client-1.7.10.jar
7f5ca8044000-7f5ca8054000 r--s 00173000 08:04 921157                     /home/robashton/.m2/repository/org/apache/lucene/lucene-analyzers-common/4.4.0/lucene-analyzers-common-4.4.0.jar
7f5ca8054000-7f5ca8059000 r--s 00036000 08:04 4726128                    /home/robashton/.m2/repository/org/apache/commons/commons-compress/1.4/commons-compress-1.4.jar
7f5ca8059000-7f5ca805b000 r--s 00001000 08:04 4335185                    /home/robashton/.m2/repository/me/raynes/fs/1.4.4/fs-1.4.4.jar
7f5ca805b000-7f5ca805c000 r--s 00008000 08:04 921162                     /home/robashton/.m2/repository/org/apache/lucene/lucene-memory/4.4.0/lucene-memory-4.4.0.jar
7f5ca805c000-7f5ca805e000 r--s 00005000 08:04 131689                     /home/robashton/.m2/repository/org/slf4j/slf4j-api/1.6.6/slf4j-api-1.6.6.jar
7f5ca805e000-7f5ca8061000 r--s 0001b000 08:04 4334909                    /home/robashton/.m2/repository/org/eclipse/jetty/orbit/javax.servlet/2.5.0.v201103041518/javax.servlet-2.5.0.v201103041518.jar
7f5ca8061000-7f5ca8062000 r--s 00002000 08:04 131688                     /home/robashton/.m2/repository/org/slf4j/slf4j-log4j12/1.6.6/slf4j-log4j12-1.6.6.jar
7f5ca8062000-7f5ca8063000 r--s 00001000 08:04 4334929                    /home/robashton/.m2/repository/ns-tracker/ns-tracker/0.2.1/ns-tracker-0.2.1.jar
7f5ca8063000-7f5ca8064000 r--s 00000000 08:04 4334918                    /home/robashton/.m2/repository/ring/ring/1.2.0/ring-1.2.0.jar
7f5ca8064000-7f5ca8066000 r--s 00018000 08:04 2102668                    /home/robashton/.m2/repository/javax/servlet/servlet-api/2.5/servlet-api-2.5.jar
7f5ca8066000-7f5ca8067000 r--s 00044000 08:04 4335039                    /home/robashton/.m2/repository/org/fusesource/leveldbjni/leveldbjni-linux32/1.5/leveldbjni-linux32-1.5.jar
7f5ca8067000-7f5ca8068000 r--s 00001000 08:04 4334928                    /home/robashton/.m2/repository/clj-stacktrace/clj-stacktrace/0.2.5/clj-stacktrace-0.2.5.jar
7f5ca8068000-7f5ca8069000 r--s 00001000 08:04 4335773                    /home/robashton/.m2/repository/speclj-growl/speclj-growl/2.1.0/speclj-growl-2.1.0.jar
7f5ca8069000-7f5ca8072000 r--s 00055000 08:04 921154                     /home/robashton/.m2/repository/org/apache/lucene/lucene-queryparser/4.4.0/lucene-queryparser-4.4.0.jar
7f5ca8072000-7f5ca8074000 r--s 00016000 08:04 4334911                    /home/robashton/.m2/repository/org/eclipse/jetty/jetty-io/7.6.8.v20121106/jetty-io-7.6.8.v20121106.jar
7f5ca8074000-7f5ca8076000 r--s 00005000 08:04 2499327                    /home/robashton/.m2/repository/org/apache/httpcomponents/httpmime/4.2.5/httpmime-4.2.5.jar
7f5ca8076000-7f5ca807a000 r--s 00085000 08:05 398734                     /usr/lib/jvm/java-7-openjdk-common/jre/lib/ext/localedata.jar
7f5ca807a000-7f5ca8128000 rw-p 00000000 00:00 0 
7f5ca8128000-7f5ca82d5000 r--s 01cec000 08:05 425755                     /usr/lib/jvm/java-7-openjdk-amd64/jre/lib/rt.jar
7f5ca82d5000-7f5caa655000 rw-p 00000000 00:00 0 
7f5caa655000-7f5caa656000 ---p 00000000 00:00 0 
7f5caa656000-7f5caa756000 rw-p 00000000 00:00 0 
7f5caa756000-7f5caa757000 ---p 00000000 00:00 0 
7f5caa757000-7f5caa857000 rw-p 00000000 00:00 0 
7f5caa857000-7f5caa858000 ---p 00000000 00:00 0 
7f5caa858000-7f5caa958000 rw-p 00000000 00:00 0 
7f5caa958000-7f5caa959000 ---p 00000000 00:00 0 
7f5caa959000-7f5caaa6e000 rw-p 00000000 00:00 0 
7f5caaa6e000-7f5caab9d000 rw-p 00000000 00:00 0 
7f5caab9d000-7f5caaba9000 rw-p 00000000 00:00 0 
7f5caaba9000-7f5caabf0000 rw-p 00000000 00:00 0 
7f5caabf0000-7f5caac05000 rw-p 00000000 00:00 0 
7f5caac05000-7f5caad33000 rw-p 00000000 00:00 0 
7f5caad33000-7f5caadd5000 rw-p 00000000 00:00 0 
7f5caadd5000-7f5caadea000 rw-p 00000000 00:00 0 
7f5caadea000-7f5caaf56000 rw-p 00000000 00:00 0 
7f5caaf56000-7f5cab456000 rwxp 00000000 00:00 0 
7f5cab456000-7f5cb0f56000 rw-p 00000000 00:00 0 
7f5cb0f56000-7f5cb0f5e000 r-xp 00000000 08:05 425745                     /usr/lib/jvm/java-7-openjdk-amd64/jre/lib/amd64/libzip.so
7f5cb0f5e000-7f5cb115d000 ---p 00008000 08:05 425745                     /usr/lib/jvm/java-7-openjdk-amd64/jre/lib/amd64/libzip.so
7f5cb115d000-7f5cb115e000 r--p 00007000 08:05 425745                     /usr/lib/jvm/java-7-openjdk-amd64/jre/lib/amd64/libzip.so
7f5cb115e000-7f5cb115f000 rw-p 00008000 08:05 425745                     /usr/lib/jvm/java-7-openjdk-amd64/jre/lib/amd64/libzip.so
7f5cb115f000-7f5cb116a000 r-xp 00000000 08:05 532275                     /lib/x86_64-linux-gnu/libnss_files-2.13.so
7f5cb116a000-7f5cb1369000 ---p 0000b000 08:05 532275                     /lib/x86_64-linux-gnu/libnss_files-2.13.so
7f5cb1369000-7f5cb136a000 r--p 0000a000 08:05 532275                     /lib/x86_64-linux-gnu/libnss_files-2.13.so
7f5cb136a000-7f5cb136b000 rw-p 0000b000 08:05 532275                     /lib/x86_64-linux-gnu/libnss_files-2.13.so
7f5cb136b000-7f5cb1375000 r-xp 00000000 08:05 532271                     /lib/x86_64-linux-gnu/libnss_nis-2.13.so
7f5cb1375000-7f5cb1574000 ---p 0000a000 08:05 532271                     /lib/x86_64-linux-gnu/libnss_nis-2.13.so
7f5cb1574000-7f5cb1575000 r--p 00009000 08:05 532271                     /lib/x86_64-linux-gnu/libnss_nis-2.13.so
7f5cb1575000-7f5cb1576000 rw-p 0000a000 08:05 532271                     /lib/x86_64-linux-gnu/libnss_nis-2.13.so
7f5cb1576000-7f5cb158b000 r-xp 00000000 08:05 532269                     /lib/x86_64-linux-gnu/libnsl-2.13.so
7f5cb158b000-7f5cb178a000 ---p 00015000 08:05 532269                     /lib/x86_64-linux-gnu/libnsl-2.13.so
7f5cb178a000-7f5cb178b000 r--p 00014000 08:05 532269                     /lib/x86_64-linux-gnu/libnsl-2.13.so
7f5cb178b000-7f5cb178c000 rw-p 00015000 08:05 532269                     /lib/x86_64-linux-gnu/libnsl-2.13.so
7f5cb178c000-7f5cb178e000 rw-p 00000000 00:00 0 
7f5cb178e000-7f5cb1795000 r-xp 00000000 08:05 532264                     /lib/x86_64-linux-gnu/libnss_compat-2.13.so
7f5cb1795000-7f5cb1994000 ---p 00007000 08:05 532264                     /lib/x86_64-linux-gnu/libnss_compat-2.13.so
7f5cb1994000-7f5cb1995000 r--p 00006000 08:05 532264                     /lib/x86_64-linux-gnu/libnss_compat-2.13.so
7f5cb1995000-7f5cb1996000 rw-p 00007000 08:05 532264                     /lib/x86_64-linux-gnu/libnss_compat-2.13.so
7f5cb1996000-7f5cb19c0000 r-xp 00000000 08:05 425725                     /usr/lib/jvm/java-7-openjdk-amd64/jre/lib/amd64/libjava.so
7f5cb19c0000-7f5cb1bc0000 ---p 0002a000 08:05 425725                     /usr/lib/jvm/java-7-openjdk-amd64/jre/lib/amd64/libjava.so
7f5cb1bc0000-7f5cb1bc1000 r--p 0002a000 08:05 425725                     /usr/lib/jvm/java-7-openjdk-amd64/jre/lib/amd64/libjava.so
7f5cb1bc1000-7f5cb1bc3000 rw-p 0002b000 08:05 425725                     /usr/lib/jvm/java-7-openjdk-amd64/jre/lib/amd64/libjava.so
7f5cb1bc3000-7f5cb1bd2000 r-xp 00000000 08:05 425667                     /usr/lib/jvm/java-7-openjdk-amd64/jre/lib/amd64/libverify.so
7f5cb1bd2000-7f5cb1dd1000 ---p 0000f000 08:05 425667                     /usr/lib/jvm/java-7-openjdk-amd64/jre/lib/amd64/libverify.so
7f5cb1dd1000-7f5cb1dd3000 r--p 0000e000 08:05 425667                     /usr/lib/jvm/java-7-openjdk-amd64/jre/lib/amd64/libverify.so
7f5cb1dd3000-7f5cb1dd4000 rw-p 00010000 08:05 425667                     /usr/lib/jvm/java-7-openjdk-amd64/jre/lib/amd64/libverify.so
7f5cb1dd4000-7f5cb1ddb000 r-xp 00000000 08:05 532279                     /lib/x86_64-linux-gnu/librt-2.13.so
7f5cb1ddb000-7f5cb1fda000 ---p 00007000 08:05 532279                     /lib/x86_64-linux-gnu/librt-2.13.so
7f5cb1fda000-7f5cb1fdb000 r--p 00006000 08:05 532279                     /lib/x86_64-linux-gnu/librt-2.13.so
7f5cb1fdb000-7f5cb1fdc000 rw-p 00007000 08:05 532279                     /lib/x86_64-linux-gnu/librt-2.13.so
7f5cb1fdc000-7f5cb1ff1000 r-xp 00000000 08:05 533965                     /lib/x86_64-linux-gnu/libgcc_s.so.1
7f5cb1ff1000-7f5cb21f1000 ---p 00015000 08:05 533965                     /lib/x86_64-linux-gnu/libgcc_s.so.1
7f5cb21f1000-7f5cb21f2000 rw-p 00015000 08:05 533965                     /lib/x86_64-linux-gnu/libgcc_s.so.1
7f5cb21f2000-7f5cb2273000 r-xp 00000000 08:05 532266                     /lib/x86_64-linux-gnu/libm-2.13.so
7f5cb2273000-7f5cb2472000 ---p 00081000 08:05 532266                     /lib/x86_64-linux-gnu/libm-2.13.so
7f5cb2472000-7f5cb2473000 r--p 00080000 08:05 532266                     /lib/x86_64-linux-gnu/libm-2.13.so
7f5cb2473000-7f5cb2474000 rw-p 00081000 08:05 532266                     /lib/x86_64-linux-gnu/libm-2.13.so
7f5cb2474000-7f5cb255c000 r-xp 00000000 08:05 397950                     /usr/lib/x86_64-linux-gnu/libstdc++.so.6.0.17
7f5cb255c000-7f5cb275c000 ---p 000e8000 08:05 397950                     /usr/lib/x86_64-linux-gnu/libstdc++.so.6.0.17
7f5cb275c000-7f5cb2764000 r--p 000e8000 08:05 397950                     /usr/lib/x86_64-linux-gnu/libstdc++.so.6.0.17
7f5cb2764000-7f5cb2766000 rw-p 000f0000 08:05 397950                     /usr/lib/x86_64-linux-gnu/libstdc++.so.6.0.17
7f5cb2766000-7f5cb277b000 rw-p 00000000 00:00 0 
7f5cb277b000-7f5cb316c000 r-xp 00000000 08:05 425695                     /usr/lib/jvm/java-7-openjdk-amd64/jre/lib/amd64/server/libjvm.so
7f5cb316c000-7f5cb336c000 ---p 009f1000 08:05 425695                     /usr/lib/jvm/java-7-openjdk-amd64/jre/lib/amd64/server/libjvm.so
7f5cb336c000-7f5cb33eb000 r--p 009f1000 08:05 425695                     /usr/lib/jvm/java-7-openjdk-amd64/jre/lib/amd64/server/libjvm.so
7f5cb33eb000-7f5cb340e000 rw-p 00a70000 08:05 425695                     /usr/lib/jvm/java-7-openjdk-amd64/jre/lib/amd64/server/libjvm.so
7f5cb340e000-7f5cb3439000 rw-p 00000000 00:00 0 
7f5cb3439000-7f5cb35b9000 r-xp 00000000 08:05 532259                     /lib/x86_64-linux-gnu/libc-2.13.so
7f5cb35b9000-7f5cb37b9000 ---p 00180000 08:05 532259                     /lib/x86_64-linux-gnu/libc-2.13.so
7f5cb37b9000-7f5cb37bd000 r--p 00180000 08:05 532259                     /lib/x86_64-linux-gnu/libc-2.13.so
7f5cb37bd000-7f5cb37be000 rw-p 00184000 08:05 532259                     /lib/x86_64-linux-gnu/libc-2.13.so
7f5cb37be000-7f5cb37c3000 rw-p 00000000 00:00 0 
7f5cb37c3000-7f5cb37c5000 r-xp 00000000 08:05 532273                     /lib/x86_64-linux-gnu/libdl-2.13.so
7f5cb37c5000-7f5cb39c5000 ---p 00002000 08:05 532273                     /lib/x86_64-linux-gnu/libdl-2.13.so
7f5cb39c5000-7f5cb39c6000 r--p 00002000 08:05 532273                     /lib/x86_64-linux-gnu/libdl-2.13.so
7f5cb39c6000-7f5cb39c7000 rw-p 00003000 08:05 532273                     /lib/x86_64-linux-gnu/libdl-2.13.so
7f5cb39c7000-7f5cb39dd000 r-xp 00000000 08:05 523354                     /lib/x86_64-linux-gnu/libz.so.1.2.7
7f5cb39dd000-7f5cb3bdc000 ---p 00016000 08:05 523354                     /lib/x86_64-linux-gnu/libz.so.1.2.7
7f5cb3bdc000-7f5cb3bdd000 r--p 00015000 08:05 523354                     /lib/x86_64-linux-gnu/libz.so.1.2.7
7f5cb3bdd000-7f5cb3bde000 rw-p 00016000 08:05 523354                     /lib/x86_64-linux-gnu/libz.so.1.2.7
7f5cb3bde000-7f5cb3beb000 r-xp 00000000 08:05 425673                     /usr/lib/jvm/java-7-openjdk-amd64/jre/lib/amd64/jli/libjli.so
7f5cb3beb000-7f5cb3dea000 ---p 0000d000 08:05 425673                     /usr/lib/jvm/java-7-openjdk-amd64/jre/lib/amd64/jli/libjli.so
7f5cb3dea000-7f5cb3deb000 r--p 0000c000 08:05 425673                     /usr/lib/jvm/java-7-openjdk-amd64/jre/lib/amd64/jli/libjli.so
7f5cb3deb000-7f5cb3dec000 rw-p 0000d000 08:05 425673                     /usr/lib/jvm/java-7-openjdk-amd64/jre/lib/amd64/jli/libjli.so
7f5cb3dec000-7f5cb3e03000 r-xp 00000000 08:05 532277                     /lib/x86_64-linux-gnu/libpthread-2.13.so
7f5cb3e03000-7f5cb4002000 ---p 00017000 08:05 532277                     /lib/x86_64-linux-gnu/libpthread-2.13.so
7f5cb4002000-7f5cb4003000 r--p 00016000 08:05 532277                     /lib/x86_64-linux-gnu/libpthread-2.13.so
7f5cb4003000-7f5cb4004000 rw-p 00017000 08:05 532277                     /lib/x86_64-linux-gnu/libpthread-2.13.so
7f5cb4004000-7f5cb4008000 rw-p 00000000 00:00 0 
7f5cb4008000-7f5cb4028000 r-xp 00000000 08:05 532281                     /lib/x86_64-linux-gnu/ld-2.13.so
7f5cb4028000-7f5cb40bf000 rw-p 00000000 00:00 0 
7f5cb40bf000-7f5cb4106000 rw-p 00000000 00:00 0 
7f5cb4106000-7f5cb4109000 ---p 00000000 00:00 0 
7f5cb4109000-7f5cb420c000 rw-p 00000000 00:00 0 
7f5cb420c000-7f5cb420d000 r--s 00000000 08:04 4464234                    /home/robashton/.m2/repository/org/clojure/java.classpath/0.2.0/java.classpath-0.2.0.jar
7f5cb420d000-7f5cb420e000 r--s 00006000 08:04 4464209                    /home/robashton/.m2/repository/org/clojure/tools.reader/0.7.4/tools.reader-0.7.4.jar
7f5cb420e000-7f5cb4211000 r--s 00032000 08:05 398735                     /usr/lib/jvm/java-7-openjdk-common/jre/lib/ext/sunjce_provider.jar
7f5cb4211000-7f5cb4213000 r--s 00012000 08:05 398731                     /usr/lib/jvm/java-7-openjdk-common/jre/lib/ext/zipfs.jar
7f5cb4213000-7f5cb4216000 r--s 0003c000 08:05 398732                     /usr/lib/jvm/java-7-openjdk-common/jre/lib/ext/sunpkcs11.jar
7f5cb4216000-7f5cb4219000 r--s 0000f000 08:05 398733                     /usr/lib/jvm/java-7-openjdk-common/jre/lib/ext/pulse-java.jar
7f5cb4219000-7f5cb421a000 r--s 00007000 08:05 938847                     /usr/share/java/java-atk-wrapper.jar
7f5cb421a000-7f5cb421b000 r--s 00002000 08:05 398736                     /usr/lib/jvm/java-7-openjdk-common/jre/lib/ext/dnsns.jar
7f5cb421b000-7f5cb4223000 rw-s 00000000 08:05 809833                     /tmp/hsperfdata_robashton/16958
7f5cb4223000-7f5cb4224000 rw-p 00000000 00:00 0 
7f5cb4224000-7f5cb4225000 r--p 00000000 00:00 0 
7f5cb4225000-7f5cb4227000 rw-p 00000000 00:00 0 
7f5cb4227000-7f5cb4228000 r--p 0001f000 08:05 532281                     /lib/x86_64-linux-gnu/ld-2.13.so
7f5cb4228000-7f5cb4229000 rw-p 00020000 08:05 532281                     /lib/x86_64-linux-gnu/ld-2.13.so
7f5cb4229000-7f5cb422a000 rw-p 00000000 00:00 0 
7fffc209e000-7fffc20c2000 rw-p 00000000 00:00 0                          [stack]
7fffc20f2000-7fffc20f3000 r-xp 00000000 00:00 0                          [vdso]
ffffffffff600000-ffffffffff601000 r-xp 00000000 00:00 0                  [vsyscall]

VM Arguments:
jvm_args: -XX:+TieredCompilation -XX:TieredStopAtLevel=1 -Dclojure.compile.path=/home/robashton/src/cravendb/target/classes -Dcravendb.version=0.0.0 -Dfile.encoding=UTF-8 -Dclojure.debug=false 
java_command: clojure.main -e (do (set! *warn-on-reflection* nil) (do (try (clojure.core/require (quote cravendb.http)) (catch java.lang.Exception e__6420__auto__ (clojure.core/println e__6420__auto__) (clojure.core/ns cravendb.http))) (try (clojure.core/require (quote clojure.tools.nrepl.server)) (catch java.lang.Throwable t__6421__auto__ (clojure.core/println "Error loading" (clojure.core/str (quote clojure.tools.nrepl.server) ":") (clojure.core/or (.getMessage t__6421__auto__) (clojure.core/type t__6421__auto__))))) (try (clojure.core/require (quote complete.core)) (catch java.lang.Throwable t__6421__auto__ (clojure.core/println "Error loading" (clojure.core/str (quote complete.core) ":") (clojure.core/or (.getMessage t__6421__auto__) (clojure.core/type t__6421__auto__))))) nil) (clojure.core/let [server__6417__auto__ (clojure.tools.nrepl.server/start-server :bind "127.0.0.1" :port 0 :ack-port 44884 :handler (clojure.tools.nrepl.server/default-handler (clojure.core/with-local-vars [wrap-init-ns__6383__auto__ (clojure.core/fn [h__6384__auto__] (clojure.core/with-local-vars [init-ns-sentinel__6385__auto__ nil] (clojure.core/fn [{:as msg__6386__auto__, :keys [session]}] (clojure.core/when-not ((clojure.core/deref session) init-ns-sentinel__6385__auto__) (clojure.core/swap! session clojure.core/assoc (var clojure.core/*ns*) (try (clojure.core/require (quote cravendb.http)) (clojure.core/create-ns (quote cravendb.http)) (catch java.lang.Throwable t__6387__auto__ (clojure.core/create-ns (quote user)))) init-ns-sentinel__6385__auto__ true)) (h__6384__auto__ msg__6386__auto__))))] (clojure.core/doto wrap-init-ns__6383__auto__ (clojure.tools.nrepl.middleware/set-descriptor! {:requires #{(var clojure.tools.nrepl.middleware.session/session)}, :expects #{"eval"}}) (clojure.core/alter-var-root (clojure.core/constantly (clojure.core/deref wrap-init-ns__6383__auto__))))))) port__6418__auto__ (clojure.core/-> server__6417__auto__ clojure.core/deref :ss .getLocalPort) repl-port
Launcher Type: SUN_STANDARD

Environment Variables:
JAVA_HOME=/usr/lib/jvm/java-1.7.0-openjdk-amd64
CLASSPATH=:/home/robashton/.lein/self-installs/leiningen-2.2.0-standalone.jar
PATH=/usr/local/bin:/usr/bin:/bin:/usr/local/games:/usr/games:/home/robashton/build/clojurescript/bin
USERNAME=robashton
SHELL=/bin/bash
DISPLAY=:0

Signal Handlers:
SIGSEGV: [libjvm.so+0x84ff00], sa_mask[0]=0x7ffbfeff, sa_flags=0x10000004
SIGBUS: [libjvm.so+0x84ff00], sa_mask[0]=0x7ffbfeff, sa_flags=0x10000004
SIGFPE: [libjvm.so+0x6f2230], sa_mask[0]=0x7ffbfeff, sa_flags=0x10000004
SIGPIPE: [libjvm.so+0x6f2230], sa_mask[0]=0x7ffbfeff, sa_flags=0x10000004
SIGXFSZ: [libjvm.so+0x6f2230], sa_mask[0]=0x7ffbfeff, sa_flags=0x10000004
SIGILL: [libjvm.so+0x6f2230], sa_mask[0]=0x7ffbfeff, sa_flags=0x10000004
SIGUSR1: SIG_DFL, sa_mask[0]=0x00000000, sa_flags=0x00000000
SIGUSR2: [libjvm.so+0x6f2600], sa_mask[0]=0x00000004, sa_flags=0x10000004
SIGHUP: [libjvm.so+0x6f2740], sa_mask[0]=0x7ffbfeff, sa_flags=0x10000004
SIGINT: [libjvm.so+0x6f2740], sa_mask[0]=0x7ffbfeff, sa_flags=0x10000004
SIGTERM: [libjvm.so+0x6f2740], sa_mask[0]=0x7ffbfeff, sa_flags=0x10000004
SIGQUIT: [libjvm.so+0x6f2740], sa_mask[0]=0x7ffbfeff, sa_flags=0x10000004


---------------  S Y S T E M  ---------------

OS:wheezy/sid

uname:Linux 3.2.0-4-amd64 #1 SMP Debian 3.2.46-1 x86_64
libc:glibc 2.13 NPTL 2.13 
rlimit: STACK 8192k, CORE 0k, NPROC 30929, NOFILE 4096, AS infinity
load average:0.33 0.40 0.47

/proc/meminfo:
MemTotal:        3971040 kB
MemFree:          257032 kB
Buffers:           74284 kB
Cached:           927464 kB
SwapCached:        97172 kB
Active:          1793604 kB
Inactive:        1250440 kB
Active(anon):    1524476 kB
Inactive(anon):   759272 kB
Active(file):     269128 kB
Inactive(file):   491168 kB
Unevictable:           0 kB
Mlocked:               0 kB
SwapTotal:       4103304 kB
SwapFree:        2145976 kB
Dirty:               340 kB
Writeback:             0 kB
AnonPages:       1977452 kB
Mapped:           130924 kB
Shmem:            241428 kB
Slab:             165904 kB
SReclaimable:     132448 kB
SUnreclaim:        33456 kB
KernelStack:        4664 kB
PageTables:        38152 kB
NFS_Unstable:          0 kB
Bounce:                0 kB
WritebackTmp:          0 kB
CommitLimit:     6088824 kB
Committed_AS:    7855128 kB
VmallocTotal:   34359738367 kB
VmallocUsed:      458628 kB
VmallocChunk:   34359263228 kB
HardwareCorrupted:     0 kB
AnonHugePages:         0 kB
HugePages_Total:       0
HugePages_Free:        0
HugePages_Rsvd:        0
HugePages_Surp:        0
Hugepagesize:       2048 kB
DirectMap4k:       99980 kB
DirectMap2M:     4085760 kB


CPU:total 4 (2 cores per cpu, 2 threads per core) family 6 model 42 stepping 7, cmov, cx8, fxsr, mmx, sse, sse2, sse3, ssse3, sse4.1, sse4.2, popcnt, avx, ht, tsc, tscinvbit

/proc/cpuinfo:
processor	: 0
vendor_id	: GenuineIntel
cpu family	: 6
model		: 42
model name	: Intel(R) Core(TM) i5-2557M CPU @ 1.70GHz
stepping	: 7
microcode	: 0x1a
cpu MHz		: 1701.000
cache size	: 3072 KB
physical id	: 0
siblings	: 4
core id		: 0
cpu cores	: 2
apicid		: 0
initial apicid	: 0
fpu		: yes
fpu_exception	: yes
cpuid level	: 13
wp		: yes
flags		: fpu vme de pse tsc msr pae mce cx8 apic sep mtrr pge mca cmov pat pse36 clflush dts acpi mmx fxsr sse sse2 ss ht tm pbe syscall nx rdtscp lm constant_tsc arch_perfmon pebs bts rep_good nopl xtopology nonstop_tsc aperfmperf pni pclmulqdq dtes64 monitor ds_cpl vmx smx est tm2 ssse3 cx16 xtpr pdcm pcid sse4_1 sse4_2 x2apic popcnt tsc_deadline_timer aes xsave avx lahf_lm ida arat xsaveopt pln pts dtherm tpr_shadow vnmi flexpriority ept vpid
bogomips	: 3399.46
clflush size	: 64
cache_alignment	: 64
address sizes	: 36 bits physical, 48 bits virtual
power management:

processor	: 1
vendor_id	: GenuineIntel
cpu family	: 6
model		: 42
model name	: Intel(R) Core(TM) i5-2557M CPU @ 1.70GHz
stepping	: 7
microcode	: 0x1a
cpu MHz		: 800.000
cache size	: 3072 KB
physical id	: 0
siblings	: 4
core id		: 1
cpu cores	: 2
apicid		: 2
initial apicid	: 2
fpu		: yes
fpu_exception	: yes
cpuid level	: 13
wp		: yes
flags		: fpu vme de pse tsc msr pae mce cx8 apic sep mtrr pge mca cmov pat pse36 clflush dts acpi mmx fxsr sse sse2 ss ht tm pbe syscall nx rdtscp lm constant_tsc arch_perfmon pebs bts rep_good nopl xtopology nonstop_tsc aperfmperf pni pclmulqdq dtes64 monitor ds_cpl vmx smx est tm2 ssse3 cx16 xtpr pdcm pcid sse4_1 sse4_2 x2apic popcnt tsc_deadline_timer aes xsave avx lahf_lm ida arat xsaveopt pln pts dtherm tpr_shadow vnmi flexpriority ept vpid
bogomips	: 3399.90
clflush size	: 64
cache_alignment	: 64
address sizes	: 36 bits physical, 48 bits virtual
power management:

processor	: 2
vendor_id	: GenuineIntel
cpu family	: 6
model		: 42
model name	: Intel(R) Core(TM) i5-2557M CPU @ 1.70GHz
stepping	: 7
microcode	: 0x1a
cpu MHz		: 1300.000
cache size	: 3072 KB
physical id	: 0
siblings	: 4
core id		: 0
cpu cores	: 2
apicid		: 1
initial apicid	: 1
fpu		: yes
fpu_exception	: yes
cpuid level	: 13
wp		: yes
flags		: fpu vme de pse tsc msr pae mce cx8 apic sep mtrr pge mca cmov pat pse36 clflush dts acpi mmx fxsr sse sse2 ss ht tm pbe syscall nx rdtscp lm constant_tsc arch_perfmon pebs bts rep_good nopl xtopology nonstop_tsc aperfmperf pni pclmulqdq dtes64 monitor ds_cpl vmx smx est tm2 ssse3 cx16 xtpr pdcm pcid sse4_1 sse4_2 x2apic popcnt tsc_deadline_timer aes xsave avx lahf_lm ida arat xsaveopt pln pts dtherm tpr_shadow vnmi flexpriority ept vpid
bogomips	: 3399.90
clflush size	: 64
cache_alignment	: 64
address sizes	: 36 bits physical, 48 bits virtual
power management:

processor	: 3
vendor_id	: GenuineIntel
cpu family	: 6
model		: 42
model name	: Intel(R) Core(TM) i5-2557M CPU @ 1.70GHz
stepping	: 7
microcode	: 0x1a
cpu MHz		: 1701.000
cache size	: 3072 KB
physical id	: 0
siblings	: 4
core id		: 1
cpu cores	: 2
apicid		: 3
initial apicid	: 3
fpu		: yes
fpu_exception	: yes
cpuid level	: 13
wp		: yes
flags		: fpu vme de pse tsc msr pae mce cx8 apic sep mtrr pge mca cmov pat pse36 clflush dts acpi mmx fxsr sse sse2 ss ht tm pbe syscall nx rdtscp lm constant_tsc arch_perfmon pebs bts rep_good nopl xtopology nonstop_tsc aperfmperf pni pclmulqdq dtes64 monitor ds_cpl vmx smx est tm2 ssse3 cx16 xtpr pdcm pcid sse4_1 sse4_2 x2apic popcnt tsc_deadline_timer aes xsave avx lahf_lm ida arat xsaveopt pln pts dtherm tpr_shadow vnmi flexpriority ept vpid
bogomips	: 3399.90
clflush size	: 64
cache_alignment	: 64
address sizes	: 36 bits physical, 48 bits virtual
power management:



Memory: 4k page, physical 3971040k(257032k free), swap 4103304k(2145976k free)

vm_info: OpenJDK 64-Bit Server VM (23.7-b01) for linux-amd64 JRE (1.7.0_25-b30), built on Jul  3 2013 10:28:26 by "jmm" with gcc 4.7.2

time: Fri Sep 13 13:44:15 2013
elapsed time: 158251 seconds

