#
# A fatal error has been detected by the Java Runtime Environment:
#
#  SIGSEGV (0xb) at pc=0x00007ffb571486dd, pid=21396, tid=140717472200448
#
# JRE version: 7.0_25-b30
# Java VM: OpenJDK 64-Bit Server VM (23.7-b01 mixed mode linux-amd64 compressed oops)
# Problematic frame:
# C  [libleveldbjni-64-1-5426608197132906869.7+0x2a6dd]  leveldb::GetLengthPrefixedSlice(char const*)+0xd
#
# Failed to write core dump. Core dumps have been disabled. To enable core dumping, try "ulimit -c unlimited" before starting Java again
#
# If you would like to submit a bug report, please include
# instructions on how to reproduce the bug and visit:
#   http://icedtea.classpath.org/bugzilla
# The crash happened outside the Java Virtual Machine in native code.
# See problematic frame for where to report the bug.
#

---------------  T H R E A D  ---------------

Current thread (0x0000000002466000):  JavaThread "clojure-agent-send-off-pool-9" [_thread_in_native, id=21443, stack(0x00007ffb56e1b000,0x00007ffb56f1c000)]

siginfo:si_signo=SIGSEGV: si_errno=0, si_code=1 (SEGV_MAPERR), si_addr=0x0000000000000000

Registers:
RAX=0x0000000000000000, RBX=0x00000000025e90b8, RCX=0x00007ffb58705070, RDX=0x00000000025e90b8
RSP=0x00007ffb56f199f0, RBP=0x0000000000000000, RSI=0x0000000000000005, RDI=0x0000000000000000
R8 =0x00007ffb6a836ee8, R9 =0x00007ffb6a5d2a10, R10=0x0000000000000186, R11=0x65646e692d636f64
R12=0x00007ffb58aca0c8, R13=0x0000000000000000, R14=0x00007ffb58aca0c8, R15=0x00007ffb56f19ad8
RIP=0x00007ffb571486dd, EFLAGS=0x0000000000010293, CSGSFS=0x0000000000000033, ERR=0x0000000000000004
  TRAPNO=0x000000000000000e

Top of Stack: (sp=0x00007ffb56f199f0)
0x00007ffb56f199f0:   0000000002466000 000000000000002c
0x00007ffb56f19a00:   00000000025dbf38 0000000000000013
0x00007ffb56f19a10:   00000000025dbed0 00007ffb6955007d
0x00007ffb56f19a20:   00000000025dbf08 00007ffb571487a5
0x00007ffb56f19a30:   00000000025dbf38 0000000000000013
0x00007ffb56f19a40:   00000000025dbed0 00007ffb56f19c20
0x00007ffb56f19a50:   0000000002466000 00007ffb6a52caac
0x00007ffb56f19a60:   00000000025dbf08 00007ffb58705070
0x00007ffb56f19a70:   00007ffb58717d00 00007ffb57148fd9
0x00007ffb56f19a80:   00007ffb56f19b20 00007ffb5714902a
0x00007ffb56f19a90:   0000000000000000 00000000025dbef8
0x00007ffb56f19aa0:   00000000025e9048 00000000025dbf08
0x00007ffb56f19ab0:   00000000025dbed0 00007ffb56f19c20
0x00007ffb56f19ac0:   0000000002466000 00007ffb57149169
0x00007ffb56f19ad0:   0000000000000701 00000000025e90b8
0x00007ffb56f19ae0:   00000000025e8ff0 0000000000000000
0x00007ffb56f19af0:   00007ffb56f19b70 00007ffb57146ea8
0x00007ffb56f19b00:   00000000025d9cc0 000000000000000a
0x00007ffb56f19b10:   0000000000000007 0000000000000001
0x00007ffb56f19b20:   00000000025dbf38 0000000000000012
0x00007ffb56f19b30:   00007ffb56f19b58 00007ffb57139fbf
0x00007ffb56f19b40:   00007ffb61fd4158 00000000025e8ff0
0x00007ffb56f19b50:   00007ffb56f19bf0 0000000000000000
0x00007ffb56f19b60:   00000000bab0e640 00007ffb57137b1f
0x00007ffb56f19b70:   00000000025d9cc0 000000000000000a
0x00007ffb56f19b80:   00000000bab0e640 00007ffb61fdff85
0x00007ffb56f19b90:   00007ffb61fd4158 00000000ee96a4d8
0x00007ffb56f19ba0:   00007ffb56f19ba0 00000000bab0cc61
0x00007ffb56f19bb0:   00007ffb56f19bb0 0000000000000000
0x00007ffb56f19bc0:   00007ffb56f19c20 00000000bab0efe0
0x00007ffb56f19bd0:   0000000000000000 00000000bab0e640
0x00007ffb56f19be0:   0000000000000000 00007ffb56f19c10 

Instructions: (pc=0x00007ffb571486dd)
0x00007ffb571486bd:   03 47 40 c3 90 0f 1f 80 00 00 00 00 0f 1f 80 00
0x00007ffb571486cd:   00 00 00 48 8d 77 05 48 83 ec 38 48 39 f7 73 07
0x00007ffb571486dd:   0f b6 07 84 c0 79 13 48 8d 54 24 2c e8 ea e4 fe
0x00007ffb571486ed:   ff 8b 54 24 2c 48 83 c4 38 c3 89 44 24 2c 8b 54 

Register to memory mapping:

RAX=0x0000000000000000 is an unknown value
RBX=0x00000000025e90b8 is an unknown value
RCX=0x00007ffb58705070 is an unknown value
RDX=0x00000000025e90b8 is an unknown value
RSP=0x00007ffb56f199f0 is pointing into the stack for thread: 0x0000000002466000
RBP=0x0000000000000000 is an unknown value
RSI=0x0000000000000005 is an unknown value
RDI=0x0000000000000000 is an unknown value
R8 =0x00007ffb6a836ee8: <offset 0x385ee8> in /lib/x86_64-linux-gnu/libc.so.6 at 0x00007ffb6a4b1000
R9 =0x00007ffb6a5d2a10: <offset 0x121a10> in /lib/x86_64-linux-gnu/libc.so.6 at 0x00007ffb6a4b1000
R10=0x0000000000000186 is an unknown value
R11=0x65646e692d636f64 is an unknown value
R12=0x00007ffb58aca0c8 is an unknown value
R13=0x0000000000000000 is an unknown value
R14=0x00007ffb58aca0c8 is an unknown value
R15=0x00007ffb56f19ad8 is pointing into the stack for thread: 0x0000000002466000


Stack: [0x00007ffb56e1b000,0x00007ffb56f1c000],  sp=0x00007ffb56f199f0,  free space=1018k
Native frames: (J=compiled Java code, j=interpreted, Vv=VM code, C=native code)
C  [libleveldbjni-64-1-5426608197132906869.7+0x2a6dd]  leveldb::GetLengthPrefixedSlice(char const*)+0xd

[error occurred during error reporting (printing native stack), id 0xb]

Java frames: (J=compiled Java code, j=interpreted, Vv=VM code)
j  org.fusesource.leveldbjni.internal.NativeIterator$IteratorJNI.Seek(JLorg/fusesource/leveldbjni/internal/NativeSlice;)V+0
j  org.fusesource.leveldbjni.internal.NativeIterator.seek(Lorg/fusesource/leveldbjni/internal/NativeSlice;)V+9
j  org.fusesource.leveldbjni.internal.NativeIterator.seek(Lorg/fusesource/leveldbjni/internal/NativeBuffer;)V+9
j  org.fusesource.leveldbjni.internal.NativeIterator.seek([B)V+13
j  org.fusesource.leveldbjni.internal.JniDBIterator.seek([B)V+5
v  ~StubRoutines::call_stub
J  sun.reflect.NativeMethodAccessorImpl.invoke0(Ljava/lang/reflect/Method;Ljava/lang/Object;[Ljava/lang/Object;)Ljava/lang/Object;
J  sun.reflect.NativeMethodAccessorImpl.invoke(Ljava/lang/Object;[Ljava/lang/Object;)Ljava/lang/Object;
J  sun.reflect.DelegatingMethodAccessorImpl.invoke(Ljava/lang/Object;[Ljava/lang/Object;)Ljava/lang/Object;
J  java.lang.reflect.Method.invoke(Ljava/lang/Object;[Ljava/lang/Object;)Ljava/lang/Object;
J  clojure.lang.Reflector.invokeMatchingMethod(Ljava/lang/String;Ljava/util/List;Ljava/lang/Object;[Ljava/lang/Object;)Ljava/lang/Object;
J  clojure.lang.Reflector.invokeInstanceMethod(Ljava/lang/Object;Ljava/lang/String;[Ljava/lang/Object;)Ljava/lang/Object;
j  cravendb.documents$iterate_documents_prefixed_with.invoke(Ljava/lang/Object;Ljava/lang/Object;)Ljava/lang/Object;+45
j  cravendb.indexstore$iterate_indexes.invoke(Ljava/lang/Object;)Ljava/lang/Object;+18
j  cravendb.indexengine$load_compiled_indexes.invoke(Ljava/lang/Object;)Ljava/lang/Object;+89
j  cravendb.indexengine$load_from.invoke(Ljava/lang/Object;)Ljava/lang/Object;+10
j  cravendb.indexengine$refresh_indexes.invoke(Ljava/lang/Object;)Ljava/lang/Object;+40
j  cravendb.indexengine$start$fn__3610$fn__3611.invoke()Ljava/lang/Object;+13
j  cravendb.indexengine$start$fn__3610.invoke()Ljava/lang/Object;+14
j  clojure.core$binding_conveyor_fn$fn__4107.invoke()Ljava/lang/Object;+14
j  clojure.lang.AFn.call()Ljava/lang/Object;+1
j  java.util.concurrent.FutureTask$Sync.innerRun()V+29
j  java.util.concurrent.FutureTask.run()V+4
j  java.util.concurrent.ThreadPoolExecutor.runWorker(Ljava/util/concurrent/ThreadPoolExecutor$Worker;)V+95
j  java.util.concurrent.ThreadPoolExecutor$Worker.run()V+5
j  java.lang.Thread.run()V+11
v  ~StubRoutines::call_stub

---------------  P R O C E S S  ---------------

Java Threads: ( => current thread )
  0x0000000002435000 JavaThread "nREPL-worker-1" daemon [_thread_blocked, id=21444, stack(0x00007ffb56916000,0x00007ffb56a17000)]
=>0x0000000002466000 JavaThread "clojure-agent-send-off-pool-9" [_thread_in_native, id=21443, stack(0x00007ffb56e1b000,0x00007ffb56f1c000)]
  0x0000000002400800 JavaThread "clojure-agent-send-off-pool-8" [_thread_in_native, id=21442, stack(0x00007ffb5701d000,0x00007ffb5711e000)]
  0x00000000024d8800 JavaThread "clojure-agent-send-off-pool-7" [_thread_blocked, id=21441, stack(0x00007ffb56f1c000,0x00007ffb5701d000)]
  0x0000000002445000 JavaThread "clojure-agent-send-off-pool-6" [_thread_in_native, id=21425, stack(0x00007ffb56a17000,0x00007ffb56b18000)]
  0x00007ffb586bf000 JavaThread "clojure-agent-send-off-pool-5" [_thread_in_native, id=21424, stack(0x00007ffb56b18000,0x00007ffb56c19000)]
  0x0000000002444000 JavaThread "clojure-agent-send-off-pool-4" [_thread_blocked, id=21423, stack(0x00007ffb56c19000,0x00007ffb56d1a000)]
  0x00007ffb586c6800 JavaThread "clojure-agent-send-off-pool-3" [_thread_blocked, id=21421, stack(0x00007ffb56d1a000,0x00007ffb56e1b000)]
  0x00007ffb58003800 JavaThread "Service Thread" daemon [_thread_blocked, id=21414, stack(0x00007ffb5cf21000,0x00007ffb5d022000)]
  0x00007ffb58001000 JavaThread "C1 CompilerThread2" daemon [_thread_blocked, id=21413, stack(0x00007ffb5d022000,0x00007ffb5d123000)]
  0x0000000002399000 JavaThread "C2 CompilerThread1" daemon [_thread_blocked, id=21412, stack(0x00007ffb5d123000,0x00007ffb5d224000)]
  0x0000000002396000 JavaThread "C2 CompilerThread0" daemon [_thread_blocked, id=21411, stack(0x00007ffb5d224000,0x00007ffb5d325000)]
  0x0000000002393800 JavaThread "Signal Dispatcher" daemon [_thread_blocked, id=21410, stack(0x00007ffb5d325000,0x00007ffb5d426000)]
  0x0000000002334800 JavaThread "Finalizer" daemon [_thread_blocked, id=21409, stack(0x00007ffb5d59d000,0x00007ffb5d69e000)]
  0x0000000002332000 JavaThread "Reference Handler" daemon [_thread_blocked, id=21408, stack(0x00007ffb5d69e000,0x00007ffb5d79f000)]
  0x000000000228b000 JavaThread "main" [_thread_blocked, id=21399, stack(0x00007ffb6b17d000,0x00007ffb6b27e000)]

Other Threads:
  0x0000000002329800 VMThread [stack: 0x00007ffb5d79f000,0x00007ffb5d8a0000] [id=21407]
  0x00007ffb5800e800 WatcherThread [stack: 0x00007ffb5ce20000,0x00007ffb5cf21000] [id=21415]

VM state:at safepoint (normal execution)

VM Mutex/Monitor currently owned by a thread:  ([mutex/lock_event])
[0x00000000022878c0] Safepoint_lock - owner thread: 0x0000000002329800
[0x0000000002287940] Threads_lock - owner thread: 0x0000000002329800

Heap
 PSYoungGen      total 324672K, used 65440K [0x00000000ebcb0000, 0x00000000fff70000, 0x0000000100000000)
  eden space 319104K, 19% used [0x00000000ebcb0000,0x00000000ef8c5cf8,0x00000000ff450000)
  from space 5568K, 70% used [0x00000000ffa00000,0x00000000ffdd25f8,0x00000000fff70000)
  to   space 5696K, 0% used [0x00000000ff450000,0x00000000ff450000,0x00000000ff9e0000)
 ParOldGen       total 41408K, used 24861K [0x00000000c3600000, 0x00000000c5e70000, 0x00000000ebcb0000)
  object space 41408K, 60% used [0x00000000c3600000,0x00000000c4e47468,0x00000000c5e70000)
 PSPermGen       total 29504K, used 29339K [0x00000000b9000000, 0x00000000bacd0000, 0x00000000c3600000)
  object space 29504K, 99% used [0x00000000b9000000,0x00000000baca6f48,0x00000000bacd0000)

Card table byte_map: [0x00007ffb61c15000,0x00007ffb61e4e000] byte_map_base: 0x00007ffb6164d000

Polling page: 0x00007ffb6b29c000

Code Cache  [0x00007ffb61fce000, 0x00007ffb624ee000, 0x00007ffb67fce000)
 total_blobs=2433 nmethods=2093 adapters=273 free_code_cache=93098Kb largest_free_block=95331776

Compilation events (10 events):
Event: 123.496 Thread 0x00007ffb58001000 nmethod 2100 0x00007ffb624df9d0 code [0x00007ffb624dfb20, 0x00007ffb624dfc70]
Event: 123.556 Thread 0x00007ffb58001000 2101       1       org.fusesource.leveldbjni.internal.NativeObject::assertAllocated (24 bytes)
Event: 123.556 Thread 0x00007ffb58001000 nmethod 2101 0x00007ffb624e13d0 code [0x00007ffb624e1520, 0x00007ffb624e1650]
Event: 123.559 Thread 0x00007ffb58001000 2102       1       clojure.lang.MultiFn::isA (21 bytes)
Event: 123.559 Thread 0x00007ffb58001000 nmethod 2102 0x00007ffb624e1690 code [0x00007ffb624e1820, 0x00007ffb624e1ae8]
Event: 123.560 Thread 0x00007ffb58001000 2103       1       clojure.lang.MultiFn::invoke (35 bytes)
Event: 123.560 Thread 0x00007ffb58001000 nmethod 2103 0x00007ffb624e1cd0 code [0x00007ffb624e1e40, 0x00007ffb624e2008]
Event: 123.565 Thread 0x00007ffb58001000 2104       1       clojure.core$into::invoke (121 bytes)
Event: 123.565 Thread 0x00007ffb58001000 nmethod 2104 0x00007ffb624e20d0 code [0x00007ffb624e22c0, 0x00007ffb624e2818]
Event: 123.582 Thread 0x00007ffb58001000 2105       1       java.lang.Boolean::valueOf (14 bytes)

GC Heap History (10 events):
Event: 4.678 GC heap before
{Heap before GC invocations=10 (full 0):
 PSYoungGen      total 128832K, used 128801K [0x00000000ebcb0000, 0x00000000f8ae0000, 0x0000000100000000)
  eden space 124416K, 100% used [0x00000000ebcb0000,0x00000000f3630000,0x00000000f3630000)
  from space 4416K, 99% used [0x00000000f3630000,0x00000000f3a78520,0x00000000f3a80000)
  to   space 6016K, 0% used [0x00000000f8500000,0x00000000f8500000,0x00000000f8ae0000)
 ParOldGen       total 41408K, used 9759K [0x00000000c3600000, 0x00000000c5e70000, 0x00000000ebcb0000)
  object space 41408K, 23% used [0x00000000c3600000,0x00000000c3f87cc8,0x00000000c5e70000)
 PSPermGen       total 23744K, used 23555K [0x00000000b9000000, 0x00000000ba730000, 0x00000000c3600000)
  object space 23744K, 99% used [0x00000000b9000000,0x00000000ba700c38,0x00000000ba730000)
Event: 4.698 GC heap after
Heap after GC invocations=10 (full 0):
 PSYoungGen      total 204864K, used 5189K [0x00000000ebcb0000, 0x00000000f8b60000, 0x0000000100000000)
  eden space 198848K, 0% used [0x00000000ebcb0000,0x00000000ebcb0000,0x00000000f7ee0000)
  from space 6016K, 86% used [0x00000000f8500000,0x00000000f8a117e0,0x00000000f8ae0000)
  to   space 6272K, 0% used [0x00000000f7ee0000,0x00000000f7ee0000,0x00000000f8500000)
 ParOldGen       total 41408K, used 11744K [0x00000000c3600000, 0x00000000c5e70000, 0x00000000ebcb0000)
  object space 41408K, 28% used [0x00000000c3600000,0x00000000c41781e8,0x00000000c5e70000)
 PSPermGen       total 23744K, used 23555K [0x00000000b9000000, 0x00000000ba730000, 0x00000000c3600000)
  object space 23744K, 99% used [0x00000000b9000000,0x00000000ba700c38,0x00000000ba730000)
}
Event: 5.364 GC heap before
{Heap before GC invocations=11 (full 0):
 PSYoungGen      total 204864K, used 204037K [0x00000000ebcb0000, 0x00000000f8b60000, 0x0000000100000000)
  eden space 198848K, 100% used [0x00000000ebcb0000,0x00000000f7ee0000,0x00000000f7ee0000)
  from space 6016K, 86% used [0x00000000f8500000,0x00000000f8a117e0,0x00000000f8ae0000)
  to   space 6272K, 0% used [0x00000000f7ee0000,0x00000000f7ee0000,0x00000000f8500000)
 ParOldGen       total 41408K, used 11744K [0x00000000c3600000, 0x00000000c5e70000, 0x00000000ebcb0000)
  object space 41408K, 28% used [0x00000000c3600000,0x00000000c41781e8,0x00000000c5e70000)
 PSPermGen       total 25472K, used 25383K [0x00000000b9000000, 0x00000000ba8e0000, 0x00000000c3600000)
  object space 25472K, 99% used [0x00000000b9000000,0x00000000ba8c9f00,0x00000000ba8e0000)
Event: 5.380 GC heap after
Heap after GC invocations=11 (full 0):
 PSYoungGen      total 205120K, used 3103K [0x00000000ebcb0000, 0x00000000fff90000, 0x0000000100000000)
  eden space 198848K, 0% used [0x00000000ebcb0000,0x00000000ebcb0000,0x00000000f7ee0000)
  from space 6272K, 49% used [0x00000000f7ee0000,0x00000000f81e7f68,0x00000000f8500000)
  to   space 6208K, 0% used [0x00000000ff980000,0x00000000ff980000,0x00000000fff90000)
 ParOldGen       total 41408K, used 15742K [0x00000000c3600000, 0x00000000c5e70000, 0x00000000ebcb0000)
  object space 41408K, 38% used [0x00000000c3600000,0x00000000c455f928,0x00000000c5e70000)
 PSPermGen       total 25472K, used 25383K [0x00000000b9000000, 0x00000000ba8e0000, 0x00000000c3600000)
  object space 25472K, 99% used [0x00000000b9000000,0x00000000ba8c9f00,0x00000000ba8e0000)
}
Event: 5.598 GC heap before
{Heap before GC invocations=12 (full 0):
 PSYoungGen      total 205120K, used 201951K [0x00000000ebcb0000, 0x00000000fff90000, 0x0000000100000000)
  eden space 198848K, 100% used [0x00000000ebcb0000,0x00000000f7ee0000,0x00000000f7ee0000)
  from space 6272K, 49% used [0x00000000f7ee0000,0x00000000f81e7f68,0x00000000f8500000)
  to   space 6208K, 0% used [0x00000000ff980000,0x00000000ff980000,0x00000000fff90000)
 ParOldGen       total 41408K, used 15742K [0x00000000c3600000, 0x00000000c5e70000, 0x00000000ebcb0000)
  object space 41408K, 38% used [0x00000000c3600000,0x00000000c455f928,0x00000000c5e70000)
 PSPermGen       total 25856K, used 25801K [0x00000000b9000000, 0x00000000ba940000, 0x00000000c3600000)
  object space 25856K, 99% used [0x00000000b9000000,0x00000000ba932738,0x00000000ba940000)
Event: 5.607 GC heap after
Heap after GC invocations=12 (full 0):
 PSYoungGen      total 324160K, used 3227K [0x00000000ebcb0000, 0x00000000fff50000, 0x0000000100000000)
  eden space 318208K, 0% used [0x00000000ebcb0000,0x00000000ebcb0000,0x00000000ff370000)
  from space 5952K, 54% used [0x00000000ff980000,0x00000000ffca6e18,0x00000000fff50000)
  to   space 6080K, 0% used [0x00000000ff370000,0x00000000ff370000,0x00000000ff960000)
 ParOldGen       total 41408K, used 18405K [0x00000000c3600000, 0x00000000c5e70000, 0x00000000ebcb0000)
  object space 41408K, 44% used [0x00000000c3600000,0x00000000c47f9468,0x00000000c5e70000)
 PSPermGen       total 25856K, used 25801K [0x00000000b9000000, 0x00000000ba940000, 0x00000000c3600000)
  object space 25856K, 99% used [0x00000000b9000000,0x00000000ba932738,0x00000000ba940000)
}
Event: 5.934 GC heap before
{Heap before GC invocations=13 (full 0):
 PSYoungGen      total 324160K, used 321435K [0x00000000ebcb0000, 0x00000000fff50000, 0x0000000100000000)
  eden space 318208K, 100% used [0x00000000ebcb0000,0x00000000ff370000,0x00000000ff370000)
  from space 5952K, 54% used [0x00000000ff980000,0x00000000ffca6e18,0x00000000fff50000)
  to   space 6080K, 0% used [0x00000000ff370000,0x00000000ff370000,0x00000000ff960000)
 ParOldGen       total 41408K, used 18405K [0x00000000c3600000, 0x00000000c5e70000, 0x00000000ebcb0000)
  object space 41408K, 44% used [0x00000000c3600000,0x00000000c47f9468,0x00000000c5e70000)
 PSPermGen       total 25856K, used 25850K [0x00000000b9000000, 0x00000000ba940000, 0x00000000c3600000)
  object space 25856K, 99% used [0x00000000b9000000,0x00000000ba93e928,0x00000000ba940000)
Event: 5.946 GC heap after
Heap after GC invocations=13 (full 0):
 PSYoungGen      total 324288K, used 3776K [0x00000000ebcb0000, 0x00000000fffc0000, 0x0000000100000000)
  eden space 318208K, 0% used [0x00000000ebcb0000,0x00000000ebcb0000,0x00000000ff370000)
  from space 6080K, 62% used [0x00000000ff370000,0x00000000ff720000,0x00000000ff960000)
  to   space 5888K, 0% used [0x00000000ffa00000,0x00000000ffa00000,0x00000000fffc0000)
 ParOldGen       total 41408K, used 21125K [0x00000000c3600000, 0x00000000c5e70000, 0x00000000ebcb0000)
  object space 41408K, 51% used [0x00000000c3600000,0x00000000c4aa1468,0x00000000c5e70000)
 PSPermGen       total 25856K, used 25850K [0x00000000b9000000, 0x00000000ba940000, 0x00000000c3600000)
  object space 25856K, 99% used [0x00000000b9000000,0x00000000ba93e928,0x00000000ba940000)
}
Event: 99.674 GC heap before
{Heap before GC invocations=14 (full 0):
 PSYoungGen      total 324288K, used 321984K [0x00000000ebcb0000, 0x00000000fffc0000, 0x0000000100000000)
  eden space 318208K, 100% used [0x00000000ebcb0000,0x00000000ff370000,0x00000000ff370000)
  from space 6080K, 62% used [0x00000000ff370000,0x00000000ff720000,0x00000000ff960000)
  to   space 5888K, 0% used [0x00000000ffa00000,0x00000000ffa00000,0x00000000fffc0000)
 ParOldGen       total 41408K, used 21125K [0x00000000c3600000, 0x00000000c5e70000, 0x00000000ebcb0000)
  object space 41408K, 51% used [0x00000000c3600000,0x00000000c4aa1468,0x00000000c5e70000)
 PSPermGen       total 26816K, used 26666K [0x00000000b9000000, 0x00000000baa30000, 0x00000000c3600000)
  object space 26816K, 99% used [0x00000000b9000000,0x00000000baa0a9e8,0x00000000baa30000)
Event: 99.686 GC heap after
Heap after GC invocations=14 (full 0):
 PSYoungGen      total 324672K, used 3913K [0x00000000ebcb0000, 0x00000000fff70000, 0x0000000100000000)
  eden space 319104K, 0% used [0x00000000ebcb0000,0x00000000ebcb0000,0x00000000ff450000)
  from space 5568K, 70% used [0x00000000ffa00000,0x00000000ffdd25f8,0x00000000fff70000)
  to   space 5696K, 0% used [0x00000000ff450000,0x00000000ff450000,0x00000000ff9e0000)
 ParOldGen       total 41408K, used 24861K [0x00000000c3600000, 0x00000000c5e70000, 0x00000000ebcb0000)
  object space 41408K, 60% used [0x00000000c3600000,0x00000000c4e47468,0x00000000c5e70000)
 PSPermGen       total 26816K, used 26666K [0x00000000b9000000, 0x00000000baa30000, 0x00000000c3600000)
  object space 26816K, 99% used [0x00000000b9000000,0x00000000baa0a9e8,0x00000000baa30000)
}

Deoptimization events (0 events):
No events

Internal exceptions (10 events):
Event: 123.555 Thread 0x0000000002435000 Threw 0x00000000ef505208 at /home/jmm/scratch/jdk/openjdk-7-7u25-2.3.10/build/openjdk/hotspot/src/share/vm/prims/jvm.cpp:1235
Event: 123.555 Thread 0x0000000002435000 Threw 0x00000000ef519598 at /home/jmm/scratch/jdk/openjdk-7-7u25-2.3.10/build/openjdk/hotspot/src/share/vm/prims/jvm.cpp:1235
Event: 123.556 Thread 0x0000000002435000 Threw 0x00000000ef526c48 at /home/jmm/scratch/jdk/openjdk-7-7u25-2.3.10/build/openjdk/hotspot/src/share/vm/prims/jvm.cpp:1235
Event: 123.566 Thread 0x0000000002466000 Threw 0x00000000ee943208 at /home/jmm/scratch/jdk/openjdk-7-7u25-2.3.10/build/openjdk/hotspot/src/share/vm/prims/jvm.cpp:1235
Event: 123.568 Thread 0x0000000002466000 Threw 0x00000000ee952298 at /home/jmm/scratch/jdk/openjdk-7-7u25-2.3.10/build/openjdk/hotspot/src/share/vm/prims/jvm.cpp:1235
Event: 123.570 Thread 0x0000000002435000 Threw 0x00000000ef76c9e0 at /home/jmm/scratch/jdk/openjdk-7-7u25-2.3.10/build/openjdk/hotspot/src/share/vm/prims/jvm.cpp:1235
Event: 123.571 Thread 0x0000000002435000 Threw 0x00000000ef77fd20 at /home/jmm/scratch/jdk/openjdk-7-7u25-2.3.10/build/openjdk/hotspot/src/share/vm/prims/jvm.cpp:1235
Event: 123.572 Thread 0x0000000002435000 Threw 0x00000000ef78ac10 at /home/jmm/scratch/jdk/openjdk-7-7u25-2.3.10/build/openjdk/hotspot/src/share/vm/prims/jvm.cpp:1235
Event: 123.580 Thread 0x0000000002435000 Threw 0x00000000ef7a2198 at /home/jmm/scratch/jdk/openjdk-7-7u25-2.3.10/build/openjdk/hotspot/src/share/vm/prims/jvm.cpp:1235
Event: 123.580 Thread 0x0000000002435000 Threw 0x00000000ef7aece0 at /home/jmm/scratch/jdk/openjdk-7-7u25-2.3.10/build/openjdk/hotspot/src/share/vm/prims/jvm.cpp:1235

Events (10 events):
Event: 123.572 loading class 0x00007ffb5862f8e0
Event: 123.572 loading class 0x00007ffb5862f8e0 done
Event: 123.573 loading class 0x0000000002343100
Event: 123.573 loading class 0x0000000002343100 done
Event: 123.580 loading class 0x00007ffb58c64c90
Event: 123.580 loading class 0x00007ffb58c64c90 done
Event: 123.580 loading class 0x00007ffb58c64bc0
Event: 123.580 loading class 0x00007ffb58c64bc0 done
Event: 123.581 Executing VM operation: RevokeBias
Event: 123.581 Executing VM operation: RevokeBias done


Dynamic libraries:
00400000-00401000 r-xp 00000000 08:05 425801                             /usr/lib/jvm/java-7-openjdk-amd64/jre/bin/java
00600000-00601000 r--p 00000000 08:05 425801                             /usr/lib/jvm/java-7-openjdk-amd64/jre/bin/java
00601000-00602000 rw-p 00001000 08:05 425801                             /usr/lib/jvm/java-7-openjdk-amd64/jre/bin/java
02278000-02704000 rw-p 00000000 00:00 0                                  [heap]
b9000000-bacd0000 rw-p 00000000 00:00 0 
bacd0000-c3600000 rw-p 00000000 00:00 0 
c3600000-c5e70000 rw-p 00000000 00:00 0 
c5e70000-ebcb0000 rw-p 00000000 00:00 0 
ebcb0000-fff70000 rw-p 00000000 00:00 0 
fff70000-fffc0000 ---p 00000000 00:00 0 
fffc0000-100000000 rw-p 00000000 00:00 0 
7ffb5670d000-7ffb56715000 r-xp 00000000 08:05 425723                     /usr/lib/jvm/java-7-openjdk-amd64/jre/lib/amd64/libmanagement.so
7ffb56715000-7ffb56914000 ---p 00008000 08:05 425723                     /usr/lib/jvm/java-7-openjdk-amd64/jre/lib/amd64/libmanagement.so
7ffb56914000-7ffb56915000 r--p 00007000 08:05 425723                     /usr/lib/jvm/java-7-openjdk-amd64/jre/lib/amd64/libmanagement.so
7ffb56915000-7ffb56916000 rw-p 00008000 08:05 425723                     /usr/lib/jvm/java-7-openjdk-amd64/jre/lib/amd64/libmanagement.so
7ffb56916000-7ffb56919000 ---p 00000000 00:00 0 
7ffb56919000-7ffb56a17000 rw-p 00000000 00:00 0 
7ffb56a17000-7ffb56a1a000 ---p 00000000 00:00 0 
7ffb56a1a000-7ffb56b18000 rw-p 00000000 00:00 0 
7ffb56b18000-7ffb56b1b000 ---p 00000000 00:00 0 
7ffb56b1b000-7ffb56c19000 rw-p 00000000 00:00 0 
7ffb56c19000-7ffb56c1c000 ---p 00000000 00:00 0 
7ffb56c1c000-7ffb56d1a000 rw-p 00000000 00:00 0 
7ffb56d1a000-7ffb56d1d000 ---p 00000000 00:00 0 
7ffb56d1d000-7ffb56e1b000 rw-p 00000000 00:00 0 
7ffb56e1b000-7ffb56e1e000 ---p 00000000 00:00 0 
7ffb56e1e000-7ffb56f1c000 rw-p 00000000 00:00 0 
7ffb56f1c000-7ffb56f1f000 ---p 00000000 00:00 0 
7ffb56f1f000-7ffb5701d000 rw-p 00000000 00:00 0 
7ffb5701d000-7ffb57020000 ---p 00000000 00:00 0 
7ffb57020000-7ffb5711e000 rw-p 00000000 00:00 0 
7ffb5711e000-7ffb57178000 r-xp 00000000 08:05 785143                     /tmp/libleveldbjni-64-1-5426608197132906869.7
7ffb57178000-7ffb57377000 ---p 0005a000 08:05 785143                     /tmp/libleveldbjni-64-1-5426608197132906869.7
7ffb57377000-7ffb5737a000 rw-p 00059000 08:05 785143                     /tmp/libleveldbjni-64-1-5426608197132906869.7
7ffb5737a000-7ffb573b6000 r-xp 00000000 08:05 527976                     /lib/x86_64-linux-gnu/libpcre.so.3.13.1
7ffb573b6000-7ffb575b6000 ---p 0003c000 08:05 527976                     /lib/x86_64-linux-gnu/libpcre.so.3.13.1
7ffb575b6000-7ffb575b7000 rw-p 0003c000 08:05 527976                     /lib/x86_64-linux-gnu/libpcre.so.3.13.1
7ffb575b7000-7ffb575c3000 r-xp 00000000 08:05 400109                     /usr/lib/x86_64-linux-gnu/libffi.so.5.0.10
7ffb575c3000-7ffb577c3000 ---p 0000c000 08:05 400109                     /usr/lib/x86_64-linux-gnu/libffi.so.5.0.10
7ffb577c3000-7ffb577c4000 rw-p 0000c000 08:05 400109                     /usr/lib/x86_64-linux-gnu/libffi.so.5.0.10
7ffb577c4000-7ffb577c5000 r-xp 00000000 08:05 406701                     /usr/lib/x86_64-linux-gnu/libgthread-2.0.so.0.3200.4
7ffb577c5000-7ffb579c4000 ---p 00001000 08:05 406701                     /usr/lib/x86_64-linux-gnu/libgthread-2.0.so.0.3200.4
7ffb579c4000-7ffb579c5000 r--p 00000000 08:05 406701                     /usr/lib/x86_64-linux-gnu/libgthread-2.0.so.0.3200.4
7ffb579c5000-7ffb579c6000 rw-p 00001000 08:05 406701                     /usr/lib/x86_64-linux-gnu/libgthread-2.0.so.0.3200.4
7ffb579c6000-7ffb579d9000 r-xp 00000000 08:05 532260                     /lib/x86_64-linux-gnu/libresolv-2.13.so
7ffb579d9000-7ffb57bd8000 ---p 00013000 08:05 532260                     /lib/x86_64-linux-gnu/libresolv-2.13.so
7ffb57bd8000-7ffb57bd9000 r--p 00012000 08:05 532260                     /lib/x86_64-linux-gnu/libresolv-2.13.so
7ffb57bd9000-7ffb57bda000 rw-p 00013000 08:05 532260                     /lib/x86_64-linux-gnu/libresolv-2.13.so
7ffb57bda000-7ffb57bdc000 rw-p 00000000 00:00 0 
7ffb57bdc000-7ffb57bfa000 r-xp 00000000 08:05 523310                     /lib/x86_64-linux-gnu/libselinux.so.1
7ffb57bfa000-7ffb57df9000 ---p 0001e000 08:05 523310                     /lib/x86_64-linux-gnu/libselinux.so.1
7ffb57df9000-7ffb57dfa000 r--p 0001d000 08:05 523310                     /lib/x86_64-linux-gnu/libselinux.so.1
7ffb57dfa000-7ffb57dfb000 rw-p 0001e000 08:05 523310                     /lib/x86_64-linux-gnu/libselinux.so.1
7ffb57dfb000-7ffb57dfc000 rw-p 00000000 00:00 0 
7ffb57dfc000-7ffb57dff000 r-xp 00000000 08:05 406707                     /usr/lib/x86_64-linux-gnu/libgmodule-2.0.so.0.3200.4
7ffb57dff000-7ffb57ffe000 ---p 00003000 08:05 406707                     /usr/lib/x86_64-linux-gnu/libgmodule-2.0.so.0.3200.4
7ffb57ffe000-7ffb57fff000 r--p 00002000 08:05 406707                     /usr/lib/x86_64-linux-gnu/libgmodule-2.0.so.0.3200.4
7ffb57fff000-7ffb58000000 rw-p 00003000 08:05 406707                     /usr/lib/x86_64-linux-gnu/libgmodule-2.0.so.0.3200.4
7ffb58000000-7ffb58cd6000 rw-p 00000000 00:00 0 
7ffb58cd6000-7ffb5c000000 ---p 00000000 00:00 0 
7ffb5c03e000-7ffb5c03f000 rw-p 00000000 00:00 0 
7ffb5c03f000-7ffb5c040000 r--p 00000000 08:05 525236                     /usr/share/locale/en_GB/LC_MESSAGES/libc.mo
7ffb5c040000-7ffb5c043000 ---p 00000000 00:00 0 
7ffb5c043000-7ffb5c068000 rw-p 00000000 00:00 0 
7ffb5c068000-7ffb5c06d000 r--s 0004c000 08:05 398743                     /usr/lib/jvm/java-7-openjdk-common/jre/lib/jsse.jar
7ffb5c06d000-7ffb5c073000 r--s 00048000 08:04 4334906                    /home/robashton/.m2/repository/org/eclipse/jetty/jetty-server/7.6.8.v20121106/jetty-server-7.6.8.v20121106.jar
7ffb5c073000-7ffb5c074000 r--s 00000000 08:04 1714779                    /home/robashton/.m2/repository/clojure-complete/clojure-complete/0.2.3/clojure-complete-0.2.3.jar
7ffb5c074000-7ffb5c078000 r--s 00014000 08:04 4335183                    /home/robashton/.m2/repository/org/tukaani/xz/1.0/xz-1.0.jar
7ffb5c078000-7ffb5c079000 r--s 00000000 08:04 4334933                    /home/robashton/.m2/repository/ring/ring-servlet/1.2.0/ring-servlet-1.2.0.jar
7ffb5c079000-7ffb5c07b000 r--s 0000c000 08:04 4335036                    /home/robashton/.m2/repository/org/fusesource/leveldbjni/leveldbjni/1.7/leveldbjni-1.7.jar
7ffb5c07b000-7ffb5c080000 r--s 0003b000 08:04 4334913                    /home/robashton/.m2/repository/org/eclipse/jetty/jetty-util/7.6.8.v20121106/jetty-util-7.6.8.v20121106.jar
7ffb5c080000-7ffb5c0a5000 r--s 001f8000 08:04 794721                     /home/robashton/.m2/repository/org/apache/lucene/lucene-core/4.4.0/lucene-core-4.4.0.jar
7ffb5c0a5000-7ffb5c0a7000 r--s 0000f000 08:04 4334904                    /home/robashton/.m2/repository/commons-fileupload/commons-fileupload/1.3/commons-fileupload-1.3.jar
7ffb5c0a7000-7ffb5c0a8000 r--s 00000000 08:04 2629346                    /home/robashton/.m2/repository/org/clojure/tools.namespace/0.1.3/tools.namespace-0.1.3.jar
7ffb5c0a8000-7ffb5c0a9000 r--s 00044000 08:04 4335042                    /home/robashton/.m2/repository/org/fusesource/leveldbjni/leveldbjni-linux64/1.5/leveldbjni-linux64-1.5.jar
7ffb5c0a9000-7ffb5c0ab000 r--s 00008000 08:04 4593316                    /home/robashton/.m2/repository/org/clojure/tools.nrepl/0.2.3/tools.nrepl-0.2.3.jar
7ffb5c0ab000-7ffb5c0ad000 r--s 00015000 08:04 4334908                    /home/robashton/.m2/repository/org/eclipse/jetty/jetty-http/7.6.8.v20121106/jetty-http-7.6.8.v20121106.jar
7ffb5c0ad000-7ffb5c0ae000 r--s 00004000 08:04 4595249                    /home/robashton/.m2/repository/http/async/client/http.async.client/0.5.2/http.async.client-0.5.2.jar
7ffb5c0ae000-7ffb5c0b4000 r--s 0002c000 08:04 921155                     /home/robashton/.m2/repository/org/apache/lucene/lucene-queries/4.4.0/lucene-queries-4.4.0.jar
7ffb5c0b4000-7ffb5c0b5000 r--s 00001000 08:04 4335774                    /home/robashton/.m2/repository/gntp/gntp/0.6.0/gntp-0.6.0.jar
7ffb5c0b5000-7ffb5c0b7000 r--s 0000a000 08:04 921158                     /home/robashton/.m2/repository/org/apache/lucene/lucene-sandbox/4.4.0/lucene-sandbox-4.4.0.jar
7ffb5c0b7000-7ffb5c0b8000 r--s 0001e000 08:04 4335046                    /home/robashton/.m2/repository/org/fusesource/leveldbjni/leveldbjni-win64/1.5/leveldbjni-win64-1.5.jar
7ffb5c0b8000-7ffb5c0c8000 r--s 0007d000 08:04 2499347                    /home/robashton/.m2/repository/joda-time/joda-time/2.2/joda-time-2.2.jar
7ffb5c0c8000-7ffb5c1be000 r-xp 00000000 08:05 534711                     /lib/x86_64-linux-gnu/libglib-2.0.so.0.3200.4
7ffb5c1be000-7ffb5c3bd000 ---p 000f6000 08:05 534711                     /lib/x86_64-linux-gnu/libglib-2.0.so.0.3200.4
7ffb5c3bd000-7ffb5c3be000 r--p 000f5000 08:05 534711                     /lib/x86_64-linux-gnu/libglib-2.0.so.0.3200.4
7ffb5c3be000-7ffb5c3bf000 rw-p 000f6000 08:05 534711                     /lib/x86_64-linux-gnu/libglib-2.0.so.0.3200.4
7ffb5c3bf000-7ffb5c3c0000 rw-p 00000000 00:00 0 
7ffb5c3c0000-7ffb5c40f000 r-xp 00000000 08:05 406703                     /usr/lib/x86_64-linux-gnu/libgobject-2.0.so.0.3200.4
7ffb5c40f000-7ffb5c60f000 ---p 0004f000 08:05 406703                     /usr/lib/x86_64-linux-gnu/libgobject-2.0.so.0.3200.4
7ffb5c60f000-7ffb5c610000 r--p 0004f000 08:05 406703                     /usr/lib/x86_64-linux-gnu/libgobject-2.0.so.0.3200.4
7ffb5c610000-7ffb5c611000 rw-p 00050000 08:05 406703                     /usr/lib/x86_64-linux-gnu/libgobject-2.0.so.0.3200.4
7ffb5c611000-7ffb5c75d000 r-xp 00000000 08:05 406702                     /usr/lib/x86_64-linux-gnu/libgio-2.0.so.0.3200.4
7ffb5c75d000-7ffb5c95c000 ---p 0014c000 08:05 406702                     /usr/lib/x86_64-linux-gnu/libgio-2.0.so.0.3200.4
7ffb5c95c000-7ffb5c960000 r--p 0014b000 08:05 406702                     /usr/lib/x86_64-linux-gnu/libgio-2.0.so.0.3200.4
7ffb5c960000-7ffb5c962000 rw-p 0014f000 08:05 406702                     /usr/lib/x86_64-linux-gnu/libgio-2.0.so.0.3200.4
7ffb5c962000-7ffb5c964000 rw-p 00000000 00:00 0 
7ffb5c964000-7ffb5c965000 r--s 00000000 08:04 4335771                    /home/robashton/.m2/repository/org/clojars/jgrocho/digest/1.5.0/digest-1.5.0.jar
7ffb5c965000-7ffb5c967000 r--s 00009000 08:04 4464213                    /home/robashton/.m2/repository/org/clojure/core.async/0.1.0-SNAPSHOT/core.async-0.1.0-SNAPSHOT.jar
7ffb5c967000-7ffb5c96e000 r--s 00039000 08:04 2627880                    /home/robashton/.m2/repository/commons-codec/commons-codec/1.7/commons-codec-1.7.jar
7ffb5c96e000-7ffb5c96f000 r--s 00001000 08:04 4334937                    /home/robashton/.m2/repository/compojure/compojure/1.1.5/compojure-1.1.5.jar
7ffb5c96f000-7ffb5c970000 r--s 00001000 08:04 4334755                    /home/robashton/.m2/repository/tigris/tigris/0.1.1/tigris-0.1.1.jar
7ffb5c970000-7ffb5c973000 r--s 000fa000 08:04 4335040                    /home/robashton/.m2/repository/org/fusesource/leveldbjni/leveldbjni-all/1.7/leveldbjni-all-1.7.jar
7ffb5c973000-7ffb5c977000 r--s 0001b000 08:04 921160                     /home/robashton/.m2/repository/org/apache/lucene/lucene-highlighter/4.4.0/lucene-highlighter-4.4.0.jar
7ffb5c977000-7ffb5c978000 r--s 00002000 08:04 4334922                    /home/robashton/.m2/repository/hiccup/hiccup/1.0.3/hiccup-1.0.3.jar
7ffb5c978000-7ffb5c97d000 r--s 0003f000 08:04 5247639                    /home/robashton/.m2/repository/org/jsoup/jsoup/1.7.1/jsoup-1.7.1.jar
7ffb5c97d000-7ffb5c97e000 r--s 00028000 08:04 4335034                    /home/robashton/.m2/repository/org/fusesource/leveldbjni/leveldbjni-osx/1.5/leveldbjni-osx-1.5.jar
7ffb5c97e000-7ffb5c994000 r-xp 00000000 08:05 425729                     /usr/lib/jvm/java-7-openjdk-amd64/jre/lib/amd64/libnet.so
7ffb5c994000-7ffb5cb93000 ---p 00016000 08:05 425729                     /usr/lib/jvm/java-7-openjdk-amd64/jre/lib/amd64/libnet.so
7ffb5cb93000-7ffb5cb94000 r--p 00015000 08:05 425729                     /usr/lib/jvm/java-7-openjdk-amd64/jre/lib/amd64/libnet.so
7ffb5cb94000-7ffb5cb95000 rw-p 00016000 08:05 425729                     /usr/lib/jvm/java-7-openjdk-amd64/jre/lib/amd64/libnet.so
7ffb5cb95000-7ffb5cba5000 r-xp 00000000 08:05 425707                     /usr/lib/jvm/java-7-openjdk-amd64/jre/lib/amd64/libnio.so
7ffb5cba5000-7ffb5cda5000 ---p 00010000 08:05 425707                     /usr/lib/jvm/java-7-openjdk-amd64/jre/lib/amd64/libnio.so
7ffb5cda5000-7ffb5cda6000 r--p 00010000 08:05 425707                     /usr/lib/jvm/java-7-openjdk-amd64/jre/lib/amd64/libnio.so
7ffb5cda6000-7ffb5cda7000 rw-p 00011000 08:05 425707                     /usr/lib/jvm/java-7-openjdk-amd64/jre/lib/amd64/libnio.so
7ffb5cda7000-7ffb5cdb0000 r--s 000bc000 08:05 398750                     /usr/lib/jvm/java-7-openjdk-common/jre/lib/resources.jar
7ffb5cdb0000-7ffb5cdef000 r--s 0032d000 08:04 5116522                    /home/robashton/.m2/repository/org/clojure/clojure/1.5.1/clojure-1.5.1.jar
7ffb5cdef000-7ffb5ce02000 r--s 000da000 08:04 4727716                    /home/robashton/.m2/repository/io/netty/netty/3.4.4.Final/netty-3.4.4.Final.jar
7ffb5ce02000-7ffb5ce04000 r--s 00001000 08:04 4335035                    /home/robashton/.m2/repository/org/iq80/leveldb/leveldb-api/0.5/leveldb-api-0.5.jar
7ffb5ce04000-7ffb5ce0d000 r--s 0006f000 08:04 131690                     /home/robashton/.m2/repository/log4j/log4j/1.2.17/log4j-1.2.17.jar
7ffb5ce0d000-7ffb5ce0f000 r--s 00004000 08:04 4335219                    /home/robashton/.m2/repository/mmargs/mmargs/1.2.0/mmargs-1.2.0.jar
7ffb5ce0f000-7ffb5ce10000 r--s 00001000 08:04 663954                     /home/robashton/.m2/repository/org/clojure/tools.logging/0.2.6/tools.logging-0.2.6.jar
7ffb5ce10000-7ffb5ce12000 r--s 00000000 08:04 4463894                    /home/robashton/.m2/repository/spyscope/spyscope/0.1.3/spyscope-0.1.3.jar
7ffb5ce12000-7ffb5ce16000 r--s 0002a000 08:04 2627992                    /home/robashton/.m2/repository/commons-io/commons-io/2.4/commons-io-2.4.jar
7ffb5ce16000-7ffb5ce17000 r--s 00005000 08:04 4465562                    /home/robashton/.m2/repository/speclj/speclj/2.7.0/speclj-2.7.0.jar
7ffb5ce17000-7ffb5ce18000 r--s 00005000 08:04 4334757                    /home/robashton/.m2/repository/clj-http/clj-http/0.7.6/clj-http-0.7.6.jar
7ffb5ce18000-7ffb5ce19000 r--s 0001b000 08:04 4335045                    /home/robashton/.m2/repository/org/fusesource/leveldbjni/leveldbjni-win32/1.5/leveldbjni-win32-1.5.jar
7ffb5ce19000-7ffb5ce1a000 r--s 00004000 08:04 4335038                    /home/robashton/.m2/repository/org/fusesource/hawtjni/hawtjni-runtime/1.8/hawtjni-runtime-1.8.jar
7ffb5ce1a000-7ffb5ce20000 r--s 00032000 08:04 2627841                    /home/robashton/.m2/repository/org/apache/httpcomponents/httpcore/4.2.4/httpcore-4.2.4.jar
7ffb5ce20000-7ffb5ce21000 ---p 00000000 00:00 0 
7ffb5ce21000-7ffb5cf21000 rw-p 00000000 00:00 0 
7ffb5cf21000-7ffb5cf24000 ---p 00000000 00:00 0 
7ffb5cf24000-7ffb5d022000 rw-p 00000000 00:00 0 
7ffb5d022000-7ffb5d025000 ---p 00000000 00:00 0 
7ffb5d025000-7ffb5d123000 rw-p 00000000 00:00 0 
7ffb5d123000-7ffb5d126000 ---p 00000000 00:00 0 
7ffb5d126000-7ffb5d224000 rw-p 00000000 00:00 0 
7ffb5d224000-7ffb5d227000 ---p 00000000 00:00 0 
7ffb5d227000-7ffb5d325000 rw-p 00000000 00:00 0 
7ffb5d325000-7ffb5d328000 ---p 00000000 00:00 0 
7ffb5d328000-7ffb5d426000 rw-p 00000000 00:00 0 
7ffb5d426000-7ffb5d59d000 r--p 00000000 08:05 398104                     /usr/lib/locale/locale-archive
7ffb5d59d000-7ffb5d5a0000 ---p 00000000 00:00 0 
7ffb5d5a0000-7ffb5d69e000 rw-p 00000000 00:00 0 
7ffb5d69e000-7ffb5d6a1000 ---p 00000000 00:00 0 
7ffb5d6a1000-7ffb5d79f000 rw-p 00000000 00:00 0 
7ffb5d79f000-7ffb5d7a0000 ---p 00000000 00:00 0 
7ffb5d7a0000-7ffb5e8c0000 rw-p 00000000 00:00 0 
7ffb5e8c0000-7ffb5ea6d000 r--s 01cec000 08:05 425755                     /usr/lib/jvm/java-7-openjdk-amd64/jre/lib/rt.jar
7ffb5ea6d000-7ffb616cd000 rw-p 00000000 00:00 0 
7ffb616cd000-7ffb616ce000 ---p 00000000 00:00 0 
7ffb616ce000-7ffb617ce000 rw-p 00000000 00:00 0 
7ffb617ce000-7ffb617cf000 ---p 00000000 00:00 0 
7ffb617cf000-7ffb618cf000 rw-p 00000000 00:00 0 
7ffb618cf000-7ffb618d0000 ---p 00000000 00:00 0 
7ffb618d0000-7ffb619d0000 rw-p 00000000 00:00 0 
7ffb619d0000-7ffb619d1000 ---p 00000000 00:00 0 
7ffb619d1000-7ffb61ae6000 rw-p 00000000 00:00 0 
7ffb61ae6000-7ffb61c15000 rw-p 00000000 00:00 0 
7ffb61c15000-7ffb61c24000 rw-p 00000000 00:00 0 
7ffb61c24000-7ffb61c68000 rw-p 00000000 00:00 0 
7ffb61c68000-7ffb61c7d000 rw-p 00000000 00:00 0 
7ffb61c7d000-7ffb61dab000 rw-p 00000000 00:00 0 
7ffb61dab000-7ffb61e4d000 rw-p 00000000 00:00 0 
7ffb61e4d000-7ffb61e63000 rw-p 00000000 00:00 0 
7ffb61e63000-7ffb61fce000 rw-p 00000000 00:00 0 
7ffb61fce000-7ffb624ee000 rwxp 00000000 00:00 0 
7ffb624ee000-7ffb67fce000 rw-p 00000000 00:00 0 
7ffb67fce000-7ffb67fd6000 r-xp 00000000 08:05 425745                     /usr/lib/jvm/java-7-openjdk-amd64/jre/lib/amd64/libzip.so
7ffb67fd6000-7ffb681d5000 ---p 00008000 08:05 425745                     /usr/lib/jvm/java-7-openjdk-amd64/jre/lib/amd64/libzip.so
7ffb681d5000-7ffb681d6000 r--p 00007000 08:05 425745                     /usr/lib/jvm/java-7-openjdk-amd64/jre/lib/amd64/libzip.so
7ffb681d6000-7ffb681d7000 rw-p 00008000 08:05 425745                     /usr/lib/jvm/java-7-openjdk-amd64/jre/lib/amd64/libzip.so
7ffb681d7000-7ffb681e2000 r-xp 00000000 08:05 532275                     /lib/x86_64-linux-gnu/libnss_files-2.13.so
7ffb681e2000-7ffb683e1000 ---p 0000b000 08:05 532275                     /lib/x86_64-linux-gnu/libnss_files-2.13.so
7ffb683e1000-7ffb683e2000 r--p 0000a000 08:05 532275                     /lib/x86_64-linux-gnu/libnss_files-2.13.so
7ffb683e2000-7ffb683e3000 rw-p 0000b000 08:05 532275                     /lib/x86_64-linux-gnu/libnss_files-2.13.so
7ffb683e3000-7ffb683ed000 r-xp 00000000 08:05 532271                     /lib/x86_64-linux-gnu/libnss_nis-2.13.so
7ffb683ed000-7ffb685ec000 ---p 0000a000 08:05 532271                     /lib/x86_64-linux-gnu/libnss_nis-2.13.so
7ffb685ec000-7ffb685ed000 r--p 00009000 08:05 532271                     /lib/x86_64-linux-gnu/libnss_nis-2.13.so
7ffb685ed000-7ffb685ee000 rw-p 0000a000 08:05 532271                     /lib/x86_64-linux-gnu/libnss_nis-2.13.so
7ffb685ee000-7ffb68603000 r-xp 00000000 08:05 532269                     /lib/x86_64-linux-gnu/libnsl-2.13.so
7ffb68603000-7ffb68802000 ---p 00015000 08:05 532269                     /lib/x86_64-linux-gnu/libnsl-2.13.so
7ffb68802000-7ffb68803000 r--p 00014000 08:05 532269                     /lib/x86_64-linux-gnu/libnsl-2.13.so
7ffb68803000-7ffb68804000 rw-p 00015000 08:05 532269                     /lib/x86_64-linux-gnu/libnsl-2.13.so
7ffb68804000-7ffb68806000 rw-p 00000000 00:00 0 
7ffb68806000-7ffb6880d000 r-xp 00000000 08:05 532264                     /lib/x86_64-linux-gnu/libnss_compat-2.13.so
7ffb6880d000-7ffb68a0c000 ---p 00007000 08:05 532264                     /lib/x86_64-linux-gnu/libnss_compat-2.13.so
7ffb68a0c000-7ffb68a0d000 r--p 00006000 08:05 532264                     /lib/x86_64-linux-gnu/libnss_compat-2.13.so
7ffb68a0d000-7ffb68a0e000 rw-p 00007000 08:05 532264                     /lib/x86_64-linux-gnu/libnss_compat-2.13.so
7ffb68a0e000-7ffb68a38000 r-xp 00000000 08:05 425725                     /usr/lib/jvm/java-7-openjdk-amd64/jre/lib/amd64/libjava.so
7ffb68a38000-7ffb68c38000 ---p 0002a000 08:05 425725                     /usr/lib/jvm/java-7-openjdk-amd64/jre/lib/amd64/libjava.so
7ffb68c38000-7ffb68c39000 r--p 0002a000 08:05 425725                     /usr/lib/jvm/java-7-openjdk-amd64/jre/lib/amd64/libjava.so
7ffb68c39000-7ffb68c3b000 rw-p 0002b000 08:05 425725                     /usr/lib/jvm/java-7-openjdk-amd64/jre/lib/amd64/libjava.so
7ffb68c3b000-7ffb68c4a000 r-xp 00000000 08:05 425667                     /usr/lib/jvm/java-7-openjdk-amd64/jre/lib/amd64/libverify.so
7ffb68c4a000-7ffb68e49000 ---p 0000f000 08:05 425667                     /usr/lib/jvm/java-7-openjdk-amd64/jre/lib/amd64/libverify.so
7ffb68e49000-7ffb68e4b000 r--p 0000e000 08:05 425667                     /usr/lib/jvm/java-7-openjdk-amd64/jre/lib/amd64/libverify.so
7ffb68e4b000-7ffb68e4c000 rw-p 00010000 08:05 425667                     /usr/lib/jvm/java-7-openjdk-amd64/jre/lib/amd64/libverify.so
7ffb68e4c000-7ffb68e53000 r-xp 00000000 08:05 532279                     /lib/x86_64-linux-gnu/librt-2.13.so
7ffb68e53000-7ffb69052000 ---p 00007000 08:05 532279                     /lib/x86_64-linux-gnu/librt-2.13.so
7ffb69052000-7ffb69053000 r--p 00006000 08:05 532279                     /lib/x86_64-linux-gnu/librt-2.13.so
7ffb69053000-7ffb69054000 rw-p 00007000 08:05 532279                     /lib/x86_64-linux-gnu/librt-2.13.so
7ffb69054000-7ffb69069000 r-xp 00000000 08:05 533965                     /lib/x86_64-linux-gnu/libgcc_s.so.1
7ffb69069000-7ffb69269000 ---p 00015000 08:05 533965                     /lib/x86_64-linux-gnu/libgcc_s.so.1
7ffb69269000-7ffb6926a000 rw-p 00015000 08:05 533965                     /lib/x86_64-linux-gnu/libgcc_s.so.1
7ffb6926a000-7ffb692eb000 r-xp 00000000 08:05 532266                     /lib/x86_64-linux-gnu/libm-2.13.so
7ffb692eb000-7ffb694ea000 ---p 00081000 08:05 532266                     /lib/x86_64-linux-gnu/libm-2.13.so
7ffb694ea000-7ffb694eb000 r--p 00080000 08:05 532266                     /lib/x86_64-linux-gnu/libm-2.13.so
7ffb694eb000-7ffb694ec000 rw-p 00081000 08:05 532266                     /lib/x86_64-linux-gnu/libm-2.13.so
7ffb694ec000-7ffb695d4000 r-xp 00000000 08:05 397950                     /usr/lib/x86_64-linux-gnu/libstdc++.so.6.0.17
7ffb695d4000-7ffb697d4000 ---p 000e8000 08:05 397950                     /usr/lib/x86_64-linux-gnu/libstdc++.so.6.0.17
7ffb697d4000-7ffb697dc000 r--p 000e8000 08:05 397950                     /usr/lib/x86_64-linux-gnu/libstdc++.so.6.0.17
7ffb697dc000-7ffb697de000 rw-p 000f0000 08:05 397950                     /usr/lib/x86_64-linux-gnu/libstdc++.so.6.0.17
7ffb697de000-7ffb697f3000 rw-p 00000000 00:00 0 
7ffb697f3000-7ffb6a1e4000 r-xp 00000000 08:05 425695                     /usr/lib/jvm/java-7-openjdk-amd64/jre/lib/amd64/server/libjvm.so
7ffb6a1e4000-7ffb6a3e4000 ---p 009f1000 08:05 425695                     /usr/lib/jvm/java-7-openjdk-amd64/jre/lib/amd64/server/libjvm.so
7ffb6a3e4000-7ffb6a463000 r--p 009f1000 08:05 425695                     /usr/lib/jvm/java-7-openjdk-amd64/jre/lib/amd64/server/libjvm.so
7ffb6a463000-7ffb6a486000 rw-p 00a70000 08:05 425695                     /usr/lib/jvm/java-7-openjdk-amd64/jre/lib/amd64/server/libjvm.so
7ffb6a486000-7ffb6a4b1000 rw-p 00000000 00:00 0 
7ffb6a4b1000-7ffb6a631000 r-xp 00000000 08:05 532259                     /lib/x86_64-linux-gnu/libc-2.13.so
7ffb6a631000-7ffb6a831000 ---p 00180000 08:05 532259                     /lib/x86_64-linux-gnu/libc-2.13.so
7ffb6a831000-7ffb6a835000 r--p 00180000 08:05 532259                     /lib/x86_64-linux-gnu/libc-2.13.so
7ffb6a835000-7ffb6a836000 rw-p 00184000 08:05 532259                     /lib/x86_64-linux-gnu/libc-2.13.so
7ffb6a836000-7ffb6a83b000 rw-p 00000000 00:00 0 
7ffb6a83b000-7ffb6a83d000 r-xp 00000000 08:05 532273                     /lib/x86_64-linux-gnu/libdl-2.13.so
7ffb6a83d000-7ffb6aa3d000 ---p 00002000 08:05 532273                     /lib/x86_64-linux-gnu/libdl-2.13.so
7ffb6aa3d000-7ffb6aa3e000 r--p 00002000 08:05 532273                     /lib/x86_64-linux-gnu/libdl-2.13.so
7ffb6aa3e000-7ffb6aa3f000 rw-p 00003000 08:05 532273                     /lib/x86_64-linux-gnu/libdl-2.13.so
7ffb6aa3f000-7ffb6aa55000 r-xp 00000000 08:05 523354                     /lib/x86_64-linux-gnu/libz.so.1.2.7
7ffb6aa55000-7ffb6ac54000 ---p 00016000 08:05 523354                     /lib/x86_64-linux-gnu/libz.so.1.2.7
7ffb6ac54000-7ffb6ac55000 r--p 00015000 08:05 523354                     /lib/x86_64-linux-gnu/libz.so.1.2.7
7ffb6ac55000-7ffb6ac56000 rw-p 00016000 08:05 523354                     /lib/x86_64-linux-gnu/libz.so.1.2.7
7ffb6ac56000-7ffb6ac63000 r-xp 00000000 08:05 425673                     /usr/lib/jvm/java-7-openjdk-amd64/jre/lib/amd64/jli/libjli.so
7ffb6ac63000-7ffb6ae62000 ---p 0000d000 08:05 425673                     /usr/lib/jvm/java-7-openjdk-amd64/jre/lib/amd64/jli/libjli.so
7ffb6ae62000-7ffb6ae63000 r--p 0000c000 08:05 425673                     /usr/lib/jvm/java-7-openjdk-amd64/jre/lib/amd64/jli/libjli.so
7ffb6ae63000-7ffb6ae64000 rw-p 0000d000 08:05 425673                     /usr/lib/jvm/java-7-openjdk-amd64/jre/lib/amd64/jli/libjli.so
7ffb6ae64000-7ffb6ae7b000 r-xp 00000000 08:05 532277                     /lib/x86_64-linux-gnu/libpthread-2.13.so
7ffb6ae7b000-7ffb6b07a000 ---p 00017000 08:05 532277                     /lib/x86_64-linux-gnu/libpthread-2.13.so
7ffb6b07a000-7ffb6b07b000 r--p 00016000 08:05 532277                     /lib/x86_64-linux-gnu/libpthread-2.13.so
7ffb6b07b000-7ffb6b07c000 rw-p 00017000 08:05 532277                     /lib/x86_64-linux-gnu/libpthread-2.13.so
7ffb6b07c000-7ffb6b080000 rw-p 00000000 00:00 0 
7ffb6b080000-7ffb6b0a0000 r-xp 00000000 08:05 532281                     /lib/x86_64-linux-gnu/ld-2.13.so
7ffb6b0a0000-7ffb6b0a2000 r--s 00002000 08:04 4334753                    /home/robashton/.m2/repository/cheshire/cheshire/5.2.0/cheshire-5.2.0.jar
7ffb6b0a2000-7ffb6b0a3000 r--s 00000000 08:04 4334754                    /home/robashton/.m2/repository/crouton/crouton/0.1.1/crouton-0.1.1.jar
7ffb6b0a3000-7ffb6b0a4000 r--s 00000000 08:04 4334930                    /home/robashton/.m2/repository/ring/ring-jetty-adapter/1.2.0/ring-jetty-adapter-1.2.0.jar
7ffb6b0a4000-7ffb6b0ad000 r--s 00061000 08:04 2627843                    /home/robashton/.m2/repository/org/apache/httpcomponents/httpclient/4.2.5/httpclient-4.2.5.jar
7ffb6b0ad000-7ffb6b0af000 r--s 00000000 08:04 4335218                    /home/robashton/.m2/repository/fresh/fresh/1.0.2/fresh-1.0.2.jar
7ffb6b0af000-7ffb6b0b0000 r--s 00001000 08:04 2499335                    /home/robashton/.m2/repository/org/clojure/tools.macro/0.1.0/tools.macro-0.1.0.jar
7ffb6b0b0000-7ffb6b0b2000 r--s 00003000 08:04 4464105                    /home/robashton/.m2/repository/clj-time/clj-time/0.6.0/clj-time-0.6.0.jar
7ffb6b0b2000-7ffb6b0b4000 r--s 00000000 08:04 2103962                    /home/robashton/.m2/repository/org/clojure/core.incubator/0.1.3/core.incubator-0.1.3.jar
7ffb6b0b4000-7ffb6b0b5000 r--s 00005000 08:04 4334923                    /home/robashton/.m2/repository/ring/ring-core/1.2.0/ring-core-1.2.0.jar
7ffb6b0b5000-7ffb6b0b7000 r--s 0000d000 08:04 2621509                    /home/robashton/.m2/repository/commons-logging/commons-logging/1.1.1/commons-logging-1.1.1.jar
7ffb6b0b7000-7ffb6b0ba000 r--s 0002c000 08:04 2235790                    /home/robashton/.m2/repository/com/fasterxml/jackson/core/jackson-core/2.2.1/jackson-core-2.2.1.jar
7ffb6b0ba000-7ffb6b0bb000 r--s 00006000 08:04 921156                     /home/robashton/.m2/repository/jakarta-regexp/jakarta-regexp/1.4/jakarta-regexp-1.4.jar
7ffb6b0bb000-7ffb6b0bd000 r--s 0000e000 08:04 2371747                    /home/robashton/.m2/repository/com/fasterxml/jackson/dataformat/jackson-dataformat-smile/2.2.1/jackson-dataformat-smile-2.2.1.jar
7ffb6b0bd000-7ffb6b0be000 r--s 00001000 08:04 4334921                    /home/robashton/.m2/repository/ring/ring-devel/1.2.0/ring-devel-1.2.0.jar
7ffb6b0be000-7ffb6b0bf000 r--s 00000000 08:04 4334939                    /home/robashton/.m2/repository/clout/clout/1.0.1/clout-1.0.1.jar
7ffb6b0bf000-7ffb6b0c0000 r--s 00000000 08:04 4334920                    /home/robashton/.m2/repository/ring/ring-codec/1.0.0/ring-codec-1.0.0.jar
7ffb6b0c0000-7ffb6b0c2000 r--s 00001000 08:04 2621523                    /home/robashton/.m2/repository/slingshot/slingshot/0.10.3/slingshot-0.10.3.jar
7ffb6b0c2000-7ffb6b0c3000 r--s 00004000 08:04 4334907                    /home/robashton/.m2/repository/org/eclipse/jetty/jetty-continuation/7.6.8.v20121106/jetty-continuation-7.6.8.v20121106.jar
7ffb6b0c3000-7ffb6b0cc000 r--s 0006c000 08:04 2235798                    /home/robashton/.m2/repository/com/ning/async-http-client/1.7.10/async-http-client-1.7.10.jar
7ffb6b0cc000-7ffb6b0dc000 r--s 00173000 08:04 921157                     /home/robashton/.m2/repository/org/apache/lucene/lucene-analyzers-common/4.4.0/lucene-analyzers-common-4.4.0.jar
7ffb6b0dc000-7ffb6b0e1000 r--s 00036000 08:04 4726128                    /home/robashton/.m2/repository/org/apache/commons/commons-compress/1.4/commons-compress-1.4.jar
7ffb6b0e1000-7ffb6b0e3000 r--s 00001000 08:04 4335185                    /home/robashton/.m2/repository/me/raynes/fs/1.4.4/fs-1.4.4.jar
7ffb6b0e3000-7ffb6b0e4000 r--s 00008000 08:04 921162                     /home/robashton/.m2/repository/org/apache/lucene/lucene-memory/4.4.0/lucene-memory-4.4.0.jar
7ffb6b0e4000-7ffb6b0e6000 r--s 00005000 08:04 131689                     /home/robashton/.m2/repository/org/slf4j/slf4j-api/1.6.6/slf4j-api-1.6.6.jar
7ffb6b0e6000-7ffb6b0e9000 r--s 0001b000 08:04 4334909                    /home/robashton/.m2/repository/org/eclipse/jetty/orbit/javax.servlet/2.5.0.v201103041518/javax.servlet-2.5.0.v201103041518.jar
7ffb6b0e9000-7ffb6b0ea000 r--s 00002000 08:04 131688                     /home/robashton/.m2/repository/org/slf4j/slf4j-log4j12/1.6.6/slf4j-log4j12-1.6.6.jar
7ffb6b0ea000-7ffb6b0eb000 r--s 00001000 08:04 4334929                    /home/robashton/.m2/repository/ns-tracker/ns-tracker/0.2.1/ns-tracker-0.2.1.jar
7ffb6b0eb000-7ffb6b0ec000 r--s 00000000 08:04 4334918                    /home/robashton/.m2/repository/ring/ring/1.2.0/ring-1.2.0.jar
7ffb6b0ec000-7ffb6b0ee000 r--s 00018000 08:04 2102668                    /home/robashton/.m2/repository/javax/servlet/servlet-api/2.5/servlet-api-2.5.jar
7ffb6b0ee000-7ffb6b0ef000 r--s 00044000 08:04 4335039                    /home/robashton/.m2/repository/org/fusesource/leveldbjni/leveldbjni-linux32/1.5/leveldbjni-linux32-1.5.jar
7ffb6b0ef000-7ffb6b0f0000 r--s 00001000 08:04 4334928                    /home/robashton/.m2/repository/clj-stacktrace/clj-stacktrace/0.2.5/clj-stacktrace-0.2.5.jar
7ffb6b0f0000-7ffb6b0f1000 r--s 00000000 08:04 4463933                    /home/robashton/.m2/repository/serializable-fn/serializable-fn/1.1.3/serializable-fn-1.1.3.jar
7ffb6b0f1000-7ffb6b0f2000 r--s 00001000 08:04 4335773                    /home/robashton/.m2/repository/speclj-growl/speclj-growl/2.1.0/speclj-growl-2.1.0.jar
7ffb6b0f2000-7ffb6b0fb000 r--s 00055000 08:04 921154                     /home/robashton/.m2/repository/org/apache/lucene/lucene-queryparser/4.4.0/lucene-queryparser-4.4.0.jar
7ffb6b0fb000-7ffb6b0fd000 r--s 00016000 08:04 4334911                    /home/robashton/.m2/repository/org/eclipse/jetty/jetty-io/7.6.8.v20121106/jetty-io-7.6.8.v20121106.jar
7ffb6b0fd000-7ffb6b0fe000 r--s 00000000 08:04 4464234                    /home/robashton/.m2/repository/org/clojure/java.classpath/0.2.0/java.classpath-0.2.0.jar
7ffb6b0fe000-7ffb6b102000 r--s 00085000 08:05 398734                     /usr/lib/jvm/java-7-openjdk-common/jre/lib/ext/localedata.jar
7ffb6b102000-7ffb6b139000 rw-p 00000000 00:00 0 
7ffb6b139000-7ffb6b17d000 rw-p 00000000 00:00 0 
7ffb6b17d000-7ffb6b180000 ---p 00000000 00:00 0 
7ffb6b180000-7ffb6b283000 rw-p 00000000 00:00 0 
7ffb6b283000-7ffb6b285000 r--s 00005000 08:04 2499327                    /home/robashton/.m2/repository/org/apache/httpcomponents/httpmime/4.2.5/httpmime-4.2.5.jar
7ffb6b285000-7ffb6b286000 r--s 00006000 08:04 4464209                    /home/robashton/.m2/repository/org/clojure/tools.reader/0.7.4/tools.reader-0.7.4.jar
7ffb6b286000-7ffb6b289000 r--s 00032000 08:05 398735                     /usr/lib/jvm/java-7-openjdk-common/jre/lib/ext/sunjce_provider.jar
7ffb6b289000-7ffb6b28b000 r--s 00012000 08:05 398731                     /usr/lib/jvm/java-7-openjdk-common/jre/lib/ext/zipfs.jar
7ffb6b28b000-7ffb6b28e000 r--s 0003c000 08:05 398732                     /usr/lib/jvm/java-7-openjdk-common/jre/lib/ext/sunpkcs11.jar
7ffb6b28e000-7ffb6b291000 r--s 0000f000 08:05 398733                     /usr/lib/jvm/java-7-openjdk-common/jre/lib/ext/pulse-java.jar
7ffb6b291000-7ffb6b292000 r--s 00007000 08:05 938847                     /usr/share/java/java-atk-wrapper.jar
7ffb6b292000-7ffb6b293000 r--s 00002000 08:05 398736                     /usr/lib/jvm/java-7-openjdk-common/jre/lib/ext/dnsns.jar
7ffb6b293000-7ffb6b29b000 rw-s 00000000 08:05 1177388                    /tmp/hsperfdata_robashton/21396
7ffb6b29b000-7ffb6b29c000 rw-p 00000000 00:00 0 
7ffb6b29c000-7ffb6b29d000 r--p 00000000 00:00 0 
7ffb6b29d000-7ffb6b29f000 rw-p 00000000 00:00 0 
7ffb6b29f000-7ffb6b2a0000 r--p 0001f000 08:05 532281                     /lib/x86_64-linux-gnu/ld-2.13.so
7ffb6b2a0000-7ffb6b2a1000 rw-p 00020000 08:05 532281                     /lib/x86_64-linux-gnu/ld-2.13.so
7ffb6b2a1000-7ffb6b2a2000 rw-p 00000000 00:00 0 
7fff56b93000-7fff56bb7000 rw-p 00000000 00:00 0                          [stack]
7fff56bff000-7fff56c00000 r-xp 00000000 00:00 0                          [vdso]
ffffffffff600000-ffffffffff601000 r-xp 00000000 00:00 0                  [vsyscall]

VM Arguments:
jvm_args: -XX:+TieredCompilation -XX:TieredStopAtLevel=1 -Dclojure.compile.path=/home/robashton/src/cravendb/target/classes -Dcravendb.version=0.0.0 -Dfile.encoding=UTF-8 -Dclojure.debug=false 
java_command: clojure.main -e (do (set! *warn-on-reflection* nil) (do (try (clojure.core/require (quote cravendb.http)) (catch java.lang.Exception e__6420__auto__ (clojure.core/println e__6420__auto__) (clojure.core/ns cravendb.http))) (try (clojure.core/require (quote clojure.tools.nrepl.server)) (catch java.lang.Throwable t__6421__auto__ (clojure.core/println "Error loading" (clojure.core/str (quote clojure.tools.nrepl.server) ":") (clojure.core/or (.getMessage t__6421__auto__) (clojure.core/type t__6421__auto__))))) (try (clojure.core/require (quote complete.core)) (catch java.lang.Throwable t__6421__auto__ (clojure.core/println "Error loading" (clojure.core/str (quote complete.core) ":") (clojure.core/or (.getMessage t__6421__auto__) (clojure.core/type t__6421__auto__))))) nil) (require (quote spyscope.core)) (require (quote spyscope.core)) (clojure.core/let [server__6417__auto__ (clojure.tools.nrepl.server/start-server :bind "127.0.0.1" :port 0 :ack-port 57625 :handler (clojure.tools.nrepl.server/default-handler (clojure.core/with-local-vars [wrap-init-ns__6383__auto__ (clojure.core/fn [h__6384__auto__] (clojure.core/with-local-vars [init-ns-sentinel__6385__auto__ nil] (clojure.core/fn [{:as msg__6386__auto__, :keys [session]}] (clojure.core/when-not ((clojure.core/deref session) init-ns-sentinel__6385__auto__) (clojure.core/swap! session clojure.core/assoc (var clojure.core/*ns*) (try (clojure.core/require (quote cravendb.http)) (clojure.core/create-ns (quote cravendb.http)) (catch java.lang.Throwable t__6387__auto__ (clojure.core/create-ns (quote user)))) init-ns-sentinel__6385__auto__ true)) (h__6384__auto__ msg__6386__auto__))))] (clojure.core/doto wrap-init-ns__6383__auto__ (clojure.tools.nrepl.middleware/set-descriptor! {:requires #{(var clojure.tools.nrepl.middleware.session/session)}, :expects #{"eval"}}) (clojure.core/alter-var-root (clojure.core/constantly (clojure.core/deref wrap-init-ns__6383__auto__))))))) port__6418__auto__ (clojure.core/-> serv
Launcher Type: SUN_STANDARD

Environment Variables:
JAVA_HOME=/usr/lib/jvm/java-1.7.0-openjdk-amd64
CLASSPATH=:/home/robashton/.lein/self-installs/leiningen-2.2.0-standalone.jar
PATH=/usr/local/bin:/usr/bin:/bin:/usr/local/games:/usr/games:/home/robashton/build/clojurescript/bin
USERNAME=robashton
SHELL=/bin/bash
DISPLAY=:0

Signal Handlers:
SIGSEGV: [libjvm.so+0x84ff00], sa_mask[0]=0x7ffbfeff, sa_flags=0x10000004
SIGBUS: [libjvm.so+0x84ff00], sa_mask[0]=0x7ffbfeff, sa_flags=0x10000004
SIGFPE: [libjvm.so+0x6f2230], sa_mask[0]=0x7ffbfeff, sa_flags=0x10000004
SIGPIPE: [libjvm.so+0x6f2230], sa_mask[0]=0x7ffbfeff, sa_flags=0x10000004
SIGXFSZ: [libjvm.so+0x6f2230], sa_mask[0]=0x7ffbfeff, sa_flags=0x10000004
SIGILL: [libjvm.so+0x6f2230], sa_mask[0]=0x7ffbfeff, sa_flags=0x10000004
SIGUSR1: SIG_DFL, sa_mask[0]=0x00000000, sa_flags=0x00000000
SIGUSR2: [libjvm.so+0x6f2600], sa_mask[0]=0x00000004, sa_flags=0x10000004
SIGHUP: [libjvm.so+0x6f2740], sa_mask[0]=0x7ffbfeff, sa_flags=0x10000004
SIGINT: [libjvm.so+0x6f2740], sa_mask[0]=0x7ffbfeff, sa_flags=0x10000004
SIGTERM: [libjvm.so+0x6f2740], sa_mask[0]=0x7ffbfeff, sa_flags=0x10000004
SIGQUIT: [libjvm.so+0x6f2740], sa_mask[0]=0x7ffbfeff, sa_flags=0x10000004


---------------  S Y S T E M  ---------------

OS:wheezy/sid

uname:Linux 3.2.0-4-amd64 #1 SMP Debian 3.2.46-1+deb7u1 x86_64
libc:glibc 2.13 NPTL 2.13 
rlimit: STACK 8192k, CORE 0k, NPROC 30929, NOFILE 4096, AS infinity
load average:0.30 0.37 0.32

/proc/meminfo:
MemTotal:        3971036 kB
MemFree:          805736 kB
Buffers:          401960 kB
Cached:           889424 kB
SwapCached:            8 kB
Active:          2037616 kB
Inactive:         860444 kB
Active(anon):    1410328 kB
Inactive(anon):   330292 kB
Active(file):     627288 kB
Inactive(file):   530152 kB
Unevictable:           0 kB
Mlocked:               0 kB
SwapTotal:       4103304 kB
SwapFree:        4103224 kB
Dirty:                92 kB
Writeback:             0 kB
AnonPages:       1606712 kB
Mapped:           148692 kB
Shmem:            133760 kB
Slab:             202436 kB
SReclaimable:     178212 kB
SUnreclaim:        24224 kB
KernelStack:        3312 kB
PageTables:        23720 kB
NFS_Unstable:          0 kB
Bounce:                0 kB
WritebackTmp:          0 kB
CommitLimit:     6088820 kB
Committed_AS:    4054720 kB
VmallocTotal:   34359738367 kB
VmallocUsed:      450760 kB
VmallocChunk:   34359275532 kB
HardwareCorrupted:     0 kB
AnonHugePages:         0 kB
HugePages_Total:       0
HugePages_Free:        0
HugePages_Rsvd:        0
HugePages_Surp:        0
Hugepagesize:       2048 kB
DirectMap4k:       73356 kB
DirectMap2M:     4112384 kB


CPU:total 4 (2 cores per cpu, 2 threads per core) family 6 model 42 stepping 7, cmov, cx8, fxsr, mmx, sse, sse2, sse3, ssse3, sse4.1, sse4.2, popcnt, avx, ht, tsc, tscinvbit

/proc/cpuinfo:
processor	: 0
vendor_id	: GenuineIntel
cpu family	: 6
model		: 42
model name	: Intel(R) Core(TM) i5-2557M CPU @ 1.70GHz
stepping	: 7
microcode	: 0x1a
cpu MHz		: 1701.000
cache size	: 3072 KB
physical id	: 0
siblings	: 4
core id		: 0
cpu cores	: 2
apicid		: 0
initial apicid	: 0
fpu		: yes
fpu_exception	: yes
cpuid level	: 13
wp		: yes
flags		: fpu vme de pse tsc msr pae mce cx8 apic sep mtrr pge mca cmov pat pse36 clflush dts acpi mmx fxsr sse sse2 ss ht tm pbe syscall nx rdtscp lm constant_tsc arch_perfmon pebs bts rep_good nopl xtopology nonstop_tsc aperfmperf pni pclmulqdq dtes64 monitor ds_cpl vmx smx est tm2 ssse3 cx16 xtpr pdcm pcid sse4_1 sse4_2 x2apic popcnt tsc_deadline_timer aes xsave avx lahf_lm ida arat xsaveopt pln pts dtherm tpr_shadow vnmi flexpriority ept vpid
bogomips	: 3399.34
clflush size	: 64
cache_alignment	: 64
address sizes	: 36 bits physical, 48 bits virtual
power management:

processor	: 1
vendor_id	: GenuineIntel
cpu family	: 6
model		: 42
model name	: Intel(R) Core(TM) i5-2557M CPU @ 1.70GHz
stepping	: 7
microcode	: 0x1a
cpu MHz		: 800.000
cache size	: 3072 KB
physical id	: 0
siblings	: 4
core id		: 1
cpu cores	: 2
apicid		: 2
initial apicid	: 2
fpu		: yes
fpu_exception	: yes
cpuid level	: 13
wp		: yes
flags		: fpu vme de pse tsc msr pae mce cx8 apic sep mtrr pge mca cmov pat pse36 clflush dts acpi mmx fxsr sse sse2 ss ht tm pbe syscall nx rdtscp lm constant_tsc arch_perfmon pebs bts rep_good nopl xtopology nonstop_tsc aperfmperf pni pclmulqdq dtes64 monitor ds_cpl vmx smx est tm2 ssse3 cx16 xtpr pdcm pcid sse4_1 sse4_2 x2apic popcnt tsc_deadline_timer aes xsave avx lahf_lm ida arat xsaveopt pln pts dtherm tpr_shadow vnmi flexpriority ept vpid
bogomips	: 3399.90
clflush size	: 64
cache_alignment	: 64
address sizes	: 36 bits physical, 48 bits virtual
power management:

processor	: 2
vendor_id	: GenuineIntel
cpu family	: 6
model		: 42
model name	: Intel(R) Core(TM) i5-2557M CPU @ 1.70GHz
stepping	: 7
microcode	: 0x1a
cpu MHz		: 800.000
cache size	: 3072 KB
physical id	: 0
siblings	: 4
core id		: 0
cpu cores	: 2
apicid		: 1
initial apicid	: 1
fpu		: yes
fpu_exception	: yes
cpuid level	: 13
wp		: yes
flags		: fpu vme de pse tsc msr pae mce cx8 apic sep mtrr pge mca cmov pat pse36 clflush dts acpi mmx fxsr sse sse2 ss ht tm pbe syscall nx rdtscp lm constant_tsc arch_perfmon pebs bts rep_good nopl xtopology nonstop_tsc aperfmperf pni pclmulqdq dtes64 monitor ds_cpl vmx smx est tm2 ssse3 cx16 xtpr pdcm pcid sse4_1 sse4_2 x2apic popcnt tsc_deadline_timer aes xsave avx lahf_lm ida arat xsaveopt pln pts dtherm tpr_shadow vnmi flexpriority ept vpid
bogomips	: 3399.90
clflush size	: 64
cache_alignment	: 64
address sizes	: 36 bits physical, 48 bits virtual
power management:

processor	: 3
vendor_id	: GenuineIntel
cpu family	: 6
model		: 42
model name	: Intel(R) Core(TM) i5-2557M CPU @ 1.70GHz
stepping	: 7
microcode	: 0x1a
cpu MHz		: 800.000
cache size	: 3072 KB
physical id	: 0
siblings	: 4
core id		: 1
cpu cores	: 2
apicid		: 3
initial apicid	: 3
fpu		: yes
fpu_exception	: yes
cpuid level	: 13
wp		: yes
flags		: fpu vme de pse tsc msr pae mce cx8 apic sep mtrr pge mca cmov pat pse36 clflush dts acpi mmx fxsr sse sse2 ss ht tm pbe syscall nx rdtscp lm constant_tsc arch_perfmon pebs bts rep_good nopl xtopology nonstop_tsc aperfmperf pni pclmulqdq dtes64 monitor ds_cpl vmx smx est tm2 ssse3 cx16 xtpr pdcm pcid sse4_1 sse4_2 x2apic popcnt tsc_deadline_timer aes xsave avx lahf_lm ida arat xsaveopt pln pts dtherm tpr_shadow vnmi flexpriority ept vpid
bogomips	: 3399.90
clflush size	: 64
cache_alignment	: 64
address sizes	: 36 bits physical, 48 bits virtual
power management:



Memory: 4k page, physical 3971036k(805736k free), swap 4103304k(4103224k free)

vm_info: OpenJDK 64-Bit Server VM (23.7-b01) for linux-amd64 JRE (1.7.0_25-b30), built on Jul  3 2013 10:28:26 by "jmm" with gcc 4.7.2

time: Tue Sep 24 12:29:41 2013
elapsed time: 123 seconds

